#
# A fatal error has been detected by the Java Runtime Environment:
#
#  EXCEPTION_ACCESS_VIOLATION (0xc0000005) at pc=0x00007ffc4760d700, pid=17456, tid=8804
#
# JRE version: OpenJDK Runtime Environment Temurin-17.0.7+7 (17.0.7+7) (build 17.0.7+7)
# Java VM: OpenJDK 64-Bit Server VM Temurin-17.0.7+7 (17.0.7+7, mixed mode, tiered, compressed oops, compressed class ptrs, g1 gc, windows-amd64)
# Problematic frame:
# V  [jvm.dll+0x25d700]
#
# No core dump will be written. Minidumps are not enabled by default on client versions of Windows
#
# If you would like to submit a bug report, please visit:
#   https://github.com/adoptium/adoptium-support/issues
#

---------------  S U M M A R Y ------------

Command Line: -Xbootclasspath/a: -Xms256m -Xmx1024m -XX:+HeapDumpOnOutOfMemoryError -Dcom.sun.management.jmxremote -Dballerina.home=C:\PROGRA~1\BALLER~1\DISTRI~1\BALLER~1.1\bin\.. -Dballerina.target=jvm -Djava.command=C:\PROGRA~1\BALLER~1\DISTRI~1\BALLER~1.1\bin\..\..\..\dependencies\jdk-17.0.7+7-jre\bin\java -Djava.opts= -Denable.nonblocking=false -Dfile.encoding=UTF8 -Dballerina.version=2201.8.1 io.ballerina.cli.launcher.Main start-language-server

Host: Intel(R) Core(TM) i7-9750H CPU @ 2.60GHz, 12 cores, 31G,  Windows 11 , 64 bit Build 22621 (10.0.22621.2428)
Time: Thu Oct 19 14:31:15 2023 Namibia Standard Time elapsed time: 30.590334 seconds (0d 0h 0m 30s)

---------------  T H R E A D  ---------------

Current thread (0x0000025b82958430):  JavaThread "Common-Cleaner" daemon [_thread_in_vm, id=8804, stack(0x0000009b8e600000,0x0000009b8e700000)]

Stack: [0x0000009b8e600000,0x0000009b8e700000],  sp=0x0000009b8e6ff0c0,  free space=1020k
Native frames: (J=compiled Java code, j=interpreted, Vv=VM code, C=native code)
V  [jvm.dll+0x25d700]
V  [jvm.dll+0x25daec]
V  [jvm.dll+0x6348bf]
C  0x0000025bf535d601

Java frames: (J=compiled Java code, j=interpreted, Vv=VM code)
j  java.lang.invoke.MethodHandleNatives.clearCallSiteContext(Ljava/lang/invoke/MethodHandleNatives$CallSiteContext;)V+0 java.base@17.0.7
j  java.lang.invoke.MethodHandleNatives$CallSiteContext.run()V+1 java.base@17.0.7
J 3619 c2 jdk.internal.ref.CleanerImpl$PhantomCleanableRef.performCleanup()V java.base@17.0.7 (10 bytes) @ 0x0000025bf5a7ee44 [0x0000025bf5a7ee00+0x0000000000000044]
J 1373 c1 jdk.internal.ref.PhantomCleanable.clean()V java.base@17.0.7 (16 bytes) @ 0x0000025bee098d24 [0x0000025bee098b60+0x00000000000001c4]
j  jdk.internal.ref.CleanerImpl.run()V+57 java.base@17.0.7
j  java.lang.Thread.run()V+11 java.base@17.0.7
j  jdk.internal.misc.InnocuousThread.run()V+20 java.base@17.0.7
v  ~StubRoutines::call_stub

siginfo: EXCEPTION_ACCESS_VIOLATION (0xc0000005), reading address 0xffffffffffffffff


Register to memory mapping:

RIP=0x00007ffc4760d700 jvm.dll
RAX=0x0000009b8e6ff140 is pointing into the stack for thread: 0x0000025b82958430
RBX=0x0001000000000000 is an unknown value
RCX=0x0000009b8e6ff140 is pointing into the stack for thread: 0x0000025b82958430
RDX=0x00000000c7ddfbe0 is an oop: java.lang.invoke.MethodHandleNatives$CallSiteContext 
{0x00000000c7ddfbe0} - klass: 'java/lang/invoke/MethodHandleNatives$CallSiteContext'
 - ---- fields (total size 4 words):
RSP=0x0000009b8e6ff0c0 is pointing into the stack for thread: 0x0000025b82958430
RBP=0x0000025b82958430 is a thread
RSI=0x0000025be7cfdaa0 points into unknown readable memory: 0x0000025b82958430 | 30 84 95 82 5b 02 00 00
RDI=0x0000009b8e6ff140 is pointing into the stack for thread: 0x0000025b82958430
R8 =0x0000009b8e6ff1f8 is pointing into the stack for thread: 0x0000025b82958430
R9 =0x0 is NULL
R10=0x0000025bf535d5d2 is at code_begin+946 in an Interpreter codelet
method entry point (kind = native)  [0x0000025bf535d220, 0x0000025bf535dba0]  2432 bytes
R11=0x00000000c0b9bfd8 is an oop: java.lang.Class 
{0x00000000c0b9bfd8} - klass: 'java/lang/Class'
 - ---- fields (total size 15 words):
 - private volatile transient 'classRedefinedCount' 'I' @12  0
 - private volatile transient 'cachedConstructor' 'Ljava/lang/reflect/Constructor;' @40  NULL (0)
 - private transient 'name' 'Ljava/lang/String;' @44  NULL (0)
 - private transient 'module' 'Ljava/lang/Module;' @48  a 'java/lang/Module'{0x00000000c08acea8} (c08acea8)
 - private final 'classLoader' 'Ljava/lang/ClassLoader;' @52  NULL (0)
 - private transient 'classData' 'Ljava/lang/Object;' @56  NULL (0)
 - private transient 'packageName' 'Ljava/lang/String;' @60  NULL (0)
 - private final 'componentType' 'Ljava/lang/Class;' @64  NULL (0)
 - private volatile transient 'reflectionData' 'Ljava/lang/ref/SoftReference;' @68  NULL (0)
 - private volatile transient 'genericInfo' 'Lsun/reflect/generics/repository/ClassRepository;' @72  NULL (0)
 - private volatile transient 'enumConstants' '[Ljava/lang/Object;' @76  NULL (0)
 - private volatile transient 'enumConstantDirectory' 'Ljava/util/Map;' @80  NULL (0)
 - private volatile transient 'annotationData' 'Ljava/lang/Class$AnnotationData;' @84  NULL (0)
 - private volatile transient 'annotationType' 'Lsun/reflect/annotation/AnnotationType;' @88  NULL (0)
 - transient 'classValueMap' 'Ljava/lang/ClassValue$ClassValueMap;' @92  NULL (0)
 - signature: Ljava/lang/invoke/MethodHandleNatives;
 - fake entry for mirror: 'java/lang/invoke/MethodHandleNatives'
 - fake entry for array: NULL
 - fake entry for oop_size: 15
 - fake entry for static_oop_field_count: 1
 - private static final 'JLA' 'Ljdk/internal/access/JavaLangAccess;' @112  a 'java/lang/System$2'{0x00000000c089cd08} (c089cd08)
 - static final synthetic '$assertionsDisabled' 'Z' @116  true
R12=0x0 is NULL
R13={method} {0x0000025b830918d0} 'clearCallSiteContext' '(Ljava/lang/invoke/MethodHandleNatives$CallSiteContext;)V' in 'java/lang/invoke/MethodHandleNatives'
R14=0x00000000c7ddfbe0 is an oop: java.lang.invoke.MethodHandleNatives$CallSiteContext 
{0x00000000c7ddfbe0} - klass: 'java/lang/invoke/MethodHandleNatives$CallSiteContext'
 - ---- fields (total size 4 words):
R15=0x0000025b82958430 is a thread


Registers:
RAX=0x0000009b8e6ff140, RBX=0x0001000000000000, RCX=0x0000009b8e6ff140, RDX=0x00000000c7ddfbe0
RSP=0x0000009b8e6ff0c0, RBP=0x0000025b82958430, RSI=0x0000025be7cfdaa0, RDI=0x0000009b8e6ff140
R8 =0x0000009b8e6ff1f8, R9 =0x0000000000000000, R10=0x0000025bf535d5d2, R11=0x00000000c0b9bfd8
R12=0x0000000000000000, R13=0x0000025b830918c8, R14=0x00000000c7ddfbe0, R15=0x0000025b82958430
RIP=0x00007ffc4760d700, EFLAGS=0x0000000000010206

Top of Stack: (sp=0x0000009b8e6ff0c0)
0x0000009b8e6ff0c0:   0000025be7d1fc00 00007ffc479f7a8f
0x0000009b8e6ff0d0:   0000009b8e6ff2c8 0000025b82730890
0x0000009b8e6ff0e0:   0000025be7cffdd0 00007ffc4760daec
0x0000009b8e6ff0f0:   0000009b8e6ff140 0000009b8e6ff218
0x0000009b8e6ff100:   0000025b82958470 00007ffc4769e6da
0x0000009b8e6ff110:   0000025be7cffdd0 00007ffc479e48bf
0x0000009b8e6ff120:   0000025b8277c8c8 0000025b82958430
0x0000009b8e6ff130:   0000025be7cfdaa0 00000000c7ddfbe0
0x0000009b8e6ff140:   00000000c7ddfbf0 00000000c7ddfbf8
0x0000009b8e6ff150:   0000009b8e6ff1f8 0000025bf535d601
0x0000009b8e6ff160:   0000025b830918c8 0000009b8e6ff1d8
0x0000009b8e6ff170:   0000025b83c4fb28 0000025b83c4fd18
0x0000009b8e6ff180:   0000025b82958430 00000000c7dded70
0x0000009b8e6ff190:   0000009b8e6ff190 0000000000000000
0x0000009b8e6ff1a0:   0000009b8e6ff1f8 0000025b832556d0
0x0000009b8e6ff1b0:   0000000000000000 00000000c0b9bfd8 

Instructions: (pc=0x00007ffc4760d700)
0x00007ffc4760d600:   48 8b 0b 48 8b 01 ff 90 20 02 00 00 84 c0 0f 84
0x00007ffc4760d610:   83 00 00 00 48 8b 4b 10 48 8b 07 48 3b c3 75 6b
0x00007ffc4760d620:   48 8b c3 f0 48 0f b1 0f 75 61 48 8b 05 17 4d 90
0x00007ffc4760d630:   00 48 85 c0 75 1a 48 8b cb e8 e2 90 e4 ff 80 3d
0x00007ffc4760d640:   d2 37 8a 00 00 74 44 48 8b 05 d2 4c 90 00 eb 34
0x00007ffc4760d650:   48 8b 05 e1 4c 90 00 48 89 43 18 f0 48 0f b1 1d
0x00007ffc4760d660:   d4 4c 90 00 75 ea 80 3d aa 37 8a 00 00 74 1c 48
0x00007ffc4760d670:   8b 05 b2 4c 90 00 48 8b 48 28 48 ff 01 48 8b 05
0x00007ffc4760d680:   ac 4c 90 00 48 8b 48 28 48 ff 01 48 8b 1f 48 85
0x00007ffc4760d690:   db 0f 85 69 ff ff ff 48 85 db 0f 85 45 ff ff ff
0x00007ffc4760d6a0:   48 8b 7c 24 20 48 8b 5c 24 30 48 83 c4 28 c3 cc
0x00007ffc4760d6b0:   48 c7 05 8d 4c 90 00 00 00 00 00 c3 cc cc cc cc
0x00007ffc4760d6c0:   48 8b 05 79 4c 90 00 48 ff c0 48 89 05 6f 4c 90
0x00007ffc4760d6d0:   00 48 89 05 70 4c 90 00 c3 cc cc cc cc cc cc cc
0x00007ffc4760d6e0:   48 89 5c 24 08 57 48 83 ec 20 48 8b 19 48 8b f9
0x00007ffc4760d6f0:   48 8b 1b 48 85 db 74 47 0f 1f 84 00 00 00 00 00
0x00007ffc4760d700:   48 8b 0b 48 8b 01 ff 90 20 02 00 00 84 c0 74 2f
0x00007ffc4760d710:   48 8b 53 10 48 8b 07 48 8b 08 48 3b cb 75 15 48
0x00007ffc4760d720:   8b 0f 48 8b c3 f0 48 0f b1 11 75 08 48 8b cb e8
0x00007ffc4760d730:   1c 03 00 00 48 8b 1f 48 8b 1b 48 85 db 75 c1 48
0x00007ffc4760d740:   8b c3 48 8b 5c 24 30 48 83 c4 20 5f c3 cc cc cc
0x00007ffc4760d750:   48 83 ec 38 80 3d bc 36 8a 00 00 0f 84 c4 00 00
0x00007ffc4760d760:   00 48 8d 4c 24 40 48 89 5c 24 30 e8 80 08 06 00
0x00007ffc4760d770:   48 8b 5c 24 40 48 8d 15 3c a0 6e 00 45 33 c9 48
0x00007ffc4760d780:   89 5c 24 20 45 8d 41 04 41 8d 49 08 e8 bf 92 43
0x00007ffc4760d790:   00 48 89 05 80 4b 90 00 48 83 7b 08 00 75 77 45
0x00007ffc4760d7a0:   33 c9 48 89 5c 24 20 48 8d 15 22 a0 6e 00 45 8d
0x00007ffc4760d7b0:   41 04 41 8d 49 08 e8 95 92 43 00 48 89 05 5e 4b
0x00007ffc4760d7c0:   90 00 48 83 7b 08 00 75 4d 45 33 c9 48 89 5c 24
0x00007ffc4760d7d0:   20 48 8d 15 18 a0 6e 00 45 8d 41 04 41 8d 49 08
0x00007ffc4760d7e0:   e8 6b 92 43 00 48 89 05 3c 4b 90 00 48 83 7b 08
0x00007ffc4760d7f0:   00 75 23 45 33 c9 48 89 5c 24 20 48 8d 15 06 a0 


Stack slot to memory mapping:
stack at sp + 0 slots: 0x0000025be7d1fc00 points into unknown readable memory: 0x00007ffc47d052c8 | c8 52 d0 47 fc 7f 00 00
stack at sp + 1 slots: 0x00007ffc479f7a8f jvm.dll
stack at sp + 2 slots: 0x0000009b8e6ff2c8 is pointing into the stack for thread: 0x0000025b82958430
stack at sp + 3 slots: 0x0000025b82730890 points into unknown readable memory: 0x0000000000000009 | 09 00 00 00 00 00 00 00
stack at sp + 4 slots: 0x0000025be7cffdd0 points into unknown readable memory: 0x0000025b82958430 | 30 84 95 82 5b 02 00 00
stack at sp + 5 slots: 0x00007ffc4760daec jvm.dll
stack at sp + 6 slots: 0x0000009b8e6ff140 is pointing into the stack for thread: 0x0000025b82958430
stack at sp + 7 slots: 0x0000009b8e6ff218 is pointing into the stack for thread: 0x0000025b82958430


---------------  P R O C E S S  ---------------

Threads class SMR info:
_java_thread_list=0x0000025b892fa890, length=19, elements={
0x0000025be7d03110, 0x0000025b8269e260, 0x0000025b8269f870, 0x0000025b826f4010,
0x0000025b826f49c0, 0x0000025b826f5b10, 0x0000025b826b9630, 0x0000025b826beed0,
0x0000025b826c1f80, 0x0000025b826c3110, 0x0000025b82958430, 0x0000025b829af810,
0x0000025b876b7660, 0x0000025b87f3e470, 0x0000025b887d0080, 0x0000025b8819f5d0,
0x0000025b881a12b0, 0x0000025b88314cd0, 0x0000025b88316110
}

Java Threads: ( => current thread )
  0x0000025be7d03110 JavaThread "main" [_thread_blocked, id=13680, stack(0x0000009b8d600000,0x0000009b8d700000)]
  0x0000025b8269e260 JavaThread "Reference Handler" daemon [_thread_blocked, id=15328, stack(0x0000009b8dd00000,0x0000009b8de00000)]
  0x0000025b8269f870 JavaThread "Finalizer" daemon [_thread_blocked, id=10836, stack(0x0000009b8de00000,0x0000009b8df00000)]
  0x0000025b826f4010 JavaThread "Signal Dispatcher" daemon [_thread_blocked, id=15304, stack(0x0000009b8df00000,0x0000009b8e000000)]
  0x0000025b826f49c0 JavaThread "Attach Listener" daemon [_thread_blocked, id=6716, stack(0x0000009b8e000000,0x0000009b8e100000)]
  0x0000025b826f5b10 JavaThread "Service Thread" daemon [_thread_blocked, id=17960, stack(0x0000009b8e100000,0x0000009b8e200000)]
  0x0000025b826b9630 JavaThread "Monitor Deflation Thread" daemon [_thread_blocked, id=16204, stack(0x0000009b8e200000,0x0000009b8e300000)]
  0x0000025b826beed0 JavaThread "C2 CompilerThread0" daemon [_thread_blocked, id=13652, stack(0x0000009b8e300000,0x0000009b8e400000)]
  0x0000025b826c1f80 JavaThread "C1 CompilerThread0" daemon [_thread_blocked, id=10360, stack(0x0000009b8e400000,0x0000009b8e500000)]
  0x0000025b826c3110 JavaThread "Sweeper thread" daemon [_thread_blocked, id=18732, stack(0x0000009b8e500000,0x0000009b8e600000)]
=>0x0000025b82958430 JavaThread "Common-Cleaner" daemon [_thread_in_vm, id=8804, stack(0x0000009b8e600000,0x0000009b8e700000)]
  0x0000025b829af810 JavaThread "Notification Thread" daemon [_thread_blocked, id=8840, stack(0x0000009b8e700000,0x0000009b8e800000)]
  0x0000025b876b7660 JavaThread "RMI TCP Accept-0" daemon [_thread_in_native, id=8208, stack(0x0000009b8ea00000,0x0000009b8eb00000)]
  0x0000025b87f3e470 JavaThread "pool-1-thread-1" [_thread_in_native, id=17720, stack(0x0000009b8f900000,0x0000009b8fa00000)]
  0x0000025b887d0080 JavaThread "ForkJoinPool.commonPool-worker-1" daemon [_thread_blocked, id=7700, stack(0x0000009b8fa00000,0x0000009b8fb00000)]
  0x0000025b8819f5d0 JavaThread "CompletableFutureDelayScheduler" daemon [_thread_blocked, id=16100, stack(0x0000009b8fc00000,0x0000009b8fd00000)]
  0x0000025b881a12b0 JavaThread "ForkJoinPool.commonPool-worker-2" daemon [_thread_blocked, id=7784, stack(0x0000009b8fd00000,0x0000009b8fe00000)]
  0x0000025b88314cd0 JavaThread "C2 CompilerThread1" daemon [_thread_blocked, id=14364, stack(0x0000009b8e800000,0x0000009b8e900000)]
  0x0000025b88316110 JavaThread "C2 CompilerThread2" daemon [_thread_in_vm, id=4320, stack(0x0000009b8fe00000,0x0000009b8ff00000)]

Other Threads:
  0x0000025b826302f0 VMThread "VM Thread" [stack: 0x0000009b8dc00000,0x0000009b8dd00000] [id=18580]
  0x0000025be7d5cf50 WatcherThread [stack: 0x0000009b8eb00000,0x0000009b8ec00000] [id=784]
  0x0000025be7d40b50 GCTaskThread "GC Thread#0" [stack: 0x0000009b8d700000,0x0000009b8d800000] [id=1448]
  0x0000025b87d01e40 GCTaskThread "GC Thread#1" [stack: 0x0000009b8e900000,0x0000009b8ea00000] [id=2560]
  0x0000025b87d020f0 GCTaskThread "GC Thread#2" [stack: 0x0000009b8ec00000,0x0000009b8ed00000] [id=12236]
  0x0000025b87d023a0 GCTaskThread "GC Thread#3" [stack: 0x0000009b8ed00000,0x0000009b8ee00000] [id=2928]
  0x0000025b82a26cb0 GCTaskThread "GC Thread#4" [stack: 0x0000009b8ee00000,0x0000009b8ef00000] [id=18976]
  0x0000025b82a26f60 GCTaskThread "GC Thread#5" [stack: 0x0000009b8ef00000,0x0000009b8f000000] [id=18556]
  0x0000025b87a50780 GCTaskThread "GC Thread#6" [stack: 0x0000009b8f000000,0x0000009b8f100000] [id=4240]
  0x0000025b87e68cb0 GCTaskThread "GC Thread#7" [stack: 0x0000009b8f500000,0x0000009b8f600000] [id=7996]
  0x0000025b87e8ad80 GCTaskThread "GC Thread#8" [stack: 0x0000009b8f600000,0x0000009b8f700000] [id=6352]
  0x0000025b88cf9880 GCTaskThread "GC Thread#9" [stack: 0x0000009b8f400000,0x0000009b8f500000] [id=15376]
  0x0000025be7d49a90 ConcurrentGCThread "G1 Main Marker" [stack: 0x0000009b8d800000,0x0000009b8d900000] [id=14060]
  0x0000025be7d4ac40 ConcurrentGCThread "G1 Conc#0" [stack: 0x0000009b8d900000,0x0000009b8da00000] [id=7488]
  0x0000025b87eaa050 ConcurrentGCThread "G1 Conc#1" [stack: 0x0000009b8f700000,0x0000009b8f800000] [id=3176]
  0x0000025b87f11980 ConcurrentGCThread "G1 Conc#2" [stack: 0x0000009b8f800000,0x0000009b8f900000] [id=7316]
  0x0000025b824d4180 ConcurrentGCThread "G1 Refine#0" [stack: 0x0000009b8da00000,0x0000009b8db00000] [id=12148]
  0x0000025b82a27a30 ConcurrentGCThread "G1 Refine#1" [stack: 0x0000009b8f100000,0x0000009b8f200000] [id=10228]
  0x0000025b879da400 ConcurrentGCThread "G1 Refine#2" [stack: 0x0000009b8f200000,0x0000009b8f300000] [id=2232]
  0x0000025b879da6e0 ConcurrentGCThread "G1 Refine#3" [stack: 0x0000009b8f300000,0x0000009b8f400000] [id=3552]
  0x0000025b87e4c010 ConcurrentGCThread "G1 Refine#4" [stack: 0x0000009b8fb00000,0x0000009b8fc00000] [id=2160]
  0x0000025b890d64b0 ConcurrentGCThread "G1 Refine#5" [stack: 0x0000009b90100000,0x0000009b90200000] [id=16076]
  0x0000025b890d61d0 ConcurrentGCThread "G1 Refine#6" [stack: 0x0000009b90200000,0x0000009b90300000] [id=14116]
  0x0000025b890d6790 ConcurrentGCThread "G1 Refine#7" [stack: 0x0000009b90300000,0x0000009b90400000] [id=13524]
  0x0000025b890d5090 ConcurrentGCThread "G1 Refine#8" [stack: 0x0000009b90400000,0x0000009b90500000] [id=16148]
  0x0000025b824d49b0 ConcurrentGCThread "G1 Service" [stack: 0x0000009b8db00000,0x0000009b8dc00000] [id=3348]

Threads with active compile tasks:
C2 CompilerThread0    30636 3746       4       java.lang.String::split (327 bytes)
C1 CompilerThread0    30636 3761       3       org.wso2.ballerinalang.compiler.BIRPackageSymbolEnter$$Lambda$210/0x0000000100301c70::accept (12 bytes)
C2 CompilerThread1    30636 3699       4       org.wso2.ballerinalang.compiler.BIRPackageSymbolEnter$BIRTypeReader::readType (4703 bytes)
C2 CompilerThread2    30636 3706       4       org.wso2.ballerinalang.compiler.BIRPackageSymbolEnter::readAnnotAttachmentSymbols (65 bytes)

VM state: not at safepoint (normal execution)

VM Mutex/Monitor currently owned by a thread:  ([mutex/lock_event])
[0x0000025be7cfdaa0] CodeCache_lock - owner thread: 0x0000025b82958430
[0x0000025be7cffdd0] Compile_lock - owner thread: 0x0000025b82958430

Heap address: 0x00000000c0000000, size: 1024 MB, Compressed Oops mode: 32-bit

CDS archive(s) not mapped
Compressed class space mapped at: 0x0000000100000000-0x0000000140000000, reserved size: 1073741824
Narrow klass base: 0x0000000000000000, Narrow klass shift: 3, Narrow klass range: 0x140000000

GC Precious Log:
 CPUs: 12 total, 12 available
 Memory: 32605M
 Large Page Support: Disabled
 NUMA Support: Disabled
 Compressed Oops: Enabled (32-bit)
 Heap Region Size: 1M
 Heap Min Capacity: 256M
 Heap Initial Capacity: 256M
 Heap Max Capacity: 1G
 Pre-touch: Disabled
 Parallel Workers: 10
 Concurrent Workers: 3
 Concurrent Refinement Workers: 10
 Periodic GC: Disabled

Heap:
 garbage-first heap   total 262144K, used 48478K [0x00000000c0000000, 0x0000000100000000)
  region size 1024K, 20 young (20480K), 17 survivors (17408K)
 Metaspace       used 33179K, committed 33408K, reserved 1114112K
  class space    used 3555K, committed 3648K, reserved 1048576K

Heap Regions: E=young(eden), S=young(survivor), O=old, HS=humongous(starts), HC=humongous(continues), CS=collection set, F=free, OA=open archive, CA=closed archive, TAMS=top-at-mark-start (previous, next)
|   0|0x00000000c0000000, 0x00000000c0100000, 0x00000000c0100000|100%|HS|  |TAMS 0x00000000c0100000, 0x00000000c0000000| Complete 
|   1|0x00000000c0100000, 0x00000000c0200000, 0x00000000c0200000|100%|HS|  |TAMS 0x00000000c0200000, 0x00000000c0100000| Complete 
|   2|0x00000000c0200000, 0x00000000c0300000, 0x00000000c0300000|100%|HS|  |TAMS 0x00000000c0300000, 0x00000000c0200000| Complete 
|   3|0x00000000c0300000, 0x00000000c0400000, 0x00000000c0400000|100%|HS|  |TAMS 0x00000000c0400000, 0x00000000c0300000| Complete 
|   4|0x00000000c0400000, 0x00000000c0500000, 0x00000000c0500000|100%| O|  |TAMS 0x00000000c0500000, 0x00000000c0400000| Untracked 
|   5|0x00000000c0500000, 0x00000000c0600000, 0x00000000c0600000|100%| O|  |TAMS 0x00000000c0600000, 0x00000000c0500000| Untracked 
|   6|0x00000000c0600000, 0x00000000c0700000, 0x00000000c0700000|100%| O|  |TAMS 0x00000000c0700000, 0x00000000c0600000| Untracked 
|   7|0x00000000c0700000, 0x00000000c0800000, 0x00000000c0800000|100%| O|  |TAMS 0x00000000c0800000, 0x00000000c0700000| Untracked 
|   8|0x00000000c0800000, 0x00000000c0900000, 0x00000000c0900000|100%| O|  |TAMS 0x00000000c089ca00, 0x00000000c0800000| Untracked 
|   9|0x00000000c0900000, 0x00000000c0a00000, 0x00000000c0a00000|100%| O|  |TAMS 0x00000000c0900000, 0x00000000c0900000| Untracked 
|  10|0x00000000c0a00000, 0x00000000c0b00000, 0x00000000c0b00000|100%| O|  |TAMS 0x00000000c0a00000, 0x00000000c0a00000| Untracked 
|  11|0x00000000c0b00000, 0x00000000c0c00000, 0x00000000c0c00000|100%| O|  |TAMS 0x00000000c0b00000, 0x00000000c0b00000| Untracked 
|  12|0x00000000c0c00000, 0x00000000c0d00000, 0x00000000c0d00000|100%| O|  |TAMS 0x00000000c0c00000, 0x00000000c0c00000| Untracked 
|  13|0x00000000c0d00000, 0x00000000c0e00000, 0x00000000c0e00000|100%| O|  |TAMS 0x00000000c0d00000, 0x00000000c0d00000| Untracked 
|  14|0x00000000c0e00000, 0x00000000c0f00000, 0x00000000c0f00000|100%| O|  |TAMS 0x00000000c0e00000, 0x00000000c0e00000| Untracked 
|  15|0x00000000c0f00000, 0x00000000c0f00000, 0x00000000c1000000|  0%| F|  |TAMS 0x00000000c0f00000, 0x00000000c0f00000| Untracked 
|  16|0x00000000c1000000, 0x00000000c1000000, 0x00000000c1100000|  0%| F|  |TAMS 0x00000000c1000000, 0x00000000c1000000| Untracked 
|  17|0x00000000c1100000, 0x00000000c1100000, 0x00000000c1200000|  0%| F|  |TAMS 0x00000000c1100000, 0x00000000c1100000| Untracked 
|  18|0x00000000c1200000, 0x00000000c1300000, 0x00000000c1300000|100%|HS|  |TAMS 0x00000000c1200000, 0x00000000c1200000| Complete 
|  19|0x00000000c1300000, 0x00000000c1400000, 0x00000000c1400000|100%|HC|  |TAMS 0x00000000c1300000, 0x00000000c1300000| Complete 
|  20|0x00000000c1400000, 0x00000000c1500000, 0x00000000c1500000|100%|HC|  |TAMS 0x00000000c1400000, 0x00000000c1400000| Complete 
|  21|0x00000000c1500000, 0x00000000c1600000, 0x00000000c1600000|100%|HS|  |TAMS 0x00000000c1500000, 0x00000000c1500000| Complete 
|  22|0x00000000c1600000, 0x00000000c1700000, 0x00000000c1700000|100%|HC|  |TAMS 0x00000000c1600000, 0x00000000c1600000| Complete 
|  23|0x00000000c1700000, 0x00000000c1800000, 0x00000000c1800000|100%|HC|  |TAMS 0x00000000c1700000, 0x00000000c1700000| Complete 
|  24|0x00000000c1800000, 0x00000000c1900000, 0x00000000c1900000|100%| O|  |TAMS 0x00000000c1800000, 0x00000000c1800000| Untracked 
|  25|0x00000000c1900000, 0x00000000c1a00000, 0x00000000c1a00000|100%| O|  |TAMS 0x00000000c1900000, 0x00000000c1900000| Untracked 
|  26|0x00000000c1a00000, 0x00000000c1b00000, 0x00000000c1b00000|100%| O|  |TAMS 0x00000000c1a00000, 0x00000000c1a00000| Untracked 
|  27|0x00000000c1b00000, 0x00000000c1c00000, 0x00000000c1c00000|100%| O|  |TAMS 0x00000000c1b00000, 0x00000000c1b00000| Untracked 
|  28|0x00000000c1c00000, 0x00000000c1d00000, 0x00000000c1d00000|100%| O|  |TAMS 0x00000000c1c00000, 0x00000000c1c00000| Untracked 
|  29|0x00000000c1d00000, 0x00000000c1e00000, 0x00000000c1e00000|100%| O|  |TAMS 0x00000000c1d00000, 0x00000000c1d00000| Untracked 
|  30|0x00000000c1e00000, 0x00000000c1f00000, 0x00000000c1f00000|100%| O|  |TAMS 0x00000000c1e00000, 0x00000000c1e00000| Untracked 
|  31|0x00000000c1f00000, 0x00000000c1f57800, 0x00000000c2000000| 34%| O|  |TAMS 0x00000000c1f00000, 0x00000000c1f00000| Untracked 
|  32|0x00000000c2000000, 0x00000000c2000000, 0x00000000c2100000|  0%| F|  |TAMS 0x00000000c2000000, 0x00000000c2000000| Untracked 
|  33|0x00000000c2100000, 0x00000000c2100000, 0x00000000c2200000|  0%| F|  |TAMS 0x00000000c2100000, 0x00000000c2100000| Untracked 
|  34|0x00000000c2200000, 0x00000000c2200000, 0x00000000c2300000|  0%| F|  |TAMS 0x00000000c2200000, 0x00000000c2200000| Untracked 
|  35|0x00000000c2300000, 0x00000000c2300000, 0x00000000c2400000|  0%| F|  |TAMS 0x00000000c2300000, 0x00000000c2300000| Untracked 
|  36|0x00000000c2400000, 0x00000000c2400000, 0x00000000c2500000|  0%| F|  |TAMS 0x00000000c2400000, 0x00000000c2400000| Untracked 
|  37|0x00000000c2500000, 0x00000000c2500000, 0x00000000c2600000|  0%| F|  |TAMS 0x00000000c2500000, 0x00000000c2500000| Untracked 
|  38|0x00000000c2600000, 0x00000000c2600000, 0x00000000c2700000|  0%| F|  |TAMS 0x00000000c2600000, 0x00000000c2600000| Untracked 
|  39|0x00000000c2700000, 0x00000000c2700000, 0x00000000c2800000|  0%| F|  |TAMS 0x00000000c2700000, 0x00000000c2700000| Untracked 
|  40|0x00000000c2800000, 0x00000000c2800000, 0x00000000c2900000|  0%| F|  |TAMS 0x00000000c2800000, 0x00000000c2800000| Untracked 
|  41|0x00000000c2900000, 0x00000000c2900000, 0x00000000c2a00000|  0%| F|  |TAMS 0x00000000c2900000, 0x00000000c2900000| Untracked 
|  42|0x00000000c2a00000, 0x00000000c2a00000, 0x00000000c2b00000|  0%| F|  |TAMS 0x00000000c2a00000, 0x00000000c2a00000| Untracked 
|  43|0x00000000c2b00000, 0x00000000c2b00000, 0x00000000c2c00000|  0%| F|  |TAMS 0x00000000c2b00000, 0x00000000c2b00000| Untracked 
|  44|0x00000000c2c00000, 0x00000000c2c00000, 0x00000000c2d00000|  0%| F|  |TAMS 0x00000000c2c00000, 0x00000000c2c00000| Untracked 
|  45|0x00000000c2d00000, 0x00000000c2d00000, 0x00000000c2e00000|  0%| F|  |TAMS 0x00000000c2d00000, 0x00000000c2d00000| Untracked 
|  46|0x00000000c2e00000, 0x00000000c2e00000, 0x00000000c2f00000|  0%| F|  |TAMS 0x00000000c2e00000, 0x00000000c2e00000| Untracked 
|  47|0x00000000c2f00000, 0x00000000c2f00000, 0x00000000c3000000|  0%| F|  |TAMS 0x00000000c2f00000, 0x00000000c2f00000| Untracked 
|  48|0x00000000c3000000, 0x00000000c3000000, 0x00000000c3100000|  0%| F|  |TAMS 0x00000000c3000000, 0x00000000c3000000| Untracked 
|  49|0x00000000c3100000, 0x00000000c3100000, 0x00000000c3200000|  0%| F|  |TAMS 0x00000000c3100000, 0x00000000c3100000| Untracked 
|  50|0x00000000c3200000, 0x00000000c3200000, 0x00000000c3300000|  0%| F|  |TAMS 0x00000000c3200000, 0x00000000c3200000| Untracked 
|  51|0x00000000c3300000, 0x00000000c3300000, 0x00000000c3400000|  0%| F|  |TAMS 0x00000000c3300000, 0x00000000c3300000| Untracked 
|  52|0x00000000c3400000, 0x00000000c3400000, 0x00000000c3500000|  0%| F|  |TAMS 0x00000000c3400000, 0x00000000c3400000| Untracked 
|  53|0x00000000c3500000, 0x00000000c3500000, 0x00000000c3600000|  0%| F|  |TAMS 0x00000000c3500000, 0x00000000c3500000| Untracked 
|  54|0x00000000c3600000, 0x00000000c3600000, 0x00000000c3700000|  0%| F|  |TAMS 0x00000000c3600000, 0x00000000c3600000| Untracked 
|  55|0x00000000c3700000, 0x00000000c3700000, 0x00000000c3800000|  0%| F|  |TAMS 0x00000000c3700000, 0x00000000c3700000| Untracked 
|  56|0x00000000c3800000, 0x00000000c3800000, 0x00000000c3900000|  0%| F|  |TAMS 0x00000000c3800000, 0x00000000c3800000| Untracked 
|  57|0x00000000c3900000, 0x00000000c3900000, 0x00000000c3a00000|  0%| F|  |TAMS 0x00000000c3900000, 0x00000000c3900000| Untracked 
|  58|0x00000000c3a00000, 0x00000000c3a00000, 0x00000000c3b00000|  0%| F|  |TAMS 0x00000000c3a00000, 0x00000000c3a00000| Untracked 
|  59|0x00000000c3b00000, 0x00000000c3b00000, 0x00000000c3c00000|  0%| F|  |TAMS 0x00000000c3b00000, 0x00000000c3b00000| Untracked 
|  60|0x00000000c3c00000, 0x00000000c3c00000, 0x00000000c3d00000|  0%| F|  |TAMS 0x00000000c3c00000, 0x00000000c3c00000| Untracked 
|  61|0x00000000c3d00000, 0x00000000c3d00000, 0x00000000c3e00000|  0%| F|  |TAMS 0x00000000c3d00000, 0x00000000c3d00000| Untracked 
|  62|0x00000000c3e00000, 0x00000000c3e00000, 0x00000000c3f00000|  0%| F|  |TAMS 0x00000000c3e00000, 0x00000000c3e00000| Untracked 
|  63|0x00000000c3f00000, 0x00000000c3f00000, 0x00000000c4000000|  0%| F|  |TAMS 0x00000000c3f00000, 0x00000000c3f00000| Untracked 
|  64|0x00000000c4000000, 0x00000000c4000000, 0x00000000c4100000|  0%| F|  |TAMS 0x00000000c4000000, 0x00000000c4000000| Untracked 
|  65|0x00000000c4100000, 0x00000000c4100000, 0x00000000c4200000|  0%| F|  |TAMS 0x00000000c4100000, 0x00000000c4100000| Untracked 
|  66|0x00000000c4200000, 0x00000000c4200000, 0x00000000c4300000|  0%| F|  |TAMS 0x00000000c4200000, 0x00000000c4200000| Untracked 
|  67|0x00000000c4300000, 0x00000000c4300000, 0x00000000c4400000|  0%| F|  |TAMS 0x00000000c4300000, 0x00000000c4300000| Untracked 
|  68|0x00000000c4400000, 0x00000000c4400000, 0x00000000c4500000|  0%| F|  |TAMS 0x00000000c4400000, 0x00000000c4400000| Untracked 
|  69|0x00000000c4500000, 0x00000000c4500000, 0x00000000c4600000|  0%| F|  |TAMS 0x00000000c4500000, 0x00000000c4500000| Untracked 
|  70|0x00000000c4600000, 0x00000000c4600000, 0x00000000c4700000|  0%| F|  |TAMS 0x00000000c4600000, 0x00000000c4600000| Untracked 
|  71|0x00000000c4700000, 0x00000000c4700000, 0x00000000c4800000|  0%| F|  |TAMS 0x00000000c4700000, 0x00000000c4700000| Untracked 
|  72|0x00000000c4800000, 0x00000000c4800000, 0x00000000c4900000|  0%| F|  |TAMS 0x00000000c4800000, 0x00000000c4800000| Untracked 
|  73|0x00000000c4900000, 0x00000000c4900000, 0x00000000c4a00000|  0%| F|  |TAMS 0x00000000c4900000, 0x00000000c4900000| Untracked 
|  74|0x00000000c4a00000, 0x00000000c4a00000, 0x00000000c4b00000|  0%| F|  |TAMS 0x00000000c4a00000, 0x00000000c4a00000| Untracked 
|  75|0x00000000c4b00000, 0x00000000c4b00000, 0x00000000c4c00000|  0%| F|  |TAMS 0x00000000c4b00000, 0x00000000c4b00000| Untracked 
|  76|0x00000000c4c00000, 0x00000000c4c00000, 0x00000000c4d00000|  0%| F|  |TAMS 0x00000000c4c00000, 0x00000000c4c00000| Untracked 
|  77|0x00000000c4d00000, 0x00000000c4d00000, 0x00000000c4e00000|  0%| F|  |TAMS 0x00000000c4d00000, 0x00000000c4d00000| Untracked 
|  78|0x00000000c4e00000, 0x00000000c4e00000, 0x00000000c4f00000|  0%| F|  |TAMS 0x00000000c4e00000, 0x00000000c4e00000| Untracked 
|  79|0x00000000c4f00000, 0x00000000c4f00000, 0x00000000c5000000|  0%| F|  |TAMS 0x00000000c4f00000, 0x00000000c4f00000| Untracked 
|  80|0x00000000c5000000, 0x00000000c5000000, 0x00000000c5100000|  0%| F|  |TAMS 0x00000000c5000000, 0x00000000c5000000| Untracked 
|  81|0x00000000c5100000, 0x00000000c5100000, 0x00000000c5200000|  0%| F|  |TAMS 0x00000000c5100000, 0x00000000c5100000| Untracked 
|  82|0x00000000c5200000, 0x00000000c5200000, 0x00000000c5300000|  0%| F|  |TAMS 0x00000000c5200000, 0x00000000c5200000| Untracked 
|  83|0x00000000c5300000, 0x00000000c5300000, 0x00000000c5400000|  0%| F|  |TAMS 0x00000000c5300000, 0x00000000c5300000| Untracked 
|  84|0x00000000c5400000, 0x00000000c5400000, 0x00000000c5500000|  0%| F|  |TAMS 0x00000000c5400000, 0x00000000c5400000| Untracked 
|  85|0x00000000c5500000, 0x00000000c5500000, 0x00000000c5600000|  0%| F|  |TAMS 0x00000000c5500000, 0x00000000c5500000| Untracked 
|  86|0x00000000c5600000, 0x00000000c5600000, 0x00000000c5700000|  0%| F|  |TAMS 0x00000000c5600000, 0x00000000c5600000| Untracked 
|  87|0x00000000c5700000, 0x00000000c5700000, 0x00000000c5800000|  0%| F|  |TAMS 0x00000000c5700000, 0x00000000c5700000| Untracked 
|  88|0x00000000c5800000, 0x00000000c5800000, 0x00000000c5900000|  0%| F|  |TAMS 0x00000000c5800000, 0x00000000c5800000| Untracked 
|  89|0x00000000c5900000, 0x00000000c5900000, 0x00000000c5a00000|  0%| F|  |TAMS 0x00000000c5900000, 0x00000000c5900000| Untracked 
|  90|0x00000000c5a00000, 0x00000000c5a00000, 0x00000000c5b00000|  0%| F|  |TAMS 0x00000000c5a00000, 0x00000000c5a00000| Untracked 
|  91|0x00000000c5b00000, 0x00000000c5b00000, 0x00000000c5c00000|  0%| F|  |TAMS 0x00000000c5b00000, 0x00000000c5b00000| Untracked 
|  92|0x00000000c5c00000, 0x00000000c5c00000, 0x00000000c5d00000|  0%| F|  |TAMS 0x00000000c5c00000, 0x00000000c5c00000| Untracked 
|  93|0x00000000c5d00000, 0x00000000c5d00000, 0x00000000c5e00000|  0%| F|  |TAMS 0x00000000c5d00000, 0x00000000c5d00000| Untracked 
|  94|0x00000000c5e00000, 0x00000000c5e00000, 0x00000000c5f00000|  0%| F|  |TAMS 0x00000000c5e00000, 0x00000000c5e00000| Untracked 
|  95|0x00000000c5f00000, 0x00000000c5f00000, 0x00000000c6000000|  0%| F|  |TAMS 0x00000000c5f00000, 0x00000000c5f00000| Untracked 
|  96|0x00000000c6000000, 0x00000000c6000000, 0x00000000c6100000|  0%| F|  |TAMS 0x00000000c6000000, 0x00000000c6000000| Untracked 
|  97|0x00000000c6100000, 0x00000000c6100000, 0x00000000c6200000|  0%| F|  |TAMS 0x00000000c6100000, 0x00000000c6100000| Untracked 
|  98|0x00000000c6200000, 0x00000000c6200000, 0x00000000c6300000|  0%| F|  |TAMS 0x00000000c6200000, 0x00000000c6200000| Untracked 
|  99|0x00000000c6300000, 0x00000000c6300000, 0x00000000c6400000|  0%| F|  |TAMS 0x00000000c6300000, 0x00000000c6300000| Untracked 
| 100|0x00000000c6400000, 0x00000000c6400000, 0x00000000c6500000|  0%| F|  |TAMS 0x00000000c6400000, 0x00000000c6400000| Untracked 
| 101|0x00000000c6500000, 0x00000000c6500000, 0x00000000c6600000|  0%| F|  |TAMS 0x00000000c6500000, 0x00000000c6500000| Untracked 
| 102|0x00000000c6600000, 0x00000000c6600000, 0x00000000c6700000|  0%| F|  |TAMS 0x00000000c6600000, 0x00000000c6600000| Untracked 
| 103|0x00000000c6700000, 0x00000000c6700000, 0x00000000c6800000|  0%| F|  |TAMS 0x00000000c6700000, 0x00000000c6700000| Untracked 
| 104|0x00000000c6800000, 0x00000000c6800000, 0x00000000c6900000|  0%| F|  |TAMS 0x00000000c6800000, 0x00000000c6800000| Untracked 
| 105|0x00000000c6900000, 0x00000000c6900000, 0x00000000c6a00000|  0%| F|  |TAMS 0x00000000c6900000, 0x00000000c6900000| Untracked 
| 106|0x00000000c6a00000, 0x00000000c6a00000, 0x00000000c6b00000|  0%| F|  |TAMS 0x00000000c6a00000, 0x00000000c6a00000| Untracked 
| 107|0x00000000c6b00000, 0x00000000c6b00000, 0x00000000c6c00000|  0%| F|  |TAMS 0x00000000c6b00000, 0x00000000c6b00000| Untracked 
| 108|0x00000000c6c00000, 0x00000000c6c00000, 0x00000000c6d00000|  0%| F|  |TAMS 0x00000000c6c00000, 0x00000000c6c00000| Untracked 
| 109|0x00000000c6d00000, 0x00000000c6e00000, 0x00000000c6e00000|100%| S|CS|TAMS 0x00000000c6d00000, 0x00000000c6d00000| Complete 
| 110|0x00000000c6e00000, 0x00000000c6f00000, 0x00000000c6f00000|100%| S|CS|TAMS 0x00000000c6e00000, 0x00000000c6e00000| Complete 
| 111|0x00000000c6f00000, 0x00000000c7000000, 0x00000000c7000000|100%| S|CS|TAMS 0x00000000c6f00000, 0x00000000c6f00000| Complete 
| 112|0x00000000c7000000, 0x00000000c7100000, 0x00000000c7100000|100%| S|CS|TAMS 0x00000000c7000000, 0x00000000c7000000| Complete 
| 113|0x00000000c7100000, 0x00000000c7200000, 0x00000000c7200000|100%| S|CS|TAMS 0x00000000c7100000, 0x00000000c7100000| Complete 
| 114|0x00000000c7200000, 0x00000000c7300000, 0x00000000c7300000|100%| S|CS|TAMS 0x00000000c7200000, 0x00000000c7200000| Complete 
| 115|0x00000000c7300000, 0x00000000c7400000, 0x00000000c7400000|100%| S|CS|TAMS 0x00000000c7300000, 0x00000000c7300000| Complete 
| 116|0x00000000c7400000, 0x00000000c7500000, 0x00000000c7500000|100%| S|CS|TAMS 0x00000000c7400000, 0x00000000c7400000| Complete 
| 117|0x00000000c7500000, 0x00000000c7600000, 0x00000000c7600000|100%| S|CS|TAMS 0x00000000c7500000, 0x00000000c7500000| Complete 
| 118|0x00000000c7600000, 0x00000000c7700000, 0x00000000c7700000|100%| S|CS|TAMS 0x00000000c7600000, 0x00000000c7600000| Complete 
| 119|0x00000000c7700000, 0x00000000c7800000, 0x00000000c7800000|100%| S|CS|TAMS 0x00000000c7700000, 0x00000000c7700000| Complete 
| 120|0x00000000c7800000, 0x00000000c7900000, 0x00000000c7900000|100%| S|CS|TAMS 0x00000000c7800000, 0x00000000c7800000| Complete 
| 121|0x00000000c7900000, 0x00000000c7a00000, 0x00000000c7a00000|100%| S|CS|TAMS 0x00000000c7900000, 0x00000000c7900000| Complete 
| 122|0x00000000c7a00000, 0x00000000c7b00000, 0x00000000c7b00000|100%| S|CS|TAMS 0x00000000c7a00000, 0x00000000c7a00000| Complete 
| 123|0x00000000c7b00000, 0x00000000c7c00000, 0x00000000c7c00000|100%| S|CS|TAMS 0x00000000c7b00000, 0x00000000c7b00000| Complete 
| 124|0x00000000c7c00000, 0x00000000c7d00000, 0x00000000c7d00000|100%| S|CS|TAMS 0x00000000c7c00000, 0x00000000c7c00000| Complete 
| 125|0x00000000c7d00000, 0x00000000c7e00000, 0x00000000c7e00000|100%| S|CS|TAMS 0x00000000c7d00000, 0x00000000c7d00000| Complete 
| 126|0x00000000c7e00000, 0x00000000c7e00000, 0x00000000c7f00000|  0%| F|  |TAMS 0x00000000c7e00000, 0x00000000c7e00000| Untracked 
| 127|0x00000000c7f00000, 0x00000000c7f00000, 0x00000000c8000000|  0%| F|  |TAMS 0x00000000c7f00000, 0x00000000c7f00000| Untracked 
| 128|0x00000000c8000000, 0x00000000c8000000, 0x00000000c8100000|  0%| F|  |TAMS 0x00000000c8000000, 0x00000000c8000000| Untracked 
| 129|0x00000000c8100000, 0x00000000c8100000, 0x00000000c8200000|  0%| F|  |TAMS 0x00000000c8100000, 0x00000000c8100000| Untracked 
| 130|0x00000000c8200000, 0x00000000c8200000, 0x00000000c8300000|  0%| F|  |TAMS 0x00000000c8200000, 0x00000000c8200000| Untracked 
| 131|0x00000000c8300000, 0x00000000c8300000, 0x00000000c8400000|  0%| F|  |TAMS 0x00000000c8300000, 0x00000000c8300000| Untracked 
| 132|0x00000000c8400000, 0x00000000c8400000, 0x00000000c8500000|  0%| F|  |TAMS 0x00000000c8400000, 0x00000000c8400000| Untracked 
| 133|0x00000000c8500000, 0x00000000c8500000, 0x00000000c8600000|  0%| F|  |TAMS 0x00000000c8500000, 0x00000000c8500000| Untracked 
| 134|0x00000000c8600000, 0x00000000c8600000, 0x00000000c8700000|  0%| F|  |TAMS 0x00000000c8600000, 0x00000000c8600000| Untracked 
| 135|0x00000000c8700000, 0x00000000c8700000, 0x00000000c8800000|  0%| F|  |TAMS 0x00000000c8700000, 0x00000000c8700000| Untracked 
| 136|0x00000000c8800000, 0x00000000c8800000, 0x00000000c8900000|  0%| F|  |TAMS 0x00000000c8800000, 0x00000000c8800000| Untracked 
| 137|0x00000000c8900000, 0x00000000c8900000, 0x00000000c8a00000|  0%| F|  |TAMS 0x00000000c8900000, 0x00000000c8900000| Untracked 
| 138|0x00000000c8a00000, 0x00000000c8a00000, 0x00000000c8b00000|  0%| F|  |TAMS 0x00000000c8a00000, 0x00000000c8a00000| Untracked 
| 139|0x00000000c8b00000, 0x00000000c8b00000, 0x00000000c8c00000|  0%| F|  |TAMS 0x00000000c8b00000, 0x00000000c8b00000| Untracked 
| 140|0x00000000c8c00000, 0x00000000c8c00000, 0x00000000c8d00000|  0%| F|  |TAMS 0x00000000c8c00000, 0x00000000c8c00000| Untracked 
| 141|0x00000000c8d00000, 0x00000000c8d00000, 0x00000000c8e00000|  0%| F|  |TAMS 0x00000000c8d00000, 0x00000000c8d00000| Untracked 
| 142|0x00000000c8e00000, 0x00000000c8e00000, 0x00000000c8f00000|  0%| F|  |TAMS 0x00000000c8e00000, 0x00000000c8e00000| Untracked 
| 143|0x00000000c8f00000, 0x00000000c8f00000, 0x00000000c9000000|  0%| F|  |TAMS 0x00000000c8f00000, 0x00000000c8f00000| Untracked 
| 144|0x00000000c9000000, 0x00000000c9000000, 0x00000000c9100000|  0%| F|  |TAMS 0x00000000c9000000, 0x00000000c9000000| Untracked 
| 145|0x00000000c9100000, 0x00000000c9100000, 0x00000000c9200000|  0%| F|  |TAMS 0x00000000c9100000, 0x00000000c9100000| Untracked 
| 146|0x00000000c9200000, 0x00000000c9200000, 0x00000000c9300000|  0%| F|  |TAMS 0x00000000c9200000, 0x00000000c9200000| Untracked 
| 147|0x00000000c9300000, 0x00000000c9300000, 0x00000000c9400000|  0%| F|  |TAMS 0x00000000c9300000, 0x00000000c9300000| Untracked 
| 148|0x00000000c9400000, 0x00000000c9400000, 0x00000000c9500000|  0%| F|  |TAMS 0x00000000c9400000, 0x00000000c9400000| Untracked 
| 149|0x00000000c9500000, 0x00000000c9500000, 0x00000000c9600000|  0%| F|  |TAMS 0x00000000c9500000, 0x00000000c9500000| Untracked 
| 150|0x00000000c9600000, 0x00000000c9600000, 0x00000000c9700000|  0%| F|  |TAMS 0x00000000c9600000, 0x00000000c9600000| Untracked 
| 151|0x00000000c9700000, 0x00000000c9700000, 0x00000000c9800000|  0%| F|  |TAMS 0x00000000c9700000, 0x00000000c9700000| Untracked 
| 152|0x00000000c9800000, 0x00000000c9800000, 0x00000000c9900000|  0%| F|  |TAMS 0x00000000c9800000, 0x00000000c9800000| Untracked 
| 153|0x00000000c9900000, 0x00000000c9900000, 0x00000000c9a00000|  0%| F|  |TAMS 0x00000000c9900000, 0x00000000c9900000| Untracked 
| 154|0x00000000c9a00000, 0x00000000c9a00000, 0x00000000c9b00000|  0%| F|  |TAMS 0x00000000c9a00000, 0x00000000c9a00000| Untracked 
| 155|0x00000000c9b00000, 0x00000000c9b00000, 0x00000000c9c00000|  0%| F|  |TAMS 0x00000000c9b00000, 0x00000000c9b00000| Untracked 
| 156|0x00000000c9c00000, 0x00000000c9c00000, 0x00000000c9d00000|  0%| F|  |TAMS 0x00000000c9c00000, 0x00000000c9c00000| Untracked 
| 157|0x00000000c9d00000, 0x00000000c9d00000, 0x00000000c9e00000|  0%| F|  |TAMS 0x00000000c9d00000, 0x00000000c9d00000| Untracked 
| 158|0x00000000c9e00000, 0x00000000c9e00000, 0x00000000c9f00000|  0%| F|  |TAMS 0x00000000c9e00000, 0x00000000c9e00000| Untracked 
| 159|0x00000000c9f00000, 0x00000000c9f00000, 0x00000000ca000000|  0%| F|  |TAMS 0x00000000c9f00000, 0x00000000c9f00000| Untracked 
| 160|0x00000000ca000000, 0x00000000ca000000, 0x00000000ca100000|  0%| F|  |TAMS 0x00000000ca000000, 0x00000000ca000000| Untracked 
| 161|0x00000000ca100000, 0x00000000ca100000, 0x00000000ca200000|  0%| F|  |TAMS 0x00000000ca100000, 0x00000000ca100000| Untracked 
| 162|0x00000000ca200000, 0x00000000ca200000, 0x00000000ca300000|  0%| F|  |TAMS 0x00000000ca200000, 0x00000000ca200000| Untracked 
| 163|0x00000000ca300000, 0x00000000ca300000, 0x00000000ca400000|  0%| F|  |TAMS 0x00000000ca300000, 0x00000000ca300000| Untracked 
| 164|0x00000000ca400000, 0x00000000ca400000, 0x00000000ca500000|  0%| F|  |TAMS 0x00000000ca400000, 0x00000000ca400000| Untracked 
| 165|0x00000000ca500000, 0x00000000ca500000, 0x00000000ca600000|  0%| F|  |TAMS 0x00000000ca500000, 0x00000000ca500000| Untracked 
| 166|0x00000000ca600000, 0x00000000ca600000, 0x00000000ca700000|  0%| F|  |TAMS 0x00000000ca600000, 0x00000000ca600000| Untracked 
| 167|0x00000000ca700000, 0x00000000ca700000, 0x00000000ca800000|  0%| F|  |TAMS 0x00000000ca700000, 0x00000000ca700000| Untracked 
| 168|0x00000000ca800000, 0x00000000ca800000, 0x00000000ca900000|  0%| F|  |TAMS 0x00000000ca800000, 0x00000000ca800000| Untracked 
| 169|0x00000000ca900000, 0x00000000ca900000, 0x00000000caa00000|  0%| F|  |TAMS 0x00000000ca900000, 0x00000000ca900000| Untracked 
| 170|0x00000000caa00000, 0x00000000caa00000, 0x00000000cab00000|  0%| F|  |TAMS 0x00000000caa00000, 0x00000000caa00000| Untracked 
| 171|0x00000000cab00000, 0x00000000cab00000, 0x00000000cac00000|  0%| F|  |TAMS 0x00000000cab00000, 0x00000000cab00000| Untracked 
| 172|0x00000000cac00000, 0x00000000cac00000, 0x00000000cad00000|  0%| F|  |TAMS 0x00000000cac00000, 0x00000000cac00000| Untracked 
| 173|0x00000000cad00000, 0x00000000cad00000, 0x00000000cae00000|  0%| F|  |TAMS 0x00000000cad00000, 0x00000000cad00000| Untracked 
| 174|0x00000000cae00000, 0x00000000cae00000, 0x00000000caf00000|  0%| F|  |TAMS 0x00000000cae00000, 0x00000000cae00000| Untracked 
| 175|0x00000000caf00000, 0x00000000caf00000, 0x00000000cb000000|  0%| F|  |TAMS 0x00000000caf00000, 0x00000000caf00000| Untracked 
| 176|0x00000000cb000000, 0x00000000cb000000, 0x00000000cb100000|  0%| F|  |TAMS 0x00000000cb000000, 0x00000000cb000000| Untracked 
| 177|0x00000000cb100000, 0x00000000cb100000, 0x00000000cb200000|  0%| F|  |TAMS 0x00000000cb100000, 0x00000000cb100000| Untracked 
| 178|0x00000000cb200000, 0x00000000cb200000, 0x00000000cb300000|  0%| F|  |TAMS 0x00000000cb200000, 0x00000000cb200000| Untracked 
| 179|0x00000000cb300000, 0x00000000cb300000, 0x00000000cb400000|  0%| F|  |TAMS 0x00000000cb300000, 0x00000000cb300000| Untracked 
| 180|0x00000000cb400000, 0x00000000cb400000, 0x00000000cb500000|  0%| F|  |TAMS 0x00000000cb400000, 0x00000000cb400000| Untracked 
| 181|0x00000000cb500000, 0x00000000cb500000, 0x00000000cb600000|  0%| F|  |TAMS 0x00000000cb500000, 0x00000000cb500000| Untracked 
| 182|0x00000000cb600000, 0x00000000cb600000, 0x00000000cb700000|  0%| F|  |TAMS 0x00000000cb600000, 0x00000000cb600000| Untracked 
| 183|0x00000000cb700000, 0x00000000cb700000, 0x00000000cb800000|  0%| F|  |TAMS 0x00000000cb700000, 0x00000000cb700000| Untracked 
| 184|0x00000000cb800000, 0x00000000cb800000, 0x00000000cb900000|  0%| F|  |TAMS 0x00000000cb800000, 0x00000000cb800000| Untracked 
| 185|0x00000000cb900000, 0x00000000cb900000, 0x00000000cba00000|  0%| F|  |TAMS 0x00000000cb900000, 0x00000000cb900000| Untracked 
| 186|0x00000000cba00000, 0x00000000cba00000, 0x00000000cbb00000|  0%| F|  |TAMS 0x00000000cba00000, 0x00000000cba00000| Untracked 
| 187|0x00000000cbb00000, 0x00000000cbb00000, 0x00000000cbc00000|  0%| F|  |TAMS 0x00000000cbb00000, 0x00000000cbb00000| Untracked 
| 188|0x00000000cbc00000, 0x00000000cbc00000, 0x00000000cbd00000|  0%| F|  |TAMS 0x00000000cbc00000, 0x00000000cbc00000| Untracked 
| 189|0x00000000cbd00000, 0x00000000cbd00000, 0x00000000cbe00000|  0%| F|  |TAMS 0x00000000cbd00000, 0x00000000cbd00000| Untracked 
| 190|0x00000000cbe00000, 0x00000000cbe00000, 0x00000000cbf00000|  0%| F|  |TAMS 0x00000000cbe00000, 0x00000000cbe00000| Untracked 
| 191|0x00000000cbf00000, 0x00000000cbf00000, 0x00000000cc000000|  0%| F|  |TAMS 0x00000000cbf00000, 0x00000000cbf00000| Untracked 
| 192|0x00000000cc000000, 0x00000000cc000000, 0x00000000cc100000|  0%| F|  |TAMS 0x00000000cc000000, 0x00000000cc000000| Untracked 
| 193|0x00000000cc100000, 0x00000000cc100000, 0x00000000cc200000|  0%| F|  |TAMS 0x00000000cc100000, 0x00000000cc100000| Untracked 
| 194|0x00000000cc200000, 0x00000000cc200000, 0x00000000cc300000|  0%| F|  |TAMS 0x00000000cc200000, 0x00000000cc200000| Untracked 
| 195|0x00000000cc300000, 0x00000000cc300000, 0x00000000cc400000|  0%| F|  |TAMS 0x00000000cc300000, 0x00000000cc300000| Untracked 
| 196|0x00000000cc400000, 0x00000000cc400000, 0x00000000cc500000|  0%| F|  |TAMS 0x00000000cc400000, 0x00000000cc400000| Untracked 
| 197|0x00000000cc500000, 0x00000000cc500000, 0x00000000cc600000|  0%| F|  |TAMS 0x00000000cc500000, 0x00000000cc500000| Untracked 
| 198|0x00000000cc600000, 0x00000000cc600000, 0x00000000cc700000|  0%| F|  |TAMS 0x00000000cc600000, 0x00000000cc600000| Untracked 
| 199|0x00000000cc700000, 0x00000000cc700000, 0x00000000cc800000|  0%| F|  |TAMS 0x00000000cc700000, 0x00000000cc700000| Untracked 
| 200|0x00000000cc800000, 0x00000000cc800000, 0x00000000cc900000|  0%| F|  |TAMS 0x00000000cc800000, 0x00000000cc800000| Untracked 
| 201|0x00000000cc900000, 0x00000000cc900000, 0x00000000cca00000|  0%| F|  |TAMS 0x00000000cc900000, 0x00000000cc900000| Untracked 
| 202|0x00000000cca00000, 0x00000000cca00000, 0x00000000ccb00000|  0%| F|  |TAMS 0x00000000cca00000, 0x00000000cca00000| Untracked 
| 203|0x00000000ccb00000, 0x00000000ccb00000, 0x00000000ccc00000|  0%| F|  |TAMS 0x00000000ccb00000, 0x00000000ccb00000| Untracked 
| 204|0x00000000ccc00000, 0x00000000ccc00000, 0x00000000ccd00000|  0%| F|  |TAMS 0x00000000ccc00000, 0x00000000ccc00000| Untracked 
| 205|0x00000000ccd00000, 0x00000000ccd00000, 0x00000000cce00000|  0%| F|  |TAMS 0x00000000ccd00000, 0x00000000ccd00000| Untracked 
| 206|0x00000000cce00000, 0x00000000cce00000, 0x00000000ccf00000|  0%| F|  |TAMS 0x00000000cce00000, 0x00000000cce00000| Untracked 
| 207|0x00000000ccf00000, 0x00000000ccf00000, 0x00000000cd000000|  0%| F|  |TAMS 0x00000000ccf00000, 0x00000000ccf00000| Untracked 
| 208|0x00000000cd000000, 0x00000000cd000000, 0x00000000cd100000|  0%| F|  |TAMS 0x00000000cd000000, 0x00000000cd000000| Untracked 
| 209|0x00000000cd100000, 0x00000000cd100000, 0x00000000cd200000|  0%| F|  |TAMS 0x00000000cd100000, 0x00000000cd100000| Untracked 
| 210|0x00000000cd200000, 0x00000000cd200000, 0x00000000cd300000|  0%| F|  |TAMS 0x00000000cd200000, 0x00000000cd200000| Untracked 
| 211|0x00000000cd300000, 0x00000000cd300000, 0x00000000cd400000|  0%| F|  |TAMS 0x00000000cd300000, 0x00000000cd300000| Untracked 
| 212|0x00000000cd400000, 0x00000000cd400000, 0x00000000cd500000|  0%| F|  |TAMS 0x00000000cd400000, 0x00000000cd400000| Untracked 
| 213|0x00000000cd500000, 0x00000000cd500000, 0x00000000cd600000|  0%| F|  |TAMS 0x00000000cd500000, 0x00000000cd500000| Untracked 
| 214|0x00000000cd600000, 0x00000000cd600000, 0x00000000cd700000|  0%| F|  |TAMS 0x00000000cd600000, 0x00000000cd600000| Untracked 
| 215|0x00000000cd700000, 0x00000000cd700000, 0x00000000cd800000|  0%| F|  |TAMS 0x00000000cd700000, 0x00000000cd700000| Untracked 
| 216|0x00000000cd800000, 0x00000000cd800000, 0x00000000cd900000|  0%| F|  |TAMS 0x00000000cd800000, 0x00000000cd800000| Untracked 
| 217|0x00000000cd900000, 0x00000000cd900000, 0x00000000cda00000|  0%| F|  |TAMS 0x00000000cd900000, 0x00000000cd900000| Untracked 
| 218|0x00000000cda00000, 0x00000000cda00000, 0x00000000cdb00000|  0%| F|  |TAMS 0x00000000cda00000, 0x00000000cda00000| Untracked 
| 219|0x00000000cdb00000, 0x00000000cdb00000, 0x00000000cdc00000|  0%| F|  |TAMS 0x00000000cdb00000, 0x00000000cdb00000| Untracked 
| 220|0x00000000cdc00000, 0x00000000cdc00000, 0x00000000cdd00000|  0%| F|  |TAMS 0x00000000cdc00000, 0x00000000cdc00000| Untracked 
| 221|0x00000000cdd00000, 0x00000000cdd00000, 0x00000000cde00000|  0%| F|  |TAMS 0x00000000cdd00000, 0x00000000cdd00000| Untracked 
| 222|0x00000000cde00000, 0x00000000cde00000, 0x00000000cdf00000|  0%| F|  |TAMS 0x00000000cde00000, 0x00000000cde00000| Untracked 
| 223|0x00000000cdf00000, 0x00000000cdf00000, 0x00000000ce000000|  0%| F|  |TAMS 0x00000000cdf00000, 0x00000000cdf00000| Untracked 
| 224|0x00000000ce000000, 0x00000000ce000000, 0x00000000ce100000|  0%| F|  |TAMS 0x00000000ce000000, 0x00000000ce000000| Untracked 
| 225|0x00000000ce100000, 0x00000000ce100000, 0x00000000ce200000|  0%| F|  |TAMS 0x00000000ce100000, 0x00000000ce100000| Untracked 
| 226|0x00000000ce200000, 0x00000000ce200000, 0x00000000ce300000|  0%| F|  |TAMS 0x00000000ce200000, 0x00000000ce200000| Untracked 
| 227|0x00000000ce300000, 0x00000000ce300000, 0x00000000ce400000|  0%| F|  |TAMS 0x00000000ce300000, 0x00000000ce300000| Untracked 
| 228|0x00000000ce400000, 0x00000000ce400000, 0x00000000ce500000|  0%| F|  |TAMS 0x00000000ce400000, 0x00000000ce400000| Untracked 
| 229|0x00000000ce500000, 0x00000000ce500000, 0x00000000ce600000|  0%| F|  |TAMS 0x00000000ce500000, 0x00000000ce500000| Untracked 
| 230|0x00000000ce600000, 0x00000000ce600000, 0x00000000ce700000|  0%| F|  |TAMS 0x00000000ce600000, 0x00000000ce600000| Untracked 
| 231|0x00000000ce700000, 0x00000000ce700000, 0x00000000ce800000|  0%| F|  |TAMS 0x00000000ce700000, 0x00000000ce700000| Untracked 
| 232|0x00000000ce800000, 0x00000000ce800000, 0x00000000ce900000|  0%| F|  |TAMS 0x00000000ce800000, 0x00000000ce800000| Untracked 
| 233|0x00000000ce900000, 0x00000000ce900000, 0x00000000cea00000|  0%| F|  |TAMS 0x00000000ce900000, 0x00000000ce900000| Untracked 
| 234|0x00000000cea00000, 0x00000000cea00000, 0x00000000ceb00000|  0%| F|  |TAMS 0x00000000cea00000, 0x00000000cea00000| Untracked 
| 235|0x00000000ceb00000, 0x00000000ceb00000, 0x00000000cec00000|  0%| F|  |TAMS 0x00000000ceb00000, 0x00000000ceb00000| Untracked 
| 236|0x00000000cec00000, 0x00000000cec00000, 0x00000000ced00000|  0%| F|  |TAMS 0x00000000cec00000, 0x00000000cec00000| Untracked 
| 237|0x00000000ced00000, 0x00000000ced00000, 0x00000000cee00000|  0%| F|  |TAMS 0x00000000ced00000, 0x00000000ced00000| Untracked 
| 238|0x00000000cee00000, 0x00000000cee00000, 0x00000000cef00000|  0%| F|  |TAMS 0x00000000cee00000, 0x00000000cee00000| Untracked 
| 239|0x00000000cef00000, 0x00000000cef00000, 0x00000000cf000000|  0%| F|  |TAMS 0x00000000cef00000, 0x00000000cef00000| Untracked 
| 240|0x00000000cf000000, 0x00000000cf000000, 0x00000000cf100000|  0%| F|  |TAMS 0x00000000cf000000, 0x00000000cf000000| Untracked 
| 241|0x00000000cf100000, 0x00000000cf100000, 0x00000000cf200000|  0%| F|  |TAMS 0x00000000cf100000, 0x00000000cf100000| Untracked 
| 242|0x00000000cf200000, 0x00000000cf200000, 0x00000000cf300000|  0%| F|  |TAMS 0x00000000cf200000, 0x00000000cf200000| Untracked 
| 243|0x00000000cf300000, 0x00000000cf300000, 0x00000000cf400000|  0%| F|  |TAMS 0x00000000cf300000, 0x00000000cf300000| Untracked 
| 244|0x00000000cf400000, 0x00000000cf400000, 0x00000000cf500000|  0%| F|  |TAMS 0x00000000cf400000, 0x00000000cf400000| Untracked 
| 245|0x00000000cf500000, 0x00000000cf500000, 0x00000000cf600000|  0%| F|  |TAMS 0x00000000cf500000, 0x00000000cf500000| Untracked 
| 246|0x00000000cf600000, 0x00000000cf600000, 0x00000000cf700000|  0%| F|  |TAMS 0x00000000cf600000, 0x00000000cf600000| Untracked 
| 247|0x00000000cf700000, 0x00000000cf700000, 0x00000000cf800000|  0%| F|  |TAMS 0x00000000cf700000, 0x00000000cf700000| Untracked 
| 248|0x00000000cf800000, 0x00000000cf800000, 0x00000000cf900000|  0%| F|  |TAMS 0x00000000cf800000, 0x00000000cf800000| Untracked 
| 249|0x00000000cf900000, 0x00000000cf900000, 0x00000000cfa00000|  0%| F|  |TAMS 0x00000000cf900000, 0x00000000cf900000| Untracked 
| 250|0x00000000cfa00000, 0x00000000cfa00000, 0x00000000cfb00000|  0%| F|  |TAMS 0x00000000cfa00000, 0x00000000cfa00000| Untracked 
| 251|0x00000000cfb00000, 0x00000000cfb00000, 0x00000000cfc00000|  0%| F|  |TAMS 0x00000000cfb00000, 0x00000000cfb00000| Untracked 
| 252|0x00000000cfc00000, 0x00000000cfc00000, 0x00000000cfd00000|  0%| F|  |TAMS 0x00000000cfc00000, 0x00000000cfc00000| Untracked 
| 253|0x00000000cfd00000, 0x00000000cfe00000, 0x00000000cfe00000|100%| E|  |TAMS 0x00000000cfd00000, 0x00000000cfd00000| Complete 
| 254|0x00000000cfe00000, 0x00000000cff00000, 0x00000000cff00000|100%| E|CS|TAMS 0x00000000cfe00000, 0x00000000cfe00000| Complete 
| 255|0x00000000cff00000, 0x00000000d0000000, 0x00000000d0000000|100%| E|CS|TAMS 0x00000000cff00000, 0x00000000cff00000| Complete 

Card table byte_map: [0x0000025bfd570000,0x0000025bfd770000] _byte_map_base: 0x0000025bfcf70000

Marking Bits (Prev, Next): (CMBitMap*) 0x0000025be7d411a0, (CMBitMap*) 0x0000025be7d41160
 Prev Bits: [0x0000025bfe970000, 0x0000025bff970000)
 Next Bits: [0x0000025bfd970000, 0x0000025bfe970000)

Polling page: 0x0000025be5a50000

Metaspace:

Usage:
  Non-class:     28.93 MB used.
      Class:      3.47 MB used.
       Both:     32.40 MB used.

Virtual space:
  Non-class space:       64.00 MB reserved,      29.06 MB ( 45%) committed,  1 nodes.
      Class space:        1.00 GB reserved,       3.56 MB ( <1%) committed,  1 nodes.
             Both:        1.06 GB reserved,      32.62 MB (  3%) committed. 

Chunk freelists:
   Non-Class:  2.23 MB
       Class:  12.44 MB
        Both:  14.67 MB

MaxMetaspaceSize: unlimited
CompressedClassSpaceSize: 1.00 GB
Initial GC threshold: 21.00 MB
Current GC threshold: 35.12 MB
CDS: off
MetaspaceReclaimPolicy: balanced
 - commit_granule_bytes: 65536.
 - commit_granule_words: 8192.
 - virtual_space_node_default_size: 8388608.
 - enlarge_chunks_in_place: 1.
 - new_chunks_are_fully_committed: 0.
 - uncommit_free_chunks: 1.
 - use_allocation_guard: 0.
 - handle_deallocations: 1.


Internal statistics:

num_allocs_failed_limit: 3.
num_arena_births: 180.
num_arena_deaths: 0.
num_vsnodes_births: 2.
num_vsnodes_deaths: 0.
num_space_committed: 521.
num_space_uncommitted: 0.
num_chunks_returned_to_freelist: 3.
num_chunks_taken_from_freelist: 859.
num_chunk_merges: 0.
num_chunk_splits: 610.
num_chunks_enlarged: 481.
num_inconsistent_stats: 0.

CodeHeap 'non-profiled nmethods': size=120000Kb used=1696Kb max_used=1696Kb free=118303Kb
 bounds [0x0000025bf58f0000, 0x0000025bf5b60000, 0x0000025bfce20000]
CodeHeap 'profiled nmethods': size=120000Kb used=7898Kb max_used=7898Kb free=112101Kb
 bounds [0x0000025bede20000, 0x0000025bee5e0000, 0x0000025bf5350000]
CodeHeap 'non-nmethods': size=5760Kb used=1251Kb max_used=1296Kb free=4508Kb
 bounds [0x0000025bf5350000, 0x0000025bf55c0000, 0x0000025bf58f0000]
 total_blobs=4313 nmethods=3747 adapters=478
 compilation: enabled
              stopped_count=0, restarted_count=0
 full_count=0

Compilation events (20 events):
Event: 30.537 Thread 0x0000025b826c1f80 3749       3       org.wso2.ballerinalang.compiler.BIRPackageSymbolEnter$BIRTypeReader::getSymbolOfClosure (219 bytes)
Event: 30.537 Thread 0x0000025b826beed0 nmethod 3738 0x0000025bf5a96310 code [0x0000025bf5a964e0, 0x0000025bf5a97418]
Event: 30.537 Thread 0x0000025b826beed0 3746       4       java.lang.String::split (327 bytes)
Event: 30.539 Thread 0x0000025b826c1f80 nmethod 3749 0x0000025bee5ce090 code [0x0000025bee5ce460, 0x0000025bee5cfa28]
Event: 30.539 Thread 0x0000025b826c1f80 3751       1       org.wso2.ballerinalang.compiler.semantics.model.symbols.BClassSymbol::getAnnotations (5 bytes)
Event: 30.540 Thread 0x0000025b826c1f80 nmethod 3751 0x0000025bf5a97c10 code [0x0000025bf5a97da0, 0x0000025bf5a97e78]
Event: 30.542 Thread 0x0000025b826c1f80 3752       3       org.wso2.ballerinalang.compiler.BIRPackageSymbolEnter$$Lambda$214/0x0000000100303de8::accept (12 bytes)
Event: 30.543 Thread 0x0000025b826c1f80 nmethod 3752 0x0000025bee5d0790 code [0x0000025bee5d0940, 0x0000025bee5d0b68]
Event: 30.543 Thread 0x0000025b826c1f80 3753       3       org.wso2.ballerinalang.compiler.BIRPackageSymbolEnter::definePackageLevelVariables (319 bytes)
Event: 30.547 Thread 0x0000025b826c1f80 nmethod 3753 0x0000025bee5d0c90 code [0x0000025bee5d1140, 0x0000025bee5d3758]
Event: 30.548 Thread 0x0000025b826c1f80 3755       3       org.wso2.ballerinalang.compiler.BIRPackageSymbolEnter$$Lambda$216/0x0000000100304228::accept (12 bytes)
Event: 30.548 Thread 0x0000025b826c1f80 nmethod 3755 0x0000025bee5d4890 code [0x0000025bee5d4a40, 0x0000025bee5d4c68]
Event: 30.551 Thread 0x0000025b826c1f80 3756       1       org.wso2.ballerinalang.compiler.semantics.model.types.BUnionType::getMemberTypes (5 bytes)
Event: 30.551 Thread 0x0000025b826c1f80 nmethod 3756 0x0000025bf5a97f10 code [0x0000025bf5a980a0, 0x0000025bf5a98178]
Event: 30.552 Thread 0x0000025b826c1f80 3758       3       org.wso2.ballerinalang.compiler.semantics.model.symbols.BObjectTypeSymbol::<init> (45 bytes)
Event: 30.553 Thread 0x0000025b826c1f80 nmethod 3758 0x0000025bee5d4d90 code [0x0000025bee5d4fc0, 0x0000025bee5d57d8]
Event: 30.553 Thread 0x0000025b826c1f80 3759       3       org.wso2.ballerinalang.compiler.semantics.analyzer.SymbolResolver::lookupSymbolInMainSpace (10 bytes)
Event: 30.553 Thread 0x0000025b826c1f80 nmethod 3759 0x0000025bee5d5b10 code [0x0000025bee5d5ca0, 0x0000025bee5d5de8]
Event: 30.553 Thread 0x0000025b826c1f80 3760       3       org.wso2.ballerinalang.compiler.semantics.analyzer.SymbolResolver::lookupSymbol (88 bytes)
Event: 30.554 Thread 0x0000025b826c1f80 nmethod 3760 0x0000025bee5d5e90 code [0x0000025bee5d60a0, 0x0000025bee5d66a8]

GC Heap History (8 events):
Event: 1.477 GC heap before
{Heap before GC invocations=0 (full 0):
 garbage-first heap   total 262144K, used 26624K [0x00000000c0000000, 0x0000000100000000)
  region size 1024K, 23 young (23552K), 0 survivors (0K)
 Metaspace       used 16277K, committed 16448K, reserved 1114112K
  class space    used 1561K, committed 1664K, reserved 1048576K
}
Event: 1.484 GC heap after
{Heap after GC invocations=1 (full 0):
 garbage-first heap   total 262144K, used 11890K [0x00000000c0000000, 0x0000000100000000)
  region size 1024K, 3 young (3072K), 3 survivors (3072K)
 Metaspace       used 16277K, committed 16448K, reserved 1114112K
  class space    used 1561K, committed 1664K, reserved 1048576K
}
Event: 2.139 GC heap before
{Heap before GC invocations=1 (full 0):
 garbage-first heap   total 262144K, used 31346K [0x00000000c0000000, 0x0000000100000000)
  region size 1024K, 23 young (23552K), 3 survivors (3072K)
 Metaspace       used 21335K, committed 21504K, reserved 1114112K
  class space    used 2130K, committed 2240K, reserved 1048576K
}
Event: 2.147 GC heap after
{Heap after GC invocations=2 (full 0):
 garbage-first heap   total 262144K, used 14444K [0x00000000c0000000, 0x0000000100000000)
  region size 1024K, 3 young (3072K), 3 survivors (3072K)
 Metaspace       used 21335K, committed 21504K, reserved 1114112K
  class space    used 2130K, committed 2240K, reserved 1048576K
}
Event: 3.546 GC heap before
{Heap before GC invocations=3 (full 0):
 garbage-first heap   total 262144K, used 56428K [0x00000000c0000000, 0x0000000100000000)
  region size 1024K, 45 young (46080K), 3 survivors (3072K)
 Metaspace       used 29118K, committed 29376K, reserved 1114112K
  class space    used 3027K, committed 3136K, reserved 1048576K
}
Event: 3.555 GC heap after
{Heap after GC invocations=4 (full 0):
 garbage-first heap   total 262144K, used 20825K [0x00000000c0000000, 0x0000000100000000)
  region size 1024K, 6 young (6144K), 6 survivors (6144K)
 Metaspace       used 29118K, committed 29376K, reserved 1114112K
  class space    used 3027K, committed 3136K, reserved 1048576K
}
Event: 30.560 GC heap before
{Heap before GC invocations=4 (full 0):
 garbage-first heap   total 262144K, used 155993K [0x00000000c0000000, 0x0000000100000000)
  region size 1024K, 130 young (133120K), 6 survivors (6144K)
 Metaspace       used 33170K, committed 33344K, reserved 1114112K
  class space    used 3554K, committed 3648K, reserved 1048576K
}
Event: 30.579 GC heap after
{Heap after GC invocations=5 (full 0):
 garbage-first heap   total 262144K, used 46430K [0x00000000c0000000, 0x0000000100000000)
  region size 1024K, 17 young (17408K), 17 survivors (17408K)
 Metaspace       used 33170K, committed 33344K, reserved 1114112K
  class space    used 3554K, committed 3648K, reserved 1048576K
}

Dll operation events (8 events):
Event: 0.016 Loaded shared library C:\PROGRA~1\BALLER~1\dependencies\jdk-17.0.7+7-jre\bin\java.dll
Event: 0.314 Loaded shared library C:\Program Files\Ballerina\dependencies\jdk-17.0.7+7-jre\bin\jimage.dll
Event: 0.337 Loaded shared library C:\Program Files\Ballerina\dependencies\jdk-17.0.7+7-jre\bin\net.dll
Event: 0.340 Loaded shared library C:\Program Files\Ballerina\dependencies\jdk-17.0.7+7-jre\bin\nio.dll
Event: 0.349 Loaded shared library C:\Program Files\Ballerina\dependencies\jdk-17.0.7+7-jre\bin\zip.dll
Event: 0.580 Loaded shared library C:\Program Files\Ballerina\dependencies\jdk-17.0.7+7-jre\bin\management.dll
Event: 0.594 Loaded shared library C:\Program Files\Ballerina\dependencies\jdk-17.0.7+7-jre\bin\management_ext.dll
Event: 0.946 Loaded shared library C:\PROGRA~1\BALLER~1\dependencies\jdk-17.0.7+7-jre\bin\verify.dll

Deoptimization events (20 events):
Event: 6.137 Thread 0x0000025b87f3e470 Uncommon trap: trap_request=0xffffff45 fr.pc=0x0000025bf5a5b40c relative=0x00000000000000ec
Event: 6.137 Thread 0x0000025b87f3e470 Uncommon trap: reason=unstable_if action=reinterpret pc=0x0000025bf5a5b40c method=java.util.Formatter$FormatSpecifier.print(Ljava/lang/Object;Ljava/util/Locale;)V @ 18 c2
Event: 6.137 Thread 0x0000025b87f3e470 DEOPT PACKING pc=0x0000025bf5a5b40c sp=0x0000009b8f9fdeb0
Event: 6.137 Thread 0x0000025b87f3e470 DEOPT UNPACKING pc=0x0000025bf53a69a3 sp=0x0000009b8f9fde60 mode 2
Event: 6.140 Thread 0x0000025b87f3e470 Uncommon trap: trap_request=0xffffff45 fr.pc=0x0000025bf5a3cd5c relative=0x000000000000019c
Event: 6.140 Thread 0x0000025b87f3e470 Uncommon trap: reason=unstable_if action=reinterpret pc=0x0000025bf5a3cd5c method=com.google.gson.stream.JsonReader.nextString()Ljava/lang/String; @ 6 c2
Event: 6.140 Thread 0x0000025b87f3e470 DEOPT PACKING pc=0x0000025bf5a3cd5c sp=0x0000009b8f9fec50
Event: 6.140 Thread 0x0000025b87f3e470 DEOPT UNPACKING pc=0x0000025bf53a69a3 sp=0x0000009b8f9fec00 mode 2
Event: 6.142 Thread 0x0000025b87f3e470 Uncommon trap: trap_request=0xffffff45 fr.pc=0x0000025bf5a1ba14 relative=0x00000000000000f4
Event: 6.142 Thread 0x0000025b87f3e470 Uncommon trap: reason=unstable_if action=reinterpret pc=0x0000025bf5a1ba14 method=com.google.gson.stream.JsonReader.peek()Lcom/google/gson/stream/JsonToken; @ 15 c2
Event: 6.142 Thread 0x0000025b87f3e470 DEOPT PACKING pc=0x0000025bf5a1ba14 sp=0x0000009b8f9fea80
Event: 6.142 Thread 0x0000025b87f3e470 DEOPT UNPACKING pc=0x0000025bf53a69a3 sp=0x0000009b8f9fea08 mode 2
Event: 30.460 Thread 0x0000025b887d0080 Uncommon trap: trap_request=0xfffffff4 fr.pc=0x0000025bf5a58fa0 relative=0x00000000000006c0
Event: 30.460 Thread 0x0000025b887d0080 Uncommon trap: reason=null_check action=make_not_entrant pc=0x0000025bf5a58fa0 method=sun.nio.fs.NativeBuffers.getNativeBufferFromCache(I)Lsun/nio/fs/NativeBuffer; @ 6 c2
Event: 30.460 Thread 0x0000025b887d0080 DEOPT PACKING pc=0x0000025bf5a58fa0 sp=0x0000009b8fafe840
Event: 30.460 Thread 0x0000025b887d0080 DEOPT UNPACKING pc=0x0000025bf53a69a3 sp=0x0000009b8fafe790 mode 2
Event: 30.499 Thread 0x0000025b887d0080 Uncommon trap: trap_request=0xffffff45 fr.pc=0x0000025bf59f4910 relative=0x0000000000001950
Event: 30.499 Thread 0x0000025b887d0080 Uncommon trap: reason=unstable_if action=reinterpret pc=0x0000025bf59f4910 method=java.lang.String.<init>([BIILjava/nio/charset/Charset;)V @ 110 c2
Event: 30.499 Thread 0x0000025b887d0080 DEOPT PACKING pc=0x0000025bf59f4910 sp=0x0000009b8fafe5f0
Event: 30.499 Thread 0x0000025b887d0080 DEOPT UNPACKING pc=0x0000025bf53a69a3 sp=0x0000009b8fafe5a0 mode 2

Classes unloaded (0 events):
No events

Classes redefined (0 events):
No events

Internal exceptions (20 events):
Event: 6.083 Thread 0x0000025b87f3e470 Exception <a 'sun/nio/fs/WindowsException'{0x00000000ca49e8a0}> (0x00000000ca49e8a0) 
thrown [s\src\hotspot\share\prims\jni.cpp, line 516]
Event: 6.084 Thread 0x0000025b87f3e470 Exception <a 'sun/nio/fs/WindowsException'{0x00000000ca4ab6a8}> (0x00000000ca4ab6a8) 
thrown [s\src\hotspot\share\prims\jni.cpp, line 516]
Event: 6.084 Thread 0x0000025b87f3e470 Exception <a 'sun/nio/fs/WindowsException'{0x00000000ca4ac968}> (0x00000000ca4ac968) 
thrown [s\src\hotspot\share\prims\jni.cpp, line 516]
Event: 6.085 Thread 0x0000025b87f3e470 Exception <a 'sun/nio/fs/WindowsException'{0x00000000ca4b9e20}> (0x00000000ca4b9e20) 
thrown [s\src\hotspot\share\prims\jni.cpp, line 516]
Event: 6.086 Thread 0x0000025b87f3e470 Exception <a 'sun/nio/fs/WindowsException'{0x00000000ca4c48b0}> (0x00000000ca4c48b0) 
thrown [s\src\hotspot\share\prims\jni.cpp, line 516]
Event: 6.086 Thread 0x0000025b87f3e470 Exception <a 'sun/nio/fs/WindowsException'{0x00000000ca4c5b70}> (0x00000000ca4c5b70) 
thrown [s\src\hotspot\share\prims\jni.cpp, line 516]
Event: 6.087 Thread 0x0000025b87f3e470 Exception <a 'sun/nio/fs/WindowsException'{0x00000000ca4d3028}> (0x00000000ca4d3028) 
thrown [s\src\hotspot\share\prims\jni.cpp, line 516]
Event: 6.088 Thread 0x0000025b87f3e470 Exception <a 'sun/nio/fs/WindowsException'{0x00000000ca4ddab8}> (0x00000000ca4ddab8) 
thrown [s\src\hotspot\share\prims\jni.cpp, line 516]
Event: 6.089 Thread 0x0000025b87f3e470 Exception <a 'sun/nio/fs/WindowsException'{0x00000000ca4ded78}> (0x00000000ca4ded78) 
thrown [s\src\hotspot\share\prims\jni.cpp, line 516]
Event: 6.090 Thread 0x0000025b87f3e470 Exception <a 'sun/nio/fs/WindowsException'{0x00000000ca4ec230}> (0x00000000ca4ec230) 
thrown [s\src\hotspot\share\prims\jni.cpp, line 516]
Event: 6.092 Thread 0x0000025b87f3e470 Exception <a 'sun/nio/fs/WindowsException'{0x00000000ca4f6d10}> (0x00000000ca4f6d10) 
thrown [s\src\hotspot\share\prims\jni.cpp, line 516]
Event: 6.092 Thread 0x0000025b87f3e470 Exception <a 'sun/nio/fs/WindowsException'{0x00000000ca4f7ec0}> (0x00000000ca4f7ec0) 
thrown [s\src\hotspot\share\prims\jni.cpp, line 516]
Event: 6.093 Thread 0x0000025b87f3e470 Exception <a 'sun/nio/fs/WindowsException'{0x00000000ca3057c0}> (0x00000000ca3057c0) 
thrown [s\src\hotspot\share\prims\jni.cpp, line 516]
Event: 6.094 Thread 0x0000025b87f3e470 Exception <a 'sun/nio/fs/WindowsException'{0x00000000ca3125e8}> (0x00000000ca3125e8) 
thrown [s\src\hotspot\share\prims\jni.cpp, line 516]
Event: 6.095 Thread 0x0000025b87f3e470 Exception <a 'sun/nio/fs/WindowsException'{0x00000000ca3138a8}> (0x00000000ca3138a8) 
thrown [s\src\hotspot\share\prims\jni.cpp, line 516]
Event: 6.096 Thread 0x0000025b87f3e470 Exception <a 'sun/nio/fs/WindowsException'{0x00000000ca320d60}> (0x00000000ca320d60) 
thrown [s\src\hotspot\share\prims\jni.cpp, line 516]
Event: 6.097 Thread 0x0000025b87f3e470 Exception <a 'sun/nio/fs/WindowsException'{0x00000000ca32b658}> (0x00000000ca32b658) 
thrown [s\src\hotspot\share\prims\jni.cpp, line 516]
Event: 6.098 Thread 0x0000025b87f3e470 Exception <a 'sun/nio/fs/WindowsException'{0x00000000ca32c918}> (0x00000000ca32c918) 
thrown [s\src\hotspot\share\prims\jni.cpp, line 516]
Event: 6.099 Thread 0x0000025b87f3e470 Exception <a 'sun/nio/fs/WindowsException'{0x00000000ca339dd0}> (0x00000000ca339dd0) 
thrown [s\src\hotspot\share\prims\jni.cpp, line 516]
Event: 30.460 Thread 0x0000025b887d0080 Implicit null exception at 0x0000025bf5a589d3 to 0x0000025bf5a58f68

VM Operations (20 events):
Event: 3.012 Executing VM operation: HandshakeAllThreads
Event: 3.012 Executing VM operation: HandshakeAllThreads done
Event: 3.079 Executing VM operation: HandshakeAllThreads
Event: 3.079 Executing VM operation: HandshakeAllThreads done
Event: 3.367 Executing VM operation: ICBufferFull
Event: 3.367 Executing VM operation: ICBufferFull done
Event: 3.546 Executing VM operation: G1CollectForAllocation
Event: 3.555 Executing VM operation: G1CollectForAllocation done
Event: 3.685 Executing VM operation: HandshakeAllThreads
Event: 3.685 Executing VM operation: HandshakeAllThreads done
Event: 4.399 Executing VM operation: ICBufferFull
Event: 4.399 Executing VM operation: ICBufferFull done
Event: 5.403 Executing VM operation: Cleanup
Event: 5.406 Executing VM operation: Cleanup done
Event: 5.995 Executing VM operation: HandshakeAllThreads
Event: 5.995 Executing VM operation: HandshakeAllThreads done
Event: 7.003 Executing VM operation: Cleanup
Event: 7.004 Executing VM operation: Cleanup done
Event: 30.560 Executing VM operation: G1CollectForAllocation
Event: 30.579 Executing VM operation: G1CollectForAllocation done

Events (20 events):
Event: 6.138 loading class java/util/concurrent/CompletableFuture$TaskSubmitter done
Event: 6.138 loading class java/util/concurrent/CompletableFuture$Delayer
Event: 6.139 loading class java/util/concurrent/CompletableFuture$Delayer done
Event: 6.139 loading class java/util/concurrent/CompletableFuture$Delayer$DaemonThreadFactory
Event: 6.139 loading class java/util/concurrent/CompletableFuture$Delayer$DaemonThreadFactory done
Event: 6.139 loading class java/util/concurrent/ScheduledThreadPoolExecutor$ScheduledFutureTask
Event: 6.139 loading class java/util/concurrent/ScheduledThreadPoolExecutor$ScheduledFutureTask done
Event: 6.139 Thread 0x0000025b8819f5d0 Thread added: 0x0000025b8819f5d0
Event: 6.140 loading class java/util/concurrent/locks/AbstractQueuedSynchronizer$ConditionNode
Event: 6.140 loading class java/util/concurrent/locks/AbstractQueuedSynchronizer$Node
Event: 6.140 loading class java/util/concurrent/locks/AbstractQueuedSynchronizer$Node done
Event: 6.140 loading class java/util/concurrent/locks/AbstractQueuedSynchronizer$ConditionNode done
Event: 7.163 Thread 0x0000025b881a12b0 Thread added: 0x0000025b881a12b0
Event: 7.163 Thread 0x0000025b88316b30 Thread exited: 0x0000025b88316b30
Event: 30.457 loading class java/util/concurrent/CompletableFuture$UniApply
Event: 30.457 loading class java/util/concurrent/CompletableFuture$UniApply done
Event: 30.457 loading class java/util/concurrent/CompletableFuture$UniExceptionally
Event: 30.457 loading class java/util/concurrent/CompletableFuture$UniExceptionally done
Event: 30.477 Thread 0x0000025b88314cd0 Thread added: 0x0000025b88314cd0
Event: 30.507 Thread 0x0000025b88316110 Thread added: 0x0000025b88316110


Dynamic libraries:
0x00007ff72a730000 - 0x00007ff72a73e000 	C:\PROGRA~1\BALLER~1\dependencies\jdk-17.0.7+7-jre\bin\java.exe
0x00007ffcfbb50000 - 0x00007ffcfbd67000 	C:\WINDOWS\SYSTEM32\ntdll.dll
0x00007ffcfb460000 - 0x00007ffcfb524000 	C:\WINDOWS\System32\KERNEL32.DLL
0x00007ffcf92c0000 - 0x00007ffcf9666000 	C:\WINDOWS\System32\KERNELBASE.dll
0x00007ffcf50b0000 - 0x00007ffcf5147000 	C:\WINDOWS\SYSTEM32\apphelp.dll
0x00007ffcf8ed0000 - 0x00007ffcf8fe1000 	C:\WINDOWS\System32\ucrtbase.dll
0x00007ffcf5af0000 - 0x00007ffcf5b07000 	C:\PROGRA~1\BALLER~1\dependencies\jdk-17.0.7+7-jre\bin\jli.dll
0x00007ffcf32a0000 - 0x00007ffcf32b9000 	C:\PROGRA~1\BALLER~1\dependencies\jdk-17.0.7+7-jre\bin\VCRUNTIME140.dll
0x00007ffcfb530000 - 0x00007ffcfb6dd000 	C:\WINDOWS\System32\USER32.dll
0x00007ffcf9880000 - 0x00007ffcf98a6000 	C:\WINDOWS\System32\win32u.dll
0x00007ffcfb130000 - 0x00007ffcfb159000 	C:\WINDOWS\System32\GDI32.dll
0x00007ffcf80c0000 - 0x00007ffcf8353000 	C:\WINDOWS\WinSxS\amd64_microsoft.windows.common-controls_6595b64144ccf1df_6.0.22621.2361_none_2712ced57382f843\COMCTL32.dll
0x00007ffcf9760000 - 0x00007ffcf9878000 	C:\WINDOWS\System32\gdi32full.dll
0x00007ffcfb760000 - 0x00007ffcfb807000 	C:\WINDOWS\System32\msvcrt.dll
0x00007ffcf9220000 - 0x00007ffcf92ba000 	C:\WINDOWS\System32\msvcp_win.dll
0x00007ffcfb3c0000 - 0x00007ffcfb3f1000 	C:\WINDOWS\System32\IMM32.DLL
0x00007ffcf5ae0000 - 0x00007ffcf5aec000 	C:\PROGRA~1\BALLER~1\dependencies\jdk-17.0.7+7-jre\bin\vcruntime140_1.dll
0x00007ffc91f90000 - 0x00007ffc92021000 	C:\PROGRA~1\BALLER~1\dependencies\jdk-17.0.7+7-jre\bin\msvcp140.dll
0x00007ffc473b0000 - 0x00007ffc47ff8000 	C:\PROGRA~1\BALLER~1\dependencies\jdk-17.0.7+7-jre\bin\server\jvm.dll
0x00007ffcfba60000 - 0x00007ffcfbb10000 	C:\WINDOWS\System32\ADVAPI32.dll
0x00007ffcfa020000 - 0x00007ffcfa0c6000 	C:\WINDOWS\System32\sechost.dll
0x00007ffcfb010000 - 0x00007ffcfb127000 	C:\WINDOWS\System32\RPCRT4.dll
0x00007ffcf3290000 - 0x00007ffcf3299000 	C:\WINDOWS\SYSTEM32\WSOCK32.dll
0x00007ffcf1530000 - 0x00007ffcf1564000 	C:\WINDOWS\SYSTEM32\WINMM.dll
0x00007ffcf5ce0000 - 0x00007ffcf5cea000 	C:\WINDOWS\SYSTEM32\VERSION.dll
0x00007ffcfb2e0000 - 0x00007ffcfb351000 	C:\WINDOWS\System32\WS2_32.dll
0x00007ffcf70e0000 - 0x00007ffcf70f8000 	C:\WINDOWS\SYSTEM32\kernel.appcore.dll
0x00007ffcf3280000 - 0x00007ffcf328a000 	C:\PROGRA~1\BALLER~1\dependencies\jdk-17.0.7+7-jre\bin\jimage.dll
0x00007ffcf8850000 - 0x00007ffcf8a7e000 	C:\WINDOWS\SYSTEM32\DBGHELP.DLL
0x00007ffcfa180000 - 0x00007ffcfa50a000 	C:\WINDOWS\System32\combase.dll
0x00007ffcfb970000 - 0x00007ffcfba47000 	C:\WINDOWS\System32\OLEAUT32.dll
0x00007ffcf86c0000 - 0x00007ffcf86f2000 	C:\WINDOWS\SYSTEM32\dbgcore.DLL
0x00007ffcf9670000 - 0x00007ffcf96ea000 	C:\WINDOWS\System32\bcryptPrimitives.dll
0x00007ffcf3200000 - 0x00007ffcf3225000 	C:\PROGRA~1\BALLER~1\dependencies\jdk-17.0.7+7-jre\bin\java.dll
0x00007ffcfa6b0000 - 0x00007ffcfaf08000 	C:\WINDOWS\System32\SHELL32.dll
0x00007ffcf5f30000 - 0x00007ffcf6822000 	C:\WINDOWS\SYSTEM32\windows.storage.dll
0x00007ffcf5df0000 - 0x00007ffcf5f2e000 	C:\WINDOWS\SYSTEM32\wintypes.dll
0x00007ffcf9f00000 - 0x00007ffcf9ff3000 	C:\WINDOWS\System32\SHCORE.dll
0x00007ffcfb400000 - 0x00007ffcfb45e000 	C:\WINDOWS\System32\shlwapi.dll
0x00007ffcf8e00000 - 0x00007ffcf8e26000 	C:\WINDOWS\SYSTEM32\profapi.dll
0x00007ffcf31e0000 - 0x00007ffcf31f9000 	C:\Program Files\Ballerina\dependencies\jdk-17.0.7+7-jre\bin\net.dll
0x00007ffcf1340000 - 0x00007ffcf1477000 	C:\WINDOWS\SYSTEM32\WINHTTP.dll
0x00007ffcf7c80000 - 0x00007ffcf7ce9000 	C:\WINDOWS\system32\mswsock.dll
0x00007ffcf2880000 - 0x00007ffcf2895000 	C:\Program Files\Ballerina\dependencies\jdk-17.0.7+7-jre\bin\nio.dll
0x00007ffcf2470000 - 0x00007ffcf2488000 	C:\Program Files\Ballerina\dependencies\jdk-17.0.7+7-jre\bin\zip.dll
0x00007ffcf6b00000 - 0x00007ffcf6bf9000 	C:\WINDOWS\SYSTEM32\DNSAPI.dll
0x00007ffcf6a90000 - 0x00007ffcf6abd000 	C:\WINDOWS\SYSTEM32\IPHLPAPI.DLL
0x00007ffcfb750000 - 0x00007ffcfb759000 	C:\WINDOWS\System32\NSI.dll
0x00007ffcee3d0000 - 0x00007ffcee3da000 	C:\Windows\System32\rasadhlp.dll
0x00007ffcefac0000 - 0x00007ffcefb44000 	C:\WINDOWS\System32\fwpuclnt.dll
0x00007ffcf2460000 - 0x00007ffcf2469000 	C:\Program Files\Ballerina\dependencies\jdk-17.0.7+7-jre\bin\management.dll
0x00007ffcf2450000 - 0x00007ffcf245b000 	C:\Program Files\Ballerina\dependencies\jdk-17.0.7+7-jre\bin\management_ext.dll
0x00007ffcf98b0000 - 0x00007ffcf98b8000 	C:\WINDOWS\System32\PSAPI.DLL
0x00007ffcf8b70000 - 0x00007ffcf8b8b000 	C:\WINDOWS\SYSTEM32\CRYPTSP.dll
0x00007ffcf70a0000 - 0x00007ffcf70d5000 	C:\WINDOWS\system32\rsaenh.dll
0x00007ffcf7de0000 - 0x00007ffcf7e0c000 	C:\WINDOWS\SYSTEM32\USERENV.dll
0x00007ffcf8790000 - 0x00007ffcf87b8000 	C:\WINDOWS\SYSTEM32\bcrypt.dll
0x00007ffcf7f40000 - 0x00007ffcf7f4c000 	C:\WINDOWS\SYSTEM32\CRYPTBASE.dll
0x00007ffcf0b80000 - 0x00007ffcf0b99000 	C:\WINDOWS\SYSTEM32\dhcpcsvc6.DLL
0x00007ffcf0b60000 - 0x00007ffcf0b7f000 	C:\WINDOWS\SYSTEM32\dhcpcsvc.DLL
0x00007ffcac100000 - 0x00007ffcac117000 	C:\WINDOWS\system32\napinsp.dll
0x00007ffcac0e0000 - 0x00007ffcac0fb000 	C:\WINDOWS\system32\pnrpnsp.dll
0x00007ffcac0c0000 - 0x00007ffcac0d1000 	C:\WINDOWS\System32\winrnr.dll
0x00007ffca7760000 - 0x00007ffca7781000 	C:\WINDOWS\system32\nlansp_c.dll
0x00007ffcf5000000 - 0x00007ffcf5015000 	C:\WINDOWS\system32\wshbth.dll
0x00007ffce5b70000 - 0x00007ffce5b80000 	C:\PROGRA~1\BALLER~1\dependencies\jdk-17.0.7+7-jre\bin\verify.dll

dbghelp: loaded successfully - version: 4.0.5 - missing functions: none
symbol engine: initialized successfully - sym options: 0x614 - pdb path: .;C:\PROGRA~1\BALLER~1\dependencies\jdk-17.0.7+7-jre\bin;C:\WINDOWS\SYSTEM32;C:\WINDOWS\WinSxS\amd64_microsoft.windows.common-controls_6595b64144ccf1df_6.0.22621.2361_none_2712ced57382f843;C:\PROGRA~1\BALLER~1\dependencies\jdk-17.0.7+7-jre\bin\server;C:\Program Files\Ballerina\dependencies\jdk-17.0.7+7-jre\bin

VM Arguments:
jvm_args: -Xbootclasspath/a: -Xms256m -Xmx1024m -XX:+HeapDumpOnOutOfMemoryError -Dcom.sun.management.jmxremote -Dballerina.home=C:\PROGRA~1\BALLER~1\DISTRI~1\BALLER~1.1\bin\.. -Dballerina.target=jvm -Djava.command=C:\PROGRA~1\BALLER~1\DISTRI~1\BALLER~1.1\bin\..\..\..\dependencies\jdk-17.0.7+7-jre\bin\java -Djava.opts= -Denable.nonblocking=false -Dfile.encoding=UTF8 -Dballerina.version=2201.8.1 
java_command: io.ballerina.cli.launcher.Main start-language-server
java_class_path (initial): .\bre\lib\bootstrap;;C:\PROGRA~1\BALLER~1\DISTRI~1\BALLER~1.1\bin\..\..\..\dependencies\jdk-17.0.7+7-jre\lib\tools.jar;C:\PROGRA~1\BALLER~1\DISTRI~1\BALLER~1.1\bin\..\bre\lib\annotations-2201.8.1.jar;C:\PROGRA~1\BALLER~1\DISTRI~1\BALLER~1.1\bin\..\bre\lib\architecture-model-generator-core-1.3.0.jar;C:\PROGRA~1\BALLER~1\DISTRI~1\BALLER~1.1\bin\..\bre\lib\architecture-model-generator-plugin-1.3.0.jar;C:\PROGRA~1\BALLER~1\DISTRI~1\BALLER~1.1\bin\..\bre\lib\array-2201.8.1.jar;C:\PROGRA~1\BALLER~1\DISTRI~1\BALLER~1.1\bin\..\bre\lib\asm-9.5.jar;C:\PROGRA~1\BALLER~1\DISTRI~1\BALLER~1.1\bin\..\bre\lib\asm-analysis-9.5.jar;C:\PROGRA~1\BALLER~1\DISTRI~1\BALLER~1.1\bin\..\bre\lib\asm-commons-9.5.jar;C:\PROGRA~1\BALLER~1\DISTRI~1\BALLER~1.1\bin\..\bre\lib\asm-tree-9.5.jar;C:\PROGRA~1\BALLER~1\DISTRI~1\BALLER~1.1\bin\..\bre\lib\asm-util-9.5.jar;C:\PROGRA~1\BALLER~1\DISTRI~1\BALLER~1.1\bin\..\bre\lib\asyncapi-cli-0.7.0.jar;C:\PROGRA~1\BALLER~1\DISTRI~1\BALLER~1.1\bin\..\bre\lib\atomikos-util-5.0.8.jar;C:\PROGRA~1\BALLER~1\DISTRI~1\BALLER~1.1\bin\..\bre\lib\axiom-api-1.4.0.jar;C:\PROGRA~1\BALLER~1\DISTRI~1\BALLER~1.1\bin\..\bre\lib\axiom-impl-1.4.0.jar;C:\PROGRA~1\BALLER~1\DISTRI~1\BALLER~1.1\bin\..\bre\lib\ballerina-bindgen-2201.8.1.jar;C:\PROGRA~1\BALLER~1\DISTRI~1\BALLER~1.1\bin\..\bre\lib\ballerina-cli-2201.8.1.jar;C:\PROGRA~1\BALLER~1\DISTRI~1\BALLER~1.1\bin\..\bre\lib\ballerina-io-internal-2201.8.1.jar;C:\PROGRA~1\BALLER~1\DISTRI~1\BALLER~1.1\bin\..\bre\lib\ballerina-lang-2201.8.1.jar;C:\PROGRA~1\BALLER~1\DISTRI~1\BALLER~1.1\bin\..\bre\lib\ballerina-linter-2201.8.1.jar;C:\PROGRA~1\BALLER~1\DISTRI~1\BALLER~1.1\bin\..\bre\lib\ballerina-metrics-extension-2201.8.1.jar;C:\PROGRA~1\BALLER~1\DISTRI~1\BALLER~1.1\bin\..\bre\lib\ballerina-parser-2201.8.1.jar;C:\PROGRA~1\BALLER~1\DISTRI~1\BALLER~1.1\bin\..\bre\lib\ballerina-profiler-1.0.jar;C:\PROGRA~1\BALLER~1\DISTRI~1\BALLER~1.1\bin\..\bre\lib\ballerina-rt-2201.8.1.jar;C:\PROGRA~1\BALLER~1\DISTRI~1\BALLER
Launcher Type: SUN_STANDARD

[Global flags]
     intx CICompilerCount                          = 4                                         {product} {ergonomic}
     uint ConcGCThreads                            = 3                                         {product} {ergonomic}
     uint G1ConcRefinementThreads                  = 10                                        {product} {ergonomic}
   size_t G1HeapRegionSize                         = 1048576                                   {product} {ergonomic}
    uintx GCDrainStackTargetSize                   = 64                                        {product} {ergonomic}
     bool HeapDumpOnOutOfMemoryError               = true                                   {manageable} {command line}
   size_t InitialHeapSize                          = 268435456                                 {product} {command line}
     bool ManagementServer                         = true                                      {product} {command line}
   size_t MarkStackSize                            = 4194304                                   {product} {ergonomic}
   size_t MaxHeapSize                              = 1073741824                                {product} {command line}
   size_t MaxNewSize                               = 643825664                                 {product} {ergonomic}
   size_t MinHeapDeltaBytes                        = 1048576                                   {product} {ergonomic}
   size_t MinHeapSize                              = 268435456                                 {product} {command line}
    uintx NonNMethodCodeHeapSize                   = 5839372                                {pd product} {ergonomic}
    uintx NonProfiledCodeHeapSize                  = 122909434                              {pd product} {ergonomic}
    uintx ProfiledCodeHeapSize                     = 122909434                              {pd product} {ergonomic}
    uintx ReservedCodeCacheSize                    = 251658240                              {pd product} {ergonomic}
     bool SegmentedCodeCache                       = true                                      {product} {ergonomic}
   size_t SoftMaxHeapSize                          = 1073741824                             {manageable} {ergonomic}
     bool UseCompressedClassPointers               = true                           {product lp64_product} {ergonomic}
     bool UseCompressedOops                        = true                           {product lp64_product} {ergonomic}
     bool UseG1GC                                  = true                                      {product} {ergonomic}
     bool UseLargePagesIndividualAllocation        = false                                  {pd product} {ergonomic}

Logging:
Log output configuration:
 #0: stdout all=warning uptime,level,tags
 #1: stderr all=off uptime,level,tags

Environment Variables:
JAVA_HOME=C:\PROGRA~1\BALLER~1\DISTRI~1\BALLER~1.1\bin\..\..\..\dependencies\jdk-17.0.7+7-jre
PATH=C:\WINDOWS\system32;C:\WINDOWS;C:\WINDOWS\System32\Wbem;C:\WINDOWS\System32\WindowsPowerShell\v1.0\;C:\WINDOWS\System32\OpenSSH\;C:\Program Files\dotnet\;C:\Program Files (x86)\NVIDIA Corporation\PhysX\Common;C:\Program Files\Ballerina\\bin;C:\Users\kandj\AppData\Local\Microsoft\WindowsApps;C:\Users\kandj\AppData\Local\GitHubDesktop\bin;C:\Users\kandj\AppData\Local\Programs\Microsoft VS Code\bin
USERNAME=User
OS=Windows_NT
PROCESSOR_IDENTIFIER=Intel64 Family 6 Model 158 Stepping 10, GenuineIntel
TMP=C:\Users\kandj\AppData\Local\Temp
TEMP=C:\Users\kandj\AppData\Local\Temp



---------------  S Y S T E M  ---------------

OS:
 Windows 11 , 64 bit Build 22621 (10.0.22621.2428)
OS uptime: 0 days 0:40 hours

CPU: total 12 (initial active 12) (6 cores per cpu, 2 threads per core) family 6 model 158 stepping 10 microcode 0xde, cx8, cmov, fxsr, ht, mmx, 3dnowpref, sse, sse2, sse3, ssse3, sse4.1, sse4.2, popcnt, lzcnt, tsc, tscinvbit, avx, avx2, aes, erms, clmul, bmi1, bmi2, adx, fma, vzeroupper, clflush, clflushopt

Memory: 4k page, system-wide physical 32605M (20813M free)
TotalPageFile size 37725M (AvailPageFile size 23732M)
current process WorkingSet (physical memory assigned to process): 291M, peak: 291M
current process commit charge ("private bytes"): 420M, peak: 420M

vm_info: OpenJDK 64-Bit Server VM (17.0.7+7) for windows-amd64 JRE (17.0.7+7), built on Apr 18 2023 22:10:42 by "temurin" with MS VC++ 16.7 (VS2019)

END.
