#
# A fatal error has been detected by the Java Runtime Environment:
#
#  EXCEPTION_ACCESS_VIOLATION (0xc0000005) at pc=0x00007ffd0de2c996, pid=16552, tid=11176
#
# JRE version: OpenJDK Runtime Environment Temurin-17.0.7+7 (17.0.7+7) (build 17.0.7+7)
# Java VM: OpenJDK 64-Bit Server VM Temurin-17.0.7+7 (17.0.7+7, mixed mode, tiered, compressed oops, compressed class ptrs, g1 gc, windows-amd64)
# Problematic frame:
# V  [jvm.dll+0xc996]
#
# No core dump will be written. Minidumps are not enabled by default on client versions of Windows
#
# If you would like to submit a bug report, please visit:
#   https://github.com/adoptium/adoptium-support/issues
#

---------------  S U M M A R Y ------------

Command Line: -Xbootclasspath/a: -Xms256m -Xmx1024m -XX:+HeapDumpOnOutOfMemoryError -Dcom.sun.management.jmxremote -Dballerina.home=C:\PROGRA~1\BALLER~1\DISTRI~1\BALLER~1.1\bin\.. -Dballerina.target=jvm -Djava.command=C:\PROGRA~1\BALLER~1\DISTRI~1\BALLER~1.1\bin\..\..\..\dependencies\jdk-17.0.7+7-jre\bin\java -Djava.opts= -Denable.nonblocking=false -Dfile.encoding=UTF8 -Dballerina.version=2201.8.1 io.ballerina.cli.launcher.Main start-language-server

Host: Intel(R) Core(TM) i7-9750H CPU @ 2.60GHz, 12 cores, 31G,  Windows 11 , 64 bit Build 22621 (10.0.22621.2428)
Time: Fri Oct 27 11:00:51 2023 Namibia Standard Time elapsed time: 11.072599 seconds (0d 0h 0m 11s)

---------------  T H R E A D  ---------------

Current thread (0x0000026e10fda6f0):  ConcurrentGCThread "G1 Conc#0" [stack: 0x0000007dc9900000,0x0000007dc9a00000] [id=11176]

Stack: [0x0000007dc9900000,0x0000007dc9a00000],  sp=0x0000007dc99ff718,  free space=1021k
Native frames: (J=compiled Java code, j=interpreted, Vv=VM code, C=native code)
V  [jvm.dll+0xc996]


siginfo: EXCEPTION_ACCESS_VIOLATION (0xc0000005), reading address 0x0000000000000008


Register to memory mapping:

RIP=0x00007ffd0de2c996 jvm.dll
RAX=0x0 is NULL
RBX=0x0000026e10fd0c01 points into unknown readable memory: 95 fd 10 6e 02 00 00
RCX=0x00000000c008eb28 is pointing into object: [B 
{0x00000000c0000000} - klass: {type array byte}
 - length: 665518
RDX=0x00000000c008eb28 is pointing into object: [B 
{0x00000000c0000000} - klass: {type array byte}
 - length: 665518
RSP=0x0000007dc99ff718 points into unknown readable memory: 0x00007ffd0e0f7658 | 58 76 0f 0e fd 7f 00 00
RBP=0x0 is NULL
RSI=0x0000026e10fd0c00 points into unknown readable memory: 0x0000026e10fd9540 | 40 95 fd 10 6e 02 00 00
RDI=0x00000000c008eb28 is pointing into object: [B 
{0x00000000c0000000} - klass: {type array byte}
 - length: 665518
R8 =0x0000026e26c223a8 points into unknown readable memory: 0x0000002000000000 | 00 00 00 00 20 00 00 00
R9 =0x0 is NULL
R10=0x0000000000000088 is an unknown value
R11=0x0000000000000003 is an unknown value
R12=0x0 is NULL
R13=0xaaaaaaaaaaaaaaab is an unknown value
R14=0x0000000100049d10 is a pointer to class: 
java.lang.reflect.Constructor {0x0000000100049d18}
 - instance size:     9
 - klass size:        138
 - access:            public final synchronized 
 - state:             fully_initialized
 - name:              'java/lang/reflect/Constructor'
 - super:             'java/lang/reflect/Executable'
 - sub:               
 - arrays:            'java/lang/reflect/Constructor'[]
 - methods:           Array<T>(0x0000026e2c06fe40)
 - method ordering:   Array<T>(0x0000026e2c000018)
 - default_methods:   Array<T>(0x0000000000000000)
 - local interfaces:  Array<T>(0x0000026e2c000058)
 - trans. interfaces: Array<T>(0x0000026e2c06ed30)
 - constants:         constant pool [429] {0x0000026e2c06ef10} for 'java/lang/reflect/Constructor' cache=0x0000026e2c3db880
 - class loader data:  loader data: 0x0000026e2b741a90 of 'bootstrap'
 - source file:       'Constructor.java'
 - class annotations:       Array<T>(0x0000000000000000)
 - class type annotations:  Array<T>(0x0000000000000000)
 - field annotations:       Array<T>(0x0000000000000000)
 - field type annotations:  Array<T>(0x0000000000000000)
 - generic signature: '<T:Ljava/lang/Object;>Ljava/lang/reflect/Executable;'
 - inner classes:     Array<T>(0x0000026e2c072158)
 - nest members:     Array<T>(0x0000026e2c000028)
 - permitted subclasses:     Array<T>(0x0000026e2c000028)
 - java mirror:       a 'java/lang/Class'{0x00000000c0742880} = 'java/lang/reflect/Constructor'
 - vtable length      56  (start addr: 0x0000000100049ed8)
 - itable length      23 (start addr: 0x000000010004a098)
 - ---- static fields (0 words):
 - ---- non-static fields (15 words):
 - 'override' 'Z' @12 
 - volatile 'accessCheckCache' 'Ljava/lang/Object;' @16 
 - private volatile transient 'hasRealParameterData' 'Z' @13 
 - private volatile transient 'parameters' '[Ljava/lang/reflect/Parameter;' @20 
 - private volatile transient 'declaredAnnotations' 'Ljava/util/Map;' @24 
 - private 'slot' 'I' @28 
 - private 'modifiers' 'I' @32 
 - private 'clazz' 'Ljava/lang/Class;' @36 
 - private 'parameterTypes' '[Ljava/lang/Class;' @40 
 - private 'exceptionTypes' '[Ljava/lang/Class;' @44 
 - private transient 'signature' 'Ljava/lang/String;' @48 
 - private transient 'genericInfo' 'Lsun/reflect/generics/repository/ConstructorRepository;' @52 
 - private 'annotations' '[B' @56 
 - private 'parameterAnnotations' '[B' @60 
 - private volatile 'constructorAccessor' 'Ljdk/internal/reflect/ConstructorAccessor;' @64 
 - private 'root' 'Ljava/lang/reflect/Constructor;' @68 
 - non-static oop maps: 16-24 36-68 
R15=0x00000000c07e0308 is an oop: java.lang.reflect.Method 
{0x00000000c07e0308} - klass: 'java/lang/reflect/Method'
 - ---- fields (total size 11 words):
 - 'override' 'Z' @12  false
 - volatile 'accessCheckCache' 'Ljava/lang/Object;' @16  NULL (0)
 - private volatile transient 'hasRealParameterData' 'Z' @13  false
 - private volatile transient 'parameters' '[Ljava/lang/reflect/Parameter;' @20  NULL (0)
 - private volatile transient 'declaredAnnotations' 'Ljava/util/Map;' @24  a 'java/util/Collections$EmptyMap'{0x00000000c088f7e8} (c088f7e8)
 - private 'slot' 'I' @28  6
 - private synchronized 'modifiers' 'I' @32  1025 (401)
 - private synchronized 'clazz' 'Ljava/lang/Class;' @36  a 'java/lang/Class'{0x00000000c07a2160} = 'com/sun/management/ThreadMXBean' (c07a2160)
 - private 'name' 'Ljava/lang/String;' @40  "isThreadAllocatedMemorySupported"{0x00000000c07b6dd8} (c07b6dd8)
 - private 'returnType' 'Ljava/lang/Class;' @44  
[error occurred during error reporting (printing register info), id 0xc0000005, EXCEPTION_ACCESS_VIOLATION (0xc0000005) at pc=0x00007ffd0e483b93]

Registers:
RAX=0x0000000000000000, RBX=0x0000026e10fd0c01, RCX=0x00000000c008eb28, RDX=0x00000000c008eb28
RSP=0x0000007dc99ff718, RBP=0x0000000000000000, RSI=0x0000026e10fd0c00, RDI=0x00000000c008eb28
R8 =0x0000026e26c223a8, R9 =0x0000000000000000, R10=0x0000000000000088, R11=0x0000000000000003
R12=0x0000000000000000, R13=0xaaaaaaaaaaaaaaab, R14=0x0000000100049d10, R15=0x00000000c07e0308
RIP=0x00007ffd0de2c996, EFLAGS=0x0000000000010246

Top of Stack: (sp=0x0000007dc99ff718)
0x0000007dc99ff718:   00007ffd0e0f7658 0000026e10fdcb20
0x0000007dc99ff728:   0000007dc99ff8f0 00000001000b2e20
0x0000007dc99ff738:   0000007dc99ff8f0 00000000c008eb28
0x0000007dc99ff748:   00007ffd0e0f72df 0000026e10fdcb20
0x0000007dc99ff758:   0000007dc99ff8f0 0000000100049d08
0x0000007dc99ff768:   0000007dc99ff8f0 00000000c07e035c
0x0000007dc99ff778:   00007ffd0e0f550d 00000000c07e0334
0x0000007dc99ff788:   00007ffd0e0f5acd 00000001000b2bf0
0x0000007dc99ff798:   0000000000000003 0000007dc99ff8b0
0x0000007dc99ff7a8:   0000000000000001 00000000c07e0308
0x0000007dc99ff7b8:   00007ffd0e0f5151 00000001000498c0
0x0000007dc99ff7c8:   000000000000000b 0000007dc99ff8f0
0x0000007dc99ff7d8:   0000000000000000 0000026e10fdcb20
0x0000007dc99ff7e8:   00007ffd0e10acee 00000000c07e0308
0x0000007dc99ff7f8:   0000026e10fd0c10 0000007dc99ff8b0
0x0000007dc99ff808:   0000026e10fd0c10 00000000c07e0308 

Instructions: (pc=0x00007ffd0de2c996)
0x00007ffd0de2c896:   cc cc cc cc cc cc cc cc cc cc 4c 8b 01 4c 8b c9
0x00007ffd0de2c8a6:   48 8b 0d 63 e4 b4 00 ba 64 60 08 00 e9 c9 f1 ff
0x00007ffd0de2c8b6:   ff cc cc cc cc cc cc cc cc cc 8b 05 32 2a af 00
0x00007ffd0de2c8c6:   c3 cc cc cc cc cc cc cc cc cc 0f b6 05 b8 ec b5
0x00007ffd0de2c8d6:   00 48 8b d1 84 c0 74 16 44 8b 41 08 8b 0d 10 2a
0x00007ffd0de2c8e6:   af 00 49 d3 e0 4c 03 05 fe 29 af 00 eb 04 4c 8b
0x00007ffd0de2c8f6:   41 08 45 8b 50 08 45 85 d2 7e 0e 41 f6 c2 01 75
0x00007ffd0de2c906:   53 41 c1 fa 03 41 8b c2 c3 79 49 84 c0 b9 10 00
0x00007ffd0de2c916:   00 00 8b 05 16 39 af 00 41 b8 0c 00 00 00 41 0f
0x00007ffd0de2c926:   45 c8 ff c8 4c 63 c8 48 63 14 11 41 8b ca 83 e1
0x00007ffd0de2c936:   3f 48 d3 e2 41 8b ca 48 c1 f9 10 0f b6 c1 49 8d
0x00007ffd0de2c946:   0c 11 49 f7 d1 48 03 c1 49 c1 e9 03 48 c1 e8 03
0x00007ffd0de2c956:   41 23 c1 c3 49 8b 00 49 8b c8 48 ff a0 00 01 00
0x00007ffd0de2c966:   00 cc cc cc cc cc cc cc cc cc 8b 44 24 30 45 03
0x00007ffd0de2c976:   c9 44 2b 4c 24 28 83 c0 0b 44 03 ca 45 03 c8 41
0x00007ffd0de2c986:   03 c1 c3 cc cc cc cc cc cc cc 4c 8b ca 48 8b d1
0x00007ffd0de2c996:   45 8b 41 08 45 85 c0 7e 0e 41 f6 c0 01 75 56 41
0x00007ffd0de2c9a6:   c1 f8 03 41 8b c0 c3 79 4c 80 3d d9 eb b5 00 00
0x00007ffd0de2c9b6:   b8 0c 00 00 00 b9 10 00 00 00 0f 45 c8 8b 05 6b
0x00007ffd0de2c9c6:   38 af 00 ff c8 4c 63 c8 48 63 14 11 41 8b c8 83
0x00007ffd0de2c9d6:   e1 3f 48 d3 e2 41 8b c8 48 c1 f9 10 0f b6 c1 49
0x00007ffd0de2c9e6:   8d 0c 11 49 f7 d1 48 03 c1 49 c1 e9 03 48 c1 e8
0x00007ffd0de2c9f6:   03 41 23 c1 c3 49 8b 01 49 8b c9 48 ff a0 00 01
0x00007ffd0de2ca06:   00 00 cc cc cc cc cc cc cc cc 48 8b 41 08 0f b7
0x00007ffd0de2ca16:   48 2a 0f b7 40 28 83 c0 48 03 c1 c3 cc cc cc cc
0x00007ffd0de2ca26:   cc cc cc cc cc cc cc cc cc cc 48 89 5c 24 08 57
0x00007ffd0de2ca36:   48 83 ec 20 0f b6 05 6f cc b9 00 48 8b fa 48 8b
0x00007ffd0de2ca46:   d9 84 c0 74 4f 48 85 15 66 c4 b9 00 74 38 48 8b
0x00007ffd0de2ca56:   ca e8 94 88 85 00 48 8b d0 48 85 db 74 25 48 85
0x00007ffd0de2ca66:   c0 74 20 48 8b c7 f0 48 0f b1 13 74 16 48 85 05
0x00007ffd0de2ca76:   3e c4 b9 00 74 0d 48 8b c8 f0 48 0f b1 13 48 3b
0x00007ffd0de2ca86:   c1 75 ea 48 8b fa 48 8b c7 48 8b 5c 24 30 48 83 


Stack slot to memory mapping:
stack at sp + 0 slots: 0x00007ffd0e0f7658 jvm.dll
stack at sp + 1 slots: 0x0000026e10fdcb20 points into unknown readable memory: 0x00007ffd0e773818 | 18 38 77 0e fd 7f 00 00
stack at sp + 2 slots: 0x0000007dc99ff8f0 points into unknown readable memory: 0x00007ffd0e773838 | 38 38 77 0e fd 7f 00 00
stack at sp + 3 slots: 0x00000001000b2e20 is pointing into metadata
stack at sp + 4 slots: 0x0000007dc99ff8f0 points into unknown readable memory: 0x00007ffd0e773838 | 38 38 77 0e fd 7f 00 00
stack at sp + 5 slots: 0x00000000c008eb28 is pointing into object: [B 
{0x00000000c0000000} - klass: {type array byte}
 - length: 665518
stack at sp + 6 slots: 0x00007ffd0e0f72df jvm.dll
stack at sp + 7 slots: 0x0000026e10fdcb20 points into unknown readable memory: 0x00007ffd0e773818 | 18 38 77 0e fd 7f 00 00


---------------  P R O C E S S  ---------------

Threads class SMR info:
_java_thread_list=0x0000026e315ad660, length=19, elements={
0x0000026e10f92440, 0x0000026e2b903140, 0x0000026e2b8c8090, 0x0000026e2b8d7680,
0x0000026e2b94e600, 0x0000026e2b950fc0, 0x0000026e2b926020, 0x0000026e2b926c10,
0x0000026e2b932ad0, 0x0000026e2b95e780, 0x0000026e2bbfc010, 0x0000026e2bc2af30,
0x0000026e30746960, 0x0000026e314626e0, 0x0000026e3152be70, 0x0000026e30175880,
0x0000026e31ee2310, 0x0000026e31919b60, 0x0000026e30dd34e0
}

Java Threads: ( => current thread )
  0x0000026e10f92440 JavaThread "main" [_thread_blocked, id=24084, stack(0x0000007dc9600000,0x0000007dc9700000)]
  0x0000026e2b903140 JavaThread "Reference Handler" daemon [_thread_blocked, id=15752, stack(0x0000007dc9d00000,0x0000007dc9e00000)]
  0x0000026e2b8c8090 JavaThread "Finalizer" daemon [_thread_blocked, id=24840, stack(0x0000007dc9e00000,0x0000007dc9f00000)]
  0x0000026e2b8d7680 JavaThread "Signal Dispatcher" daemon [_thread_blocked, id=24744, stack(0x0000007dc9f00000,0x0000007dca000000)]
  0x0000026e2b94e600 JavaThread "Attach Listener" daemon [_thread_blocked, id=4444, stack(0x0000007dca000000,0x0000007dca100000)]
  0x0000026e2b950fc0 JavaThread "Service Thread" daemon [_thread_blocked, id=12968, stack(0x0000007dca100000,0x0000007dca200000)]
  0x0000026e2b926020 JavaThread "Monitor Deflation Thread" daemon [_thread_blocked, id=20440, stack(0x0000007dca200000,0x0000007dca300000)]
  0x0000026e2b926c10 JavaThread "C2 CompilerThread0" daemon [_thread_blocked, id=19424, stack(0x0000007dca300000,0x0000007dca400000)]
  0x0000026e2b932ad0 JavaThread "C1 CompilerThread0" daemon [_thread_blocked, id=25244, stack(0x0000007dca400000,0x0000007dca500000)]
  0x0000026e2b95e780 JavaThread "Sweeper thread" daemon [_thread_blocked, id=27112, stack(0x0000007dca500000,0x0000007dca600000)]
  0x0000026e2bbfc010 JavaThread "Common-Cleaner" daemon [_thread_blocked, id=12644, stack(0x0000007dca600000,0x0000007dca700000)]
  0x0000026e2bc2af30 JavaThread "Notification Thread" daemon [_thread_blocked, id=13812, stack(0x0000007dca700000,0x0000007dca800000)]
  0x0000026e30746960 JavaThread "RMI TCP Accept-0" daemon [_thread_in_native, id=18928, stack(0x0000007dca900000,0x0000007dcaa00000)]
  0x0000026e314626e0 JavaThread "pool-1-thread-1" [_thread_blocked, id=12696, stack(0x0000007dcb900000,0x0000007dcba00000)]
  0x0000026e3152be70 JavaThread "ForkJoinPool.commonPool-worker-1" daemon [_thread_in_native, id=6240, stack(0x0000007dca800000,0x0000007dca900000)]
  0x0000026e30175880 JavaThread "ForkJoinPool.commonPool-worker-2" daemon [_thread_blocked, id=20988, stack(0x0000007dcb400000,0x0000007dcb500000)]
  0x0000026e31ee2310 JavaThread "ForkJoinPool.commonPool-worker-3" daemon [_thread_blocked, id=21532, stack(0x0000007dcba00000,0x0000007dcbb00000)]
  0x0000026e31919b60 JavaThread "C2 CompilerThread1" daemon [_thread_in_native, id=27404, stack(0x0000007dcbb00000,0x0000007dcbc00000)]
  0x0000026e30dd34e0 JavaThread "C2 CompilerThread2" daemon [_thread_in_native, id=18804, stack(0x0000007dcbc00000,0x0000007dcbd00000)]

Other Threads:
  0x0000026e2b8b73e0 VMThread "VM Thread" [stack: 0x0000007dc9c00000,0x0000007dc9d00000] [id=16284]
  0x0000026e10f933d0 WatcherThread [stack: 0x0000007dcaa00000,0x0000007dcab00000] [id=23160]
  0x0000026e10fd0600 GCTaskThread "GC Thread#0" [stack: 0x0000007dc9700000,0x0000007dc9800000] [id=24252]
  0x0000026e3125bc30 GCTaskThread "GC Thread#1" [stack: 0x0000007dcab00000,0x0000007dcac00000] [id=15152]
  0x0000026e3125b6d0 GCTaskThread "GC Thread#2" [stack: 0x0000007dcac00000,0x0000007dcad00000] [id=27000]
  0x0000026e3125bee0 GCTaskThread "GC Thread#3" [stack: 0x0000007dcad00000,0x0000007dcae00000] [id=15212]
  0x0000026e3125cc50 GCTaskThread "GC Thread#4" [stack: 0x0000007dcae00000,0x0000007dcaf00000] [id=26840]
  0x0000026e3125b980 GCTaskThread "GC Thread#5" [stack: 0x0000007dcaf00000,0x0000007dcb000000] [id=17604]
  0x0000026e3125c6f0 GCTaskThread "GC Thread#6" [stack: 0x0000007dcb000000,0x0000007dcb100000] [id=11952]
  0x0000026e3125c9a0 GCTaskThread "GC Thread#7" [stack: 0x0000007dcb500000,0x0000007dcb600000] [id=26280]
  0x0000026e3125cf00 GCTaskThread "GC Thread#8" [stack: 0x0000007dcb600000,0x0000007dcb700000] [id=4420]
  0x0000026e316415f0 GCTaskThread "GC Thread#9" [stack: 0x0000007dcbd00000,0x0000007dcbe00000] [id=20668]
  0x0000026e10fd9540 ConcurrentGCThread "G1 Main Marker" [stack: 0x0000007dc9800000,0x0000007dc9900000] [id=25700]
=>0x0000026e10fda6f0 ConcurrentGCThread "G1 Conc#0" [stack: 0x0000007dc9900000,0x0000007dc9a00000] [id=11176]
  0x0000026e3125b420 ConcurrentGCThread "G1 Conc#1" [stack: 0x0000007dcb700000,0x0000007dcb800000] [id=14760]
  0x0000026e31640b30 ConcurrentGCThread "G1 Conc#2" [stack: 0x0000007dcb800000,0x0000007dcb900000] [id=19496]
  0x0000026e2b732160 ConcurrentGCThread "G1 Refine#0" [stack: 0x0000007dc9a00000,0x0000007dc9b00000] [id=8980]
  0x0000026e311207b0 ConcurrentGCThread "G1 Refine#1" [stack: 0x0000007dcb100000,0x0000007dcb200000] [id=24920]
  0x0000026e315f3df0 ConcurrentGCThread "G1 Refine#2" [stack: 0x0000007dcb200000,0x0000007dcb300000] [id=23560]
  0x0000026e2bc5a670 ConcurrentGCThread "G1 Refine#3" [stack: 0x0000007dcb300000,0x0000007dcb400000] [id=10768]
  0x0000026e2b732b80 ConcurrentGCThread "G1 Service" [stack: 0x0000007dc9b00000,0x0000007dc9c00000] [id=22232]

Threads with active compile tasks:
C1 CompilerThread0    11221 3392   !   3       sun.nio.ch.FileChannelImpl::size (239 bytes)
C2 CompilerThread1    11221 3391   !   4       jdk.internal.ref.PhantomCleanable::insert (53 bytes)
C2 CompilerThread2    11221 3390       4       jdk.internal.ref.PhantomCleanable::<init> (49 bytes)

VM state: not at safepoint (normal execution)

VM Mutex/Monitor currently owned by a thread:  ([mutex/lock_event])
[0x0000026e10f8e290] Heap_lock - owner thread: 0x0000026e314626e0

Heap address: 0x00000000c0000000, size: 1024 MB, Compressed Oops mode: 32-bit

CDS archive(s) not mapped
Compressed class space mapped at: 0x0000000100000000-0x0000000140000000, reserved size: 1073741824
Narrow klass base: 0x0000000000000000, Narrow klass shift: 3, Narrow klass range: 0x140000000

GC Precious Log:
 CPUs: 12 total, 12 available
 Memory: 32605M
 Large Page Support: Disabled
 NUMA Support: Disabled
 Compressed Oops: Enabled (32-bit)
 Heap Region Size: 1M
 Heap Min Capacity: 256M
 Heap Initial Capacity: 256M
 Heap Max Capacity: 1G
 Pre-touch: Disabled
 Parallel Workers: 10
 Concurrent Workers: 3
 Concurrent Refinement Workers: 10
 Periodic GC: Disabled

Heap:
 garbage-first heap   total 262144K, used 27656K [0x00000000c0000000, 0x0000000100000000)
  region size 1024K, 16 young (16384K), 14 survivors (14336K)
 Metaspace       used 36089K, committed 36288K, reserved 1114112K
  class space    used 3653K, committed 3712K, reserved 1048576K

Heap Regions: E=young(eden), S=young(survivor), O=old, HS=humongous(starts), HC=humongous(continues), CS=collection set, F=free, OA=open archive, CA=closed archive, TAMS=top-at-mark-start (previous, next)
|   0|0x00000000c0000000, 0x00000000c0100000, 0x00000000c0100000|100%|HS|  |TAMS 0x00000000c0100000, 0x00000000c0100000| Complete 
|   1|0x00000000c0100000, 0x00000000c0200000, 0x00000000c0200000|100%|HS|  |TAMS 0x00000000c0200000, 0x00000000c0200000| Complete 
|   2|0x00000000c0200000, 0x00000000c0300000, 0x00000000c0300000|100%|HS|  |TAMS 0x00000000c0300000, 0x00000000c0300000| Complete 
|   3|0x00000000c0300000, 0x00000000c0400000, 0x00000000c0400000|100%|HS|  |TAMS 0x00000000c0400000, 0x00000000c0400000| Complete 
|   4|0x00000000c0400000, 0x00000000c0500000, 0x00000000c0500000|100%| O|  |TAMS 0x00000000c0500000, 0x00000000c0500000| Untracked 
|   5|0x00000000c0500000, 0x00000000c0600000, 0x00000000c0600000|100%| O|  |TAMS 0x00000000c0600000, 0x00000000c0600000| Untracked 
|   6|0x00000000c0600000, 0x00000000c0700000, 0x00000000c0700000|100%| O|  |TAMS 0x00000000c0700000, 0x00000000c0700000| Untracked 
|   7|0x00000000c0700000, 0x00000000c0800000, 0x00000000c0800000|100%| O|  |TAMS 0x00000000c0800000, 0x00000000c0800000| Untracked 
|   8|0x00000000c0800000, 0x00000000c0900000, 0x00000000c0900000|100%| O|  |TAMS 0x00000000c087ea00, 0x00000000c0900000| Untracked 
|   9|0x00000000c0900000, 0x00000000c0a00000, 0x00000000c0a00000|100%| O|  |TAMS 0x00000000c0900000, 0x00000000c0a00000| Untracked 
|  10|0x00000000c0a00000, 0x00000000c0b00000, 0x00000000c0b00000|100%| O|  |TAMS 0x00000000c0a00000, 0x00000000c0b00000| Untracked 
|  11|0x00000000c0b00000, 0x00000000c0c00000, 0x00000000c0c00000|100%| O|  |TAMS 0x00000000c0b00000, 0x00000000c0c00000| Untracked 
|  12|0x00000000c0c00000, 0x00000000c0c00000, 0x00000000c0d00000|  0%| F|  |TAMS 0x00000000c0c00000, 0x00000000c0c00000| Untracked 
|  13|0x00000000c0d00000, 0x00000000c0d06800, 0x00000000c0e00000|  2%| O|  |TAMS 0x00000000c0d00000, 0x00000000c0d06800| Untracked 
|  14|0x00000000c0e00000, 0x00000000c0e00000, 0x00000000c0f00000|  0%| F|  |TAMS 0x00000000c0e00000, 0x00000000c0e00000| Untracked 
|  15|0x00000000c0f00000, 0x00000000c0f00000, 0x00000000c1000000|  0%| F|  |TAMS 0x00000000c0f00000, 0x00000000c0f00000| Untracked 
|  16|0x00000000c1000000, 0x00000000c1000000, 0x00000000c1100000|  0%| F|  |TAMS 0x00000000c1000000, 0x00000000c1000000| Untracked 
|  17|0x00000000c1100000, 0x00000000c1100000, 0x00000000c1200000|  0%| F|  |TAMS 0x00000000c1100000, 0x00000000c1100000| Untracked 
|  18|0x00000000c1200000, 0x00000000c1200000, 0x00000000c1300000|  0%| F|  |TAMS 0x00000000c1200000, 0x00000000c1200000| Untracked 
|  19|0x00000000c1300000, 0x00000000c1300000, 0x00000000c1400000|  0%| F|  |TAMS 0x00000000c1300000, 0x00000000c1300000| Untracked 
|  20|0x00000000c1400000, 0x00000000c1400000, 0x00000000c1500000|  0%| F|  |TAMS 0x00000000c1400000, 0x00000000c1400000| Untracked 
|  21|0x00000000c1500000, 0x00000000c1500000, 0x00000000c1600000|  0%| F|  |TAMS 0x00000000c1500000, 0x00000000c1500000| Untracked 
|  22|0x00000000c1600000, 0x00000000c1600000, 0x00000000c1700000|  0%| F|  |TAMS 0x00000000c1600000, 0x00000000c1600000| Untracked 
|  23|0x00000000c1700000, 0x00000000c1700000, 0x00000000c1800000|  0%| F|  |TAMS 0x00000000c1700000, 0x00000000c1700000| Untracked 
|  24|0x00000000c1800000, 0x00000000c1800000, 0x00000000c1900000|  0%| F|  |TAMS 0x00000000c1800000, 0x00000000c1800000| Untracked 
|  25|0x00000000c1900000, 0x00000000c1900000, 0x00000000c1a00000|  0%| F|  |TAMS 0x00000000c1900000, 0x00000000c1900000| Untracked 
|  26|0x00000000c1a00000, 0x00000000c1a00000, 0x00000000c1b00000|  0%| F|  |TAMS 0x00000000c1a00000, 0x00000000c1a00000| Untracked 
|  27|0x00000000c1b00000, 0x00000000c1b00000, 0x00000000c1c00000|  0%| F|  |TAMS 0x00000000c1b00000, 0x00000000c1b00000| Untracked 
|  28|0x00000000c1c00000, 0x00000000c1c00000, 0x00000000c1d00000|  0%| F|  |TAMS 0x00000000c1c00000, 0x00000000c1c00000| Untracked 
|  29|0x00000000c1d00000, 0x00000000c1d00000, 0x00000000c1e00000|  0%| F|  |TAMS 0x00000000c1d00000, 0x00000000c1d00000| Untracked 
|  30|0x00000000c1e00000, 0x00000000c1e00000, 0x00000000c1f00000|  0%| F|  |TAMS 0x00000000c1e00000, 0x00000000c1e00000| Untracked 
|  31|0x00000000c1f00000, 0x00000000c1f00000, 0x00000000c2000000|  0%| F|  |TAMS 0x00000000c1f00000, 0x00000000c1f00000| Untracked 
|  32|0x00000000c2000000, 0x00000000c2000000, 0x00000000c2100000|  0%| F|  |TAMS 0x00000000c2000000, 0x00000000c2000000| Untracked 
|  33|0x00000000c2100000, 0x00000000c2100000, 0x00000000c2200000|  0%| F|  |TAMS 0x00000000c2100000, 0x00000000c2100000| Untracked 
|  34|0x00000000c2200000, 0x00000000c2200000, 0x00000000c2300000|  0%| F|  |TAMS 0x00000000c2200000, 0x00000000c2200000| Untracked 
|  35|0x00000000c2300000, 0x00000000c2300000, 0x00000000c2400000|  0%| F|  |TAMS 0x00000000c2300000, 0x00000000c2300000| Untracked 
|  36|0x00000000c2400000, 0x00000000c2400000, 0x00000000c2500000|  0%| F|  |TAMS 0x00000000c2400000, 0x00000000c2400000| Untracked 
|  37|0x00000000c2500000, 0x00000000c2500000, 0x00000000c2600000|  0%| F|  |TAMS 0x00000000c2500000, 0x00000000c2500000| Untracked 
|  38|0x00000000c2600000, 0x00000000c2600000, 0x00000000c2700000|  0%| F|  |TAMS 0x00000000c2600000, 0x00000000c2600000| Untracked 
|  39|0x00000000c2700000, 0x00000000c2700000, 0x00000000c2800000|  0%| F|  |TAMS 0x00000000c2700000, 0x00000000c2700000| Untracked 
|  40|0x00000000c2800000, 0x00000000c2800000, 0x00000000c2900000|  0%| F|  |TAMS 0x00000000c2800000, 0x00000000c2800000| Untracked 
|  41|0x00000000c2900000, 0x00000000c2900000, 0x00000000c2a00000|  0%| F|  |TAMS 0x00000000c2900000, 0x00000000c2900000| Untracked 
|  42|0x00000000c2a00000, 0x00000000c2a00000, 0x00000000c2b00000|  0%| F|  |TAMS 0x00000000c2a00000, 0x00000000c2a00000| Untracked 
|  43|0x00000000c2b00000, 0x00000000c2b00000, 0x00000000c2c00000|  0%| F|  |TAMS 0x00000000c2b00000, 0x00000000c2b00000| Untracked 
|  44|0x00000000c2c00000, 0x00000000c2c00000, 0x00000000c2d00000|  0%| F|  |TAMS 0x00000000c2c00000, 0x00000000c2c00000| Untracked 
|  45|0x00000000c2d00000, 0x00000000c2d00000, 0x00000000c2e00000|  0%| F|  |TAMS 0x00000000c2d00000, 0x00000000c2d00000| Untracked 
|  46|0x00000000c2e00000, 0x00000000c2e00000, 0x00000000c2f00000|  0%| F|  |TAMS 0x00000000c2e00000, 0x00000000c2e00000| Untracked 
|  47|0x00000000c2f00000, 0x00000000c2f00000, 0x00000000c3000000|  0%| F|  |TAMS 0x00000000c2f00000, 0x00000000c2f00000| Untracked 
|  48|0x00000000c3000000, 0x00000000c3000000, 0x00000000c3100000|  0%| F|  |TAMS 0x00000000c3000000, 0x00000000c3000000| Untracked 
|  49|0x00000000c3100000, 0x00000000c3100000, 0x00000000c3200000|  0%| F|  |TAMS 0x00000000c3100000, 0x00000000c3100000| Untracked 
|  50|0x00000000c3200000, 0x00000000c3200000, 0x00000000c3300000|  0%| F|  |TAMS 0x00000000c3200000, 0x00000000c3200000| Untracked 
|  51|0x00000000c3300000, 0x00000000c3300000, 0x00000000c3400000|  0%| F|  |TAMS 0x00000000c3300000, 0x00000000c3300000| Untracked 
|  52|0x00000000c3400000, 0x00000000c3400000, 0x00000000c3500000|  0%| F|  |TAMS 0x00000000c3400000, 0x00000000c3400000| Untracked 
|  53|0x00000000c3500000, 0x00000000c3500000, 0x00000000c3600000|  0%| F|  |TAMS 0x00000000c3500000, 0x00000000c3500000| Untracked 
|  54|0x00000000c3600000, 0x00000000c3600000, 0x00000000c3700000|  0%| F|  |TAMS 0x00000000c3600000, 0x00000000c3600000| Untracked 
|  55|0x00000000c3700000, 0x00000000c3700000, 0x00000000c3800000|  0%| F|  |TAMS 0x00000000c3700000, 0x00000000c3700000| Untracked 
|  56|0x00000000c3800000, 0x00000000c3800000, 0x00000000c3900000|  0%| F|  |TAMS 0x00000000c3800000, 0x00000000c3800000| Untracked 
|  57|0x00000000c3900000, 0x00000000c3900000, 0x00000000c3a00000|  0%| F|  |TAMS 0x00000000c3900000, 0x00000000c3900000| Untracked 
|  58|0x00000000c3a00000, 0x00000000c3a00000, 0x00000000c3b00000|  0%| F|  |TAMS 0x00000000c3a00000, 0x00000000c3a00000| Untracked 
|  59|0x00000000c3b00000, 0x00000000c3b00000, 0x00000000c3c00000|  0%| F|  |TAMS 0x00000000c3b00000, 0x00000000c3b00000| Untracked 
|  60|0x00000000c3c00000, 0x00000000c3c00000, 0x00000000c3d00000|  0%| F|  |TAMS 0x00000000c3c00000, 0x00000000c3c00000| Untracked 
|  61|0x00000000c3d00000, 0x00000000c3d00000, 0x00000000c3e00000|  0%| F|  |TAMS 0x00000000c3d00000, 0x00000000c3d00000| Untracked 
|  62|0x00000000c3e00000, 0x00000000c3e00000, 0x00000000c3f00000|  0%| F|  |TAMS 0x00000000c3e00000, 0x00000000c3e00000| Untracked 
|  63|0x00000000c3f00000, 0x00000000c3f00000, 0x00000000c4000000|  0%| F|  |TAMS 0x00000000c3f00000, 0x00000000c3f00000| Untracked 
|  64|0x00000000c4000000, 0x00000000c4000000, 0x00000000c4100000|  0%| F|  |TAMS 0x00000000c4000000, 0x00000000c4000000| Untracked 
|  65|0x00000000c4100000, 0x00000000c4100000, 0x00000000c4200000|  0%| F|  |TAMS 0x00000000c4100000, 0x00000000c4100000| Untracked 
|  66|0x00000000c4200000, 0x00000000c4200000, 0x00000000c4300000|  0%| F|  |TAMS 0x00000000c4200000, 0x00000000c4200000| Untracked 
|  67|0x00000000c4300000, 0x00000000c4300000, 0x00000000c4400000|  0%| F|  |TAMS 0x00000000c4300000, 0x00000000c4300000| Untracked 
|  68|0x00000000c4400000, 0x00000000c4400000, 0x00000000c4500000|  0%| F|  |TAMS 0x00000000c4400000, 0x00000000c4400000| Untracked 
|  69|0x00000000c4500000, 0x00000000c4500000, 0x00000000c4600000|  0%| F|  |TAMS 0x00000000c4500000, 0x00000000c4500000| Untracked 
|  70|0x00000000c4600000, 0x00000000c4600000, 0x00000000c4700000|  0%| F|  |TAMS 0x00000000c4600000, 0x00000000c4600000| Untracked 
|  71|0x00000000c4700000, 0x00000000c4700000, 0x00000000c4800000|  0%| F|  |TAMS 0x00000000c4700000, 0x00000000c4700000| Untracked 
|  72|0x00000000c4800000, 0x00000000c4800000, 0x00000000c4900000|  0%| F|  |TAMS 0x00000000c4800000, 0x00000000c4800000| Untracked 
|  73|0x00000000c4900000, 0x00000000c4900000, 0x00000000c4a00000|  0%| F|  |TAMS 0x00000000c4900000, 0x00000000c4900000| Untracked 
|  74|0x00000000c4a00000, 0x00000000c4a00000, 0x00000000c4b00000|  0%| F|  |TAMS 0x00000000c4a00000, 0x00000000c4a00000| Untracked 
|  75|0x00000000c4b00000, 0x00000000c4b00000, 0x00000000c4c00000|  0%| F|  |TAMS 0x00000000c4b00000, 0x00000000c4b00000| Untracked 
|  76|0x00000000c4c00000, 0x00000000c4c00000, 0x00000000c4d00000|  0%| F|  |TAMS 0x00000000c4c00000, 0x00000000c4c00000| Untracked 
|  77|0x00000000c4d00000, 0x00000000c4d00000, 0x00000000c4e00000|  0%| F|  |TAMS 0x00000000c4d00000, 0x00000000c4d00000| Untracked 
|  78|0x00000000c4e00000, 0x00000000c4e00000, 0x00000000c4f00000|  0%| F|  |TAMS 0x00000000c4e00000, 0x00000000c4e00000| Untracked 
|  79|0x00000000c4f00000, 0x00000000c4f00000, 0x00000000c5000000|  0%| F|  |TAMS 0x00000000c4f00000, 0x00000000c4f00000| Untracked 
|  80|0x00000000c5000000, 0x00000000c5000000, 0x00000000c5100000|  0%| F|  |TAMS 0x00000000c5000000, 0x00000000c5000000| Untracked 
|  81|0x00000000c5100000, 0x00000000c5100000, 0x00000000c5200000|  0%| F|  |TAMS 0x00000000c5100000, 0x00000000c5100000| Untracked 
|  82|0x00000000c5200000, 0x00000000c5200000, 0x00000000c5300000|  0%| F|  |TAMS 0x00000000c5200000, 0x00000000c5200000| Untracked 
|  83|0x00000000c5300000, 0x00000000c5300000, 0x00000000c5400000|  0%| F|  |TAMS 0x00000000c5300000, 0x00000000c5300000| Untracked 
|  84|0x00000000c5400000, 0x00000000c5400000, 0x00000000c5500000|  0%| F|  |TAMS 0x00000000c5400000, 0x00000000c5400000| Untracked 
|  85|0x00000000c5500000, 0x00000000c5500000, 0x00000000c5600000|  0%| F|  |TAMS 0x00000000c5500000, 0x00000000c5500000| Untracked 
|  86|0x00000000c5600000, 0x00000000c5600000, 0x00000000c5700000|  0%| F|  |TAMS 0x00000000c5600000, 0x00000000c5600000| Untracked 
|  87|0x00000000c5700000, 0x00000000c5700000, 0x00000000c5800000|  0%| F|  |TAMS 0x00000000c5700000, 0x00000000c5700000| Untracked 
|  88|0x00000000c5800000, 0x00000000c5800000, 0x00000000c5900000|  0%| F|  |TAMS 0x00000000c5800000, 0x00000000c5800000| Untracked 
|  89|0x00000000c5900000, 0x00000000c5900000, 0x00000000c5a00000|  0%| F|  |TAMS 0x00000000c5900000, 0x00000000c5900000| Untracked 
|  90|0x00000000c5a00000, 0x00000000c5a00000, 0x00000000c5b00000|  0%| F|  |TAMS 0x00000000c5a00000, 0x00000000c5a00000| Untracked 
|  91|0x00000000c5b00000, 0x00000000c5b00000, 0x00000000c5c00000|  0%| F|  |TAMS 0x00000000c5b00000, 0x00000000c5b00000| Untracked 
|  92|0x00000000c5c00000, 0x00000000c5c00000, 0x00000000c5d00000|  0%| F|  |TAMS 0x00000000c5c00000, 0x00000000c5c00000| Untracked 
|  93|0x00000000c5d00000, 0x00000000c5d00000, 0x00000000c5e00000|  0%| F|  |TAMS 0x00000000c5d00000, 0x00000000c5d00000| Untracked 
|  94|0x00000000c5e00000, 0x00000000c5e00000, 0x00000000c5f00000|  0%| F|  |TAMS 0x00000000c5e00000, 0x00000000c5e00000| Untracked 
|  95|0x00000000c5f00000, 0x00000000c5f00000, 0x00000000c6000000|  0%| F|  |TAMS 0x00000000c5f00000, 0x00000000c5f00000| Untracked 
|  96|0x00000000c6000000, 0x00000000c6000000, 0x00000000c6100000|  0%| F|  |TAMS 0x00000000c6000000, 0x00000000c6000000| Untracked 
|  97|0x00000000c6100000, 0x00000000c6100000, 0x00000000c6200000|  0%| F|  |TAMS 0x00000000c6100000, 0x00000000c6100000| Untracked 
|  98|0x00000000c6200000, 0x00000000c6200000, 0x00000000c6300000|  0%| F|  |TAMS 0x00000000c6200000, 0x00000000c6200000| Untracked 
|  99|0x00000000c6300000, 0x00000000c6300000, 0x00000000c6400000|  0%| F|  |TAMS 0x00000000c6300000, 0x00000000c6300000| Untracked 
| 100|0x00000000c6400000, 0x00000000c6400000, 0x00000000c6500000|  0%| F|  |TAMS 0x00000000c6400000, 0x00000000c6400000| Untracked 
| 101|0x00000000c6500000, 0x00000000c6500000, 0x00000000c6600000|  0%| F|  |TAMS 0x00000000c6500000, 0x00000000c6500000| Untracked 
| 102|0x00000000c6600000, 0x00000000c6600000, 0x00000000c6700000|  0%| F|  |TAMS 0x00000000c6600000, 0x00000000c6600000| Untracked 
| 103|0x00000000c6700000, 0x00000000c6700000, 0x00000000c6800000|  0%| F|  |TAMS 0x00000000c6700000, 0x00000000c6700000| Untracked 
| 104|0x00000000c6800000, 0x00000000c6800000, 0x00000000c6900000|  0%| F|  |TAMS 0x00000000c6800000, 0x00000000c6800000| Untracked 
| 105|0x00000000c6900000, 0x00000000c6900000, 0x00000000c6a00000|  0%| F|  |TAMS 0x00000000c6900000, 0x00000000c6900000| Untracked 
| 106|0x00000000c6a00000, 0x00000000c6a00000, 0x00000000c6b00000|  0%| F|  |TAMS 0x00000000c6a00000, 0x00000000c6a00000| Untracked 
| 107|0x00000000c6b00000, 0x00000000c6b00000, 0x00000000c6c00000|  0%| F|  |TAMS 0x00000000c6b00000, 0x00000000c6b00000| Untracked 
| 108|0x00000000c6c00000, 0x00000000c6c00000, 0x00000000c6d00000|  0%| F|  |TAMS 0x00000000c6c00000, 0x00000000c6c00000| Untracked 
| 109|0x00000000c6d00000, 0x00000000c6d00000, 0x00000000c6e00000|  0%| F|  |TAMS 0x00000000c6d00000, 0x00000000c6d00000| Untracked 
| 110|0x00000000c6e00000, 0x00000000c6e00000, 0x00000000c6f00000|  0%| F|  |TAMS 0x00000000c6e00000, 0x00000000c6e00000| Untracked 
| 111|0x00000000c6f00000, 0x00000000c6f00000, 0x00000000c7000000|  0%| F|  |TAMS 0x00000000c6f00000, 0x00000000c6f00000| Untracked 
| 112|0x00000000c7000000, 0x00000000c7000000, 0x00000000c7100000|  0%| F|  |TAMS 0x00000000c7000000, 0x00000000c7000000| Untracked 
| 113|0x00000000c7100000, 0x00000000c7100000, 0x00000000c7200000|  0%| F|  |TAMS 0x00000000c7100000, 0x00000000c7100000| Untracked 
| 114|0x00000000c7200000, 0x00000000c7200000, 0x00000000c7300000|  0%| F|  |TAMS 0x00000000c7200000, 0x00000000c7200000| Untracked 
| 115|0x00000000c7300000, 0x00000000c7300000, 0x00000000c7400000|  0%| F|  |TAMS 0x00000000c7300000, 0x00000000c7300000| Untracked 
| 116|0x00000000c7400000, 0x00000000c7400000, 0x00000000c7500000|  0%| F|  |TAMS 0x00000000c7400000, 0x00000000c7400000| Untracked 
| 117|0x00000000c7500000, 0x00000000c7500000, 0x00000000c7600000|  0%| F|  |TAMS 0x00000000c7500000, 0x00000000c7500000| Untracked 
| 118|0x00000000c7600000, 0x00000000c7600000, 0x00000000c7700000|  0%| F|  |TAMS 0x00000000c7600000, 0x00000000c7600000| Untracked 
| 119|0x00000000c7700000, 0x00000000c7700000, 0x00000000c7800000|  0%| F|  |TAMS 0x00000000c7700000, 0x00000000c7700000| Untracked 
| 120|0x00000000c7800000, 0x00000000c7800000, 0x00000000c7900000|  0%| F|  |TAMS 0x00000000c7800000, 0x00000000c7800000| Untracked 
| 121|0x00000000c7900000, 0x00000000c7900000, 0x00000000c7a00000|  0%| F|  |TAMS 0x00000000c7900000, 0x00000000c7900000| Untracked 
| 122|0x00000000c7a00000, 0x00000000c7a00000, 0x00000000c7b00000|  0%| F|  |TAMS 0x00000000c7a00000, 0x00000000c7a00000| Untracked 
| 123|0x00000000c7b00000, 0x00000000c7b00000, 0x00000000c7c00000|  0%| F|  |TAMS 0x00000000c7b00000, 0x00000000c7b00000| Untracked 
| 124|0x00000000c7c00000, 0x00000000c7c00000, 0x00000000c7d00000|  0%| F|  |TAMS 0x00000000c7c00000, 0x00000000c7c00000| Untracked 
| 125|0x00000000c7d00000, 0x00000000c7d00000, 0x00000000c7e00000|  0%| F|  |TAMS 0x00000000c7d00000, 0x00000000c7d00000| Untracked 
| 126|0x00000000c7e00000, 0x00000000c7e00000, 0x00000000c7f00000|  0%| F|  |TAMS 0x00000000c7e00000, 0x00000000c7e00000| Untracked 
| 127|0x00000000c7f00000, 0x00000000c7f00000, 0x00000000c8000000|  0%| F|  |TAMS 0x00000000c7f00000, 0x00000000c7f00000| Untracked 
| 128|0x00000000c8000000, 0x00000000c8000000, 0x00000000c8100000|  0%| F|  |TAMS 0x00000000c8000000, 0x00000000c8000000| Untracked 
| 129|0x00000000c8100000, 0x00000000c8100000, 0x00000000c8200000|  0%| F|  |TAMS 0x00000000c8100000, 0x00000000c8100000| Untracked 
| 130|0x00000000c8200000, 0x00000000c8200000, 0x00000000c8300000|  0%| F|  |TAMS 0x00000000c8200000, 0x00000000c8200000| Untracked 
| 131|0x00000000c8300000, 0x00000000c8300000, 0x00000000c8400000|  0%| F|  |TAMS 0x00000000c8300000, 0x00000000c8300000| Untracked 
| 132|0x00000000c8400000, 0x00000000c8400000, 0x00000000c8500000|  0%| F|  |TAMS 0x00000000c8400000, 0x00000000c8400000| Untracked 
| 133|0x00000000c8500000, 0x00000000c8500000, 0x00000000c8600000|  0%| F|  |TAMS 0x00000000c8500000, 0x00000000c8500000| Untracked 
| 134|0x00000000c8600000, 0x00000000c8600000, 0x00000000c8700000|  0%| F|  |TAMS 0x00000000c8600000, 0x00000000c8600000| Untracked 
| 135|0x00000000c8700000, 0x00000000c8700000, 0x00000000c8800000|  0%| F|  |TAMS 0x00000000c8700000, 0x00000000c8700000| Untracked 
| 136|0x00000000c8800000, 0x00000000c8800000, 0x00000000c8900000|  0%| F|  |TAMS 0x00000000c8800000, 0x00000000c8800000| Untracked 
| 137|0x00000000c8900000, 0x00000000c8900000, 0x00000000c8a00000|  0%| F|  |TAMS 0x00000000c8900000, 0x00000000c8900000| Untracked 
| 138|0x00000000c8a00000, 0x00000000c8a00000, 0x00000000c8b00000|  0%| F|  |TAMS 0x00000000c8a00000, 0x00000000c8a00000| Untracked 
| 139|0x00000000c8b00000, 0x00000000c8b00000, 0x00000000c8c00000|  0%| F|  |TAMS 0x00000000c8b00000, 0x00000000c8b00000| Untracked 
| 140|0x00000000c8c00000, 0x00000000c8c00000, 0x00000000c8d00000|  0%| F|  |TAMS 0x00000000c8c00000, 0x00000000c8c00000| Untracked 
| 141|0x00000000c8d00000, 0x00000000c8d00000, 0x00000000c8e00000|  0%| F|  |TAMS 0x00000000c8d00000, 0x00000000c8d00000| Untracked 
| 142|0x00000000c8e00000, 0x00000000c8e00000, 0x00000000c8f00000|  0%| F|  |TAMS 0x00000000c8e00000, 0x00000000c8e00000| Untracked 
| 143|0x00000000c8f00000, 0x00000000c8f00000, 0x00000000c9000000|  0%| F|  |TAMS 0x00000000c8f00000, 0x00000000c8f00000| Untracked 
| 144|0x00000000c9000000, 0x00000000c9000000, 0x00000000c9100000|  0%| F|  |TAMS 0x00000000c9000000, 0x00000000c9000000| Untracked 
| 145|0x00000000c9100000, 0x00000000c9100000, 0x00000000c9200000|  0%| F|  |TAMS 0x00000000c9100000, 0x00000000c9100000| Untracked 
| 146|0x00000000c9200000, 0x00000000c9200000, 0x00000000c9300000|  0%| F|  |TAMS 0x00000000c9200000, 0x00000000c9200000| Untracked 
| 147|0x00000000c9300000, 0x00000000c9300000, 0x00000000c9400000|  0%| F|  |TAMS 0x00000000c9300000, 0x00000000c9300000| Untracked 
| 148|0x00000000c9400000, 0x00000000c9400000, 0x00000000c9500000|  0%| F|  |TAMS 0x00000000c9400000, 0x00000000c9400000| Untracked 
| 149|0x00000000c9500000, 0x00000000c9500000, 0x00000000c9600000|  0%| F|  |TAMS 0x00000000c9500000, 0x00000000c9500000| Untracked 
| 150|0x00000000c9600000, 0x00000000c9600000, 0x00000000c9700000|  0%| F|  |TAMS 0x00000000c9600000, 0x00000000c9600000| Untracked 
| 151|0x00000000c9700000, 0x00000000c9700000, 0x00000000c9800000|  0%| F|  |TAMS 0x00000000c9700000, 0x00000000c9700000| Untracked 
| 152|0x00000000c9800000, 0x00000000c9800000, 0x00000000c9900000|  0%| F|  |TAMS 0x00000000c9800000, 0x00000000c9800000| Untracked 
| 153|0x00000000c9900000, 0x00000000c9900000, 0x00000000c9a00000|  0%| F|  |TAMS 0x00000000c9900000, 0x00000000c9900000| Untracked 
| 154|0x00000000c9a00000, 0x00000000c9a00000, 0x00000000c9b00000|  0%| F|  |TAMS 0x00000000c9a00000, 0x00000000c9a00000| Untracked 
| 155|0x00000000c9b00000, 0x00000000c9b00000, 0x00000000c9c00000|  0%| F|  |TAMS 0x00000000c9b00000, 0x00000000c9b00000| Untracked 
| 156|0x00000000c9c00000, 0x00000000c9c00000, 0x00000000c9d00000|  0%| F|  |TAMS 0x00000000c9c00000, 0x00000000c9c00000| Untracked 
| 157|0x00000000c9d00000, 0x00000000c9d00000, 0x00000000c9e00000|  0%| F|  |TAMS 0x00000000c9d00000, 0x00000000c9d00000| Untracked 
| 158|0x00000000c9e00000, 0x00000000c9e00000, 0x00000000c9f00000|  0%| F|  |TAMS 0x00000000c9e00000, 0x00000000c9e00000| Untracked 
| 159|0x00000000c9f00000, 0x00000000c9f00000, 0x00000000ca000000|  0%| F|  |TAMS 0x00000000c9f00000, 0x00000000c9f00000| Untracked 
| 160|0x00000000ca000000, 0x00000000ca000000, 0x00000000ca100000|  0%| F|  |TAMS 0x00000000ca000000, 0x00000000ca000000| Untracked 
| 161|0x00000000ca100000, 0x00000000ca100000, 0x00000000ca200000|  0%| F|  |TAMS 0x00000000ca100000, 0x00000000ca100000| Untracked 
| 162|0x00000000ca200000, 0x00000000ca200000, 0x00000000ca300000|  0%| F|  |TAMS 0x00000000ca200000, 0x00000000ca200000| Untracked 
| 163|0x00000000ca300000, 0x00000000ca300000, 0x00000000ca400000|  0%| F|  |TAMS 0x00000000ca300000, 0x00000000ca300000| Untracked 
| 164|0x00000000ca400000, 0x00000000ca400000, 0x00000000ca500000|  0%| F|  |TAMS 0x00000000ca400000, 0x00000000ca400000| Untracked 
| 165|0x00000000ca500000, 0x00000000ca500000, 0x00000000ca600000|  0%| F|  |TAMS 0x00000000ca500000, 0x00000000ca500000| Untracked 
| 166|0x00000000ca600000, 0x00000000ca600000, 0x00000000ca700000|  0%| F|  |TAMS 0x00000000ca600000, 0x00000000ca600000| Untracked 
| 167|0x00000000ca700000, 0x00000000ca700000, 0x00000000ca800000|  0%| F|  |TAMS 0x00000000ca700000, 0x00000000ca700000| Untracked 
| 168|0x00000000ca800000, 0x00000000ca800000, 0x00000000ca900000|  0%| F|  |TAMS 0x00000000ca800000, 0x00000000ca800000| Untracked 
| 169|0x00000000ca900000, 0x00000000ca900000, 0x00000000caa00000|  0%| F|  |TAMS 0x00000000ca900000, 0x00000000ca900000| Untracked 
| 170|0x00000000caa00000, 0x00000000caa00000, 0x00000000cab00000|  0%| F|  |TAMS 0x00000000caa00000, 0x00000000caa00000| Untracked 
| 171|0x00000000cab00000, 0x00000000cab00000, 0x00000000cac00000|  0%| F|  |TAMS 0x00000000cab00000, 0x00000000cab00000| Untracked 
| 172|0x00000000cac00000, 0x00000000cac00000, 0x00000000cad00000|  0%| F|  |TAMS 0x00000000cac00000, 0x00000000cac00000| Untracked 
| 173|0x00000000cad00000, 0x00000000cad00000, 0x00000000cae00000|  0%| F|  |TAMS 0x00000000cad00000, 0x00000000cad00000| Untracked 
| 174|0x00000000cae00000, 0x00000000cae00000, 0x00000000caf00000|  0%| F|  |TAMS 0x00000000cae00000, 0x00000000cae00000| Untracked 
| 175|0x00000000caf00000, 0x00000000caf00000, 0x00000000cb000000|  0%| F|  |TAMS 0x00000000caf00000, 0x00000000caf00000| Untracked 
| 176|0x00000000cb000000, 0x00000000cb000000, 0x00000000cb100000|  0%| F|  |TAMS 0x00000000cb000000, 0x00000000cb000000| Untracked 
| 177|0x00000000cb100000, 0x00000000cb100000, 0x00000000cb200000|  0%| F|  |TAMS 0x00000000cb100000, 0x00000000cb100000| Untracked 
| 178|0x00000000cb200000, 0x00000000cb200000, 0x00000000cb300000|  0%| F|  |TAMS 0x00000000cb200000, 0x00000000cb200000| Untracked 
| 179|0x00000000cb300000, 0x00000000cb300000, 0x00000000cb400000|  0%| F|  |TAMS 0x00000000cb300000, 0x00000000cb300000| Untracked 
| 180|0x00000000cb400000, 0x00000000cb400000, 0x00000000cb500000|  0%| F|  |TAMS 0x00000000cb400000, 0x00000000cb400000| Untracked 
| 181|0x00000000cb500000, 0x00000000cb500000, 0x00000000cb600000|  0%| F|  |TAMS 0x00000000cb500000, 0x00000000cb500000| Untracked 
| 182|0x00000000cb600000, 0x00000000cb600000, 0x00000000cb700000|  0%| F|  |TAMS 0x00000000cb600000, 0x00000000cb600000| Untracked 
| 183|0x00000000cb700000, 0x00000000cb700000, 0x00000000cb800000|  0%| F|  |TAMS 0x00000000cb700000, 0x00000000cb700000| Untracked 
| 184|0x00000000cb800000, 0x00000000cb800000, 0x00000000cb900000|  0%| F|  |TAMS 0x00000000cb800000, 0x00000000cb800000| Untracked 
| 185|0x00000000cb900000, 0x00000000cb900000, 0x00000000cba00000|  0%| F|  |TAMS 0x00000000cb900000, 0x00000000cb900000| Untracked 
| 186|0x00000000cba00000, 0x00000000cba00000, 0x00000000cbb00000|  0%| F|  |TAMS 0x00000000cba00000, 0x00000000cba00000| Untracked 
| 187|0x00000000cbb00000, 0x00000000cbb00000, 0x00000000cbc00000|  0%| F|  |TAMS 0x00000000cbb00000, 0x00000000cbb00000| Untracked 
| 188|0x00000000cbc00000, 0x00000000cbc00000, 0x00000000cbd00000|  0%| F|  |TAMS 0x00000000cbc00000, 0x00000000cbc00000| Untracked 
| 189|0x00000000cbd00000, 0x00000000cbd00000, 0x00000000cbe00000|  0%| F|  |TAMS 0x00000000cbd00000, 0x00000000cbd00000| Untracked 
| 190|0x00000000cbe00000, 0x00000000cbe00000, 0x00000000cbf00000|  0%| F|  |TAMS 0x00000000cbe00000, 0x00000000cbe00000| Untracked 
| 191|0x00000000cbf00000, 0x00000000cbf00000, 0x00000000cc000000|  0%| F|  |TAMS 0x00000000cbf00000, 0x00000000cbf00000| Untracked 
| 192|0x00000000cc000000, 0x00000000cc000000, 0x00000000cc100000|  0%| F|  |TAMS 0x00000000cc000000, 0x00000000cc000000| Untracked 
| 193|0x00000000cc100000, 0x00000000cc100000, 0x00000000cc200000|  0%| F|  |TAMS 0x00000000cc100000, 0x00000000cc100000| Untracked 
| 194|0x00000000cc200000, 0x00000000cc200000, 0x00000000cc300000|  0%| F|  |TAMS 0x00000000cc200000, 0x00000000cc200000| Untracked 
| 195|0x00000000cc300000, 0x00000000cc300000, 0x00000000cc400000|  0%| F|  |TAMS 0x00000000cc300000, 0x00000000cc300000| Untracked 
| 196|0x00000000cc400000, 0x00000000cc400000, 0x00000000cc500000|  0%| F|  |TAMS 0x00000000cc400000, 0x00000000cc400000| Untracked 
| 197|0x00000000cc500000, 0x00000000cc500000, 0x00000000cc600000|  0%| F|  |TAMS 0x00000000cc500000, 0x00000000cc500000| Untracked 
| 198|0x00000000cc600000, 0x00000000cc600000, 0x00000000cc700000|  0%| F|  |TAMS 0x00000000cc600000, 0x00000000cc600000| Untracked 
| 199|0x00000000cc700000, 0x00000000cc700000, 0x00000000cc800000|  0%| F|  |TAMS 0x00000000cc700000, 0x00000000cc700000| Untracked 
| 200|0x00000000cc800000, 0x00000000cc800000, 0x00000000cc900000|  0%| F|  |TAMS 0x00000000cc800000, 0x00000000cc800000| Untracked 
| 201|0x00000000cc900000, 0x00000000cc900000, 0x00000000cca00000|  0%| F|  |TAMS 0x00000000cc900000, 0x00000000cc900000| Untracked 
| 202|0x00000000cca00000, 0x00000000cca00000, 0x00000000ccb00000|  0%| F|  |TAMS 0x00000000cca00000, 0x00000000cca00000| Untracked 
| 203|0x00000000ccb00000, 0x00000000ccb00000, 0x00000000ccc00000|  0%| F|  |TAMS 0x00000000ccb00000, 0x00000000ccb00000| Untracked 
| 204|0x00000000ccc00000, 0x00000000cccfb970, 0x00000000ccd00000| 98%| S|CS|TAMS 0x00000000ccc00000, 0x00000000ccc00000| Complete 
| 205|0x00000000ccd00000, 0x00000000ccd00000, 0x00000000cce00000|  0%| F|  |TAMS 0x00000000ccd00000, 0x00000000ccd00000| Untracked 
| 206|0x00000000cce00000, 0x00000000cce00000, 0x00000000ccf00000|  0%| F|  |TAMS 0x00000000cce00000, 0x00000000cce00000| Untracked 
| 207|0x00000000ccf00000, 0x00000000ccf00000, 0x00000000cd000000|  0%| F|  |TAMS 0x00000000ccf00000, 0x00000000ccf00000| Untracked 
| 208|0x00000000cd000000, 0x00000000cd000000, 0x00000000cd100000|  0%| F|  |TAMS 0x00000000cd000000, 0x00000000cd000000| Untracked 
| 209|0x00000000cd100000, 0x00000000cd100000, 0x00000000cd200000|  0%| F|  |TAMS 0x00000000cd100000, 0x00000000cd100000| Untracked 
| 210|0x00000000cd200000, 0x00000000cd200000, 0x00000000cd300000|  0%| F|  |TAMS 0x00000000cd200000, 0x00000000cd200000| Untracked 
| 211|0x00000000cd300000, 0x00000000cd400000, 0x00000000cd400000|100%| S|CS|TAMS 0x00000000cd300000, 0x00000000cd300000| Complete 
| 212|0x00000000cd400000, 0x00000000cd500000, 0x00000000cd500000|100%| S|CS|TAMS 0x00000000cd400000, 0x00000000cd400000| Complete 
| 213|0x00000000cd500000, 0x00000000cd600000, 0x00000000cd600000|100%| S|CS|TAMS 0x00000000cd500000, 0x00000000cd500000| Complete 
| 214|0x00000000cd600000, 0x00000000cd700000, 0x00000000cd700000|100%| S|CS|TAMS 0x00000000cd600000, 0x00000000cd600000| Complete 
| 215|0x00000000cd700000, 0x00000000cd800000, 0x00000000cd800000|100%| S|CS|TAMS 0x00000000cd700000, 0x00000000cd700000| Complete 
| 216|0x00000000cd800000, 0x00000000cd900000, 0x00000000cd900000|100%| S|CS|TAMS 0x00000000cd800000, 0x00000000cd800000| Complete 
| 217|0x00000000cd900000, 0x00000000cda00000, 0x00000000cda00000|100%| S|CS|TAMS 0x00000000cd900000, 0x00000000cd900000| Complete 
| 218|0x00000000cda00000, 0x00000000cdb00000, 0x00000000cdb00000|100%| S|CS|TAMS 0x00000000cda00000, 0x00000000cda00000| Complete 
| 219|0x00000000cdb00000, 0x00000000cdc00000, 0x00000000cdc00000|100%| S|CS|TAMS 0x00000000cdb00000, 0x00000000cdb00000| Complete 
| 220|0x00000000cdc00000, 0x00000000cdd00000, 0x00000000cdd00000|100%| S|CS|TAMS 0x00000000cdc00000, 0x00000000cdc00000| Complete 
| 221|0x00000000cdd00000, 0x00000000cde00000, 0x00000000cde00000|100%| S|CS|TAMS 0x00000000cdd00000, 0x00000000cdd00000| Complete 
| 222|0x00000000cde00000, 0x00000000cdf00000, 0x00000000cdf00000|100%| S|CS|TAMS 0x00000000cde00000, 0x00000000cde00000| Complete 
| 223|0x00000000cdf00000, 0x00000000ce000000, 0x00000000ce000000|100%| S|CS|TAMS 0x00000000cdf00000, 0x00000000cdf00000| Complete 
| 224|0x00000000ce000000, 0x00000000ce000000, 0x00000000ce100000|  0%| F|  |TAMS 0x00000000ce000000, 0x00000000ce000000| Untracked 
| 225|0x00000000ce100000, 0x00000000ce100000, 0x00000000ce200000|  0%| F|  |TAMS 0x00000000ce100000, 0x00000000ce100000| Untracked 
| 226|0x00000000ce200000, 0x00000000ce200000, 0x00000000ce300000|  0%| F|  |TAMS 0x00000000ce200000, 0x00000000ce200000| Untracked 
| 227|0x00000000ce300000, 0x00000000ce300000, 0x00000000ce400000|  0%| F|  |TAMS 0x00000000ce300000, 0x00000000ce300000| Untracked 
| 228|0x00000000ce400000, 0x00000000ce400000, 0x00000000ce500000|  0%| F|  |TAMS 0x00000000ce400000, 0x00000000ce400000| Untracked 
| 229|0x00000000ce500000, 0x00000000ce500000, 0x00000000ce600000|  0%| F|  |TAMS 0x00000000ce500000, 0x00000000ce500000| Untracked 
| 230|0x00000000ce600000, 0x00000000ce600000, 0x00000000ce700000|  0%| F|  |TAMS 0x00000000ce600000, 0x00000000ce600000| Untracked 
| 231|0x00000000ce700000, 0x00000000ce700000, 0x00000000ce800000|  0%| F|  |TAMS 0x00000000ce700000, 0x00000000ce700000| Untracked 
| 232|0x00000000ce800000, 0x00000000ce800000, 0x00000000ce900000|  0%| F|  |TAMS 0x00000000ce800000, 0x00000000ce800000| Untracked 
| 233|0x00000000ce900000, 0x00000000ce900000, 0x00000000cea00000|  0%| F|  |TAMS 0x00000000ce900000, 0x00000000ce900000| Untracked 
| 234|0x00000000cea00000, 0x00000000cea00000, 0x00000000ceb00000|  0%| F|  |TAMS 0x00000000cea00000, 0x00000000cea00000| Untracked 
| 235|0x00000000ceb00000, 0x00000000ceb00000, 0x00000000cec00000|  0%| F|  |TAMS 0x00000000ceb00000, 0x00000000ceb00000| Untracked 
| 236|0x00000000cec00000, 0x00000000cec00000, 0x00000000ced00000|  0%| F|  |TAMS 0x00000000cec00000, 0x00000000cec00000| Untracked 
| 237|0x00000000ced00000, 0x00000000ced00000, 0x00000000cee00000|  0%| F|  |TAMS 0x00000000ced00000, 0x00000000ced00000| Untracked 
| 238|0x00000000cee00000, 0x00000000cee00000, 0x00000000cef00000|  0%| F|  |TAMS 0x00000000cee00000, 0x00000000cee00000| Untracked 
| 239|0x00000000cef00000, 0x00000000cef00000, 0x00000000cf000000|  0%| F|  |TAMS 0x00000000cef00000, 0x00000000cef00000| Untracked 
| 240|0x00000000cf000000, 0x00000000cf000000, 0x00000000cf100000|  0%| F|  |TAMS 0x00000000cf000000, 0x00000000cf000000| Untracked 
| 241|0x00000000cf100000, 0x00000000cf100000, 0x00000000cf200000|  0%| F|  |TAMS 0x00000000cf100000, 0x00000000cf100000| Untracked 
| 242|0x00000000cf200000, 0x00000000cf200000, 0x00000000cf300000|  0%| F|  |TAMS 0x00000000cf200000, 0x00000000cf200000| Untracked 
| 243|0x00000000cf300000, 0x00000000cf300000, 0x00000000cf400000|  0%| F|  |TAMS 0x00000000cf300000, 0x00000000cf300000| Untracked 
| 244|0x00000000cf400000, 0x00000000cf400000, 0x00000000cf500000|  0%| F|  |TAMS 0x00000000cf400000, 0x00000000cf400000| Untracked 
| 245|0x00000000cf500000, 0x00000000cf500000, 0x00000000cf600000|  0%| F|  |TAMS 0x00000000cf500000, 0x00000000cf500000| Untracked 
| 246|0x00000000cf600000, 0x00000000cf600000, 0x00000000cf700000|  0%| F|  |TAMS 0x00000000cf600000, 0x00000000cf600000| Untracked 
| 247|0x00000000cf700000, 0x00000000cf700000, 0x00000000cf800000|  0%| F|  |TAMS 0x00000000cf700000, 0x00000000cf700000| Untracked 
| 248|0x00000000cf800000, 0x00000000cf800000, 0x00000000cf900000|  0%| F|  |TAMS 0x00000000cf800000, 0x00000000cf800000| Untracked 
| 249|0x00000000cf900000, 0x00000000cf900000, 0x00000000cfa00000|  0%| F|  |TAMS 0x00000000cf900000, 0x00000000cf900000| Untracked 
| 250|0x00000000cfa00000, 0x00000000cfa00000, 0x00000000cfb00000|  0%| F|  |TAMS 0x00000000cfa00000, 0x00000000cfa00000| Untracked 
| 251|0x00000000cfb00000, 0x00000000cfb00000, 0x00000000cfc00000|  0%| F|  |TAMS 0x00000000cfb00000, 0x00000000cfb00000| Untracked 
| 252|0x00000000cfc00000, 0x00000000cfc00000, 0x00000000cfd00000|  0%| F|  |TAMS 0x00000000cfc00000, 0x00000000cfc00000| Untracked 
| 253|0x00000000cfd00000, 0x00000000cfd00000, 0x00000000cfe00000|  0%| F|  |TAMS 0x00000000cfd00000, 0x00000000cfd00000| Untracked 
| 254|0x00000000cfe00000, 0x00000000cff00000, 0x00000000cff00000|100%| E|  |TAMS 0x00000000cfe00000, 0x00000000cfe00000| Complete 
| 255|0x00000000cff00000, 0x00000000d0000000, 0x00000000d0000000|100%| E|CS|TAMS 0x00000000cff00000, 0x00000000cff00000| Complete 

Card table byte_map: [0x0000026e26820000,0x0000026e26a20000] _byte_map_base: 0x0000026e26220000

Marking Bits (Prev, Next): (CMBitMap*) 0x0000026e10fd0c50, (CMBitMap*) 0x0000026e10fd0c10
 Prev Bits: [0x0000026e27c20000, 0x0000026e28c20000)
 Next Bits: [0x0000026e26c20000, 0x0000026e27c20000)

Polling page: 0x0000026e0eeb0000

Metaspace:

Usage:
  Non-class:     31.68 MB used.
      Class:      3.57 MB used.
       Both:     35.24 MB used.

Virtual space:
  Non-class space:       64.00 MB reserved,      31.81 MB ( 50%) committed,  1 nodes.
      Class space:        1.00 GB reserved,       3.62 MB ( <1%) committed,  1 nodes.
             Both:        1.06 GB reserved,      35.44 MB (  3%) committed. 

Chunk freelists:
   Non-Class:  15.73 MB
       Class:  12.19 MB
        Both:  27.92 MB

MaxMetaspaceSize: unlimited
CompressedClassSpaceSize: 1.00 GB
Initial GC threshold: 21.00 MB
Current GC threshold: 35.44 MB
CDS: off
MetaspaceReclaimPolicy: balanced
 - commit_granule_bytes: 65536.
 - commit_granule_words: 8192.
 - virtual_space_node_default_size: 8388608.
 - enlarge_chunks_in_place: 1.
 - new_chunks_are_fully_committed: 0.
 - uncommit_free_chunks: 1.
 - use_allocation_guard: 0.
 - handle_deallocations: 1.


Internal statistics:

num_allocs_failed_limit: 10.
num_arena_births: 210.
num_arena_deaths: 0.
num_vsnodes_births: 2.
num_vsnodes_deaths: 0.
num_space_committed: 566.
num_space_uncommitted: 0.
num_chunks_returned_to_freelist: 10.
num_chunks_taken_from_freelist: 963.
num_chunk_merges: 7.
num_chunk_splits: 630.
num_chunks_enlarged: 461.
num_inconsistent_stats: 0.

CodeHeap 'non-profiled nmethods': size=120000Kb used=1427Kb max_used=1427Kb free=118572Kb
 bounds [0x0000026e1eb90000, 0x0000026e1ee00000, 0x0000026e260c0000]
CodeHeap 'profiled nmethods': size=120000Kb used=7045Kb max_used=7045Kb free=112954Kb
 bounds [0x0000026e170c0000, 0x0000026e177b0000, 0x0000026e1e5f0000]
CodeHeap 'non-nmethods': size=5760Kb used=1296Kb max_used=1321Kb free=4463Kb
 bounds [0x0000026e1e5f0000, 0x0000026e1e860000, 0x0000026e1eb90000]
 total_blobs=4006 nmethods=3391 adapters=527
 compilation: enabled
              stopped_count=0, restarted_count=0
 full_count=0

Compilation events (20 events):
Event: 11.033 Thread 0x0000026e2b932ad0 nmethod 3362 0x0000026e17793090 code [0x0000026e177932c0, 0x0000026e17793ba8]
Event: 11.033 Thread 0x0000026e2b932ad0 3363       3       java.math.MutableBigInteger::<init> (22 bytes)
Event: 11.033 Thread 0x0000026e31919b60 3366       4       sun.security.util.math.intpoly.IntegerPolynomial::multByInt (30 bytes)
Event: 11.033 Thread 0x0000026e30dd34e0 3367       4       sun.security.util.math.intpoly.IntegerPolynomial$MutableElement::setProduct (6 bytes)
Event: 11.033 Thread 0x0000026e2b932ad0 nmethod 3363 0x0000026e17794090 code [0x0000026e17794240, 0x0000026e177944b8]
Event: 11.033 Thread 0x0000026e2b932ad0 3365       3       java.math.BigInteger::shiftRight (48 bytes)
Event: 11.034 Thread 0x0000026e2b932ad0 nmethod 3365 0x0000026e17794590 code [0x0000026e17794760, 0x0000026e17794aa8]
Event: 11.034 Thread 0x0000026e2b932ad0 3368       3       sun.security.ec.XECOperations::bitAt (23 bytes)
Event: 11.049 Thread 0x0000026e2b932ad0 nmethod 3368 0x0000026e17794b90 code [0x0000026e17794d20, 0x0000026e17794eb8]
Event: 11.049 Thread 0x0000026e2b932ad0 3369       3       sun.security.util.math.intpoly.IntegerPolynomial25519::reduce (40 bytes)
Event: 11.049 Thread 0x0000026e2b932ad0 nmethod 3369 0x0000026e17795010 code [0x0000026e177951c0, 0x0000026e177954c8]
Event: 11.049 Thread 0x0000026e2b932ad0 3370       3       sun.security.util.math.intpoly.IntegerPolynomial25519::carryReduce (391 bytes)
Event: 11.050 Thread 0x0000026e2b932ad0 nmethod 3370 0x0000026e17795690 code [0x0000026e17795840, 0x0000026e17795cb8]
Event: 11.050 Thread 0x0000026e2b932ad0 3364       3       java.math.MutableBigInteger::<init> (29 bytes)
Event: 11.051 Thread 0x0000026e2b932ad0 nmethod 3364 0x0000026e17795f10 code [0x0000026e177960c0, 0x0000026e17796338]
Event: 11.052 Thread 0x0000026e30dd34e0 nmethod 3367 0x0000026e1ecf0f10 code [0x0000026e1ecf10c0, 0x0000026e1ecf1238]
Event: 11.052 Thread 0x0000026e30dd34e0 3371       4       sun.security.util.math.intpoly.IntegerPolynomial$MutableElement::setProduct (31 bytes)
Event: 11.055 Thread 0x0000026e30dd34e0 nmethod 3371 0x0000026e1ecf1810 code [0x0000026e1ecf19c0, 0x0000026e1ecf1b38]
Event: 11.056 Thread 0x0000026e2b932ad0 3373       3       sun.security.jca.ProviderList$ServiceList::tryGet (304 bytes)
Event: 11.059 Thread 0x0000026e2b932ad0 nmethod 3373 0x0000026e17796410 code [0x0000026e17796780, 0x0000026e17797e38]

GC Heap History (8 events):
Event: 1.386 GC heap before
{Heap before GC invocations=0 (full 0):
 garbage-first heap   total 262144K, used 26624K [0x00000000c0000000, 0x0000000100000000)
  region size 1024K, 23 young (23552K), 0 survivors (0K)
 Metaspace       used 16208K, committed 16448K, reserved 1114112K
  class space    used 1555K, committed 1664K, reserved 1048576K
}
Event: 1.394 GC heap after
{Heap after GC invocations=1 (full 0):
 garbage-first heap   total 262144K, used 11770K [0x00000000c0000000, 0x0000000100000000)
  region size 1024K, 3 young (3072K), 3 survivors (3072K)
 Metaspace       used 16208K, committed 16448K, reserved 1114112K
  class space    used 1555K, committed 1664K, reserved 1048576K
}
Event: 2.113 GC heap before
{Heap before GC invocations=1 (full 0):
 garbage-first heap   total 262144K, used 31226K [0x00000000c0000000, 0x0000000100000000)
  region size 1024K, 23 young (23552K), 3 survivors (3072K)
 Metaspace       used 21292K, committed 21504K, reserved 1114112K
  class space    used 2123K, committed 2240K, reserved 1048576K
}
Event: 2.120 GC heap after
{Heap after GC invocations=2 (full 0):
 garbage-first heap   total 262144K, used 14333K [0x00000000c0000000, 0x0000000100000000)
  region size 1024K, 3 young (3072K), 3 survivors (3072K)
 Metaspace       used 21292K, committed 21504K, reserved 1114112K
  class space    used 2123K, committed 2240K, reserved 1048576K
}
Event: 10.122 GC heap before
{Heap before GC invocations=3 (full 0):
 garbage-first heap   total 262144K, used 57341K [0x00000000c0000000, 0x0000000100000000)
  region size 1024K, 45 young (46080K), 3 survivors (3072K)
 Metaspace       used 31955K, committed 32192K, reserved 1114112K
  class space    used 3284K, committed 3392K, reserved 1048576K
}
Event: 10.134 GC heap after
{Heap after GC invocations=4 (full 0):
 garbage-first heap   total 262144K, used 18458K [0x00000000c0000000, 0x0000000100000000)
  region size 1024K, 6 young (6144K), 6 survivors (6144K)
 Metaspace       used 31955K, committed 32192K, reserved 1114112K
  class space    used 3284K, committed 3392K, reserved 1048576K
}
Event: 11.034 GC heap before
{Heap before GC invocations=4 (full 0):
 garbage-first heap   total 262144K, used 50202K [0x00000000c0000000, 0x0000000100000000)
  region size 1024K, 38 young (38912K), 6 survivors (6144K)
 Metaspace       used 35670K, committed 35904K, reserved 1114112K
  class space    used 3627K, committed 3712K, reserved 1048576K
}
Event: 11.048 GC heap after
{Heap after GC invocations=5 (full 0):
 garbage-first heap   total 262144K, used 26632K [0x00000000c0000000, 0x0000000100000000)
  region size 1024K, 14 young (14336K), 14 survivors (14336K)
 Metaspace       used 35670K, committed 35904K, reserved 1114112K
  class space    used 3627K, committed 3712K, reserved 1048576K
}

Dll operation events (8 events):
Event: 0.010 Loaded shared library C:\PROGRA~1\BALLER~1\dependencies\jdk-17.0.7+7-jre\bin\java.dll
Event: 0.294 Loaded shared library C:\Program Files\Ballerina\dependencies\jdk-17.0.7+7-jre\bin\jimage.dll
Event: 0.313 Loaded shared library C:\Program Files\Ballerina\dependencies\jdk-17.0.7+7-jre\bin\net.dll
Event: 0.315 Loaded shared library C:\Program Files\Ballerina\dependencies\jdk-17.0.7+7-jre\bin\nio.dll
Event: 0.322 Loaded shared library C:\Program Files\Ballerina\dependencies\jdk-17.0.7+7-jre\bin\zip.dll
Event: 0.539 Loaded shared library C:\Program Files\Ballerina\dependencies\jdk-17.0.7+7-jre\bin\management.dll
Event: 0.551 Loaded shared library C:\Program Files\Ballerina\dependencies\jdk-17.0.7+7-jre\bin\management_ext.dll
Event: 0.901 Loaded shared library C:\PROGRA~1\BALLER~1\dependencies\jdk-17.0.7+7-jre\bin\verify.dll

Deoptimization events (20 events):
Event: 10.800 Thread 0x0000026e314626e0 DEOPT PACKING pc=0x0000026e177046ba sp=0x0000007dcb9fcce0
Event: 10.800 Thread 0x0000026e314626e0 DEOPT UNPACKING pc=0x0000026e1e647143 sp=0x0000007dcb9fc1a0 mode 0
Event: 10.863 Thread 0x0000026e3152be70 DEOPT PACKING pc=0x0000026e177046ba sp=0x0000007dca8fde60
Event: 10.863 Thread 0x0000026e3152be70 DEOPT UNPACKING pc=0x0000026e1e647143 sp=0x0000007dca8fd320 mode 0
Event: 11.026 Thread 0x0000026e30175880 Uncommon trap: trap_request=0xffffffbe fr.pc=0x0000026e1ecd0704 relative=0x00000000000003c4
Event: 11.026 Thread 0x0000026e30175880 Uncommon trap: reason=profile_predicate action=maybe_recompile pc=0x0000026e1ecd0704 method=java.util.regex.Pattern$SliceI.match(Ljava/util/regex/Matcher;ILjava/lang/CharSequence;)Z @ 18 c2
Event: 11.026 Thread 0x0000026e30175880 DEOPT PACKING pc=0x0000026e1ecd0704 sp=0x0000007dcb4fd060
Event: 11.026 Thread 0x0000026e30175880 DEOPT UNPACKING pc=0x0000026e1e6469a3 sp=0x0000007dcb4fcfc8 mode 2
Event: 11.027 Thread 0x0000026e30175880 Uncommon trap: trap_request=0xffffffbe fr.pc=0x0000026e1ecd0704 relative=0x00000000000003c4
Event: 11.027 Thread 0x0000026e30175880 Uncommon trap: reason=profile_predicate action=maybe_recompile pc=0x0000026e1ecd0704 method=java.util.regex.Pattern$SliceI.match(Ljava/util/regex/Matcher;ILjava/lang/CharSequence;)Z @ 18 c2
Event: 11.027 Thread 0x0000026e30175880 DEOPT PACKING pc=0x0000026e1ecd0704 sp=0x0000007dcb4fd060
Event: 11.027 Thread 0x0000026e30175880 DEOPT UNPACKING pc=0x0000026e1e6469a3 sp=0x0000007dcb4fcfc8 mode 2
Event: 11.027 Thread 0x0000026e30175880 Uncommon trap: trap_request=0xffffffbe fr.pc=0x0000026e1ecd0704 relative=0x00000000000003c4
Event: 11.027 Thread 0x0000026e30175880 Uncommon trap: reason=profile_predicate action=maybe_recompile pc=0x0000026e1ecd0704 method=java.util.regex.Pattern$SliceI.match(Ljava/util/regex/Matcher;ILjava/lang/CharSequence;)Z @ 18 c2
Event: 11.027 Thread 0x0000026e30175880 DEOPT PACKING pc=0x0000026e1ecd0704 sp=0x0000007dcb4fd060
Event: 11.027 Thread 0x0000026e30175880 DEOPT UNPACKING pc=0x0000026e1e6469a3 sp=0x0000007dcb4fcfc8 mode 2
Event: 11.027 Thread 0x0000026e30175880 Uncommon trap: trap_request=0xffffffbe fr.pc=0x0000026e1ecd0704 relative=0x00000000000003c4
Event: 11.027 Thread 0x0000026e30175880 Uncommon trap: reason=profile_predicate action=maybe_recompile pc=0x0000026e1ecd0704 method=java.util.regex.Pattern$SliceI.match(Ljava/util/regex/Matcher;ILjava/lang/CharSequence;)Z @ 18 c2
Event: 11.027 Thread 0x0000026e30175880 DEOPT PACKING pc=0x0000026e1ecd0704 sp=0x0000007dcb4fd060
Event: 11.027 Thread 0x0000026e30175880 DEOPT UNPACKING pc=0x0000026e1e6469a3 sp=0x0000007dcb4fcfc8 mode 2

Classes unloaded (0 events):
No events

Classes redefined (0 events):
No events

Internal exceptions (20 events):
Event: 10.885 Thread 0x0000026e3152be70 Exception <a 'sun/nio/fs/WindowsException'{0x00000000ce6e8200}> (0x00000000ce6e8200) 
thrown [s\src\hotspot\share\prims\jni.cpp, line 516]
Event: 10.885 Thread 0x0000026e3152be70 Exception <a 'sun/nio/fs/WindowsException'{0x00000000ce6e8620}> (0x00000000ce6e8620) 
thrown [s\src\hotspot\share\prims\jni.cpp, line 516]
Event: 10.885 Thread 0x0000026e3152be70 Exception <a 'sun/nio/fs/WindowsException'{0x00000000ce6ea760}> (0x00000000ce6ea760) 
thrown [s\src\hotspot\share\prims\jni.cpp, line 516]
Event: 10.899 Thread 0x0000026e3152be70 Exception <a 'sun/nio/fs/WindowsException'{0x00000000ce4237d0}> (0x00000000ce4237d0) 
thrown [s\src\hotspot\share\prims\jni.cpp, line 516]
Event: 10.899 Thread 0x0000026e3152be70 Exception <a 'sun/nio/fs/WindowsException'{0x00000000ce423c00}> (0x00000000ce423c00) 
thrown [s\src\hotspot\share\prims\jni.cpp, line 516]
Event: 10.899 Thread 0x0000026e3152be70 Exception <a 'sun/nio/fs/WindowsException'{0x00000000ce424bb8}> (0x00000000ce424bb8) 
thrown [s\src\hotspot\share\prims\jni.cpp, line 516]
Event: 10.899 Thread 0x0000026e3152be70 Exception <a 'sun/nio/fs/WindowsException'{0x00000000ce424fc8}> (0x00000000ce424fc8) 
thrown [s\src\hotspot\share\prims\jni.cpp, line 516]
Event: 10.900 Thread 0x0000026e3152be70 Exception <a 'sun/nio/fs/WindowsException'{0x00000000ce4270f0}> (0x00000000ce4270f0) 
thrown [s\src\hotspot\share\prims\jni.cpp, line 516]
Event: 10.904 Thread 0x0000026e3152be70 Exception <a 'sun/nio/fs/WindowsException'{0x00000000ce42bf30}> (0x00000000ce42bf30) 
thrown [s\src\hotspot\share\prims\jni.cpp, line 516]
Event: 10.904 Thread 0x0000026e3152be70 Exception <a 'sun/nio/fs/WindowsException'{0x00000000ce42c370}> (0x00000000ce42c370) 
thrown [s\src\hotspot\share\prims\jni.cpp, line 516]
Event: 10.905 Thread 0x0000026e3152be70 Exception <a 'sun/nio/fs/WindowsException'{0x00000000ce42d330}> (0x00000000ce42d330) 
thrown [s\src\hotspot\share\prims\jni.cpp, line 516]
Event: 10.905 Thread 0x0000026e3152be70 Exception <a 'sun/nio/fs/WindowsException'{0x00000000ce42d750}> (0x00000000ce42d750) 
thrown [s\src\hotspot\share\prims\jni.cpp, line 516]
Event: 10.919 Thread 0x0000026e3152be70 Exception <a 'sun/nio/fs/WindowsException'{0x00000000ce4bdfb0}> (0x00000000ce4bdfb0) 
thrown [s\src\hotspot\share\prims\jni.cpp, line 516]
Event: 10.920 Thread 0x0000026e3152be70 Exception <a 'sun/nio/fs/WindowsException'{0x00000000ce4be2d8}> (0x00000000ce4be2d8) 
thrown [s\src\hotspot\share\prims\jni.cpp, line 516]
Event: 10.920 Thread 0x0000026e3152be70 Exception <a 'sun/nio/fs/WindowsException'{0x00000000ce4bed30}> (0x00000000ce4bed30) 
thrown [s\src\hotspot\share\prims\jni.cpp, line 516]
Event: 10.920 Thread 0x0000026e3152be70 Exception <a 'sun/nio/fs/WindowsException'{0x00000000ce4bf190}> (0x00000000ce4bf190) 
thrown [s\src\hotspot\share\prims\jni.cpp, line 516]
Event: 10.920 Thread 0x0000026e3152be70 Exception <a 'sun/nio/fs/WindowsException'{0x00000000ce4bf648}> (0x00000000ce4bf648) 
thrown [s\src\hotspot\share\prims\jni.cpp, line 516]
Event: 10.955 Thread 0x0000026e3152be70 Exception <a 'sun/nio/fs/WindowsException'{0x00000000ce4d4848}> (0x00000000ce4d4848) 
thrown [s\src\hotspot\share\prims\jni.cpp, line 516]
Event: 10.955 Thread 0x0000026e3152be70 Exception <a 'sun/nio/fs/WindowsException'{0x00000000ce4d4bd8}> (0x00000000ce4d4bd8) 
thrown [s\src\hotspot\share\prims\jni.cpp, line 516]
Event: 10.960 Thread 0x0000026e3152be70 Exception <a 'sun/nio/fs/WindowsException'{0x00000000ce2107d8}> (0x00000000ce2107d8) 
thrown [s\src\hotspot\share\prims\jni.cpp, line 516]

VM Operations (20 events):
Event: 9.773 Executing VM operation: HandshakeAllThreads
Event: 9.773 Executing VM operation: HandshakeAllThreads done
Event: 9.819 Executing VM operation: HandshakeAllThreads
Event: 9.819 Executing VM operation: HandshakeAllThreads done
Event: 9.855 Executing VM operation: HandshakeAllThreads
Event: 9.855 Executing VM operation: HandshakeAllThreads done
Event: 10.121 Executing VM operation: G1CollectForAllocation
Event: 10.134 Executing VM operation: G1CollectForAllocation done
Event: 10.514 Executing VM operation: HandshakeAllThreads
Event: 10.515 Executing VM operation: HandshakeAllThreads done
Event: 10.551 Executing VM operation: HandshakeAllThreads
Event: 10.551 Executing VM operation: HandshakeAllThreads done
Event: 10.560 Executing VM operation: HandshakeAllThreads
Event: 10.561 Executing VM operation: HandshakeAllThreads done
Event: 10.848 Executing VM operation: ICBufferFull
Event: 10.849 Executing VM operation: ICBufferFull done
Event: 10.973 Executing VM operation: HandshakeAllThreads
Event: 10.973 Executing VM operation: HandshakeAllThreads done
Event: 11.034 Executing VM operation: CollectForMetadataAllocation
Event: 11.049 Executing VM operation: CollectForMetadataAllocation done

Events (20 events):
Event: 11.057 loading class sun/security/ssl/SSLTrafficKeyDerivation$S30TrafficKeyDerivationGenerator
Event: 11.057 loading class sun/security/ssl/SSLTrafficKeyDerivation$S30TrafficKeyDerivationGenerator done
Event: 11.057 loading class sun/security/ssl/SSLTrafficKeyDerivation$T10TrafficKeyDerivationGenerator
Event: 11.057 loading class sun/security/ssl/SSLTrafficKeyDerivation$T10TrafficKeyDerivationGenerator done
Event: 11.057 loading class sun/security/ssl/SSLTrafficKeyDerivation$T12TrafficKeyDerivationGenerator
Event: 11.057 loading class sun/security/ssl/SSLTrafficKeyDerivation$T12TrafficKeyDerivationGenerator done
Event: 11.057 loading class sun/security/ssl/SSLTrafficKeyDerivation$T13TrafficKeyDerivationGenerator
Event: 11.057 loading class sun/security/ssl/SSLTrafficKeyDerivation$T13TrafficKeyDerivationGenerator done
Event: 11.058 loading class sun/security/ssl/SSLTrafficKeyDerivation$1
Event: 11.058 loading class sun/security/ssl/SSLTrafficKeyDerivation$1 done
Event: 11.058 loading class sun/security/ssl/SSLTrafficKeyDerivation$T13TrafficKeyDerivation
Event: 11.058 loading class sun/security/ssl/SSLTrafficKeyDerivation$T13TrafficKeyDerivation done
Event: 11.058 loading class sun/security/ssl/SSLTrafficKeyDerivation$KeySchedule
Event: 11.059 loading class sun/security/ssl/SSLTrafficKeyDerivation$KeySchedule done
Event: 11.060 loading class javax/crypto/spec/IvParameterSpec
Event: 11.060 loading class javax/crypto/spec/IvParameterSpec done
Event: 11.061 loading class sun/security/ssl/Authenticator$TLS13Authenticator
Event: 11.061 loading class sun/security/ssl/Authenticator$TLS13Authenticator done
Event: 11.061 loading class sun/security/ssl/SSLCipher$T13GcmReadCipherGenerator$GcmReadCipher
Event: 11.061 loading class sun/security/ssl/SSLCipher$T13GcmReadCipherGenerator$GcmReadCipher done


Dynamic libraries:
0x00007ff605ca0000 - 0x00007ff605cae000 	C:\PROGRA~1\BALLER~1\dependencies\jdk-17.0.7+7-jre\bin\java.exe
0x00007ffd58ed0000 - 0x00007ffd590e7000 	C:\WINDOWS\SYSTEM32\ntdll.dll
0x00007ffd57260000 - 0x00007ffd57324000 	C:\WINDOWS\System32\KERNEL32.DLL
0x00007ffd56390000 - 0x00007ffd56736000 	C:\WINDOWS\System32\KERNELBASE.dll
0x00007ffd56ae0000 - 0x00007ffd56bf1000 	C:\WINDOWS\System32\ucrtbase.dll
0x00007ffd35190000 - 0x00007ffd351a7000 	C:\PROGRA~1\BALLER~1\dependencies\jdk-17.0.7+7-jre\bin\jli.dll
0x00007ffd31830000 - 0x00007ffd31849000 	C:\PROGRA~1\BALLER~1\dependencies\jdk-17.0.7+7-jre\bin\VCRUNTIME140.dll
0x00007ffd57000000 - 0x00007ffd571ad000 	C:\WINDOWS\System32\USER32.dll
0x00007ffd56c00000 - 0x00007ffd56c26000 	C:\WINDOWS\System32\win32u.dll
0x00007ffd56d70000 - 0x00007ffd56d99000 	C:\WINDOWS\System32\GDI32.dll
0x00007ffd3d8f0000 - 0x00007ffd3db83000 	C:\WINDOWS\WinSxS\amd64_microsoft.windows.common-controls_6595b64144ccf1df_6.0.22621.2361_none_2712ced57382f843\COMCTL32.dll
0x00007ffd56920000 - 0x00007ffd56a38000 	C:\WINDOWS\System32\gdi32full.dll
0x00007ffd57430000 - 0x00007ffd574d7000 	C:\WINDOWS\System32\msvcrt.dll
0x00007ffd56a40000 - 0x00007ffd56ada000 	C:\WINDOWS\System32\msvcp_win.dll
0x00007ffd58930000 - 0x00007ffd58961000 	C:\WINDOWS\System32\IMM32.DLL
0x00007ffd43430000 - 0x00007ffd4343c000 	C:\PROGRA~1\BALLER~1\dependencies\jdk-17.0.7+7-jre\bin\vcruntime140_1.dll
0x00007ffd19060000 - 0x00007ffd190f1000 	C:\PROGRA~1\BALLER~1\dependencies\jdk-17.0.7+7-jre\bin\msvcp140.dll
0x00007ffd0de20000 - 0x00007ffd0ea68000 	C:\PROGRA~1\BALLER~1\dependencies\jdk-17.0.7+7-jre\bin\server\jvm.dll
0x00007ffd56c30000 - 0x00007ffd56ce0000 	C:\WINDOWS\System32\ADVAPI32.dll
0x00007ffd57680000 - 0x00007ffd57726000 	C:\WINDOWS\System32\sechost.dll
0x00007ffd56ee0000 - 0x00007ffd56ff7000 	C:\WINDOWS\System32\RPCRT4.dll
0x00007ffd3a060000 - 0x00007ffd3a069000 	C:\WINDOWS\SYSTEM32\WSOCK32.dll
0x00007ffd4f460000 - 0x00007ffd4f494000 	C:\WINDOWS\SYSTEM32\WINMM.dll
0x00007ffd4fb90000 - 0x00007ffd4fb9a000 	C:\WINDOWS\SYSTEM32\VERSION.dll
0x00007ffd56ce0000 - 0x00007ffd56d51000 	C:\WINDOWS\System32\WS2_32.dll
0x00007ffd55290000 - 0x00007ffd552a8000 	C:\WINDOWS\SYSTEM32\kernel.appcore.dll
0x00007ffd3ae40000 - 0x00007ffd3ae4a000 	C:\PROGRA~1\BALLER~1\dependencies\jdk-17.0.7+7-jre\bin\jimage.dll
0x00007ffd4da90000 - 0x00007ffd4dcbe000 	C:\WINDOWS\SYSTEM32\DBGHELP.DLL
0x00007ffd58300000 - 0x00007ffd5868a000 	C:\WINDOWS\System32\combase.dll
0x00007ffd58690000 - 0x00007ffd58767000 	C:\WINDOWS\System32\OLEAUT32.dll
0x00007ffd3b5a0000 - 0x00007ffd3b5d2000 	C:\WINDOWS\SYSTEM32\dbgcore.DLL
0x00007ffd56250000 - 0x00007ffd562ca000 	C:\WINDOWS\System32\bcryptPrimitives.dll
0x00007ffd1a6f0000 - 0x00007ffd1a715000 	C:\PROGRA~1\BALLER~1\dependencies\jdk-17.0.7+7-jre\bin\java.dll
0x00007ffd57aa0000 - 0x00007ffd582f8000 	C:\WINDOWS\System32\SHELL32.dll
0x00007ffd541b0000 - 0x00007ffd54aa2000 	C:\WINDOWS\SYSTEM32\windows.storage.dll
0x00007ffd54070000 - 0x00007ffd541ae000 	C:\WINDOWS\SYSTEM32\wintypes.dll
0x00007ffd57330000 - 0x00007ffd57423000 	C:\WINDOWS\System32\SHCORE.dll
0x00007ffd57780000 - 0x00007ffd577de000 	C:\WINDOWS\System32\shlwapi.dll
0x00007ffd56180000 - 0x00007ffd561a6000 	C:\WINDOWS\SYSTEM32\profapi.dll
0x00007ffd23980000 - 0x00007ffd23999000 	C:\Program Files\Ballerina\dependencies\jdk-17.0.7+7-jre\bin\net.dll
0x00007ffd4f6e0000 - 0x00007ffd4f817000 	C:\WINDOWS\SYSTEM32\WINHTTP.dll
0x00007ffd55780000 - 0x00007ffd557e9000 	C:\WINDOWS\system32\mswsock.dll
0x00007ffd20a00000 - 0x00007ffd20a15000 	C:\Program Files\Ballerina\dependencies\jdk-17.0.7+7-jre\bin\nio.dll
0x00007ffd1a6d0000 - 0x00007ffd1a6e8000 	C:\Program Files\Ballerina\dependencies\jdk-17.0.7+7-jre\bin\zip.dll
0x00007ffd54d80000 - 0x00007ffd54e79000 	C:\WINDOWS\SYSTEM32\DNSAPI.dll
0x00007ffd54d10000 - 0x00007ffd54d3d000 	C:\WINDOWS\SYSTEM32\IPHLPAPI.DLL
0x00007ffd56eb0000 - 0x00007ffd56eb9000 	C:\WINDOWS\System32\NSI.dll
0x00007ffd4d7d0000 - 0x00007ffd4d7da000 	C:\Windows\System32\rasadhlp.dll
0x00007ffd4d830000 - 0x00007ffd4d8b4000 	C:\WINDOWS\System32\fwpuclnt.dll
0x00007ffd36930000 - 0x00007ffd36939000 	C:\Program Files\Ballerina\dependencies\jdk-17.0.7+7-jre\bin\management.dll
0x00007ffd36620000 - 0x00007ffd3662b000 	C:\Program Files\Ballerina\dependencies\jdk-17.0.7+7-jre\bin\management_ext.dll
0x00007ffd56dc0000 - 0x00007ffd56dc8000 	C:\WINDOWS\System32\PSAPI.DLL
0x00007ffd55a50000 - 0x00007ffd55a6b000 	C:\WINDOWS\SYSTEM32\CRYPTSP.dll
0x00007ffd551f0000 - 0x00007ffd55225000 	C:\WINDOWS\system32\rsaenh.dll
0x00007ffd558f0000 - 0x00007ffd5591c000 	C:\WINDOWS\SYSTEM32\USERENV.dll
0x00007ffd55c10000 - 0x00007ffd55c38000 	C:\WINDOWS\SYSTEM32\bcrypt.dll
0x00007ffd55a70000 - 0x00007ffd55a7c000 	C:\WINDOWS\SYSTEM32\CRYPTBASE.dll
0x00007ffd4fba0000 - 0x00007ffd4fbb9000 	C:\WINDOWS\SYSTEM32\dhcpcsvc6.DLL
0x00007ffd4f600000 - 0x00007ffd4f61f000 	C:\WINDOWS\SYSTEM32\dhcpcsvc.DLL
0x00007ffd39640000 - 0x00007ffd39657000 	C:\WINDOWS\system32\napinsp.dll
0x00007ffd39620000 - 0x00007ffd3963b000 	C:\WINDOWS\system32\pnrpnsp.dll
0x00007ffd37530000 - 0x00007ffd37541000 	C:\WINDOWS\System32\winrnr.dll
0x00007ffd374c0000 - 0x00007ffd374e1000 	C:\WINDOWS\system32\nlansp_c.dll
0x00007ffd370d0000 - 0x00007ffd370e5000 	C:\WINDOWS\system32\wshbth.dll
0x00007ffd35b90000 - 0x00007ffd35ba0000 	C:\PROGRA~1\BALLER~1\dependencies\jdk-17.0.7+7-jre\bin\verify.dll

dbghelp: loaded successfully - version: 4.0.5 - missing functions: none
symbol engine: initialized successfully - sym options: 0x614 - pdb path: .;C:\PROGRA~1\BALLER~1\dependencies\jdk-17.0.7+7-jre\bin;C:\WINDOWS\SYSTEM32;C:\WINDOWS\WinSxS\amd64_microsoft.windows.common-controls_6595b64144ccf1df_6.0.22621.2361_none_2712ced57382f843;C:\PROGRA~1\BALLER~1\dependencies\jdk-17.0.7+7-jre\bin\server;C:\Program Files\Ballerina\dependencies\jdk-17.0.7+7-jre\bin

VM Arguments:
jvm_args: -Xbootclasspath/a: -Xms256m -Xmx1024m -XX:+HeapDumpOnOutOfMemoryError -Dcom.sun.management.jmxremote -Dballerina.home=C:\PROGRA~1\BALLER~1\DISTRI~1\BALLER~1.1\bin\.. -Dballerina.target=jvm -Djava.command=C:\PROGRA~1\BALLER~1\DISTRI~1\BALLER~1.1\bin\..\..\..\dependencies\jdk-17.0.7+7-jre\bin\java -Djava.opts= -Denable.nonblocking=false -Dfile.encoding=UTF8 -Dballerina.version=2201.8.1 
java_command: io.ballerina.cli.launcher.Main start-language-server
java_class_path (initial): .\bre\lib\bootstrap;;C:\PROGRA~1\BALLER~1\DISTRI~1\BALLER~1.1\bin\..\..\..\dependencies\jdk-17.0.7+7-jre\lib\tools.jar;C:\PROGRA~1\BALLER~1\DISTRI~1\BALLER~1.1\bin\..\bre\lib\annotations-2201.8.1.jar;C:\PROGRA~1\BALLER~1\DISTRI~1\BALLER~1.1\bin\..\bre\lib\architecture-model-generator-core-1.3.0.jar;C:\PROGRA~1\BALLER~1\DISTRI~1\BALLER~1.1\bin\..\bre\lib\architecture-model-generator-plugin-1.3.0.jar;C:\PROGRA~1\BALLER~1\DISTRI~1\BALLER~1.1\bin\..\bre\lib\array-2201.8.1.jar;C:\PROGRA~1\BALLER~1\DISTRI~1\BALLER~1.1\bin\..\bre\lib\asm-9.5.jar;C:\PROGRA~1\BALLER~1\DISTRI~1\BALLER~1.1\bin\..\bre\lib\asm-analysis-9.5.jar;C:\PROGRA~1\BALLER~1\DISTRI~1\BALLER~1.1\bin\..\bre\lib\asm-commons-9.5.jar;C:\PROGRA~1\BALLER~1\DISTRI~1\BALLER~1.1\bin\..\bre\lib\asm-tree-9.5.jar;C:\PROGRA~1\BALLER~1\DISTRI~1\BALLER~1.1\bin\..\bre\lib\asm-util-9.5.jar;C:\PROGRA~1\BALLER~1\DISTRI~1\BALLER~1.1\bin\..\bre\lib\asyncapi-cli-0.7.0.jar;C:\PROGRA~1\BALLER~1\DISTRI~1\BALLER~1.1\bin\..\bre\lib\atomikos-util-5.0.8.jar;C:\PROGRA~1\BALLER~1\DISTRI~1\BALLER~1.1\bin\..\bre\lib\axiom-api-1.4.0.jar;C:\PROGRA~1\BALLER~1\DISTRI~1\BALLER~1.1\bin\..\bre\lib\axiom-impl-1.4.0.jar;C:\PROGRA~1\BALLER~1\DISTRI~1\BALLER~1.1\bin\..\bre\lib\ballerina-bindgen-2201.8.1.jar;C:\PROGRA~1\BALLER~1\DISTRI~1\BALLER~1.1\bin\..\bre\lib\ballerina-cli-2201.8.1.jar;C:\PROGRA~1\BALLER~1\DISTRI~1\BALLER~1.1\bin\..\bre\lib\ballerina-io-internal-2201.8.1.jar;C:\PROGRA~1\BALLER~1\DISTRI~1\BALLER~1.1\bin\..\bre\lib\ballerina-lang-2201.8.1.jar;C:\PROGRA~1\BALLER~1\DISTRI~1\BALLER~1.1\bin\..\bre\lib\ballerina-linter-2201.8.1.jar;C:\PROGRA~1\BALLER~1\DISTRI~1\BALLER~1.1\bin\..\bre\lib\ballerina-metrics-extension-2201.8.1.jar;C:\PROGRA~1\BALLER~1\DISTRI~1\BALLER~1.1\bin\..\bre\lib\ballerina-parser-2201.8.1.jar;C:\PROGRA~1\BALLER~1\DISTRI~1\BALLER~1.1\bin\..\bre\lib\ballerina-profiler-1.0.jar;C:\PROGRA~1\BALLER~1\DISTRI~1\BALLER~1.1\bin\..\bre\lib\ballerina-rt-2201.8.1.jar;C:\PROGRA~1\BALLER~1\DISTRI~1\BALLER
Launcher Type: SUN_STANDARD

[Global flags]
     intx CICompilerCount                          = 4                                         {product} {ergonomic}
     uint ConcGCThreads                            = 3                                         {product} {ergonomic}
     uint G1ConcRefinementThreads                  = 10                                        {product} {ergonomic}
   size_t G1HeapRegionSize                         = 1048576                                   {product} {ergonomic}
    uintx GCDrainStackTargetSize                   = 64                                        {product} {ergonomic}
     bool HeapDumpOnOutOfMemoryError               = true                                   {manageable} {command line}
   size_t InitialHeapSize                          = 268435456                                 {product} {command line}
     bool ManagementServer                         = true                                      {product} {command line}
   size_t MarkStackSize                            = 4194304                                   {product} {ergonomic}
   size_t MaxHeapSize                              = 1073741824                                {product} {command line}
   size_t MaxNewSize                               = 643825664                                 {product} {ergonomic}
   size_t MinHeapDeltaBytes                        = 1048576                                   {product} {ergonomic}
   size_t MinHeapSize                              = 268435456                                 {product} {command line}
    uintx NonNMethodCodeHeapSize                   = 5839372                                {pd product} {ergonomic}
    uintx NonProfiledCodeHeapSize                  = 122909434                              {pd product} {ergonomic}
    uintx ProfiledCodeHeapSize                     = 122909434                              {pd product} {ergonomic}
    uintx ReservedCodeCacheSize                    = 251658240                              {pd product} {ergonomic}
     bool SegmentedCodeCache                       = true                                      {product} {ergonomic}
   size_t SoftMaxHeapSize                          = 1073741824                             {manageable} {ergonomic}
     bool UseCompressedClassPointers               = true                           {product lp64_product} {ergonomic}
     bool UseCompressedOops                        = true                           {product lp64_product} {ergonomic}
     bool UseG1GC                                  = true                                      {product} {ergonomic}
     bool UseLargePagesIndividualAllocation        = false                                  {pd product} {ergonomic}

Logging:
Log output configuration:
 #0: stdout all=warning uptime,level,tags
 #1: stderr all=off uptime,level,tags

Environment Variables:
JAVA_HOME=C:\PROGRA~1\BALLER~1\DISTRI~1\BALLER~1.1\bin\..\..\..\dependencies\jdk-17.0.7+7-jre
PATH=C:\WINDOWS\system32;C:\WINDOWS;C:\WINDOWS\System32\Wbem;C:\WINDOWS\System32\WindowsPowerShell\v1.0\;C:\WINDOWS\System32\OpenSSH\;C:\Program Files\dotnet\;C:\Program Files (x86)\NVIDIA Corporation\PhysX\Common;C:\Program Files\Ballerina\\bin;C:\Program Files\Git\cmd;C:\Users\kandj\AppData\Local\Microsoft\WindowsApps;C:\Users\kandj\AppData\Local\GitHubDesktop\bin;C:\Users\kandj\AppData\Local\Programs\Microsoft VS Code\bin;C:\Program Files\JetBrains\DataGrip 2023.2.2\bin;
USERNAME=User
OS=Windows_NT
PROCESSOR_IDENTIFIER=Intel64 Family 6 Model 158 Stepping 10, GenuineIntel
TMP=C:\Users\kandj\AppData\Local\Temp
TEMP=C:\Users\kandj\AppData\Local\Temp



---------------  S Y S T E M  ---------------

OS:
 Windows 11 , 64 bit Build 22621 (10.0.22621.2428)
OS uptime: 0 days 5:23 hours

CPU: total 12 (initial active 12) (6 cores per cpu, 2 threads per core) family 6 model 158 stepping 10 microcode 0xde, cx8, cmov, fxsr, ht, mmx, 3dnowpref, sse, sse2, sse3, ssse3, sse4.1, sse4.2, popcnt, lzcnt, tsc, tscinvbit, avx, avx2, aes, erms, clmul, bmi1, bmi2, adx, fma, vzeroupper, clflush, clflushopt

Memory: 4k page, system-wide physical 32605M (17786M free)
TotalPageFile size 37469M (AvailPageFile size 14382M)
current process WorkingSet (physical memory assigned to process): 161M, peak: 165M
current process commit charge ("private bytes"): 402M, peak: 407M

vm_info: OpenJDK 64-Bit Server VM (17.0.7+7) for windows-amd64 JRE (17.0.7+7), built on Apr 18 2023 22:10:42 by "temurin" with MS VC++ 16.7 (VS2019)

END.
