#
# A fatal error has been detected by the Java Runtime Environment:
#
#  Internal Error (c1_LIR.cpp:910), pid=10325, tid=10339
#  Error: ShouldNotReachHere()
#
# JRE version: OpenJDK Runtime Environment Temurin-17.0.7+7 (17.0.7+7) (build 17.0.7+7)
# Java VM: OpenJDK 64-Bit Server VM Temurin-17.0.7+7 (17.0.7+7, mixed mode, tiered, compressed oops, compressed class ptrs, g1 gc, linux-amd64)
# Problematic frame:
# V  [libjvm.so+0x49386e]  LIR_OpVisitState::visit(LIR_Op*)+0x23e
#
# Core dump will be written. Default location: Core dumps may be processed with "/usr/share/apport/apport -p%p -s%s -c%c -d%d -P%P -u%u -g%g -- %E" (or dumping to /home/n3on/Documents/DSA_ASS_2/core.10325)
#
# If you would like to submit a bug report, please visit:
#   https://github.com/adoptium/adoptium-support/issues
#

---------------  S U M M A R Y ------------

Command Line: -Xbootclasspath/a: -Xms256m -Xmx1024m -XX:+HeapDumpOnOutOfMemoryError -Dballerina.home=/usr/lib/ballerina/distributions/ballerina-2201.8.0 -Dballerina.version=2201.8.0 -Denable.nonblocking=false -Djava.security.egd=file:/dev/./urandom -Dfile.encoding=UTF8 -Dballerina.target=jvm -Djava.command=/usr/lib/ballerina/bin/../distributions/ballerina-2201.8.0/../../dependencies/jdk-17.0.7+7-jre/bin/java io.ballerina.cli.launcher.Main start-language-server

Host: Intel(R) Core(TM) i7-9750H CPU @ 2.60GHz, 12 cores, 31G, Ubuntu 22.04.3 LTS
Time: Fri Oct 20 10:25:57 2023 CAT elapsed time: 2.087718 seconds (0d 0h 0m 2s)

---------------  T H R E A D  ---------------

Current thread (0x00007f058c202b50):  JavaThread "C1 CompilerThread0" daemon [_thread_in_native, id=10339, stack(0x00007f0565300000,0x00007f0565400000)]


Current CompileTask:
C1:   2087 1819       3       jdk.internal.org.objectweb.asm.MethodWriter::putFrame (549 bytes)

Stack: [0x00007f0565300000,0x00007f0565400000],  sp=0x00007f05653fde60,  free space=1015k
Native frames: (J=compiled Java code, j=interpreted, Vv=VM code, C=native code)
V  [libjvm.so+0x49386e]  LIR_OpVisitState::visit(LIR_Op*)+0x23e
V  [libjvm.so+0x4e2509]  LinearScan::assign_reg_num(GrowableArray<LIR_Op*>*, IntervalWalker*)+0x159
V  [libjvm.so+0x4e68a6]  LinearScan::do_linear_scan()+0xf6
V  [libjvm.so+0x468460]  Compilation::emit_lir()+0x580
V  [libjvm.so+0x46948c]  Compilation::compile_java_method()+0x25c
V  [libjvm.so+0x46975a]  Compilation::compile_method()+0x10a
V  [libjvm.so+0x469b33]  Compilation::Compilation(AbstractCompiler*, ciEnv*, ciMethod*, int, BufferBlob*, bool, DirectiveSet*)+0x203
V  [libjvm.so+0x46a590]  Compiler::compile_method(ciEnv*, ciMethod*, int, bool, DirectiveSet*)+0xb0
V  [libjvm.so+0x5de072]  CompileBroker::invoke_compiler_on_method(CompileTask*)+0xef2
V  [libjvm.so+0x5ded18]  CompileBroker::compiler_thread_loop()+0x508
V  [libjvm.so+0xe62564]  JavaThread::thread_main_inner()+0x184
V  [libjvm.so+0xe65c10]  Thread::call_run()+0xc0
V  [libjvm.so+0xc1aa21]  thread_native_entry(Thread*)+0xe1

Register to memory mapping:

RAX=0x00007f0592ec9000 points into unknown readable memory: 0x0000000000000058 | 58 00 00 00 00 00 00 00
RBX=0x00007f05653fe060 is pointing into the stack for thread: 0x00007f058c202b50
RCX=0x0000000000000018 is an unknown value
RDX=0x00007f0591c924e0: <offset 0x00000000004924e0> in /usr/lib/ballerina/dependencies/jdk-17.0.7+7-jre/lib/server/libjvm.so at 0x00007f0591800000
RSP=0x00007f05653fde60 is pointing into the stack for thread: 0x00007f058c202b50
RBP=0x00007f05653fde80 is pointing into the stack for thread: 0x00007f058c202b50
RSI=0x000000000000038e is an unknown value
RDI=0x00007f059278c1c0: <offset 0x0000000000f8c1c0> in /usr/lib/ballerina/dependencies/jdk-17.0.7+7-jre/lib/server/libjvm.so at 0x00007f0591800000
R8 =0xfffffffffffffffe is an unknown value
R9 =0x000000000000001d is an unknown value
R10=0x0000000000000003 is an unknown value
R11=0x0000000000000002 is an unknown value
R12=0x00007f05653fdef0 is pointing into the stack for thread: 0x00007f058c202b50
R13=0x00007f05040a3460 points into unknown readable memory: 0x00007f0592a04d50 | 50 4d a0 92 05 7f 00 00
R14=0x00007f05040a55c0 points into unknown readable memory: 0x00007f05653fe540 | 40 e5 3f 65 05 7f 00 00
R15=0x0000000000000672 is an unknown value


Registers:
RAX=0x00007f0592ec9000, RBX=0x00007f05653fe060, RCX=0x0000000000000018, RDX=0x00007f0591c924e0
RSP=0x00007f05653fde60, RBP=0x00007f05653fde80, RSI=0x000000000000038e, RDI=0x00007f059278c1c0
R8 =0xfffffffffffffffe, R9 =0x000000000000001d, R10=0x0000000000000003, R11=0x0000000000000002
R12=0x00007f05653fdef0, R13=0x00007f05040a3460, R14=0x00007f05040a55c0, R15=0x0000000000000672
RIP=0x00007f0591c9386e, EFLAGS=0x0000000000010246, CSGSFS=0x002b000000000033, ERR=0x0000000000000006
  TRAPNO=0x000000000000000e

Top of Stack: (sp=0x00007f05653fde60)
0x00007f05653fde60:   00007f05653fe060 0000000000000000
0x00007f05653fde70:   0000000000000000 00007f05040a55c0
0x00007f05653fde80:   00007f05653fe160 00007f0591ce2509
0x00007f05653fde90:   0000000000000015 00007f0534317ad0 

Instructions: (pc=0x00007f0591c9386e)
0x00007f0591c9376e:   02 00 00 01 00 00 00 49 89 84 24 18 02 00 00 41
0x00007f0591c9377e:   8b 45 38 83 e0 07 83 f8 07 74 0c 49 8d 75 38 4c
0x00007f0591c9378e:   89 e7 e8 cb ef ff ff 41 8b 45 40 83 e0 07 83 f8
0x00007f0591c9379e:   07 74 0c 49 8d 75 40 4c 89 e7 e8 b3 ef ff ff 41
0x00007f0591c937ae:   8b 45 50 83 e0 07 83 f8 07 74 11 49 8d 75 50 ba
0x00007f0591c937be:   01 00 00 00 4c 89 e7 e8 c6 62 00 00 41 8b 45 08
0x00007f0591c937ce:   83 e0 07 83 f8 07 74 11 49 8d 75 08 ba 02 00 00
0x00007f0591c937de:   00 4c 89 e7 e8 a9 62 00 00 41 0f b7 45 10 83 e8
0x00007f0591c937ee:   3e 83 f8 01 0f 87 5b ff ff ff 41 8b 45 38 83 e0
0x00007f0591c937fe:   07 83 f8 07 74 11 49 8d 75 38 ba 01 00 00 00 4c
0x00007f0591c9380e:   89 e7 e8 7b 62 00 00 41 8b 45 40 49 8d 75 40 83
0x00007f0591c9381e:   e0 07 83 f8 07 0f 84 2a ff ff ff ba 01 00 00 00
0x00007f0591c9382e:   5b 4c 89 e7 41 5c 41 5d 41 5e 5d e9 52 62 00 00
0x00007f0591c9383e:   66 90 49 8b 45 00 48 8d 15 95 ec ff ff 48 8b 40
0x00007f0591c9384e:   08 48 39 d0 0f 85 10 1b 00 00 48 8d 05 e9 8a e2
0x00007f0591c9385e:   00 be 8e 03 00 00 48 8d 3d 55 89 af 00 48 8b 00
0x00007f0591c9386e:   c6 00 58 e8 ba 56 17 00 5b 41 5c 41 5d 41 5e 5d
0x00007f0591c9387e:   e9 2d 1c 78 00 0f 1f 44 00 00 49 8b 45 18 48 85
0x00007f0591c9388e:   c0 74 14 41 c7 84 24 10 02 00 00 01 00 00 00 49
0x00007f0591c9389e:   89 84 24 18 02 00 00 41 8b 45 30 83 e0 07 83 f8
0x00007f0591c938ae:   07 74 0f 49 8d 75 30 4c 89 e7 e8 a3 ee ff ff 0f
0x00007f0591c938be:   1f 00 41 8b 45 08 83 e0 07 83 f8 07 0f 84 83 fe
0x00007f0591c938ce:   ff ff 5b 49 8d 75 08 4c 89 e7 ba 02 00 00 00 41
0x00007f0591c938de:   5c 41 5d 41 5e 5d e9 a7 61 00 00 0f 1f 80 00 00
0x00007f0591c938ee:   00 00 49 8b 45 18 48 85 c0 74 c7 41 c7 84 24 10
0x00007f0591c938fe:   02 00 00 01 00 00 00 49 89 84 24 18 02 00 00 eb
0x00007f0591c9390e:   b1 90 49 8b 45 00 4c 89 ef ff 50 38 49 89 c5 8b
0x00007f0591c9391e:   40 48 83 e0 07 83 f8 07 74 13 49 8d 75 48 4c 89
0x00007f0591c9392e:   e7 e8 2c ee ff ff 41 8b 45 48 83 e0 07 49 8b 55
0x00007f0591c9393e:   38 83 f8 07 40 0f 95 c7 40 0f 95 c6 8b 0a 40 0f
0x00007f0591c9394e:   b6 ff 39 f9 0f 8e 48 0e 00 00 83 e9 01 40 0f b6
0x00007f0591c9395e:   f6 29 f9 48 8d 04 f5 00 00 00 00 48 8d 74 0e 01 


Stack slot to memory mapping:
stack at sp + 0 slots: 0x00007f05653fe060 is pointing into the stack for thread: 0x00007f058c202b50
stack at sp + 1 slots: 0x0 is NULL
stack at sp + 2 slots: 0x0 is NULL
stack at sp + 3 slots: 0x00007f05040a55c0 points into unknown readable memory: 0x00007f05653fe540 | 40 e5 3f 65 05 7f 00 00
stack at sp + 4 slots: 0x00007f05653fe160 is pointing into the stack for thread: 0x00007f058c202b50
stack at sp + 5 slots: 0x00007f0591ce2509: <offset 0x00000000004e2509> in /usr/lib/ballerina/dependencies/jdk-17.0.7+7-jre/lib/server/libjvm.so at 0x00007f0591800000
stack at sp + 6 slots: 0x0000000000000015 is an unknown value
stack at sp + 7 slots: 0x00007f0534317ad0 points into unknown readable memory: 0x00007f0592a058f0 | f0 58 a0 92 05 7f 00 00


---------------  P R O C E S S  ---------------

Threads class SMR info:
_java_thread_list=0x00007f052808aba0, length=18, elements={
0x00007f058c029570, 0x00007f058c1d4a70, 0x00007f058c1d6080, 0x00007f058c20a1b0,
0x00007f058c20b560, 0x00007f058c1ffd00, 0x00007f058c201670, 0x00007f058c202b50,
0x00007f058c203fc0, 0x00007f058c290870, 0x00007f058c29c160, 0x00007f0534278450,
0x00007f058ccac440, 0x00007f0508001260, 0x00007f050807b4a0, 0x00007f05041faca0,
0x00007f04fc0072c0, 0x00007f0528104110
}

Java Threads: ( => current thread )
  0x00007f058c029570 JavaThread "main" [_thread_blocked, id=10326, stack(0x00007f0591619000,0x00007f0591719000)]
  0x00007f058c1d4a70 JavaThread "Reference Handler" daemon [_thread_blocked, id=10333, stack(0x00007f0565f00000,0x00007f0566000000)]
  0x00007f058c1d6080 JavaThread "Finalizer" daemon [_thread_blocked, id=10334, stack(0x00007f0565e00000,0x00007f0565f00000)]
  0x00007f058c20a1b0 JavaThread "Signal Dispatcher" daemon [_thread_blocked, id=10335, stack(0x00007f0565700000,0x00007f0565800000)]
  0x00007f058c20b560 JavaThread "Service Thread" daemon [_thread_blocked, id=10336, stack(0x00007f0565600000,0x00007f0565700000)]
  0x00007f058c1ffd00 JavaThread "Monitor Deflation Thread" daemon [_thread_blocked, id=10337, stack(0x00007f0565500000,0x00007f0565600000)]
  0x00007f058c201670 JavaThread "C2 CompilerThread0" daemon [_thread_in_native, id=10338, stack(0x00007f0565400000,0x00007f0565500000)]
=>0x00007f058c202b50 JavaThread "C1 CompilerThread0" daemon [_thread_in_native, id=10339, stack(0x00007f0565300000,0x00007f0565400000)]
  0x00007f058c203fc0 JavaThread "Sweeper thread" daemon [_thread_blocked, id=10340, stack(0x00007f0565200000,0x00007f0565300000)]
  0x00007f058c290870 JavaThread "Notification Thread" daemon [_thread_blocked, id=10341, stack(0x00007f0565100000,0x00007f0565200000)]
  0x00007f058c29c160 JavaThread "Common-Cleaner" daemon [_thread_blocked, id=10343, stack(0x00007f0564efe000,0x00007f0564ffe000)]
  0x00007f0534278450 JavaThread "C2 CompilerThread1" daemon [_thread_blocked, id=10351, stack(0x00007f0564dfe000,0x00007f0564efe000)]
  0x00007f058ccac440 JavaThread "pool-1-thread-1" [_thread_in_native, id=10353, stack(0x00007f05645f2000,0x00007f05646f2000)]
  0x00007f0508001260 JavaThread "ForkJoinPool.commonPool-worker-1" daemon [_thread_in_native, id=10354, stack(0x00007f05646f2000,0x00007f05647f2000)]
  0x00007f050807b4a0 JavaThread "ForkJoinPool.commonPool-worker-2" daemon [_thread_in_vm, id=10355, stack(0x00007f05644f2000,0x00007f05645f2000)]
  0x00007f05041faca0 JavaThread "ForkJoinPool.commonPool-worker-3" daemon [_thread_blocked, id=10356, stack(0x00007f05643f2000,0x00007f05644f2000)]
  0x00007f04fc0072c0 JavaThread "ForkJoinPool.commonPool-worker-4" daemon [_thread_blocked, id=10357, stack(0x00007f05642f2000,0x00007f05643f2000)]
  0x00007f0528104110 JavaThread "C2 CompilerThread2" daemon [_thread_blocked, id=10359, stack(0x00007f05641f2000,0x00007f05642f2000)]

Other Threads:
  0x00007f058c1c55e0 VMThread "VM Thread" [stack: 0x00007f05740d6000,0x00007f05741d6000] [id=10332]
  0x00007f058c2921f0 WatcherThread [stack: 0x00007f0565000000,0x00007f0565100000] [id=10342]
  0x00007f058c067df0 GCTaskThread "GC Thread#0" [stack: 0x00007f0590339000,0x00007f0590439000] [id=10327]
  0x00007f05540065b0 GCTaskThread "GC Thread#1" [stack: 0x00007f0564cfe000,0x00007f0564dfe000] [id=10345]
  0x00007f0554006fe0 GCTaskThread "GC Thread#2" [stack: 0x00007f0564bfc000,0x00007f0564cfc000] [id=10346]
  0x00007f0554007a10 GCTaskThread "GC Thread#3" [stack: 0x00007f0564afa000,0x00007f0564bfa000] [id=10347]
  0x00007f0554008440 GCTaskThread "GC Thread#4" [stack: 0x00007f05649f8000,0x00007f0564af8000] [id=10348]
  0x00007f0554008e70 GCTaskThread "GC Thread#5" [stack: 0x00007f05648f6000,0x00007f05649f6000] [id=10349]
  0x00007f055400c530 GCTaskThread "GC Thread#6" [stack: 0x00007f05640f2000,0x00007f05641f2000] [id=10360]
  0x00007f055400e910 GCTaskThread "GC Thread#7" [stack: 0x00007f04f3f00000,0x00007f04f4000000] [id=10361]
  0x00007f055400f700 GCTaskThread "GC Thread#8" [stack: 0x00007f04f3dfe000,0x00007f04f3efe000] [id=10362]
  0x00007f0554010520 GCTaskThread "GC Thread#9" [stack: 0x00007f04f3cfc000,0x00007f04f3dfc000] [id=10363]
  0x00007f058c071390 ConcurrentGCThread "G1 Main Marker" [stack: 0x00007f0590237000,0x00007f0590337000] [id=10328]
  0x00007f058c072280 ConcurrentGCThread "G1 Conc#0" [stack: 0x00007f0590135000,0x00007f0590235000] [id=10329]
  0x00007f058c147f70 ConcurrentGCThread "G1 Refine#0" [stack: 0x00007f05743f7000,0x00007f05744f7000] [id=10330]
  0x00007f0560000eb0 ConcurrentGCThread "G1 Refine#1" [stack: 0x00007f05647f4000,0x00007f05648f4000] [id=10350]
  0x00007f058c148e60 ConcurrentGCThread "G1 Service" [stack: 0x00007f05742f5000,0x00007f05743f5000] [id=10331]

Threads with active compile tasks:
C2 CompilerThread0     2099 1747       4       jdk.internal.org.objectweb.asm.Frame::execute (2305 bytes)
C1 CompilerThread0     2099 1819       3       jdk.internal.org.objectweb.asm.MethodWriter::putFrame (549 bytes)

VM state: not at safepoint (normal execution)

VM Mutex/Monitor currently owned by a thread: None

Heap address: 0x00000000c0000000, size: 1024 MB, Compressed Oops mode: 32-bit

CDS archive(s) not mapped
Compressed class space mapped at: 0x0000000100000000-0x0000000140000000, reserved size: 1073741824
Narrow klass base: 0x0000000000000000, Narrow klass shift: 3, Narrow klass range: 0x140000000

GC Precious Log:
 CPUs: 12 total, 12 available
 Memory: 31923M
 Large Page Support: Disabled
 NUMA Support: Disabled
 Compressed Oops: Enabled (32-bit)
 Heap Region Size: 1M
 Heap Min Capacity: 256M
 Heap Initial Capacity: 256M
 Heap Max Capacity: 1G
 Pre-touch: Disabled
 Parallel Workers: 10
 Concurrent Workers: 3
 Concurrent Refinement Workers: 10
 Periodic GC: Disabled

Heap:
 garbage-first heap   total 262144K, used 17402K [0x00000000c0000000, 0x0000000100000000)
  region size 1024K, 7 young (7168K), 3 survivors (3072K)
 Metaspace       used 21313K, committed 21504K, reserved 1114112K
  class space    used 2143K, committed 2240K, reserved 1048576K

Heap Regions: E=young(eden), S=young(survivor), O=old, HS=humongous(starts), HC=humongous(continues), CS=collection set, F=free, OA=open archive, CA=closed archive, TAMS=top-at-mark-start (previous, next)
|   0|0x00000000c0000000, 0x00000000c0100000, 0x00000000c0100000|100%|HS|  |TAMS 0x00000000c0000000, 0x00000000c0000000| Complete 
|   1|0x00000000c0100000, 0x00000000c0200000, 0x00000000c0200000|100%|HS|  |TAMS 0x00000000c0100000, 0x00000000c0100000| Complete 
|   2|0x00000000c0200000, 0x00000000c0300000, 0x00000000c0300000|100%|HS|  |TAMS 0x00000000c0200000, 0x00000000c0200000| Complete 
|   3|0x00000000c0300000, 0x00000000c0400000, 0x00000000c0400000|100%|HS|  |TAMS 0x00000000c0300000, 0x00000000c0300000| Complete 
|   4|0x00000000c0400000, 0x00000000c0500000, 0x00000000c0500000|100%| O|  |TAMS 0x00000000c0400000, 0x00000000c0400000| Untracked 
|   5|0x00000000c0500000, 0x00000000c0600000, 0x00000000c0600000|100%| O|  |TAMS 0x00000000c0500000, 0x00000000c0500000| Untracked 
|   6|0x00000000c0600000, 0x00000000c0700000, 0x00000000c0700000|100%| O|  |TAMS 0x00000000c0600000, 0x00000000c0600000| Untracked 
|   7|0x00000000c0700000, 0x00000000c0800000, 0x00000000c0800000|100%| O|  |TAMS 0x00000000c0700000, 0x00000000c0700000| Untracked 
|   8|0x00000000c0800000, 0x00000000c0900000, 0x00000000c0900000|100%| O|  |TAMS 0x00000000c0800000, 0x00000000c0800000| Untracked 
|   9|0x00000000c0900000, 0x00000000c0a00000, 0x00000000c0a00000|100%| O|  |TAMS 0x00000000c0900000, 0x00000000c0900000| Untracked 
|  10|0x00000000c0a00000, 0x00000000c0b00000, 0x00000000c0b00000|100%| O|  |TAMS 0x00000000c0a00000, 0x00000000c0a00000| Untracked 
|  11|0x00000000c0b00000, 0x00000000c0b33000, 0x00000000c0c00000| 19%| O|  |TAMS 0x00000000c0b00000, 0x00000000c0b00000| Untracked 
|  12|0x00000000c0c00000, 0x00000000c0d00000, 0x00000000c0d00000|100%|HS|  |TAMS 0x00000000c0c00000, 0x00000000c0c00000| Complete 
|  13|0x00000000c0d00000, 0x00000000c0d00000, 0x00000000c0e00000|  0%| F|  |TAMS 0x00000000c0d00000, 0x00000000c0d00000| Untracked 
|  14|0x00000000c0e00000, 0x00000000c0e00000, 0x00000000c0f00000|  0%| F|  |TAMS 0x00000000c0e00000, 0x00000000c0e00000| Untracked 
|  15|0x00000000c0f00000, 0x00000000c0f00000, 0x00000000c1000000|  0%| F|  |TAMS 0x00000000c0f00000, 0x00000000c0f00000| Untracked 
|  16|0x00000000c1000000, 0x00000000c1000000, 0x00000000c1100000|  0%| F|  |TAMS 0x00000000c1000000, 0x00000000c1000000| Untracked 
|  17|0x00000000c1100000, 0x00000000c1100000, 0x00000000c1200000|  0%| F|  |TAMS 0x00000000c1100000, 0x00000000c1100000| Untracked 
|  18|0x00000000c1200000, 0x00000000c1200000, 0x00000000c1300000|  0%| F|  |TAMS 0x00000000c1200000, 0x00000000c1200000| Untracked 
|  19|0x00000000c1300000, 0x00000000c1300000, 0x00000000c1400000|  0%| F|  |TAMS 0x00000000c1300000, 0x00000000c1300000| Untracked 
|  20|0x00000000c1400000, 0x00000000c1400000, 0x00000000c1500000|  0%| F|  |TAMS 0x00000000c1400000, 0x00000000c1400000| Untracked 
|  21|0x00000000c1500000, 0x00000000c1500000, 0x00000000c1600000|  0%| F|  |TAMS 0x00000000c1500000, 0x00000000c1500000| Untracked 
|  22|0x00000000c1600000, 0x00000000c1600000, 0x00000000c1700000|  0%| F|  |TAMS 0x00000000c1600000, 0x00000000c1600000| Untracked 
|  23|0x00000000c1700000, 0x00000000c1700000, 0x00000000c1800000|  0%| F|  |TAMS 0x00000000c1700000, 0x00000000c1700000| Untracked 
|  24|0x00000000c1800000, 0x00000000c1800000, 0x00000000c1900000|  0%| F|  |TAMS 0x00000000c1800000, 0x00000000c1800000| Untracked 
|  25|0x00000000c1900000, 0x00000000c1900000, 0x00000000c1a00000|  0%| F|  |TAMS 0x00000000c1900000, 0x00000000c1900000| Untracked 
|  26|0x00000000c1a00000, 0x00000000c1a00000, 0x00000000c1b00000|  0%| F|  |TAMS 0x00000000c1a00000, 0x00000000c1a00000| Untracked 
|  27|0x00000000c1b00000, 0x00000000c1b00000, 0x00000000c1c00000|  0%| F|  |TAMS 0x00000000c1b00000, 0x00000000c1b00000| Untracked 
|  28|0x00000000c1c00000, 0x00000000c1c00000, 0x00000000c1d00000|  0%| F|  |TAMS 0x00000000c1c00000, 0x00000000c1c00000| Untracked 
|  29|0x00000000c1d00000, 0x00000000c1d00000, 0x00000000c1e00000|  0%| F|  |TAMS 0x00000000c1d00000, 0x00000000c1d00000| Untracked 
|  30|0x00000000c1e00000, 0x00000000c1e00000, 0x00000000c1f00000|  0%| F|  |TAMS 0x00000000c1e00000, 0x00000000c1e00000| Untracked 
|  31|0x00000000c1f00000, 0x00000000c1f00000, 0x00000000c2000000|  0%| F|  |TAMS 0x00000000c1f00000, 0x00000000c1f00000| Untracked 
|  32|0x00000000c2000000, 0x00000000c2000000, 0x00000000c2100000|  0%| F|  |TAMS 0x00000000c2000000, 0x00000000c2000000| Untracked 
|  33|0x00000000c2100000, 0x00000000c2100000, 0x00000000c2200000|  0%| F|  |TAMS 0x00000000c2100000, 0x00000000c2100000| Untracked 
|  34|0x00000000c2200000, 0x00000000c2200000, 0x00000000c2300000|  0%| F|  |TAMS 0x00000000c2200000, 0x00000000c2200000| Untracked 
|  35|0x00000000c2300000, 0x00000000c2300000, 0x00000000c2400000|  0%| F|  |TAMS 0x00000000c2300000, 0x00000000c2300000| Untracked 
|  36|0x00000000c2400000, 0x00000000c2400000, 0x00000000c2500000|  0%| F|  |TAMS 0x00000000c2400000, 0x00000000c2400000| Untracked 
|  37|0x00000000c2500000, 0x00000000c2500000, 0x00000000c2600000|  0%| F|  |TAMS 0x00000000c2500000, 0x00000000c2500000| Untracked 
|  38|0x00000000c2600000, 0x00000000c2600000, 0x00000000c2700000|  0%| F|  |TAMS 0x00000000c2600000, 0x00000000c2600000| Untracked 
|  39|0x00000000c2700000, 0x00000000c2700000, 0x00000000c2800000|  0%| F|  |TAMS 0x00000000c2700000, 0x00000000c2700000| Untracked 
|  40|0x00000000c2800000, 0x00000000c2800000, 0x00000000c2900000|  0%| F|  |TAMS 0x00000000c2800000, 0x00000000c2800000| Untracked 
|  41|0x00000000c2900000, 0x00000000c2900000, 0x00000000c2a00000|  0%| F|  |TAMS 0x00000000c2900000, 0x00000000c2900000| Untracked 
|  42|0x00000000c2a00000, 0x00000000c2a00000, 0x00000000c2b00000|  0%| F|  |TAMS 0x00000000c2a00000, 0x00000000c2a00000| Untracked 
|  43|0x00000000c2b00000, 0x00000000c2b00000, 0x00000000c2c00000|  0%| F|  |TAMS 0x00000000c2b00000, 0x00000000c2b00000| Untracked 
|  44|0x00000000c2c00000, 0x00000000c2c00000, 0x00000000c2d00000|  0%| F|  |TAMS 0x00000000c2c00000, 0x00000000c2c00000| Untracked 
|  45|0x00000000c2d00000, 0x00000000c2d00000, 0x00000000c2e00000|  0%| F|  |TAMS 0x00000000c2d00000, 0x00000000c2d00000| Untracked 
|  46|0x00000000c2e00000, 0x00000000c2e00000, 0x00000000c2f00000|  0%| F|  |TAMS 0x00000000c2e00000, 0x00000000c2e00000| Untracked 
|  47|0x00000000c2f00000, 0x00000000c2f00000, 0x00000000c3000000|  0%| F|  |TAMS 0x00000000c2f00000, 0x00000000c2f00000| Untracked 
|  48|0x00000000c3000000, 0x00000000c3000000, 0x00000000c3100000|  0%| F|  |TAMS 0x00000000c3000000, 0x00000000c3000000| Untracked 
|  49|0x00000000c3100000, 0x00000000c3100000, 0x00000000c3200000|  0%| F|  |TAMS 0x00000000c3100000, 0x00000000c3100000| Untracked 
|  50|0x00000000c3200000, 0x00000000c3200000, 0x00000000c3300000|  0%| F|  |TAMS 0x00000000c3200000, 0x00000000c3200000| Untracked 
|  51|0x00000000c3300000, 0x00000000c3300000, 0x00000000c3400000|  0%| F|  |TAMS 0x00000000c3300000, 0x00000000c3300000| Untracked 
|  52|0x00000000c3400000, 0x00000000c3400000, 0x00000000c3500000|  0%| F|  |TAMS 0x00000000c3400000, 0x00000000c3400000| Untracked 
|  53|0x00000000c3500000, 0x00000000c3500000, 0x00000000c3600000|  0%| F|  |TAMS 0x00000000c3500000, 0x00000000c3500000| Untracked 
|  54|0x00000000c3600000, 0x00000000c3600000, 0x00000000c3700000|  0%| F|  |TAMS 0x00000000c3600000, 0x00000000c3600000| Untracked 
|  55|0x00000000c3700000, 0x00000000c3700000, 0x00000000c3800000|  0%| F|  |TAMS 0x00000000c3700000, 0x00000000c3700000| Untracked 
|  56|0x00000000c3800000, 0x00000000c3800000, 0x00000000c3900000|  0%| F|  |TAMS 0x00000000c3800000, 0x00000000c3800000| Untracked 
|  57|0x00000000c3900000, 0x00000000c3900000, 0x00000000c3a00000|  0%| F|  |TAMS 0x00000000c3900000, 0x00000000c3900000| Untracked 
|  58|0x00000000c3a00000, 0x00000000c3a00000, 0x00000000c3b00000|  0%| F|  |TAMS 0x00000000c3a00000, 0x00000000c3a00000| Untracked 
|  59|0x00000000c3b00000, 0x00000000c3b00000, 0x00000000c3c00000|  0%| F|  |TAMS 0x00000000c3b00000, 0x00000000c3b00000| Untracked 
|  60|0x00000000c3c00000, 0x00000000c3c00000, 0x00000000c3d00000|  0%| F|  |TAMS 0x00000000c3c00000, 0x00000000c3c00000| Untracked 
|  61|0x00000000c3d00000, 0x00000000c3d00000, 0x00000000c3e00000|  0%| F|  |TAMS 0x00000000c3d00000, 0x00000000c3d00000| Untracked 
|  62|0x00000000c3e00000, 0x00000000c3e00000, 0x00000000c3f00000|  0%| F|  |TAMS 0x00000000c3e00000, 0x00000000c3e00000| Untracked 
|  63|0x00000000c3f00000, 0x00000000c3f00000, 0x00000000c4000000|  0%| F|  |TAMS 0x00000000c3f00000, 0x00000000c3f00000| Untracked 
|  64|0x00000000c4000000, 0x00000000c4000000, 0x00000000c4100000|  0%| F|  |TAMS 0x00000000c4000000, 0x00000000c4000000| Untracked 
|  65|0x00000000c4100000, 0x00000000c4100000, 0x00000000c4200000|  0%| F|  |TAMS 0x00000000c4100000, 0x00000000c4100000| Untracked 
|  66|0x00000000c4200000, 0x00000000c4200000, 0x00000000c4300000|  0%| F|  |TAMS 0x00000000c4200000, 0x00000000c4200000| Untracked 
|  67|0x00000000c4300000, 0x00000000c4300000, 0x00000000c4400000|  0%| F|  |TAMS 0x00000000c4300000, 0x00000000c4300000| Untracked 
|  68|0x00000000c4400000, 0x00000000c4400000, 0x00000000c4500000|  0%| F|  |TAMS 0x00000000c4400000, 0x00000000c4400000| Untracked 
|  69|0x00000000c4500000, 0x00000000c4500000, 0x00000000c4600000|  0%| F|  |TAMS 0x00000000c4500000, 0x00000000c4500000| Untracked 
|  70|0x00000000c4600000, 0x00000000c4600000, 0x00000000c4700000|  0%| F|  |TAMS 0x00000000c4600000, 0x00000000c4600000| Untracked 
|  71|0x00000000c4700000, 0x00000000c4700000, 0x00000000c4800000|  0%| F|  |TAMS 0x00000000c4700000, 0x00000000c4700000| Untracked 
|  72|0x00000000c4800000, 0x00000000c4800000, 0x00000000c4900000|  0%| F|  |TAMS 0x00000000c4800000, 0x00000000c4800000| Untracked 
|  73|0x00000000c4900000, 0x00000000c4900000, 0x00000000c4a00000|  0%| F|  |TAMS 0x00000000c4900000, 0x00000000c4900000| Untracked 
|  74|0x00000000c4a00000, 0x00000000c4a00000, 0x00000000c4b00000|  0%| F|  |TAMS 0x00000000c4a00000, 0x00000000c4a00000| Untracked 
|  75|0x00000000c4b00000, 0x00000000c4b00000, 0x00000000c4c00000|  0%| F|  |TAMS 0x00000000c4b00000, 0x00000000c4b00000| Untracked 
|  76|0x00000000c4c00000, 0x00000000c4c00000, 0x00000000c4d00000|  0%| F|  |TAMS 0x00000000c4c00000, 0x00000000c4c00000| Untracked 
|  77|0x00000000c4d00000, 0x00000000c4d00000, 0x00000000c4e00000|  0%| F|  |TAMS 0x00000000c4d00000, 0x00000000c4d00000| Untracked 
|  78|0x00000000c4e00000, 0x00000000c4e00000, 0x00000000c4f00000|  0%| F|  |TAMS 0x00000000c4e00000, 0x00000000c4e00000| Untracked 
|  79|0x00000000c4f00000, 0x00000000c4f00000, 0x00000000c5000000|  0%| F|  |TAMS 0x00000000c4f00000, 0x00000000c4f00000| Untracked 
|  80|0x00000000c5000000, 0x00000000c5000000, 0x00000000c5100000|  0%| F|  |TAMS 0x00000000c5000000, 0x00000000c5000000| Untracked 
|  81|0x00000000c5100000, 0x00000000c5100000, 0x00000000c5200000|  0%| F|  |TAMS 0x00000000c5100000, 0x00000000c5100000| Untracked 
|  82|0x00000000c5200000, 0x00000000c5200000, 0x00000000c5300000|  0%| F|  |TAMS 0x00000000c5200000, 0x00000000c5200000| Untracked 
|  83|0x00000000c5300000, 0x00000000c5300000, 0x00000000c5400000|  0%| F|  |TAMS 0x00000000c5300000, 0x00000000c5300000| Untracked 
|  84|0x00000000c5400000, 0x00000000c5400000, 0x00000000c5500000|  0%| F|  |TAMS 0x00000000c5400000, 0x00000000c5400000| Untracked 
|  85|0x00000000c5500000, 0x00000000c5500000, 0x00000000c5600000|  0%| F|  |TAMS 0x00000000c5500000, 0x00000000c5500000| Untracked 
|  86|0x00000000c5600000, 0x00000000c5600000, 0x00000000c5700000|  0%| F|  |TAMS 0x00000000c5600000, 0x00000000c5600000| Untracked 
|  87|0x00000000c5700000, 0x00000000c5700000, 0x00000000c5800000|  0%| F|  |TAMS 0x00000000c5700000, 0x00000000c5700000| Untracked 
|  88|0x00000000c5800000, 0x00000000c5800000, 0x00000000c5900000|  0%| F|  |TAMS 0x00000000c5800000, 0x00000000c5800000| Untracked 
|  89|0x00000000c5900000, 0x00000000c5900000, 0x00000000c5a00000|  0%| F|  |TAMS 0x00000000c5900000, 0x00000000c5900000| Untracked 
|  90|0x00000000c5a00000, 0x00000000c5a00000, 0x00000000c5b00000|  0%| F|  |TAMS 0x00000000c5a00000, 0x00000000c5a00000| Untracked 
|  91|0x00000000c5b00000, 0x00000000c5b00000, 0x00000000c5c00000|  0%| F|  |TAMS 0x00000000c5b00000, 0x00000000c5b00000| Untracked 
|  92|0x00000000c5c00000, 0x00000000c5c00000, 0x00000000c5d00000|  0%| F|  |TAMS 0x00000000c5c00000, 0x00000000c5c00000| Untracked 
|  93|0x00000000c5d00000, 0x00000000c5d00000, 0x00000000c5e00000|  0%| F|  |TAMS 0x00000000c5d00000, 0x00000000c5d00000| Untracked 
|  94|0x00000000c5e00000, 0x00000000c5e00000, 0x00000000c5f00000|  0%| F|  |TAMS 0x00000000c5e00000, 0x00000000c5e00000| Untracked 
|  95|0x00000000c5f00000, 0x00000000c5f00000, 0x00000000c6000000|  0%| F|  |TAMS 0x00000000c5f00000, 0x00000000c5f00000| Untracked 
|  96|0x00000000c6000000, 0x00000000c6000000, 0x00000000c6100000|  0%| F|  |TAMS 0x00000000c6000000, 0x00000000c6000000| Untracked 
|  97|0x00000000c6100000, 0x00000000c6100000, 0x00000000c6200000|  0%| F|  |TAMS 0x00000000c6100000, 0x00000000c6100000| Untracked 
|  98|0x00000000c6200000, 0x00000000c6200000, 0x00000000c6300000|  0%| F|  |TAMS 0x00000000c6200000, 0x00000000c6200000| Untracked 
|  99|0x00000000c6300000, 0x00000000c6300000, 0x00000000c6400000|  0%| F|  |TAMS 0x00000000c6300000, 0x00000000c6300000| Untracked 
| 100|0x00000000c6400000, 0x00000000c6400000, 0x00000000c6500000|  0%| F|  |TAMS 0x00000000c6400000, 0x00000000c6400000| Untracked 
| 101|0x00000000c6500000, 0x00000000c6500000, 0x00000000c6600000|  0%| F|  |TAMS 0x00000000c6500000, 0x00000000c6500000| Untracked 
| 102|0x00000000c6600000, 0x00000000c6600000, 0x00000000c6700000|  0%| F|  |TAMS 0x00000000c6600000, 0x00000000c6600000| Untracked 
| 103|0x00000000c6700000, 0x00000000c6700000, 0x00000000c6800000|  0%| F|  |TAMS 0x00000000c6700000, 0x00000000c6700000| Untracked 
| 104|0x00000000c6800000, 0x00000000c6800000, 0x00000000c6900000|  0%| F|  |TAMS 0x00000000c6800000, 0x00000000c6800000| Untracked 
| 105|0x00000000c6900000, 0x00000000c6900000, 0x00000000c6a00000|  0%| F|  |TAMS 0x00000000c6900000, 0x00000000c6900000| Untracked 
| 106|0x00000000c6a00000, 0x00000000c6a00000, 0x00000000c6b00000|  0%| F|  |TAMS 0x00000000c6a00000, 0x00000000c6a00000| Untracked 
| 107|0x00000000c6b00000, 0x00000000c6b00000, 0x00000000c6c00000|  0%| F|  |TAMS 0x00000000c6b00000, 0x00000000c6b00000| Untracked 
| 108|0x00000000c6c00000, 0x00000000c6c00000, 0x00000000c6d00000|  0%| F|  |TAMS 0x00000000c6c00000, 0x00000000c6c00000| Untracked 
| 109|0x00000000c6d00000, 0x00000000c6d00000, 0x00000000c6e00000|  0%| F|  |TAMS 0x00000000c6d00000, 0x00000000c6d00000| Untracked 
| 110|0x00000000c6e00000, 0x00000000c6e00000, 0x00000000c6f00000|  0%| F|  |TAMS 0x00000000c6e00000, 0x00000000c6e00000| Untracked 
| 111|0x00000000c6f00000, 0x00000000c6f00000, 0x00000000c7000000|  0%| F|  |TAMS 0x00000000c6f00000, 0x00000000c6f00000| Untracked 
| 112|0x00000000c7000000, 0x00000000c7000000, 0x00000000c7100000|  0%| F|  |TAMS 0x00000000c7000000, 0x00000000c7000000| Untracked 
| 113|0x00000000c7100000, 0x00000000c7100000, 0x00000000c7200000|  0%| F|  |TAMS 0x00000000c7100000, 0x00000000c7100000| Untracked 
| 114|0x00000000c7200000, 0x00000000c7200000, 0x00000000c7300000|  0%| F|  |TAMS 0x00000000c7200000, 0x00000000c7200000| Untracked 
| 115|0x00000000c7300000, 0x00000000c7300000, 0x00000000c7400000|  0%| F|  |TAMS 0x00000000c7300000, 0x00000000c7300000| Untracked 
| 116|0x00000000c7400000, 0x00000000c7400000, 0x00000000c7500000|  0%| F|  |TAMS 0x00000000c7400000, 0x00000000c7400000| Untracked 
| 117|0x00000000c7500000, 0x00000000c7500000, 0x00000000c7600000|  0%| F|  |TAMS 0x00000000c7500000, 0x00000000c7500000| Untracked 
| 118|0x00000000c7600000, 0x00000000c7600000, 0x00000000c7700000|  0%| F|  |TAMS 0x00000000c7600000, 0x00000000c7600000| Untracked 
| 119|0x00000000c7700000, 0x00000000c7700000, 0x00000000c7800000|  0%| F|  |TAMS 0x00000000c7700000, 0x00000000c7700000| Untracked 
| 120|0x00000000c7800000, 0x00000000c7800000, 0x00000000c7900000|  0%| F|  |TAMS 0x00000000c7800000, 0x00000000c7800000| Untracked 
| 121|0x00000000c7900000, 0x00000000c7900000, 0x00000000c7a00000|  0%| F|  |TAMS 0x00000000c7900000, 0x00000000c7900000| Untracked 
| 122|0x00000000c7a00000, 0x00000000c7a00000, 0x00000000c7b00000|  0%| F|  |TAMS 0x00000000c7a00000, 0x00000000c7a00000| Untracked 
| 123|0x00000000c7b00000, 0x00000000c7b00000, 0x00000000c7c00000|  0%| F|  |TAMS 0x00000000c7b00000, 0x00000000c7b00000| Untracked 
| 124|0x00000000c7c00000, 0x00000000c7c00000, 0x00000000c7d00000|  0%| F|  |TAMS 0x00000000c7c00000, 0x00000000c7c00000| Untracked 
| 125|0x00000000c7d00000, 0x00000000c7d00000, 0x00000000c7e00000|  0%| F|  |TAMS 0x00000000c7d00000, 0x00000000c7d00000| Untracked 
| 126|0x00000000c7e00000, 0x00000000c7e00000, 0x00000000c7f00000|  0%| F|  |TAMS 0x00000000c7e00000, 0x00000000c7e00000| Untracked 
| 127|0x00000000c7f00000, 0x00000000c7f00000, 0x00000000c8000000|  0%| F|  |TAMS 0x00000000c7f00000, 0x00000000c7f00000| Untracked 
| 128|0x00000000c8000000, 0x00000000c8000000, 0x00000000c8100000|  0%| F|  |TAMS 0x00000000c8000000, 0x00000000c8000000| Untracked 
| 129|0x00000000c8100000, 0x00000000c8100000, 0x00000000c8200000|  0%| F|  |TAMS 0x00000000c8100000, 0x00000000c8100000| Untracked 
| 130|0x00000000c8200000, 0x00000000c8200000, 0x00000000c8300000|  0%| F|  |TAMS 0x00000000c8200000, 0x00000000c8200000| Untracked 
| 131|0x00000000c8300000, 0x00000000c8300000, 0x00000000c8400000|  0%| F|  |TAMS 0x00000000c8300000, 0x00000000c8300000| Untracked 
| 132|0x00000000c8400000, 0x00000000c8400000, 0x00000000c8500000|  0%| F|  |TAMS 0x00000000c8400000, 0x00000000c8400000| Untracked 
| 133|0x00000000c8500000, 0x00000000c8500000, 0x00000000c8600000|  0%| F|  |TAMS 0x00000000c8500000, 0x00000000c8500000| Untracked 
| 134|0x00000000c8600000, 0x00000000c8600000, 0x00000000c8700000|  0%| F|  |TAMS 0x00000000c8600000, 0x00000000c8600000| Untracked 
| 135|0x00000000c8700000, 0x00000000c8700000, 0x00000000c8800000|  0%| F|  |TAMS 0x00000000c8700000, 0x00000000c8700000| Untracked 
| 136|0x00000000c8800000, 0x00000000c8800000, 0x00000000c8900000|  0%| F|  |TAMS 0x00000000c8800000, 0x00000000c8800000| Untracked 
| 137|0x00000000c8900000, 0x00000000c8900000, 0x00000000c8a00000|  0%| F|  |TAMS 0x00000000c8900000, 0x00000000c8900000| Untracked 
| 138|0x00000000c8a00000, 0x00000000c8a00000, 0x00000000c8b00000|  0%| F|  |TAMS 0x00000000c8a00000, 0x00000000c8a00000| Untracked 
| 139|0x00000000c8b00000, 0x00000000c8b00000, 0x00000000c8c00000|  0%| F|  |TAMS 0x00000000c8b00000, 0x00000000c8b00000| Untracked 
| 140|0x00000000c8c00000, 0x00000000c8c00000, 0x00000000c8d00000|  0%| F|  |TAMS 0x00000000c8c00000, 0x00000000c8c00000| Untracked 
| 141|0x00000000c8d00000, 0x00000000c8d00000, 0x00000000c8e00000|  0%| F|  |TAMS 0x00000000c8d00000, 0x00000000c8d00000| Untracked 
| 142|0x00000000c8e00000, 0x00000000c8e00000, 0x00000000c8f00000|  0%| F|  |TAMS 0x00000000c8e00000, 0x00000000c8e00000| Untracked 
| 143|0x00000000c8f00000, 0x00000000c8f00000, 0x00000000c9000000|  0%| F|  |TAMS 0x00000000c8f00000, 0x00000000c8f00000| Untracked 
| 144|0x00000000c9000000, 0x00000000c9000000, 0x00000000c9100000|  0%| F|  |TAMS 0x00000000c9000000, 0x00000000c9000000| Untracked 
| 145|0x00000000c9100000, 0x00000000c9100000, 0x00000000c9200000|  0%| F|  |TAMS 0x00000000c9100000, 0x00000000c9100000| Untracked 
| 146|0x00000000c9200000, 0x00000000c9200000, 0x00000000c9300000|  0%| F|  |TAMS 0x00000000c9200000, 0x00000000c9200000| Untracked 
| 147|0x00000000c9300000, 0x00000000c9300000, 0x00000000c9400000|  0%| F|  |TAMS 0x00000000c9300000, 0x00000000c9300000| Untracked 
| 148|0x00000000c9400000, 0x00000000c9400000, 0x00000000c9500000|  0%| F|  |TAMS 0x00000000c9400000, 0x00000000c9400000| Untracked 
| 149|0x00000000c9500000, 0x00000000c9500000, 0x00000000c9600000|  0%| F|  |TAMS 0x00000000c9500000, 0x00000000c9500000| Untracked 
| 150|0x00000000c9600000, 0x00000000c9600000, 0x00000000c9700000|  0%| F|  |TAMS 0x00000000c9600000, 0x00000000c9600000| Untracked 
| 151|0x00000000c9700000, 0x00000000c9700000, 0x00000000c9800000|  0%| F|  |TAMS 0x00000000c9700000, 0x00000000c9700000| Untracked 
| 152|0x00000000c9800000, 0x00000000c9800000, 0x00000000c9900000|  0%| F|  |TAMS 0x00000000c9800000, 0x00000000c9800000| Untracked 
| 153|0x00000000c9900000, 0x00000000c9900000, 0x00000000c9a00000|  0%| F|  |TAMS 0x00000000c9900000, 0x00000000c9900000| Untracked 
| 154|0x00000000c9a00000, 0x00000000c9a00000, 0x00000000c9b00000|  0%| F|  |TAMS 0x00000000c9a00000, 0x00000000c9a00000| Untracked 
| 155|0x00000000c9b00000, 0x00000000c9b00000, 0x00000000c9c00000|  0%| F|  |TAMS 0x00000000c9b00000, 0x00000000c9b00000| Untracked 
| 156|0x00000000c9c00000, 0x00000000c9c00000, 0x00000000c9d00000|  0%| F|  |TAMS 0x00000000c9c00000, 0x00000000c9c00000| Untracked 
| 157|0x00000000c9d00000, 0x00000000c9d00000, 0x00000000c9e00000|  0%| F|  |TAMS 0x00000000c9d00000, 0x00000000c9d00000| Untracked 
| 158|0x00000000c9e00000, 0x00000000c9e00000, 0x00000000c9f00000|  0%| F|  |TAMS 0x00000000c9e00000, 0x00000000c9e00000| Untracked 
| 159|0x00000000c9f00000, 0x00000000c9f00000, 0x00000000ca000000|  0%| F|  |TAMS 0x00000000c9f00000, 0x00000000c9f00000| Untracked 
| 160|0x00000000ca000000, 0x00000000ca000000, 0x00000000ca100000|  0%| F|  |TAMS 0x00000000ca000000, 0x00000000ca000000| Untracked 
| 161|0x00000000ca100000, 0x00000000ca100000, 0x00000000ca200000|  0%| F|  |TAMS 0x00000000ca100000, 0x00000000ca100000| Untracked 
| 162|0x00000000ca200000, 0x00000000ca200000, 0x00000000ca300000|  0%| F|  |TAMS 0x00000000ca200000, 0x00000000ca200000| Untracked 
| 163|0x00000000ca300000, 0x00000000ca300000, 0x00000000ca400000|  0%| F|  |TAMS 0x00000000ca300000, 0x00000000ca300000| Untracked 
| 164|0x00000000ca400000, 0x00000000ca400000, 0x00000000ca500000|  0%| F|  |TAMS 0x00000000ca400000, 0x00000000ca400000| Untracked 
| 165|0x00000000ca500000, 0x00000000ca500000, 0x00000000ca600000|  0%| F|  |TAMS 0x00000000ca500000, 0x00000000ca500000| Untracked 
| 166|0x00000000ca600000, 0x00000000ca600000, 0x00000000ca700000|  0%| F|  |TAMS 0x00000000ca600000, 0x00000000ca600000| Untracked 
| 167|0x00000000ca700000, 0x00000000ca700000, 0x00000000ca800000|  0%| F|  |TAMS 0x00000000ca700000, 0x00000000ca700000| Untracked 
| 168|0x00000000ca800000, 0x00000000ca800000, 0x00000000ca900000|  0%| F|  |TAMS 0x00000000ca800000, 0x00000000ca800000| Untracked 
| 169|0x00000000ca900000, 0x00000000ca900000, 0x00000000caa00000|  0%| F|  |TAMS 0x00000000ca900000, 0x00000000ca900000| Untracked 
| 170|0x00000000caa00000, 0x00000000caa00000, 0x00000000cab00000|  0%| F|  |TAMS 0x00000000caa00000, 0x00000000caa00000| Untracked 
| 171|0x00000000cab00000, 0x00000000cab00000, 0x00000000cac00000|  0%| F|  |TAMS 0x00000000cab00000, 0x00000000cab00000| Untracked 
| 172|0x00000000cac00000, 0x00000000cac00000, 0x00000000cad00000|  0%| F|  |TAMS 0x00000000cac00000, 0x00000000cac00000| Untracked 
| 173|0x00000000cad00000, 0x00000000cad00000, 0x00000000cae00000|  0%| F|  |TAMS 0x00000000cad00000, 0x00000000cad00000| Untracked 
| 174|0x00000000cae00000, 0x00000000cae00000, 0x00000000caf00000|  0%| F|  |TAMS 0x00000000cae00000, 0x00000000cae00000| Untracked 
| 175|0x00000000caf00000, 0x00000000caf00000, 0x00000000cb000000|  0%| F|  |TAMS 0x00000000caf00000, 0x00000000caf00000| Untracked 
| 176|0x00000000cb000000, 0x00000000cb000000, 0x00000000cb100000|  0%| F|  |TAMS 0x00000000cb000000, 0x00000000cb000000| Untracked 
| 177|0x00000000cb100000, 0x00000000cb100000, 0x00000000cb200000|  0%| F|  |TAMS 0x00000000cb100000, 0x00000000cb100000| Untracked 
| 178|0x00000000cb200000, 0x00000000cb200000, 0x00000000cb300000|  0%| F|  |TAMS 0x00000000cb200000, 0x00000000cb200000| Untracked 
| 179|0x00000000cb300000, 0x00000000cb300000, 0x00000000cb400000|  0%| F|  |TAMS 0x00000000cb300000, 0x00000000cb300000| Untracked 
| 180|0x00000000cb400000, 0x00000000cb400000, 0x00000000cb500000|  0%| F|  |TAMS 0x00000000cb400000, 0x00000000cb400000| Untracked 
| 181|0x00000000cb500000, 0x00000000cb500000, 0x00000000cb600000|  0%| F|  |TAMS 0x00000000cb500000, 0x00000000cb500000| Untracked 
| 182|0x00000000cb600000, 0x00000000cb600000, 0x00000000cb700000|  0%| F|  |TAMS 0x00000000cb600000, 0x00000000cb600000| Untracked 
| 183|0x00000000cb700000, 0x00000000cb700000, 0x00000000cb800000|  0%| F|  |TAMS 0x00000000cb700000, 0x00000000cb700000| Untracked 
| 184|0x00000000cb800000, 0x00000000cb800000, 0x00000000cb900000|  0%| F|  |TAMS 0x00000000cb800000, 0x00000000cb800000| Untracked 
| 185|0x00000000cb900000, 0x00000000cb900000, 0x00000000cba00000|  0%| F|  |TAMS 0x00000000cb900000, 0x00000000cb900000| Untracked 
| 186|0x00000000cba00000, 0x00000000cba00000, 0x00000000cbb00000|  0%| F|  |TAMS 0x00000000cba00000, 0x00000000cba00000| Untracked 
| 187|0x00000000cbb00000, 0x00000000cbb00000, 0x00000000cbc00000|  0%| F|  |TAMS 0x00000000cbb00000, 0x00000000cbb00000| Untracked 
| 188|0x00000000cbc00000, 0x00000000cbc00000, 0x00000000cbd00000|  0%| F|  |TAMS 0x00000000cbc00000, 0x00000000cbc00000| Untracked 
| 189|0x00000000cbd00000, 0x00000000cbd00000, 0x00000000cbe00000|  0%| F|  |TAMS 0x00000000cbd00000, 0x00000000cbd00000| Untracked 
| 190|0x00000000cbe00000, 0x00000000cbe00000, 0x00000000cbf00000|  0%| F|  |TAMS 0x00000000cbe00000, 0x00000000cbe00000| Untracked 
| 191|0x00000000cbf00000, 0x00000000cbf00000, 0x00000000cc000000|  0%| F|  |TAMS 0x00000000cbf00000, 0x00000000cbf00000| Untracked 
| 192|0x00000000cc000000, 0x00000000cc000000, 0x00000000cc100000|  0%| F|  |TAMS 0x00000000cc000000, 0x00000000cc000000| Untracked 
| 193|0x00000000cc100000, 0x00000000cc100000, 0x00000000cc200000|  0%| F|  |TAMS 0x00000000cc100000, 0x00000000cc100000| Untracked 
| 194|0x00000000cc200000, 0x00000000cc200000, 0x00000000cc300000|  0%| F|  |TAMS 0x00000000cc200000, 0x00000000cc200000| Untracked 
| 195|0x00000000cc300000, 0x00000000cc300000, 0x00000000cc400000|  0%| F|  |TAMS 0x00000000cc300000, 0x00000000cc300000| Untracked 
| 196|0x00000000cc400000, 0x00000000cc400000, 0x00000000cc500000|  0%| F|  |TAMS 0x00000000cc400000, 0x00000000cc400000| Untracked 
| 197|0x00000000cc500000, 0x00000000cc500000, 0x00000000cc600000|  0%| F|  |TAMS 0x00000000cc500000, 0x00000000cc500000| Untracked 
| 198|0x00000000cc600000, 0x00000000cc600000, 0x00000000cc700000|  0%| F|  |TAMS 0x00000000cc600000, 0x00000000cc600000| Untracked 
| 199|0x00000000cc700000, 0x00000000cc700000, 0x00000000cc800000|  0%| F|  |TAMS 0x00000000cc700000, 0x00000000cc700000| Untracked 
| 200|0x00000000cc800000, 0x00000000cc800000, 0x00000000cc900000|  0%| F|  |TAMS 0x00000000cc800000, 0x00000000cc800000| Untracked 
| 201|0x00000000cc900000, 0x00000000cc900000, 0x00000000cca00000|  0%| F|  |TAMS 0x00000000cc900000, 0x00000000cc900000| Untracked 
| 202|0x00000000cca00000, 0x00000000cca00000, 0x00000000ccb00000|  0%| F|  |TAMS 0x00000000cca00000, 0x00000000cca00000| Untracked 
| 203|0x00000000ccb00000, 0x00000000ccb00000, 0x00000000ccc00000|  0%| F|  |TAMS 0x00000000ccb00000, 0x00000000ccb00000| Untracked 
| 204|0x00000000ccc00000, 0x00000000ccc00000, 0x00000000ccd00000|  0%| F|  |TAMS 0x00000000ccc00000, 0x00000000ccc00000| Untracked 
| 205|0x00000000ccd00000, 0x00000000ccd00000, 0x00000000cce00000|  0%| F|  |TAMS 0x00000000ccd00000, 0x00000000ccd00000| Untracked 
| 206|0x00000000cce00000, 0x00000000cce00000, 0x00000000ccf00000|  0%| F|  |TAMS 0x00000000cce00000, 0x00000000cce00000| Untracked 
| 207|0x00000000ccf00000, 0x00000000ccf00000, 0x00000000cd000000|  0%| F|  |TAMS 0x00000000ccf00000, 0x00000000ccf00000| Untracked 
| 208|0x00000000cd000000, 0x00000000cd000000, 0x00000000cd100000|  0%| F|  |TAMS 0x00000000cd000000, 0x00000000cd000000| Untracked 
| 209|0x00000000cd100000, 0x00000000cd100000, 0x00000000cd200000|  0%| F|  |TAMS 0x00000000cd100000, 0x00000000cd100000| Untracked 
| 210|0x00000000cd200000, 0x00000000cd200000, 0x00000000cd300000|  0%| F|  |TAMS 0x00000000cd200000, 0x00000000cd200000| Untracked 
| 211|0x00000000cd300000, 0x00000000cd300000, 0x00000000cd400000|  0%| F|  |TAMS 0x00000000cd300000, 0x00000000cd300000| Untracked 
| 212|0x00000000cd400000, 0x00000000cd400000, 0x00000000cd500000|  0%| F|  |TAMS 0x00000000cd400000, 0x00000000cd400000| Untracked 
| 213|0x00000000cd500000, 0x00000000cd500000, 0x00000000cd600000|  0%| F|  |TAMS 0x00000000cd500000, 0x00000000cd500000| Untracked 
| 214|0x00000000cd600000, 0x00000000cd600000, 0x00000000cd700000|  0%| F|  |TAMS 0x00000000cd600000, 0x00000000cd600000| Untracked 
| 215|0x00000000cd700000, 0x00000000cd700000, 0x00000000cd800000|  0%| F|  |TAMS 0x00000000cd700000, 0x00000000cd700000| Untracked 
| 216|0x00000000cd800000, 0x00000000cd800000, 0x00000000cd900000|  0%| F|  |TAMS 0x00000000cd800000, 0x00000000cd800000| Untracked 
| 217|0x00000000cd900000, 0x00000000cd900000, 0x00000000cda00000|  0%| F|  |TAMS 0x00000000cd900000, 0x00000000cd900000| Untracked 
| 218|0x00000000cda00000, 0x00000000cda00000, 0x00000000cdb00000|  0%| F|  |TAMS 0x00000000cda00000, 0x00000000cda00000| Untracked 
| 219|0x00000000cdb00000, 0x00000000cdb00000, 0x00000000cdc00000|  0%| F|  |TAMS 0x00000000cdb00000, 0x00000000cdb00000| Untracked 
| 220|0x00000000cdc00000, 0x00000000cdc00000, 0x00000000cdd00000|  0%| F|  |TAMS 0x00000000cdc00000, 0x00000000cdc00000| Untracked 
| 221|0x00000000cdd00000, 0x00000000cdd00000, 0x00000000cde00000|  0%| F|  |TAMS 0x00000000cdd00000, 0x00000000cdd00000| Untracked 
| 222|0x00000000cde00000, 0x00000000cde00000, 0x00000000cdf00000|  0%| F|  |TAMS 0x00000000cde00000, 0x00000000cde00000| Untracked 
| 223|0x00000000cdf00000, 0x00000000cdf00000, 0x00000000ce000000|  0%| F|  |TAMS 0x00000000cdf00000, 0x00000000cdf00000| Untracked 
| 224|0x00000000ce000000, 0x00000000ce000000, 0x00000000ce100000|  0%| F|  |TAMS 0x00000000ce000000, 0x00000000ce000000| Untracked 
| 225|0x00000000ce100000, 0x00000000ce100000, 0x00000000ce200000|  0%| F|  |TAMS 0x00000000ce100000, 0x00000000ce100000| Untracked 
| 226|0x00000000ce200000, 0x00000000ce200000, 0x00000000ce300000|  0%| F|  |TAMS 0x00000000ce200000, 0x00000000ce200000| Untracked 
| 227|0x00000000ce300000, 0x00000000ce300000, 0x00000000ce400000|  0%| F|  |TAMS 0x00000000ce300000, 0x00000000ce300000| Untracked 
| 228|0x00000000ce400000, 0x00000000ce400000, 0x00000000ce500000|  0%| F|  |TAMS 0x00000000ce400000, 0x00000000ce400000| Untracked 
| 229|0x00000000ce500000, 0x00000000ce500000, 0x00000000ce600000|  0%| F|  |TAMS 0x00000000ce500000, 0x00000000ce500000| Untracked 
| 230|0x00000000ce600000, 0x00000000ce600000, 0x00000000ce700000|  0%| F|  |TAMS 0x00000000ce600000, 0x00000000ce600000| Untracked 
| 231|0x00000000ce700000, 0x00000000ce700000, 0x00000000ce800000|  0%| F|  |TAMS 0x00000000ce700000, 0x00000000ce700000| Untracked 
| 232|0x00000000ce800000, 0x00000000ce800000, 0x00000000ce900000|  0%| F|  |TAMS 0x00000000ce800000, 0x00000000ce800000| Untracked 
| 233|0x00000000ce900000, 0x00000000ce900000, 0x00000000cea00000|  0%| F|  |TAMS 0x00000000ce900000, 0x00000000ce900000| Untracked 
| 234|0x00000000cea00000, 0x00000000cea00000, 0x00000000ceb00000|  0%| F|  |TAMS 0x00000000cea00000, 0x00000000cea00000| Untracked 
| 235|0x00000000ceb00000, 0x00000000ceb00000, 0x00000000cec00000|  0%| F|  |TAMS 0x00000000ceb00000, 0x00000000ceb00000| Untracked 
| 236|0x00000000cec00000, 0x00000000cec00000, 0x00000000ced00000|  0%| F|  |TAMS 0x00000000cec00000, 0x00000000cec00000| Untracked 
| 237|0x00000000ced00000, 0x00000000ced00000, 0x00000000cee00000|  0%| F|  |TAMS 0x00000000ced00000, 0x00000000ced00000| Untracked 
| 238|0x00000000cee00000, 0x00000000cee00000, 0x00000000cef00000|  0%| F|  |TAMS 0x00000000cee00000, 0x00000000cee00000| Untracked 
| 239|0x00000000cef00000, 0x00000000cef00000, 0x00000000cf000000|  0%| F|  |TAMS 0x00000000cef00000, 0x00000000cef00000| Untracked 
| 240|0x00000000cf000000, 0x00000000cf000000, 0x00000000cf100000|  0%| F|  |TAMS 0x00000000cf000000, 0x00000000cf000000| Untracked 
| 241|0x00000000cf100000, 0x00000000cf100000, 0x00000000cf200000|  0%| F|  |TAMS 0x00000000cf100000, 0x00000000cf100000| Untracked 
| 242|0x00000000cf200000, 0x00000000cf200000, 0x00000000cf300000|  0%| F|  |TAMS 0x00000000cf200000, 0x00000000cf200000| Untracked 
| 243|0x00000000cf300000, 0x00000000cf300000, 0x00000000cf400000|  0%| F|  |TAMS 0x00000000cf300000, 0x00000000cf300000| Untracked 
| 244|0x00000000cf400000, 0x00000000cf400000, 0x00000000cf500000|  0%| F|  |TAMS 0x00000000cf400000, 0x00000000cf400000| Untracked 
| 245|0x00000000cf500000, 0x00000000cf500000, 0x00000000cf600000|  0%| F|  |TAMS 0x00000000cf500000, 0x00000000cf500000| Untracked 
| 246|0x00000000cf600000, 0x00000000cf600000, 0x00000000cf700000|  0%| F|  |TAMS 0x00000000cf600000, 0x00000000cf600000| Untracked 
| 247|0x00000000cf700000, 0x00000000cf700000, 0x00000000cf800000|  0%| F|  |TAMS 0x00000000cf700000, 0x00000000cf700000| Untracked 
| 248|0x00000000cf800000, 0x00000000cf813b50, 0x00000000cf900000|  7%| S|CS|TAMS 0x00000000cf800000, 0x00000000cf800000| Complete 
| 249|0x00000000cf900000, 0x00000000cfa00000, 0x00000000cfa00000|100%| S|CS|TAMS 0x00000000cf900000, 0x00000000cf900000| Complete 
| 250|0x00000000cfa00000, 0x00000000cfb00000, 0x00000000cfb00000|100%| S|CS|TAMS 0x00000000cfa00000, 0x00000000cfa00000| Complete 
| 251|0x00000000cfb00000, 0x00000000cfc00000, 0x00000000cfc00000|100%| S|CS|TAMS 0x00000000cfb00000, 0x00000000cfb00000| Complete 
| 252|0x00000000cfc00000, 0x00000000cfc00000, 0x00000000cfd00000|  0%| F|  |TAMS 0x00000000cfc00000, 0x00000000cfc00000| Untracked 
| 253|0x00000000cfd00000, 0x00000000cfd00000, 0x00000000cfe00000|  0%| F|  |TAMS 0x00000000cfd00000, 0x00000000cfd00000| Untracked 
| 254|0x00000000cfe00000, 0x00000000cfe00000, 0x00000000cff00000|  0%| F|  |TAMS 0x00000000cfe00000, 0x00000000cfe00000| Untracked 
| 255|0x00000000cff00000, 0x00000000cff00000, 0x00000000d0000000|  0%| F|  |TAMS 0x00000000cff00000, 0x00000000cff00000| Untracked 

Card table byte_map: [0x00007f0590639000,0x00007f0590839000] _byte_map_base: 0x00007f0590039000

Marking Bits (Prev, Next): (CMBitMap*) 0x00007f058c068800, (CMBitMap*) 0x00007f058c068840
 Prev Bits: [0x00007f0575e00000, 0x00007f0576e00000)
 Next Bits: [0x00007f0574e00000, 0x00007f0575e00000)

Polling page: 0x00007f0592e8e000

Metaspace:

Usage:
  Non-class:     19.21 MB used.
      Class:      2.09 MB used.
       Both:     21.30 MB used.

Virtual space:
  Non-class space:       64.00 MB reserved,      19.31 MB ( 30%) committed,  1 nodes.
      Class space:        1.00 GB reserved,       2.19 MB ( <1%) committed,  1 nodes.
             Both:        1.06 GB reserved,      21.50 MB (  2%) committed. 

Chunk freelists:
   Non-Class:  12.58 MB
       Class:  13.86 MB
        Both:  26.44 MB

MaxMetaspaceSize: unlimited
CompressedClassSpaceSize: 1.00 GB
Initial GC threshold: 21.00 MB
Current GC threshold: 21.62 MB
CDS: off
MetaspaceReclaimPolicy: balanced
 - commit_granule_bytes: 65536.
 - commit_granule_words: 8192.
 - virtual_space_node_default_size: 8388608.
 - enlarge_chunks_in_place: 1.
 - new_chunks_are_fully_committed: 0.
 - uncommit_free_chunks: 1.
 - use_allocation_guard: 0.
 - handle_deallocations: 1.


Internal statistics:

num_allocs_failed_limit: 6.
num_arena_births: 116.
num_arena_deaths: 0.
num_vsnodes_births: 2.
num_vsnodes_deaths: 0.
num_space_committed: 344.
num_space_uncommitted: 0.
num_chunks_returned_to_freelist: 6.
num_chunks_taken_from_freelist: 516.
num_chunk_merges: 6.
num_chunk_splits: 349.
num_chunks_enlarged: 266.
num_inconsistent_stats: 0.

CodeHeap 'non-profiled nmethods': size=120028Kb used=730Kb max_used=730Kb free=119297Kb
 bounds [0x00007f057e8c9000, 0x00007f057eb39000, 0x00007f0585e00000]
CodeHeap 'profiled nmethods': size=120028Kb used=3655Kb max_used=3655Kb free=116372Kb
 bounds [0x00007f0576e00000, 0x00007f05771a0000, 0x00007f057e337000]
CodeHeap 'non-nmethods': size=5704Kb used=1175Kb max_used=1197Kb free=4528Kb
 bounds [0x00007f057e337000, 0x00007f057e5a7000, 0x00007f057e8c9000]
 total_blobs=2303 nmethods=1824 adapters=393
 compilation: enabled
              stopped_count=0, restarted_count=0
 full_count=0

Compilation events (20 events):
Event: 1.935 Thread 0x00007f058c202b50 nmethod 1806 0x00007f057718b010 code [0x00007f057718b1c0, 0x00007f057718b3f0]
Event: 1.935 Thread 0x00007f058c202b50 1807       3       sun.invoke.util.VerifyAccess::isMemberAccessible (338 bytes)
Event: 1.937 Thread 0x00007f058c202b50 nmethod 1807 0x00007f057718b490 code [0x00007f057718b820, 0x00007f057718cb60]
Event: 1.937 Thread 0x00007f058c202b50 1811       3       java.util.ImmutableCollections$Set12::contains (28 bytes)
Event: 1.938 Thread 0x00007f058c202b50 nmethod 1811 0x00007f057718d090 code [0x00007f057718d260, 0x00007f057718d590]
Event: 1.941 Thread 0x00007f058c202b50 1812       3       jdk.internal.jimage.ImageLocation::verifyName (161 bytes)
Event: 1.944 Thread 0x00007f058c202b50 nmethod 1812 0x00007f057718d690 code [0x00007f057718d9e0, 0x00007f057718ef70]
Event: 1.944 Thread 0x00007f058c202b50 1813       3       jdk.internal.jimage.BasicImageReader::getLocationIndex (52 bytes)
Event: 1.944 Thread 0x00007f058c202b50 nmethod 1813 0x00007f057718f910 code [0x00007f057718fb00, 0x00007f057718ff70]
Event: 1.944 Thread 0x00007f058c202b50 1814       3       jdk.internal.jimage.ImageStringsReader::hashCode (8 bytes)
Event: 1.945 Thread 0x00007f058c202b50 nmethod 1814 0x00007f0577190190 code [0x00007f0577190340, 0x00007f05771904f0]
Event: 1.945 Thread 0x00007f058c202b50 1815       3       jdk.internal.loader.BuiltinClassLoader::moduleReaderFor (45 bytes)
Event: 1.945 Thread 0x00007f058c202b50 nmethod 1815 0x00007f0577190610 code [0x00007f0577190800, 0x00007f0577190eb0]
Event: 1.945 Thread 0x00007f058c202b50 1816       3       jdk.internal.jimage.ImageStringsReader::match (11 bytes)
Event: 1.945 Thread 0x00007f058c202b50 nmethod 1816 0x00007f0577191090 code [0x00007f0577191240, 0x00007f0577191400]
Event: 1.945 Thread 0x00007f058c202b50 1817       3       jdk.internal.jimage.BasicImageReader::match (37 bytes)
Event: 1.946 Thread 0x00007f058c202b50 nmethod 1817 0x00007f0577191510 code [0x00007f05771916e0, 0x00007f0577191970]
Event: 1.947 Thread 0x00007f058c202b50 1818       3       java.lang.StringLatin1::inflate (34 bytes)
Event: 1.948 Thread 0x00007f058c202b50 nmethod 1818 0x00007f0577191a90 code [0x00007f0577191c40, 0x00007f0577191e30]
Event: 1.948 Thread 0x00007f058c202b50 1819       3       jdk.internal.org.objectweb.asm.MethodWriter::putFrame (549 bytes)

GC Heap History (2 events):
Event: 0.651 GC heap before
{Heap before GC invocations=0 (full 0):
 garbage-first heap   total 262144K, used 26624K [0x00000000c0000000, 0x0000000100000000)
  region size 1024K, 23 young (23552K), 0 survivors (0K)
 Metaspace       used 12789K, committed 12928K, reserved 1114112K
  class space    used 1159K, committed 1216K, reserved 1048576K
}
Event: 0.656 GC heap after
{Heap after GC invocations=1 (full 0):
 garbage-first heap   total 262144K, used 11664K [0x00000000c0000000, 0x0000000100000000)
  region size 1024K, 3 young (3072K), 3 survivors (3072K)
 Metaspace       used 12789K, committed 12928K, reserved 1114112K
  class space    used 1159K, committed 1216K, reserved 1048576K
}

Dll operation events (6 events):
Event: 0.002 Loaded shared library /usr/lib/ballerina/dependencies/jdk-17.0.7+7-jre/lib/libjava.so
Event: 0.088 Loaded shared library /usr/lib/ballerina/dependencies/jdk-17.0.7+7-jre/lib/libnio.so
Event: 0.094 Loaded shared library /usr/lib/ballerina/dependencies/jdk-17.0.7+7-jre/lib/libzip.so
Event: 0.160 Loaded shared library /usr/lib/ballerina/dependencies/jdk-17.0.7+7-jre/lib/libverify.so
Event: 0.202 Loaded shared library /usr/lib/ballerina/dependencies/jdk-17.0.7+7-jre/lib/libjimage.so
Event: 0.484 Loaded shared library /usr/lib/ballerina/dependencies/jdk-17.0.7+7-jre/lib/libnet.so

Deoptimization events (20 events):
Event: 1.655 Thread 0x00007f058ccac440 Uncommon trap: trap_request=0xffffff45 fr.pc=0x00007f057e9366cc relative=0x000000000000040c
Event: 1.655 Thread 0x00007f058ccac440 Uncommon trap: reason=unstable_if action=reinterpret pc=0x00007f057e9366cc method=java.lang.invoke.VarHandle.checkExactAccessMode(Ljava/lang/invoke/VarHandle$AccessDescriptor;)V @ 4 c2
Event: 1.655 Thread 0x00007f058ccac440 DEOPT PACKING pc=0x00007f057e9366cc sp=0x00007f05646f06e0
Event: 1.655 Thread 0x00007f058ccac440 DEOPT UNPACKING pc=0x00007f057e38d699 sp=0x00007f05646f06d0 mode 2
Event: 1.816 Thread 0x00007f058ccac440 Uncommon trap: trap_request=0xffffff45 fr.pc=0x00007f057e939030 relative=0x00000000000004d0
Event: 1.816 Thread 0x00007f058ccac440 Uncommon trap: reason=unstable_if action=reinterpret pc=0x00007f057e939030 method=java.lang.invoke.VarHandle.checkExactAccessMode(Ljava/lang/invoke/VarHandle$AccessDescriptor;)V @ 4 c2
Event: 1.816 Thread 0x00007f058ccac440 DEOPT PACKING pc=0x00007f057e939030 sp=0x00007f05646ef460
Event: 1.816 Thread 0x00007f058ccac440 DEOPT UNPACKING pc=0x00007f057e38d699 sp=0x00007f05646ef3e0 mode 2
Event: 1.932 Thread 0x00007f0508001260 Uncommon trap: trap_request=0xffffffde fr.pc=0x00007f057e94e96c relative=0x0000000000000fcc
Event: 1.932 Thread 0x00007f0508001260 Uncommon trap: reason=class_check action=maybe_recompile pc=0x00007f057e94e96c method=java.util.concurrent.ConcurrentHashMap.putVal(Ljava/lang/Object;Ljava/lang/Object;Z)Ljava/lang/Object; @ 242 c2
Event: 1.932 Thread 0x00007f0508001260 DEOPT PACKING pc=0x00007f057e94e96c sp=0x00007f05647eee60
Event: 1.932 Thread 0x00007f0508001260 DEOPT UNPACKING pc=0x00007f057e38d699 sp=0x00007f05647eedd0 mode 2
Event: 1.934 Thread 0x00007f0508001260 Uncommon trap: trap_request=0xffffffde fr.pc=0x00007f057e94e96c relative=0x0000000000000fcc
Event: 1.934 Thread 0x00007f0508001260 Uncommon trap: reason=class_check action=maybe_recompile pc=0x00007f057e94e96c method=java.util.concurrent.ConcurrentHashMap.putVal(Ljava/lang/Object;Ljava/lang/Object;Z)Ljava/lang/Object; @ 242 c2
Event: 1.934 Thread 0x00007f0508001260 DEOPT PACKING pc=0x00007f057e94e96c sp=0x00007f05647efce0
Event: 1.934 Thread 0x00007f0508001260 DEOPT UNPACKING pc=0x00007f057e38d699 sp=0x00007f05647efc70 mode 2
Event: 1.935 Thread 0x00007f050807b4a0 Uncommon trap: trap_request=0xffffffde fr.pc=0x00007f057e94e96c relative=0x0000000000000fcc
Event: 1.935 Thread 0x00007f050807b4a0 Uncommon trap: reason=class_check action=maybe_recompile pc=0x00007f057e94e96c method=java.util.concurrent.ConcurrentHashMap.putVal(Ljava/lang/Object;Ljava/lang/Object;Z)Ljava/lang/Object; @ 242 c2
Event: 1.935 Thread 0x00007f050807b4a0 DEOPT PACKING pc=0x00007f057e94e96c sp=0x00007f05645ef750
Event: 1.935 Thread 0x00007f050807b4a0 DEOPT UNPACKING pc=0x00007f057e38d699 sp=0x00007f05645ef6c0 mode 2

Classes unloaded (0 events):
No events

Classes redefined (0 events):
No events

Internal exceptions (14 events):
Event: 0.388 Thread 0x00007f058c029570 Exception <a 'java/lang/NoSuchMethodError'{0x00000000cf407750}: 'java.lang.Object java.lang.invoke.DirectMethodHandle$Holder.invokeInterface(java.lang.Object, java.lang.Object)'> (0x00000000cf407750) 
thrown [src/hotspot/share/interpreter/linkResolver.cpp, line 758]
Event: 0.389 Thread 0x00007f058c029570 Exception <a 'java/lang/IncompatibleClassChangeError'{0x00000000cf40ad70}: Found class java.lang.Object, but interface was expected> (0x00000000cf40ad70) 
thrown [src/hotspot/share/interpreter/linkResolver.cpp, line 826]
Event: 0.389 Thread 0x00007f058c029570 Exception <a 'java/lang/NoSuchMethodError'{0x00000000cf40e748}: 'int java.lang.invoke.DirectMethodHandle$Holder.invokeSpecial(java.lang.Object, java.lang.Object, java.lang.Object)'> (0x00000000cf40e748) 
thrown [src/hotspot/share/interpreter/linkResolver.cpp, line 758]
Event: 0.478 Thread 0x00007f058c029570 Exception <a 'java/lang/NoSuchMethodError'{0x00000000cf0bc1a0}: 'java.lang.Object java.lang.invoke.DirectMethodHandle$Holder.invokeStaticInit(java.lang.Object)'> (0x00000000cf0bc1a0) 
thrown [src/hotspot/share/interpreter/linkResolver.cpp, line 758]
Event: 0.481 Thread 0x00007f058c029570 Exception <a 'sun/nio/fs/UnixException'{0x00000000cf0c7e90}> (0x00000000cf0c7e90) 
thrown [src/hotspot/share/prims/jni.cpp, line 516]
Event: 0.621 Thread 0x00007f058c029570 Exception <a 'java/lang/NoSuchMethodError'{0x00000000ce90aa60}: 'void java.lang.invoke.DirectMethodHandle$Holder.invokeInterface(java.lang.Object, java.lang.Object)'> (0x00000000ce90aa60) 
thrown [src/hotspot/share/interpreter/linkResolver.cpp, line 758]
Event: 1.301 Thread 0x00007f058c029570 Exception <a 'java/lang/NoSuchMethodError'{0x00000000cfa51850}: 'void java.lang.invoke.DirectMethodHandle$Holder.invokeStatic(java.lang.Object, java.lang.Object)'> (0x00000000cfa51850) 
thrown [src/hotspot/share/interpreter/linkResolver.cpp, line 758]
Event: 1.439 Thread 0x00007f058c029570 Exception <a 'java/lang/NoSuchMethodError'{0x00000000cf62c820}: 'void java.lang.invoke.DirectMethodHandle$Holder.invokeStatic(java.lang.Object, java.lang.Object, java.lang.Object)'> (0x00000000cf62c820) 
thrown [src/hotspot/share/interpreter/linkResolver.cpp, line 758]
Event: 1.471 Thread 0x00007f058c029570 Exception <a 'java/lang/NoSuchMethodError'{0x00000000cf6b8a68}: 'void java.lang.invoke.DirectMethodHandle$Holder.invokeStatic(java.lang.Object, java.lang.Object, java.lang.Object, java.lang.Object)'> (0x00000000cf6b8a68) 
thrown [src/hotspot/share/interpreter/linkResolver.cpp, line 758]
Event: 1.539 Thread 0x00007f058c029570 Exception <a 'java/lang/NoSuchMethodError'{0x00000000cf349490}: 'java.lang.Object java.lang.invoke.DirectMethodHandle$Holder.newInvokeSpecial(java.lang.Object, java.lang.Object, java.lang.Object, java.lang.Object, java.lang.Object)'> (0x00000000cf349490) 
thrown [src/hotspot/share/interpreter/linkResolver.cpp, line 758]
Event: 1.596 Thread 0x00007f058c029570 Exception <a 'java/lang/NoSuchMethodError'{0x00000000cf0905c0}: 'void java.lang.invoke.DirectMethodHandle$Holder.invokeSpecial(java.lang.Object, java.lang.Object, java.lang.Object)'> (0x00000000cf0905c0) 
thrown [src/hotspot/share/interpreter/linkResolver.cpp, line 758]
Event: 1.720 Thread 0x00007f058ccac440 Exception <a 'java/lang/NoSuchMethodError'{0x00000000ced3f110}: 'java.lang.Object java.lang.invoke.DirectMethodHandle$Holder.invokeStaticInit(java.lang.Object, int, int, int, int)'> (0x00000000ced3f110) 
thrown [src/hotspot/share/interpreter/linkResolver.cpp, line 758]
Event: 1.734 Thread 0x00007f058ccac440 Exception <a 'java/lang/NoSuchMethodError'{0x00000000ced56000}: 'java.lang.Object java.lang.invoke.DirectMethodHandle$Holder.invokeStaticInit(java.lang.Object, java.lang.Object, int, int, int, int)'> (0x00000000ced56000) 
thrown [src/hotspot/share/interpreter/linkResolver.cpp, line 758]
Event: 1.879 Thread 0x00007f058ccac440 Exception <a 'java/lang/NoSuchMethodError'{0x00000000ceb3dcf8}: 'int java.lang.invoke.DirectMethodHandle$Holder.invokeStaticInit(java.lang.Object, java.lang.Object)'> (0x00000000ceb3dcf8) 
thrown [src/hotspot/share/interpreter/linkResolver.cpp, line 758]

VM Operations (20 events):
Event: 0.450 Executing VM operation: HandshakeAllThreads
Event: 0.450 Executing VM operation: HandshakeAllThreads done
Event: 0.453 Executing VM operation: HandshakeAllThreads
Event: 0.453 Executing VM operation: HandshakeAllThreads done
Event: 0.551 Executing VM operation: ICBufferFull
Event: 0.551 Executing VM operation: ICBufferFull done
Event: 0.651 Executing VM operation: G1CollectForAllocation
Event: 0.656 Executing VM operation: G1CollectForAllocation done
Event: 0.665 Executing VM operation: HandshakeAllThreads
Event: 0.665 Executing VM operation: HandshakeAllThreads done
Event: 0.761 Executing VM operation: HandshakeAllThreads
Event: 0.761 Executing VM operation: HandshakeAllThreads done
Event: 1.276 Executing VM operation: HandshakeAllThreads
Event: 1.276 Executing VM operation: HandshakeAllThreads done
Event: 1.301 Executing VM operation: HandshakeAllThreads
Event: 1.301 Executing VM operation: HandshakeAllThreads done
Event: 1.708 Executing VM operation: ICBufferFull
Event: 1.708 Executing VM operation: ICBufferFull done
Event: 1.711 Executing VM operation: HandshakeAllThreads
Event: 1.711 Executing VM operation: HandshakeAllThreads done

Events (20 events):
Event: 1.930 Thread 0x00007f050807b4a0 Thread added: 0x00007f050807b4a0
Event: 1.930 Protecting memory [0x00007f05644f2000,0x00007f05644f6000] with protection modes 0
Event: 1.934 loading class sun/misc/Unsafe
Event: 1.935 loading class sun/misc/Unsafe done
Event: 1.935 loading class jdk/internal/reflect/UnsafeQualifiedStaticObjectFieldAccessorImpl
Event: 1.935 loading class jdk/internal/reflect/UnsafeQualifiedStaticFieldAccessorImpl
Event: 1.935 loading class jdk/internal/reflect/UnsafeQualifiedStaticFieldAccessorImpl done
Event: 1.935 loading class jdk/internal/reflect/UnsafeQualifiedStaticObjectFieldAccessorImpl done
Event: 1.935 Thread 0x00007f05041faca0 Thread added: 0x00007f05041faca0
Event: 1.936 Protecting memory [0x00007f05643f2000,0x00007f05643f6000] with protection modes 0
Event: 1.936 Thread 0x00007f04fc0072c0 Thread added: 0x00007f04fc0072c0
Event: 1.936 loading class jdk/internal/vm/annotation/ForceInline
Event: 1.936 loading class java/nio/channels/Channels
Event: 1.936 loading class java/nio/channels/Channels done
Event: 1.936 loading class sun/nio/ch/ChannelInputStream
Event: 1.936 loading class sun/nio/ch/ChannelInputStream done
Event: 1.937 loading class java/nio/channels/SelectableChannel
Event: 1.937 loading class java/nio/channels/SelectableChannel done
Event: 1.937 Protecting memory [0x00007f05642f2000,0x00007f05642f6000] with protection modes 0
Event: 1.947 loading class jdk/internal/vm/annotation/ForceInline done


Dynamic libraries:
c0000000-d0000000 rw-p 00000000 00:00 0 
d0000000-100000000 ---p 00000000 00:00 0 
100000000-100010000 rw-p 00000000 00:00 0 
100010000-100030000 rw-p 00000000 00:00 0 
100030000-1000b0000 rw-p 00000000 00:00 0 
1000b0000-100130000 rw-p 00000000 00:00 0 
100130000-100230000 rw-p 00000000 00:00 0 
100230000-140000000 ---p 00000000 00:00 0 
557cc751d000-557cc751e000 r--p 00000000 08:02 59512675                   /usr/lib/ballerina/dependencies/jdk-17.0.7+7-jre/bin/java
557cc751e000-557cc751f000 r-xp 00001000 08:02 59512675                   /usr/lib/ballerina/dependencies/jdk-17.0.7+7-jre/bin/java
557cc751f000-557cc7520000 r--p 00002000 08:02 59512675                   /usr/lib/ballerina/dependencies/jdk-17.0.7+7-jre/bin/java
557cc7520000-557cc7521000 r--p 00002000 08:02 59512675                   /usr/lib/ballerina/dependencies/jdk-17.0.7+7-jre/bin/java
557cc7521000-557cc7522000 rw-p 00003000 08:02 59512675                   /usr/lib/ballerina/dependencies/jdk-17.0.7+7-jre/bin/java
557cc88a0000-557cc88eb000 rw-p 00000000 00:00 0                          [heap]
7f04d8000000-7f04d8021000 rw-p 00000000 00:00 0 
7f04d8021000-7f04dc000000 ---p 00000000 00:00 0 
7f04dc000000-7f04dc021000 rw-p 00000000 00:00 0 
7f04dc021000-7f04e0000000 ---p 00000000 00:00 0 
7f04e0000000-7f04e0021000 rw-p 00000000 00:00 0 
7f04e0021000-7f04e4000000 ---p 00000000 00:00 0 
7f04e4000000-7f04e4021000 rw-p 00000000 00:00 0 
7f04e4021000-7f04e8000000 ---p 00000000 00:00 0 
7f04e8000000-7f04e8021000 rw-p 00000000 00:00 0 
7f04e8021000-7f04ec000000 ---p 00000000 00:00 0 
7f04ec000000-7f04ec021000 rw-p 00000000 00:00 0 
7f04ec021000-7f04f0000000 ---p 00000000 00:00 0 
7f04f3709000-7f04f370a000 ---p 00000000 00:00 0 
7f04f370a000-7f04f380b000 rw-p 00000000 00:00 0 
7f04f380b000-7f04f380c000 ---p 00000000 00:00 0 
7f04f380c000-7f04f3cfa000 rw-p 00000000 00:00 0 
7f04f3cfa000-7f04f3cfb000 ---p 00000000 00:00 0 
7f04f3cfb000-7f04f3dfc000 rw-p 00000000 00:00 0 
7f04f3dfc000-7f04f3dfd000 ---p 00000000 00:00 0 
7f04f3dfd000-7f04f3efe000 rw-p 00000000 00:00 0 
7f04f3efe000-7f04f3eff000 ---p 00000000 00:00 0 
7f04f3eff000-7f04f4000000 rw-p 00000000 00:00 0 
7f04f4000000-7f04f407e000 rw-p 00000000 00:00 0 
7f04f407e000-7f04f8000000 ---p 00000000 00:00 0 
7f04f8000000-7f04f812a000 rw-p 00000000 00:00 0 
7f04f812a000-7f04fc000000 ---p 00000000 00:00 0 
7f04fc000000-7f04fc1b4000 rw-p 00000000 00:00 0 
7f04fc1b4000-7f0500000000 ---p 00000000 00:00 0 
7f0500000000-7f0500021000 rw-p 00000000 00:00 0 
7f0500021000-7f0504000000 ---p 00000000 00:00 0 
7f0504000000-7f0504579000 rw-p 00000000 00:00 0 
7f0504579000-7f0508000000 ---p 00000000 00:00 0 
7f0508000000-7f0508091000 rw-p 00000000 00:00 0 
7f0508091000-7f050c000000 ---p 00000000 00:00 0 
7f050c000000-7f050c021000 rw-p 00000000 00:00 0 
7f050c021000-7f0510000000 ---p 00000000 00:00 0 
7f0510000000-7f0510021000 rw-p 00000000 00:00 0 
7f0510021000-7f0514000000 ---p 00000000 00:00 0 
7f0514000000-7f0514021000 rw-p 00000000 00:00 0 
7f0514021000-7f0518000000 ---p 00000000 00:00 0 
7f0518000000-7f0518021000 rw-p 00000000 00:00 0 
7f0518021000-7f051c000000 ---p 00000000 00:00 0 
7f051c000000-7f051c021000 rw-p 00000000 00:00 0 
7f051c021000-7f0520000000 ---p 00000000 00:00 0 
7f0520000000-7f0520021000 rw-p 00000000 00:00 0 
7f0520021000-7f0524000000 ---p 00000000 00:00 0 
7f0524000000-7f0524021000 rw-p 00000000 00:00 0 
7f0524021000-7f0528000000 ---p 00000000 00:00 0 
7f0528000000-7f0528336000 rw-p 00000000 00:00 0 
7f0528336000-7f052c000000 ---p 00000000 00:00 0 
7f052c000000-7f052c021000 rw-p 00000000 00:00 0 
7f052c021000-7f0530000000 ---p 00000000 00:00 0 
7f0530000000-7f0530021000 rw-p 00000000 00:00 0 
7f0530021000-7f0534000000 ---p 00000000 00:00 0 
7f0534000000-7f0534328000 rw-p 00000000 00:00 0 
7f0534328000-7f0538000000 ---p 00000000 00:00 0 
7f0538000000-7f0538021000 rw-p 00000000 00:00 0 
7f0538021000-7f053c000000 ---p 00000000 00:00 0 
7f053c000000-7f053c021000 rw-p 00000000 00:00 0 
7f053c021000-7f0540000000 ---p 00000000 00:00 0 
7f0540000000-7f0540907000 rw-p 00000000 00:00 0 
7f0540907000-7f0544000000 ---p 00000000 00:00 0 
7f0544000000-7f0544021000 rw-p 00000000 00:00 0 
7f0544021000-7f0548000000 ---p 00000000 00:00 0 
7f0548000000-7f0548021000 rw-p 00000000 00:00 0 
7f0548021000-7f054c000000 ---p 00000000 00:00 0 
7f054c000000-7f054c021000 rw-p 00000000 00:00 0 
7f054c021000-7f0550000000 ---p 00000000 00:00 0 
7f0550000000-7f0550021000 rw-p 00000000 00:00 0 
7f0550021000-7f0554000000 ---p 00000000 00:00 0 
7f0554000000-7f0554021000 rw-p 00000000 00:00 0 
7f0554021000-7f0558000000 ---p 00000000 00:00 0 
7f0558000000-7f0558021000 rw-p 00000000 00:00 0 
7f0558021000-7f055c000000 ---p 00000000 00:00 0 
7f055c000000-7f055c470000 rw-p 00000000 00:00 0 
7f055c470000-7f055c4f0000 rw-p 00000000 00:00 0 
7f055c4f0000-7f055c6f0000 rw-p 00000000 00:00 0 
7f055c6f0000-7f055c770000 rw-p 00000000 00:00 0 
7f055c770000-7f055c8f0000 rw-p 00000000 00:00 0 
7f055c8f0000-7f055c9f0000 rw-p 00000000 00:00 0 
7f055c9f0000-7f055caf0000 rw-p 00000000 00:00 0 
7f055caf0000-7f055cdf0000 rw-p 00000000 00:00 0 
7f055cdf0000-7f055d0f0000 rw-p 00000000 00:00 0 
7f055d0f0000-7f055d1e0000 rw-p 00000000 00:00 0 
7f055d1e0000-7f055d200000 ---p 00000000 00:00 0 
7f055d200000-7f055d370000 rw-p 00000000 00:00 0 
7f055d370000-7f0560000000 ---p 00000000 00:00 0 
7f0560000000-7f0560021000 rw-p 00000000 00:00 0 
7f0560021000-7f0564000000 ---p 00000000 00:00 0 
7f05640f0000-7f05640f1000 ---p 00000000 00:00 0 
7f05640f1000-7f05641f2000 rw-p 00000000 00:00 0 
7f05641f2000-7f05641f6000 ---p 00000000 00:00 0 
7f05641f6000-7f05642f2000 rw-p 00000000 00:00 0 
7f05642f2000-7f05642f6000 ---p 00000000 00:00 0 
7f05642f6000-7f05643f2000 rw-p 00000000 00:00 0 
7f05643f2000-7f05643f6000 ---p 00000000 00:00 0 
7f05643f6000-7f05644f2000 rw-p 00000000 00:00 0 
7f05644f2000-7f05644f6000 ---p 00000000 00:00 0 
7f05644f6000-7f05645f2000 rw-p 00000000 00:00 0 
7f05645f2000-7f05645f6000 ---p 00000000 00:00 0 
7f05645f6000-7f05646f2000 rw-p 00000000 00:00 0 
7f05646f2000-7f05646f6000 ---p 00000000 00:00 0 
7f05646f6000-7f05647f2000 rw-p 00000000 00:00 0 
7f05647f2000-7f05647f3000 ---p 00000000 00:00 0 
7f05647f3000-7f05648f4000 rw-p 00000000 00:00 0 
7f05648f4000-7f05648f5000 ---p 00000000 00:00 0 
7f05648f5000-7f05649f6000 rw-p 00000000 00:00 0 
7f05649f6000-7f05649f7000 ---p 00000000 00:00 0 
7f05649f7000-7f0564af8000 rw-p 00000000 00:00 0 
7f0564af8000-7f0564af9000 ---p 00000000 00:00 0 
7f0564af9000-7f0564bfa000 rw-p 00000000 00:00 0 
7f0564bfa000-7f0564bfb000 ---p 00000000 00:00 0 
7f0564bfb000-7f0564cfc000 rw-p 00000000 00:00 0 
7f0564cfc000-7f0564cfd000 ---p 00000000 00:00 0 
7f0564cfd000-7f0564dfe000 rw-p 00000000 00:00 0 
7f0564dfe000-7f0564e02000 ---p 00000000 00:00 0 
7f0564e02000-7f0564efe000 rw-p 00000000 00:00 0 
7f0564efe000-7f0564f02000 ---p 00000000 00:00 0 
7f0564f02000-7f0564ffe000 rw-p 00000000 00:00 0 
7f0564ffe000-7f0564fff000 ---p 00000000 00:00 0 
7f0564fff000-7f0565100000 rw-p 00000000 00:00 0 
7f0565100000-7f0565104000 ---p 00000000 00:00 0 
7f0565104000-7f0565200000 rw-p 00000000 00:00 0 
7f0565200000-7f0565204000 ---p 00000000 00:00 0 
7f0565204000-7f0565300000 rw-p 00000000 00:00 0 
7f0565300000-7f0565304000 ---p 00000000 00:00 0 
7f0565304000-7f0565400000 rw-p 00000000 00:00 0 
7f0565400000-7f0565404000 ---p 00000000 00:00 0 
7f0565404000-7f0565500000 rw-p 00000000 00:00 0 
7f0565500000-7f0565504000 ---p 00000000 00:00 0 
7f0565504000-7f0565600000 rw-p 00000000 00:00 0 
7f0565600000-7f0565604000 ---p 00000000 00:00 0 
7f0565604000-7f0565700000 rw-p 00000000 00:00 0 
7f0565700000-7f0565704000 ---p 00000000 00:00 0 
7f0565704000-7f0565800000 rw-p 00000000 00:00 0 
7f0565800000-7f0565d73000 r--p 00000000 08:02 55838714                   /usr/lib/locale/locale-archive
7f0565e00000-7f0565e04000 ---p 00000000 00:00 0 
7f0565e04000-7f0565f00000 rw-p 00000000 00:00 0 
7f0565f00000-7f0565f04000 ---p 00000000 00:00 0 
7f0565f04000-7f0568000000 rw-p 00000000 00:00 0 
7f0568000000-7f0568021000 rw-p 00000000 00:00 0 
7f0568021000-7f056c000000 ---p 00000000 00:00 0 
7f056c000000-7f056c021000 rw-p 00000000 00:00 0 
7f056c021000-7f0570000000 ---p 00000000 00:00 0 
7f0570000000-7f0570021000 rw-p 00000000 00:00 0 
7f0570021000-7f0574000000 ---p 00000000 00:00 0 
7f05740a3000-7f05740d4000 rw-p 00000000 00:00 0 
7f05740d4000-7f05740d5000 ---p 00000000 00:00 0 
7f05740d5000-7f05742f3000 rw-p 00000000 00:00 0 
7f05742f3000-7f05742f4000 ---p 00000000 00:00 0 
7f05742f4000-7f05743f5000 rw-p 00000000 00:00 0 
7f05743f5000-7f05743f6000 ---p 00000000 00:00 0 
7f05743f6000-7f0575200000 rw-p 00000000 00:00 0 
7f0575200000-7f0575e00000 ---p 00000000 00:00 0 
7f0575e00000-7f0576200000 rw-p 00000000 00:00 0 
7f0576200000-7f0576e00000 ---p 00000000 00:00 0 
7f0576e00000-7f05771a0000 rwxp 00000000 00:00 0 
7f05771a0000-7f057e337000 ---p 00000000 00:00 0 
7f057e337000-7f057e5a7000 rwxp 00000000 00:00 0 
7f057e5a7000-7f057e8c9000 ---p 00000000 00:00 0 
7f057e8c9000-7f057eb39000 rwxp 00000000 00:00 0 
7f057eb39000-7f0585e00000 ---p 00000000 00:00 0 
7f0585e00000-7f058bfeb000 r--s 00000000 08:02 59512992                   /usr/lib/ballerina/dependencies/jdk-17.0.7+7-jre/lib/modules
7f058c000000-7f058ccb0000 rw-p 00000000 00:00 0 
7f058ccb0000-7f0590000000 ---p 00000000 00:00 0 
7f0590013000-7f059001a000 r--s 00000000 08:02 55842117                   /usr/lib/x86_64-linux-gnu/gconv/gconv-modules.cache
7f059001a000-7f059001e000 r--p 00000000 08:02 59512984                   /usr/lib/ballerina/dependencies/jdk-17.0.7+7-jre/lib/libnet.so
7f059001e000-7f059002c000 r-xp 00004000 08:02 59512984                   /usr/lib/ballerina/dependencies/jdk-17.0.7+7-jre/lib/libnet.so
7f059002c000-7f0590030000 r--p 00012000 08:02 59512984                   /usr/lib/ballerina/dependencies/jdk-17.0.7+7-jre/lib/libnet.so
7f0590030000-7f0590031000 r--p 00015000 08:02 59512984                   /usr/lib/ballerina/dependencies/jdk-17.0.7+7-jre/lib/libnet.so
7f0590031000-7f0590032000 rw-p 00016000 08:02 59512984                   /usr/lib/ballerina/dependencies/jdk-17.0.7+7-jre/lib/libnet.so
7f0590032000-7f0590133000 rw-p 00000000 00:00 0 
7f0590133000-7f0590134000 ---p 00000000 00:00 0 
7f0590134000-7f0590235000 rw-p 00000000 00:00 0 
7f0590235000-7f0590236000 ---p 00000000 00:00 0 
7f0590236000-7f0590337000 rw-p 00000000 00:00 0 
7f0590337000-7f0590338000 ---p 00000000 00:00 0 
7f0590338000-7f05904b9000 rw-p 00000000 00:00 0 
7f05904b9000-7f0590639000 ---p 00000000 00:00 0 
7f0590639000-7f05906b9000 rw-p 00000000 00:00 0 
7f05906b9000-7f0590839000 ---p 00000000 00:00 0 
7f0590839000-7f05908b9000 rw-p 00000000 00:00 0 
7f05908b9000-7f0590a39000 ---p 00000000 00:00 0 
7f0590a39000-7f0591448000 rw-p 00000000 00:00 0 
7f0591448000-7f059152e000 ---p 00000000 00:00 0 
7f059152e000-7f0591536000 rw-p 00000000 00:00 0 
7f0591536000-7f0591619000 ---p 00000000 00:00 0 
7f0591619000-7f059161d000 ---p 00000000 00:00 0 
7f059161d000-7f0591719000 rw-p 00000000 00:00 0 
7f0591719000-7f0591727000 r--p 00000000 08:02 55838832                   /usr/lib/x86_64-linux-gnu/libm.so.6
7f0591727000-7f05917a3000 r-xp 0000e000 08:02 55838832                   /usr/lib/x86_64-linux-gnu/libm.so.6
7f05917a3000-7f05917fe000 r--p 0008a000 08:02 55838832                   /usr/lib/x86_64-linux-gnu/libm.so.6
7f05917fe000-7f05917ff000 r--p 000e4000 08:02 55838832                   /usr/lib/x86_64-linux-gnu/libm.so.6
7f05917ff000-7f0591800000 rw-p 000e5000 08:02 55838832                   /usr/lib/x86_64-linux-gnu/libm.so.6
7f0591800000-7f0591a52000 r--p 00000000 08:02 59513002                   /usr/lib/ballerina/dependencies/jdk-17.0.7+7-jre/lib/server/libjvm.so
7f0591a52000-7f0592772000 r-xp 00252000 08:02 59513002                   /usr/lib/ballerina/dependencies/jdk-17.0.7+7-jre/lib/server/libjvm.so
7f0592772000-7f05929fe000 r--p 00f72000 08:02 59513002                   /usr/lib/ballerina/dependencies/jdk-17.0.7+7-jre/lib/server/libjvm.so
7f05929fe000-7f05929ff000 ---p 011fe000 08:02 59513002                   /usr/lib/ballerina/dependencies/jdk-17.0.7+7-jre/lib/server/libjvm.so
7f05929ff000-7f0592ab8000 r--p 011fe000 08:02 59513002                   /usr/lib/ballerina/dependencies/jdk-17.0.7+7-jre/lib/server/libjvm.so
7f0592ab8000-7f0592aed000 rw-p 012b7000 08:02 59513002                   /usr/lib/ballerina/dependencies/jdk-17.0.7+7-jre/lib/server/libjvm.so
7f0592aed000-7f0592b47000 rw-p 00000000 00:00 0 
7f0592b4d000-7f0592b51000 r--p 00000000 08:02 59512990                   /usr/lib/ballerina/dependencies/jdk-17.0.7+7-jre/lib/libverify.so
7f0592b51000-7f0592b58000 r-xp 00004000 08:02 59512990                   /usr/lib/ballerina/dependencies/jdk-17.0.7+7-jre/lib/libverify.so
7f0592b58000-7f0592b5a000 r--p 0000b000 08:02 59512990                   /usr/lib/ballerina/dependencies/jdk-17.0.7+7-jre/lib/libverify.so
7f0592b5a000-7f0592b5c000 r--p 0000c000 08:02 59512990                   /usr/lib/ballerina/dependencies/jdk-17.0.7+7-jre/lib/libverify.so
7f0592b5c000-7f0592b5d000 rw-p 0000e000 08:02 59512990                   /usr/lib/ballerina/dependencies/jdk-17.0.7+7-jre/lib/libverify.so
7f0592b5d000-7f0592b64000 r--p 00000000 08:02 59512985                   /usr/lib/ballerina/dependencies/jdk-17.0.7+7-jre/lib/libnio.so
7f0592b64000-7f0592b6d000 r-xp 00007000 08:02 59512985                   /usr/lib/ballerina/dependencies/jdk-17.0.7+7-jre/lib/libnio.so
7f0592b6d000-7f0592b71000 r--p 00010000 08:02 59512985                   /usr/lib/ballerina/dependencies/jdk-17.0.7+7-jre/lib/libnio.so
7f0592b71000-7f0592b72000 ---p 00014000 08:02 59512985                   /usr/lib/ballerina/dependencies/jdk-17.0.7+7-jre/lib/libnio.so
7f0592b72000-7f0592b73000 r--p 00014000 08:02 59512985                   /usr/lib/ballerina/dependencies/jdk-17.0.7+7-jre/lib/libnio.so
7f0592b73000-7f0592b74000 rw-p 00015000 08:02 59512985                   /usr/lib/ballerina/dependencies/jdk-17.0.7+7-jre/lib/libnio.so
7f0592b74000-7f0592bb7000 rw-p 00000000 00:00 0 
7f0592bb7000-7f0592bc4000 r--p 00000000 08:02 59512971                   /usr/lib/ballerina/dependencies/jdk-17.0.7+7-jre/lib/libjava.so
7f0592bc4000-7f0592bd6000 r-xp 0000d000 08:02 59512971                   /usr/lib/ballerina/dependencies/jdk-17.0.7+7-jre/lib/libjava.so
7f0592bd6000-7f0592bdc000 r--p 0001f000 08:02 59512971                   /usr/lib/ballerina/dependencies/jdk-17.0.7+7-jre/lib/libjava.so
7f0592bdc000-7f0592bdd000 ---p 00025000 08:02 59512971                   /usr/lib/ballerina/dependencies/jdk-17.0.7+7-jre/lib/libjava.so
7f0592bdd000-7f0592bde000 r--p 00025000 08:02 59512971                   /usr/lib/ballerina/dependencies/jdk-17.0.7+7-jre/lib/libjava.so
7f0592bde000-7f0592bdf000 rw-p 00026000 08:02 59512971                   /usr/lib/ballerina/dependencies/jdk-17.0.7+7-jre/lib/libjava.so
7f0592bdf000-7f0592be0000 rw-p 00000000 00:00 0 
7f0592be0000-7f0592be4000 r--p 00000000 08:02 59512975                   /usr/lib/ballerina/dependencies/jdk-17.0.7+7-jre/lib/libjimage.so
7f0592be4000-7f0592bf7000 r-xp 00004000 08:02 59512975                   /usr/lib/ballerina/dependencies/jdk-17.0.7+7-jre/lib/libjimage.so
7f0592bf7000-7f0592bfd000 r--p 00017000 08:02 59512975                   /usr/lib/ballerina/dependencies/jdk-17.0.7+7-jre/lib/libjimage.so
7f0592bfd000-7f0592bff000 r--p 0001c000 08:02 59512975                   /usr/lib/ballerina/dependencies/jdk-17.0.7+7-jre/lib/libjimage.so
7f0592bff000-7f0592c00000 rw-p 0001e000 08:02 59512975                   /usr/lib/ballerina/dependencies/jdk-17.0.7+7-jre/lib/libjimage.so
7f0592c00000-7f0592c28000 r--p 00000000 08:02 55838823                   /usr/lib/x86_64-linux-gnu/libc.so.6
7f0592c28000-7f0592dbd000 r-xp 00028000 08:02 55838823                   /usr/lib/x86_64-linux-gnu/libc.so.6
7f0592dbd000-7f0592e15000 r--p 001bd000 08:02 55838823                   /usr/lib/x86_64-linux-gnu/libc.so.6
7f0592e15000-7f0592e19000 r--p 00214000 08:02 55838823                   /usr/lib/x86_64-linux-gnu/libc.so.6
7f0592e19000-7f0592e1b000 rw-p 00218000 08:02 55838823                   /usr/lib/x86_64-linux-gnu/libc.so.6
7f0592e1b000-7f0592e28000 rw-p 00000000 00:00 0 
7f0592e2a000-7f0592e2c000 r--p 00000000 08:02 59512991                   /usr/lib/ballerina/dependencies/jdk-17.0.7+7-jre/lib/libzip.so
7f0592e2c000-7f0592e30000 r-xp 00002000 08:02 59512991                   /usr/lib/ballerina/dependencies/jdk-17.0.7+7-jre/lib/libzip.so
7f0592e30000-7f0592e32000 r--p 00006000 08:02 59512991                   /usr/lib/ballerina/dependencies/jdk-17.0.7+7-jre/lib/libzip.so
7f0592e32000-7f0592e33000 r--p 00007000 08:02 59512991                   /usr/lib/ballerina/dependencies/jdk-17.0.7+7-jre/lib/libzip.so
7f0592e33000-7f0592e34000 rw-p 00008000 08:02 59512991                   /usr/lib/ballerina/dependencies/jdk-17.0.7+7-jre/lib/libzip.so
7f0592e34000-7f0592e35000 r--p 00000000 08:02 55838886                   /usr/lib/x86_64-linux-gnu/librt.so.1
7f0592e35000-7f0592e36000 r-xp 00001000 08:02 55838886                   /usr/lib/x86_64-linux-gnu/librt.so.1
7f0592e36000-7f0592e37000 r--p 00002000 08:02 55838886                   /usr/lib/x86_64-linux-gnu/librt.so.1
7f0592e37000-7f0592e38000 r--p 00002000 08:02 55838886                   /usr/lib/x86_64-linux-gnu/librt.so.1
7f0592e38000-7f0592e39000 rw-p 00003000 08:02 55838886                   /usr/lib/x86_64-linux-gnu/librt.so.1
7f0592e39000-7f0592e3d000 rw-p 00000000 00:00 0 
7f0592e3d000-7f0592e3e000 r--p 00000000 08:02 55838830                   /usr/lib/x86_64-linux-gnu/libdl.so.2
7f0592e3e000-7f0592e3f000 r-xp 00001000 08:02 55838830                   /usr/lib/x86_64-linux-gnu/libdl.so.2
7f0592e3f000-7f0592e40000 r--p 00002000 08:02 55838830                   /usr/lib/x86_64-linux-gnu/libdl.so.2
7f0592e40000-7f0592e41000 r--p 00002000 08:02 55838830                   /usr/lib/x86_64-linux-gnu/libdl.so.2
7f0592e41000-7f0592e42000 rw-p 00003000 08:02 55838830                   /usr/lib/x86_64-linux-gnu/libdl.so.2
7f0592e42000-7f0592e43000 r--p 00000000 08:02 55838881                   /usr/lib/x86_64-linux-gnu/libpthread.so.0
7f0592e43000-7f0592e44000 r-xp 00001000 08:02 55838881                   /usr/lib/x86_64-linux-gnu/libpthread.so.0
7f0592e44000-7f0592e45000 r--p 00002000 08:02 55838881                   /usr/lib/x86_64-linux-gnu/libpthread.so.0
7f0592e45000-7f0592e46000 r--p 00002000 08:02 55838881                   /usr/lib/x86_64-linux-gnu/libpthread.so.0
7f0592e46000-7f0592e47000 rw-p 00003000 08:02 55838881                   /usr/lib/x86_64-linux-gnu/libpthread.so.0
7f0592e47000-7f0592e4a000 r--p 00000000 08:02 59512976                   /usr/lib/ballerina/dependencies/jdk-17.0.7+7-jre/lib/libjli.so
7f0592e4a000-7f0592e54000 r-xp 00003000 08:02 59512976                   /usr/lib/ballerina/dependencies/jdk-17.0.7+7-jre/lib/libjli.so
7f0592e54000-7f0592e57000 r--p 0000d000 08:02 59512976                   /usr/lib/ballerina/dependencies/jdk-17.0.7+7-jre/lib/libjli.so
7f0592e57000-7f0592e58000 ---p 00010000 08:02 59512976                   /usr/lib/ballerina/dependencies/jdk-17.0.7+7-jre/lib/libjli.so
7f0592e58000-7f0592e59000 r--p 00010000 08:02 59512976                   /usr/lib/ballerina/dependencies/jdk-17.0.7+7-jre/lib/libjli.so
7f0592e59000-7f0592e5a000 rw-p 00011000 08:02 59512976                   /usr/lib/ballerina/dependencies/jdk-17.0.7+7-jre/lib/libjli.so
7f0592e5a000-7f0592e5c000 r--p 00000000 08:02 55865177                   /usr/lib/x86_64-linux-gnu/libz.so.1.2.11
7f0592e5c000-7f0592e6d000 r-xp 00002000 08:02 55865177                   /usr/lib/x86_64-linux-gnu/libz.so.1.2.11
7f0592e6d000-7f0592e73000 r--p 00013000 08:02 55865177                   /usr/lib/x86_64-linux-gnu/libz.so.1.2.11
7f0592e73000-7f0592e74000 ---p 00019000 08:02 55865177                   /usr/lib/x86_64-linux-gnu/libz.so.1.2.11
7f0592e74000-7f0592e75000 r--p 00019000 08:02 55865177                   /usr/lib/x86_64-linux-gnu/libz.so.1.2.11
7f0592e75000-7f0592e76000 rw-p 0001a000 08:02 55865177                   /usr/lib/x86_64-linux-gnu/libz.so.1.2.11
7f0592e7a000-7f0592e7f000 rw-p 00000000 00:00 0 
7f0592e7f000-7f0592e86000 ---p 00000000 00:00 0 
7f0592e86000-7f0592e8e000 rw-s 00000000 08:02 59901652                   /tmp/hsperfdata_n3on/10325
7f0592e8e000-7f0592e8f000 ---p 00000000 00:00 0 
7f0592e8f000-7f0592e90000 r--p 00000000 00:00 0 
7f0592e90000-7f0592e92000 rw-p 00000000 00:00 0 
7f0592e92000-7f0592e94000 r--p 00000000 08:02 55838814                   /usr/lib/x86_64-linux-gnu/ld-linux-x86-64.so.2
7f0592e94000-7f0592ebe000 r-xp 00002000 08:02 55838814                   /usr/lib/x86_64-linux-gnu/ld-linux-x86-64.so.2
7f0592ebe000-7f0592ec9000 r--p 0002c000 08:02 55838814                   /usr/lib/x86_64-linux-gnu/ld-linux-x86-64.so.2
7f0592ec9000-7f0592eca000 rwxp 00000000 00:00 0 
7f0592eca000-7f0592ecc000 r--p 00037000 08:02 55838814                   /usr/lib/x86_64-linux-gnu/ld-linux-x86-64.so.2
7f0592ecc000-7f0592ece000 rw-p 00039000 08:02 55838814                   /usr/lib/x86_64-linux-gnu/ld-linux-x86-64.so.2
7ffc6f09f000-7ffc6f0c4000 rw-p 00000000 00:00 0                          [stack]
7ffc6f1c4000-7ffc6f1c8000 r--p 00000000 00:00 0                          [vvar]
7ffc6f1c8000-7ffc6f1ca000 r-xp 00000000 00:00 0                          [vdso]
ffffffffff600000-ffffffffff601000 --xp 00000000 00:00 0                  [vsyscall]


VM Arguments:
jvm_args: -Xbootclasspath/a: -Xms256m -Xmx1024m -XX:+HeapDumpOnOutOfMemoryError -Dballerina.home=/usr/lib/ballerina/distributions/ballerina-2201.8.0 -Dballerina.version=2201.8.0 -Denable.nonblocking=false -Djava.security.egd=file:/dev/./urandom -Dfile.encoding=UTF8 -Dballerina.target=jvm -Djava.command=/usr/lib/ballerina/bin/../distributions/ballerina-2201.8.0/../../dependencies/jdk-17.0.7+7-jre/bin/java 
java_command: io.ballerina.cli.launcher.Main start-language-server
java_class_path (initial): :/usr/lib/ballerina/distributions/ballerina-2201.8.0/bre/lib/annotations-2201.8.0.jar:/usr/lib/ballerina/distributions/ballerina-2201.8.0/bre/lib/architecture-model-generator-core-1.3.0.jar:/usr/lib/ballerina/distributions/ballerina-2201.8.0/bre/lib/architecture-model-generator-plugin-1.3.0.jar:/usr/lib/ballerina/distributions/ballerina-2201.8.0/bre/lib/array-2201.8.0.jar:/usr/lib/ballerina/distributions/ballerina-2201.8.0/bre/lib/asm-9.5.jar:/usr/lib/ballerina/distributions/ballerina-2201.8.0/bre/lib/asm-analysis-9.5.jar:/usr/lib/ballerina/distributions/ballerina-2201.8.0/bre/lib/asm-commons-9.5.jar:/usr/lib/ballerina/distributions/ballerina-2201.8.0/bre/lib/asm-tree-9.5.jar:/usr/lib/ballerina/distributions/ballerina-2201.8.0/bre/lib/asm-util-9.5.jar:/usr/lib/ballerina/distributions/ballerina-2201.8.0/bre/lib/asyncapi-cli-0.7.0.jar:/usr/lib/ballerina/distributions/ballerina-2201.8.0/bre/lib/atomikos-util-5.0.8.jar:/usr/lib/ballerina/distributions/ballerina-2201.8.0/bre/lib/axiom-api-1.4.0.jar:/usr/lib/ballerina/distributions/ballerina-2201.8.0/bre/lib/axiom-impl-1.4.0.jar:/usr/lib/ballerina/distributions/ballerina-2201.8.0/bre/lib/ballerina-bindgen-2201.8.0.jar:/usr/lib/ballerina/distributions/ballerina-2201.8.0/bre/lib/ballerina-cli-2201.8.0.jar:/usr/lib/ballerina/distributions/ballerina-2201.8.0/bre/lib/ballerina-io-internal-2201.8.0.jar:/usr/lib/ballerina/distributions/ballerina-2201.8.0/bre/lib/ballerina-lang-2201.8.0.jar:/usr/lib/ballerina/distributions/ballerina-2201.8.0/bre/lib/ballerina-linter-2201.8.0.jar:/usr/lib/ballerina/distributions/ballerina-2201.8.0/bre/lib/ballerina-metrics-extension-2201.8.0.jar:/usr/lib/ballerina/distributions/ballerina-2201.8.0/bre/lib/ballerina-parser-2201.8.0.jar:/usr/lib/ballerina/distributions/ballerina-2201.8.0/bre/lib/ballerina-profiler-1.0.jar:/usr/lib/ballerina/distributions/ballerina-2201.8.0/bre/lib/ballerina-rt-2201.8.0.jar:/usr/lib/ballerina/distributions/ballerina-2201.8.0/bre/lib/baller
Launcher Type: SUN_STANDARD

[Global flags]
     intx CICompilerCount                          = 4                                         {product} {ergonomic}
     uint ConcGCThreads                            = 3                                         {product} {ergonomic}
     uint G1ConcRefinementThreads                  = 10                                        {product} {ergonomic}
   size_t G1HeapRegionSize                         = 1048576                                   {product} {ergonomic}
    uintx GCDrainStackTargetSize                   = 64                                        {product} {ergonomic}
     bool HeapDumpOnOutOfMemoryError               = true                                   {manageable} {command line}
   size_t InitialHeapSize                          = 268435456                                 {product} {command line}
   size_t MarkStackSize                            = 4194304                                   {product} {ergonomic}
   size_t MaxHeapSize                              = 1073741824                                {product} {command line}
   size_t MaxNewSize                               = 643825664                                 {product} {ergonomic}
   size_t MinHeapDeltaBytes                        = 1048576                                   {product} {ergonomic}
   size_t MinHeapSize                              = 268435456                                 {product} {command line}
    uintx NonNMethodCodeHeapSize                   = 5839372                                {pd product} {ergonomic}
    uintx NonProfiledCodeHeapSize                  = 122909434                              {pd product} {ergonomic}
    uintx ProfiledCodeHeapSize                     = 122909434                              {pd product} {ergonomic}
    uintx ReservedCodeCacheSize                    = 251658240                              {pd product} {ergonomic}
     bool SegmentedCodeCache                       = true                                      {product} {ergonomic}
   size_t SoftMaxHeapSize                          = 1073741824                             {manageable} {ergonomic}
     bool UseCompressedClassPointers               = true                           {product lp64_product} {ergonomic}
     bool UseCompressedOops                        = true                           {product lp64_product} {ergonomic}
     bool UseG1GC                                  = true                                      {product} {ergonomic}

Logging:
Log output configuration:
 #0: stdout all=warning uptime,level,tags
 #1: stderr all=off uptime,level,tags

Environment Variables:
PATH=/run/user/1000/fnm_multishells/5814_1697790054498/bin:/home/n3on/.local/share/fnm:/run/user/1000/fnm_multishells/5811_1697790054458/bin:/home/n3on/.local/share/fnm:/home/linuxbrew/.linuxbrew/bin:/home/linuxbrew/.linuxbrew/sbin:/home/n3on/.local/bin:/usr/local/sbin:/usr/local/bin:/usr/sbin:/usr/bin:/sbin:/bin:/usr/games:/usr/local/games:/snap/bin:/snap/bin:/home/n3on/.local/share/JetBrains/Toolbox/scripts
USERNAME=n3on
SHELL=/usr/bin/zsh
DISPLAY=:1
LANG=en_US.UTF-8

Active Locale:
LC_ALL=en_US.UTF-8
LC_COLLATE=en_US.UTF-8
LC_CTYPE=en_US.UTF-8
LC_MESSAGES=en_US.UTF-8
LC_MONETARY=en_US.UTF-8
LC_NUMERIC=en_US.UTF-8
LC_TIME=en_US.UTF-8

Signal Handlers:
   SIGSEGV: crash_handler in libjvm.so, mask=11100100010111111101111111111110, flags=SA_RESTART|SA_SIGINFO, unblocked
    SIGBUS: crash_handler in libjvm.so, mask=11100100010111111101111111111110, flags=SA_RESTART|SA_SIGINFO, unblocked
    SIGFPE: crash_handler in libjvm.so, mask=11100100010111111101111111111110, flags=SA_RESTART|SA_SIGINFO, unblocked
   SIGPIPE: javaSignalHandler in libjvm.so, mask=11100100010111111101111111111110, flags=SA_RESTART|SA_SIGINFO, unblocked
   SIGXFSZ: javaSignalHandler in libjvm.so, mask=11100100010111111101111111111110, flags=SA_RESTART|SA_SIGINFO, unblocked
    SIGILL: crash_handler in libjvm.so, mask=11100100010111111101111111111110, flags=SA_RESTART|SA_SIGINFO, unblocked
   SIGUSR2: SR_handler in libjvm.so, mask=00000000000000000000000000000000, flags=SA_RESTART|SA_SIGINFO, unblocked
    SIGHUP: UserHandler in libjvm.so, mask=11100100010111111101111111111110, flags=SA_RESTART|SA_SIGINFO, unblocked
    SIGINT: UserHandler in libjvm.so, mask=11100100010111111101111111111110, flags=SA_RESTART|SA_SIGINFO, unblocked
   SIGTERM: UserHandler in libjvm.so, mask=11100100010111111101111111111110, flags=SA_RESTART|SA_SIGINFO, unblocked
   SIGQUIT: UserHandler in libjvm.so, mask=11100100010111111101111111111110, flags=SA_RESTART|SA_SIGINFO, blocked
   SIGTRAP: crash_handler in libjvm.so, mask=11100100010111111101111111111110, flags=SA_RESTART|SA_SIGINFO, unblocked


---------------  S Y S T E M  ---------------

OS:
DISTRIB_ID=Ubuntu
DISTRIB_RELEASE=22.04
DISTRIB_CODENAME=jammy
DISTRIB_DESCRIPTION="Ubuntu 22.04.3 LTS"
uname: Linux 6.2.0-34-generic #34~22.04.1-Ubuntu SMP PREEMPT_DYNAMIC Thu Sep  7 13:12:03 UTC 2 x86_64
OS uptime: 0 days 0:15 hours
libc: glibc 2.35 NPTL 2.35 
rlimit (soft/hard): STACK 8192k/infinity , CORE 0k/infinity , NPROC 127396/127396 , NOFILE 1048576/1048576 , AS infinity/infinity , CPU infinity/infinity , DATA infinity/infinity , FSIZE infinity/infinity , MEMLOCK 4086200k/4086200k
load average: 5.13 5.13 3.62

/proc/meminfo:
MemTotal:       32689612 kB
MemFree:        21784292 kB
MemAvailable:   26863396 kB
Buffers:          190728 kB
Cached:          6289284 kB
SwapCached:            0 kB
Active:          2360852 kB
Inactive:        6776648 kB
Active(anon):       3644 kB
Inactive(anon):  3797192 kB
Active(file):    2357208 kB
Inactive(file):  2979456 kB
Unevictable:     1020440 kB
Mlocked:              80 kB
SwapTotal:       2097148 kB
SwapFree:        2097148 kB
Zswap:                 0 kB
Zswapped:              0 kB
Dirty:            123836 kB
Writeback:             4 kB
AnonPages:       3678488 kB
Mapped:           989840 kB
Shmem:           1143132 kB
KReclaimable:     210152 kB
Slab:             445828 kB
SReclaimable:     210152 kB
SUnreclaim:       235676 kB
KernelStack:       25360 kB
PageTables:        52428 kB
SecPageTables:         0 kB
NFS_Unstable:          0 kB
Bounce:                0 kB
WritebackTmp:          0 kB
CommitLimit:    18441952 kB
Committed_AS:   15026224 kB
VmallocTotal:   34359738367 kB
VmallocUsed:      132176 kB
VmallocChunk:          0 kB
Percpu:            15872 kB
HardwareCorrupted:     0 kB
AnonHugePages:         0 kB
ShmemHugePages:        0 kB
ShmemPmdMapped:        0 kB
FileHugePages:         0 kB
FilePmdMapped:         0 kB
HugePages_Total:       0
HugePages_Free:        0
HugePages_Rsvd:        0
HugePages_Surp:        0
Hugepagesize:       2048 kB
Hugetlb:               0 kB
DirectMap4k:      357820 kB
DirectMap2M:     8912896 kB
DirectMap1G:    24117248 kB

/sys/kernel/mm/transparent_hugepage/enabled: always [madvise] never
/sys/kernel/mm/transparent_hugepage/defrag (defrag/compaction efforts parameter): always defer defer+madvise [madvise] never

Process Memory:
Virtual Size: 5101488K (peak: 5101488K)
Resident Set Size: 133824K (peak: 133824K) (anon: 114880K, file: 18944K, shmem: 0K)
Swapped out: 0K
C-Heap outstanding allocations: 57914K, retained: 10393K
glibc malloc tunables: (default)

/proc/sys/kernel/threads-max (system-wide limit on the number of threads): 254792
/proc/sys/vm/max_map_count (maximum number of memory map areas a process may have): 65530
/proc/sys/kernel/pid_max (system-wide limit on number of process identifiers): 4194304

container (cgroup) information:
container_type: cgroupv2
cpu_cpuset_cpus: not supported
cpu_memory_nodes: not supported
active_processor_count: 12
cpu_quota: not supported
cpu_period: not supported
cpu_shares: not supported
memory_limit_in_bytes: unlimited
memory_and_swap_limit_in_bytes: unlimited
memory_soft_limit_in_bytes: unlimited
memory_usage_in_bytes: 3479048 k
memory_max_usage_in_bytes: not supported
memory_swap_current_in_bytes: unlimited
memory_swap_max_limit_in_bytes: unlimited
maximum number of tasks: 38218
current number of tasks: 485

Steal ticks since vm start: 0
Steal ticks percentage since vm start:  0.000

CPU: total 12 (initial active 12) (6 cores per cpu, 2 threads per core) family 6 model 158 stepping 10 microcode 0xf4, cx8, cmov, fxsr, ht, mmx, 3dnowpref, sse, sse2, sse3, ssse3, sse4.1, sse4.2, popcnt, lzcnt, tsc, tscinvbit, avx, avx2, aes, erms, clmul, bmi1, bmi2, adx, fma, vzeroupper, clflush, clflushopt
CPU Model and flags from /proc/cpuinfo:
model name	: Intel(R) Core(TM) i7-9750H CPU @ 2.60GHz
flags		: fpu vme de pse tsc msr pae mce cx8 apic sep mtrr pge mca cmov pat pse36 clflush dts acpi mmx fxsr sse sse2 ss ht tm pbe syscall nx pdpe1gb rdtscp lm constant_tsc art arch_perfmon pebs bts rep_good nopl xtopology nonstop_tsc cpuid aperfmperf pni pclmulqdq dtes64 monitor ds_cpl vmx est tm2 ssse3 sdbg fma cx16 xtpr pdcm pcid sse4_1 sse4_2 x2apic movbe popcnt tsc_deadline_timer aes xsave avx f16c rdrand lahf_lm abm 3dnowprefetch cpuid_fault epb invpcid_single pti ssbd ibrs ibpb stibp tpr_shadow vnmi flexpriority ept vpid ept_ad fsgsbase tsc_adjust bmi1 avx2 smep bmi2 erms invpcid mpx rdseed adx smap clflushopt intel_pt xsaveopt xsavec xgetbv1 xsaves dtherm ida arat pln pts hwp hwp_notify hwp_act_window hwp_epp md_clear flush_l1d arch_capabilities

Online cpus: 0-11
Offline cpus: 
BIOS frequency limitation: <Not Available>
Frequency switch latency (ns): 0
Available cpu frequencies: <Not Available>
Current governor: powersave
Core performance/turbo boost: <Not Available>

Memory: 4k page, physical 32689612k(21784292k free), swap 2097148k(2097148k free)
Page Sizes: 4k

vm_info: OpenJDK 64-Bit Server VM (17.0.7+7) for linux-amd64 JRE (17.0.7+7), built on Apr 18 2023 00:00:00 by "temurin" with gcc 10.3.0

END.
