#
# A fatal error has been detected by the Java Runtime Environment:
#
#  EXCEPTION_ACCESS_VIOLATION (0xc0000005) at pc=0x00007ffd0e189db0, pid=18060, tid=22844
#
# JRE version: OpenJDK Runtime Environment Temurin-17.0.7+7 (17.0.7+7) (build 17.0.7+7)
# Java VM: OpenJDK 64-Bit Server VM Temurin-17.0.7+7 (17.0.7+7, mixed mode, tiered, compressed oops, compressed class ptrs, g1 gc, windows-amd64)
# Problematic frame:
# V  [jvm.dll+0x369db0]
#
# No core dump will be written. Minidumps are not enabled by default on client versions of Windows
#
# If you would like to submit a bug report, please visit:
#   https://github.com/adoptium/adoptium-support/issues
#

---------------  S U M M A R Y ------------

Command Line: -Xbootclasspath/a: -Xms256m -Xmx1024m -XX:+HeapDumpOnOutOfMemoryError -Dcom.sun.management.jmxremote -Dballerina.home=C:\PROGRA~1\BALLER~1\DISTRI~1\BALLER~1.1\bin\.. -Dballerina.target=jvm -Djava.command=C:\PROGRA~1\BALLER~1\DISTRI~1\BALLER~1.1\bin\..\..\..\dependencies\jdk-17.0.7+7-jre\bin\java -Djava.opts= -Denable.nonblocking=false -Dfile.encoding=UTF8 -Dballerina.version=2201.8.1 io.ballerina.cli.launcher.Main start-language-server

Host: Intel(R) Core(TM) i7-9750H CPU @ 2.60GHz, 12 cores, 31G,  Windows 11 , 64 bit Build 22621 (10.0.22621.2428)
Time: Fri Oct 27 09:36:40 2023 Namibia Standard Time elapsed time: 177.667117 seconds (0d 0h 2m 57s)

---------------  T H R E A D  ---------------

Current thread (0x000002105c190280):  JavaThread "C2 CompilerThread0" daemon [_thread_in_native, id=22844, stack(0x000000777e800000,0x000000777e900000)]


Current CompileTask:
C2: 177667 4108  s    4       java.util.jar.JarFile::getInputStream (72 bytes)

Stack: [0x000000777e800000,0x000000777e900000],  sp=0x000000777e8fb740,  free space=1005k
Native frames: (J=compiled Java code, j=interpreted, Vv=VM code, C=native code)
V  [jvm.dll+0x369db0]
V  [jvm.dll+0x3631f1]
V  [jvm.dll+0x1bce25]
V  [jvm.dll+0x219799]
V  [jvm.dll+0x218a61]
V  [jvm.dll+0x1a4d8d]
V  [jvm.dll+0x2284da]
V  [jvm.dll+0x226615]
V  [jvm.dll+0x7ea90b]
V  [jvm.dll+0x7e4e7a]
V  [jvm.dll+0x676395]
C  [ucrtbase.dll+0x29363]
C  [KERNEL32.DLL+0x1257d]
C  [ntdll.dll+0x5aa78]


siginfo: EXCEPTION_ACCESS_VIOLATION (0xc0000005), reading address 0xffffffffffffffff


Register to memory mapping:

RIP=0x00007ffd0e189db0 jvm.dll
RAX=0x0 is NULL
RBX=0x000000777e8fb790 is pointing into the stack for thread: 0x000002105c190280
RCX=0x0 is NULL
RDX=0x00017ffd0e98bf48 is an unknown value
RSP=0x000000777e8fb740 is pointing into the stack for thread: 0x000002105c190280
RBP=0x000000777e8fb8a0 is pointing into the stack for thread: 0x000002105c190280
RSI=0x00007ffd0e98bf48 jvm.dll
RDI=0x0 is NULL
R8 =0x00000210655c2170 points into unknown readable memory: 0x000000140000000b | 0b 00 00 00 14 00 00 00
R9 =0x0000000000000004 is an unknown value
R10=0x0000000000000003 is an unknown value
R11=0x00000210642eef40 points into unknown readable memory: 0x0000000000000000 | 00 00 00 00 00 00 00 00
R12=0x0 is NULL
R13=0x000002105bf80dd0 points into unknown readable memory: 0x0000000000000000 | 00 00 00 00 00 00 00 00
R14=0x0000000000000035 is an unknown value
R15=0x00007ffd0e98bf48 jvm.dll


Registers:
RAX=0x0000000000000000, RBX=0x000000777e8fb790, RCX=0x0000000000000000, RDX=0x00017ffd0e98bf48
RSP=0x000000777e8fb740, RBP=0x000000777e8fb8a0, RSI=0x00007ffd0e98bf48, RDI=0x0000000000000000
R8 =0x00000210655c2170, R9 =0x0000000000000004, R10=0x0000000000000003, R11=0x00000210642eef40
R12=0x0000000000000000, R13=0x000002105bf80dd0, R14=0x0000000000000035, R15=0x00007ffd0e98bf48
RIP=0x00007ffd0e189db0, EFLAGS=0x0000000000010246

Top of Stack: (sp=0x000000777e8fb740)
0x000000777e8fb740:   000002105c17ed30 000002105c221a00
0x000000777e8fb750:   0000000000271cf8 00007ffd0e781918
0x000000777e8fb760:   00000210655c2030 00007ffd0e1831f1
0x000000777e8fb770:   00000000000013b5 00000000000013b5
0x000000777e8fb780:   000002105c17ed00 0000000000000000
0x000000777e8fb790:   0000000000000000 0000000400000000
0x000000777e8fb7a0:   0000001400000000 00017ffd0e98bf48
0x000000777e8fb7b0:   000002106374ebf0 00000210655c2170
0x000000777e8fb7c0:   00000000000003d8 0000000000000000
0x000000777e8fb7d0:   000000777e8fb8e0 00007ffd0dfdce25
0x000000777e8fb7e0:   000000777e8fbc40 000000777e8fbd20
0x000000777e8fb7f0:   0000021061585cb0 0000021061585ca0
0x000000777e8fb800:   0000000000000000 000000777e8fb8c0
0x000000777e8fb810:   0000000000000006 0000021061585ca0
0x000000777e8fb820:   0000021062fc3f70 0000021062fc6c20
0x000000777e8fb830:   0000021062fcbf58 0000000000739230 

Instructions: (pc=0x00007ffd0e189db0)
0x00007ffd0e189cb0:   48 8b a8 80 00 00 00 48 8b 8d d0 08 00 00 48 85
0x00007ffd0e189cc0:   c9 75 0c e8 e8 0b 00 00 48 8b 8d d0 08 00 00 48
0x00007ffd0e189cd0:   8b 01 0f 57 c0 48 89 85 d0 08 00 00 0f 11 01 0f
0x00007ffd0e189ce0:   11 41 10 41 0f 10 06 0f 11 01 41 0f 10 4e 10 0f
0x00007ffd0e189cf0:   11 49 10 48 8b 43 08 48 89 0c 06 ff c7 ba 50 00
0x00007ffd0e189d00:   00 00 3b bb 90 00 00 00 0f 82 62 ff ff ff 4c 8b
0x00007ffd0e189d10:   74 24 60 4c 8b 6c 24 58 4c 8b 64 24 50 48 8b c3
0x00007ffd0e189d20:   48 83 c4 20 41 5f 5f 5e 5d 5b c3 cc cc cc cc cc
0x00007ffd0e189d30:   40 53 48 83 ec 20 8b 51 0c 48 8b d9 83 fa 04 73
0x00007ffd0e189d40:   2a 4c 8b 59 18 66 66 66 0f 1f 84 00 00 00 00 00
0x00007ffd0e189d50:   44 8b d2 44 8d 4a 01 4b 83 3c d3 00 0f 85 8f 00
0x00007ffd0e189d60:   00 00 41 8b d1 41 83 f9 04 72 e5 48 89 74 24 30
0x00007ffd0e189d70:   48 89 7c 24 38 8b 79 10 3b 79 14 73 62 48 8d 35
0x00007ffd0e189d80:   c4 21 80 00 0f 1f 40 00 0f 1f 84 00 00 00 00 00
0x00007ffd0e189d90:   48 8b 43 20 8b cf 48 8b 14 c8 48 3b d6 74 39 33
0x00007ffd0e189da0:   c0 48 89 53 18 33 c9 66 0f 1f 84 00 00 00 00 00
0x00007ffd0e189db0:   48 83 3c 11 00 44 8d 48 01 75 6f 48 83 c1 08 41
0x00007ffd0e189dc0:   8b c1 41 83 f9 04 72 e8 48 8b 4b 28 48 85 c9 74
0x00007ffd0e189dd0:   07 8b d7 e8 58 01 00 00 ff c7 3b 7b 14 72 b1 48
0x00007ffd0e189de0:   8b 74 24 30 33 c0 48 8b 7c 24 38 48 83 c4 20 5b
0x00007ffd0e189df0:   c3 8b 41 10 44 8d 04 82 41 c1 e0 06 41 81 c0 00
0x00007ffd0e189e00:   ff ff ff 44 89 41 08 4b 8b 14 d3 48 0f bc c2 44
0x00007ffd0e189e10:   89 49 0c 8b c8 48 d3 ea 48 ff ca 41 03 c0 48 89
0x00007ffd0e189e20:   13 89 43 08 48 83 c4 20 5b c3 48 8b 74 24 30 44
0x00007ffd0e189e30:   8d 04 b8 8b c8 8d 47 01 48 8b 7c 24 38 41 c1 e0
0x00007ffd0e189e40:   06 44 89 43 08 48 8b 14 ca 89 43 10 48 0f bc c2
0x00007ffd0e189e50:   44 89 4b 0c 8b c8 48 d3 ea 48 ff ca 41 03 c0 48
0x00007ffd0e189e60:   89 13 89 43 08 48 83 c4 20 5b c3 cc cc cc cc cc
0x00007ffd0e189e70:   40 53 48 83 ec 20 65 48 8b 04 25 58 00 00 00 8b
0x00007ffd0e189e80:   0d 33 0b 84 00 48 8b 1c c8 b8 50 00 00 00 80 3c
0x00007ffd0e189e90:   18 00 75 05 e8 e7 50 52 00 b8 20 00 00 00 48 8b
0x00007ffd0e189ea0:   04 18 48 8b 88 d0 04 00 00 48 8b 99 80 00 00 00 


Stack slot to memory mapping:
stack at sp + 0 slots: 0x000002105c17ed30 points into unknown readable memory: 0x0000000000000006 | 06 00 00 00 00 00 00 00
stack at sp + 1 slots: 0x000002105c221a00 points into unknown readable memory: 0x0000000000000000 | 00 00 00 00 00 00 00 00
stack at sp + 2 slots: 0x0000000000271cf8 is an unknown value
stack at sp + 3 slots: 0x00007ffd0e781918 jvm.dll
stack at sp + 4 slots: 0x00000210655c2030 points into unknown readable memory: 0x0000001400000009 | 09 00 00 00 14 00 00 00
stack at sp + 5 slots: 0x00007ffd0e1831f1 jvm.dll
stack at sp + 6 slots: 0x00000000000013b5 is an unknown value
stack at sp + 7 slots: 0x00000000000013b5 is an unknown value


---------------  P R O C E S S  ---------------

Threads class SMR info:
_java_thread_list=0x0000021063724140, length=16, elements={
0x00000210417f2240, 0x000002105c12b9b0, 0x000002105c12d480, 0x000002105c19e000,
0x000002105c19eac0, 0x000002105c19f890, 0x000002105c189b60, 0x000002105c190280,
0x000002105c1a8000, 0x000002105c192890, 0x000002105c41c920, 0x000002105c4806f0,
0x000002105cd70540, 0x0000021061b57c50, 0x0000021063547ee0, 0x0000021062136310
}

Java Threads: ( => current thread )
  0x00000210417f2240 JavaThread "main" [_thread_blocked, id=22904, stack(0x000000777db00000,0x000000777dc00000)]
  0x000002105c12b9b0 JavaThread "Reference Handler" daemon [_thread_blocked, id=11120, stack(0x000000777e200000,0x000000777e300000)]
  0x000002105c12d480 JavaThread "Finalizer" daemon [_thread_blocked, id=1272, stack(0x000000777e300000,0x000000777e400000)]
  0x000002105c19e000 JavaThread "Signal Dispatcher" daemon [_thread_blocked, id=22880, stack(0x000000777e400000,0x000000777e500000)]
  0x000002105c19eac0 JavaThread "Attach Listener" daemon [_thread_blocked, id=2164, stack(0x000000777e500000,0x000000777e600000)]
  0x000002105c19f890 JavaThread "Service Thread" daemon [_thread_blocked, id=9720, stack(0x000000777e600000,0x000000777e700000)]
  0x000002105c189b60 JavaThread "Monitor Deflation Thread" daemon [_thread_blocked, id=13880, stack(0x000000777e700000,0x000000777e800000)]
=>0x000002105c190280 JavaThread "C2 CompilerThread0" daemon [_thread_in_native, id=22844, stack(0x000000777e800000,0x000000777e900000)]
  0x000002105c1a8000 JavaThread "C1 CompilerThread0" daemon [_thread_blocked, id=7668, stack(0x000000777e900000,0x000000777ea00000)]
  0x000002105c192890 JavaThread "Sweeper thread" daemon [_thread_blocked, id=24076, stack(0x000000777ea00000,0x000000777eb00000)]
  0x000002105c41c920 JavaThread "Common-Cleaner" daemon [_thread_blocked, id=1384, stack(0x000000777eb00000,0x000000777ec00000)]
  0x000002105c4806f0 JavaThread "Notification Thread" daemon [_thread_blocked, id=14664, stack(0x000000777ed00000,0x000000777ee00000)]
  0x000002105cd70540 JavaThread "RMI TCP Accept-0" daemon [_thread_in_native, id=22376, stack(0x000000777ef00000,0x000000777f000000)]
  0x0000021061b57c50 JavaThread "pool-1-thread-1" [_thread_in_native, id=14148, stack(0x000000777fe00000,0x000000777ff00000)]
  0x0000021063547ee0 JavaThread "CompletableFutureDelayScheduler" daemon [_thread_blocked, id=10976, stack(0x0000007700200000,0x0000007700300000)]
  0x0000021062136310 JavaThread "ForkJoinPool.commonPool-worker-3" daemon [_thread_blocked, id=22312, stack(0x0000007700300000,0x0000007700400000)]

Other Threads:
  0x000002105c0e0980 VMThread "VM Thread" [stack: 0x000000777e100000,0x000000777e200000] [id=22700]
  0x000002106144aa40 WatcherThread [stack: 0x000000777f000000,0x000000777f100000] [id=7120]
  0x000002104182ef50 GCTaskThread "GC Thread#0" [stack: 0x000000777dc00000,0x000000777dd00000] [id=22436]
  0x00000210618c4cf0 GCTaskThread "GC Thread#1" [stack: 0x000000777f100000,0x000000777f200000] [id=24276]
  0x00000210618c4fa0 GCTaskThread "GC Thread#2" [stack: 0x000000777f200000,0x000000777f300000] [id=22648]
  0x0000021061812050 GCTaskThread "GC Thread#3" [stack: 0x000000777f300000,0x000000777f400000] [id=21508]
  0x0000021061812300 GCTaskThread "GC Thread#4" [stack: 0x000000777f400000,0x000000777f500000] [id=24460]
  0x0000021061812bc0 GCTaskThread "GC Thread#5" [stack: 0x000000777f500000,0x000000777f600000] [id=12356]
  0x0000021061a2b4d0 GCTaskThread "GC Thread#6" [stack: 0x000000777f600000,0x000000777f700000] [id=17992]
  0x0000021061f5d780 GCTaskThread "GC Thread#7" [stack: 0x000000777fa00000,0x000000777fb00000] [id=22052]
  0x0000021061f5da30 GCTaskThread "GC Thread#8" [stack: 0x000000777fb00000,0x000000777fc00000] [id=15632]
  0x000002106262a920 GCTaskThread "GC Thread#9" [stack: 0x0000007700000000,0x0000007700100000] [id=19504]
  0x0000021041837e90 ConcurrentGCThread "G1 Main Marker" [stack: 0x000000777dd00000,0x000000777de00000] [id=8424]
  0x0000021041839040 ConcurrentGCThread "G1 Conc#0" [stack: 0x000000777de00000,0x000000777df00000] [id=13588]
  0x000002105cd252a0 ConcurrentGCThread "G1 Conc#1" [stack: 0x000000777fc00000,0x000000777fd00000] [id=19308]
  0x000002106178e010 ConcurrentGCThread "G1 Conc#2" [stack: 0x000000777fd00000,0x000000777fe00000] [id=17564]
  0x00000210418aeb90 ConcurrentGCThread "G1 Refine#0" [stack: 0x000000777df00000,0x000000777e000000] [id=1460]
  0x0000021061815cb0 ConcurrentGCThread "G1 Refine#1" [stack: 0x000000777f700000,0x000000777f800000] [id=2548]
  0x000002105c4f9d30 ConcurrentGCThread "G1 Refine#2" [stack: 0x000000777f800000,0x000000777f900000] [id=4724]
  0x000002105c4fa220 ConcurrentGCThread "G1 Refine#3" [stack: 0x000000777f900000,0x000000777fa00000] [id=18012]
  0x000002106260b390 ConcurrentGCThread "G1 Refine#4" [stack: 0x0000007700100000,0x0000007700200000] [id=18424]
  0x000002106260bc30 ConcurrentGCThread "G1 Refine#5" [stack: 0x0000007700600000,0x0000007700700000] [id=19532]
  0x000002106260add0 ConcurrentGCThread "G1 Refine#6" [stack: 0x0000007700700000,0x0000007700800000] [id=18280]
  0x000002105bf927b0 ConcurrentGCThread "G1 Service" [stack: 0x000000777e000000,0x000000777e100000] [id=23208]

Threads with active compile tasks:
C2 CompilerThread0   177768 4108  s    4       java.util.jar.JarFile::getInputStream (72 bytes)

VM state: not at safepoint (normal execution)

VM Mutex/Monitor currently owned by a thread: None

Heap address: 0x00000000c0000000, size: 1024 MB, Compressed Oops mode: 32-bit

CDS archive(s) not mapped
Compressed class space mapped at: 0x0000000100000000-0x0000000140000000, reserved size: 1073741824
Narrow klass base: 0x0000000000000000, Narrow klass shift: 3, Narrow klass range: 0x140000000

GC Precious Log:
 CPUs: 12 total, 12 available
 Memory: 32605M
 Large Page Support: Disabled
 NUMA Support: Disabled
 Compressed Oops: Enabled (32-bit)
 Heap Region Size: 1M
 Heap Min Capacity: 256M
 Heap Initial Capacity: 256M
 Heap Max Capacity: 1G
 Pre-touch: Disabled
 Parallel Workers: 10
 Concurrent Workers: 3
 Concurrent Refinement Workers: 10
 Periodic GC: Disabled

Heap:
 garbage-first heap   total 262144K, used 146432K [0x00000000c0000000, 0x0000000100000000)
  region size 1024K, 87 young (89088K), 2 survivors (2048K)
 Metaspace       used 36667K, committed 36928K, reserved 1114112K
  class space    used 3775K, committed 3904K, reserved 1048576K

Heap Regions: E=young(eden), S=young(survivor), O=old, HS=humongous(starts), HC=humongous(continues), CS=collection set, F=free, OA=open archive, CA=closed archive, TAMS=top-at-mark-start (previous, next)
|   0|0x00000000c0000000, 0x00000000c0100000, 0x00000000c0100000|100%|HS|  |TAMS 0x00000000c0100000, 0x00000000c0000000| Complete 
|   1|0x00000000c0100000, 0x00000000c0200000, 0x00000000c0200000|100%|HS|  |TAMS 0x00000000c0200000, 0x00000000c0100000| Complete 
|   2|0x00000000c0200000, 0x00000000c0300000, 0x00000000c0300000|100%|HS|  |TAMS 0x00000000c0300000, 0x00000000c0200000| Complete 
|   3|0x00000000c0300000, 0x00000000c0400000, 0x00000000c0400000|100%|HS|  |TAMS 0x00000000c0400000, 0x00000000c0300000| Complete 
|   4|0x00000000c0400000, 0x00000000c0500000, 0x00000000c0500000|100%| O|  |TAMS 0x00000000c0500000, 0x00000000c0400000| Untracked 
|   5|0x00000000c0500000, 0x00000000c0600000, 0x00000000c0600000|100%| O|  |TAMS 0x00000000c0600000, 0x00000000c0500000| Untracked 
|   6|0x00000000c0600000, 0x00000000c0700000, 0x00000000c0700000|100%| O|  |TAMS 0x00000000c0700000, 0x00000000c0600000| Untracked 
|   7|0x00000000c0700000, 0x00000000c0800000, 0x00000000c0800000|100%| O|  |TAMS 0x00000000c0800000, 0x00000000c0700000| Untracked 
|   8|0x00000000c0800000, 0x00000000c0900000, 0x00000000c0900000|100%| O|  |TAMS 0x00000000c0900000, 0x00000000c0800000| Untracked 
|   9|0x00000000c0900000, 0x00000000c0a00000, 0x00000000c0a00000|100%| O|  |TAMS 0x00000000c0a00000, 0x00000000c0900000| Untracked 
|  10|0x00000000c0a00000, 0x00000000c0b00000, 0x00000000c0b00000|100%| O|  |TAMS 0x00000000c0b00000, 0x00000000c0a00000| Untracked 
|  11|0x00000000c0b00000, 0x00000000c0c00000, 0x00000000c0c00000|100%| O|  |TAMS 0x00000000c0c00000, 0x00000000c0b00000| Untracked 
|  12|0x00000000c0c00000, 0x00000000c0d00000, 0x00000000c0d00000|100%| O|  |TAMS 0x00000000c0d00000, 0x00000000c0c00000| Untracked 
|  13|0x00000000c0d00000, 0x00000000c0e00000, 0x00000000c0e00000|100%| O|  |TAMS 0x00000000c0e00000, 0x00000000c0d00000| Untracked 
|  14|0x00000000c0e00000, 0x00000000c0f00000, 0x00000000c0f00000|100%| O|  |TAMS 0x00000000c0f00000, 0x00000000c0e00000| Untracked 
|  15|0x00000000c0f00000, 0x00000000c1000000, 0x00000000c1000000|100%| O|  |TAMS 0x00000000c1000000, 0x00000000c0f00000| Untracked 
|  16|0x00000000c1000000, 0x00000000c1100000, 0x00000000c1100000|100%| O|  |TAMS 0x00000000c1000000, 0x00000000c1000000| Untracked 
|  17|0x00000000c1100000, 0x00000000c1200000, 0x00000000c1200000|100%| O|  |TAMS 0x00000000c1100000, 0x00000000c1100000| Untracked 
|  18|0x00000000c1200000, 0x00000000c1300000, 0x00000000c1300000|100%| O|  |TAMS 0x00000000c1200000, 0x00000000c1200000| Untracked 
|  19|0x00000000c1300000, 0x00000000c1400000, 0x00000000c1400000|100%|HS|  |TAMS 0x00000000c1400000, 0x00000000c1300000| Complete 
|  20|0x00000000c1400000, 0x00000000c1500000, 0x00000000c1500000|100%|HC|  |TAMS 0x00000000c1500000, 0x00000000c1400000| Complete 
|  21|0x00000000c1500000, 0x00000000c1600000, 0x00000000c1600000|100%|HC|  |TAMS 0x00000000c1600000, 0x00000000c1500000| Complete 
|  22|0x00000000c1600000, 0x00000000c1700000, 0x00000000c1700000|100%|HS|  |TAMS 0x00000000c1700000, 0x00000000c1600000| Complete 
|  23|0x00000000c1700000, 0x00000000c1800000, 0x00000000c1800000|100%|HC|  |TAMS 0x00000000c1800000, 0x00000000c1700000| Complete 
|  24|0x00000000c1800000, 0x00000000c1900000, 0x00000000c1900000|100%|HC|  |TAMS 0x00000000c1900000, 0x00000000c1800000| Complete 
|  25|0x00000000c1900000, 0x00000000c1a00000, 0x00000000c1a00000|100%| O|  |TAMS 0x00000000c1900000, 0x00000000c1900000| Untracked 
|  26|0x00000000c1a00000, 0x00000000c1b00000, 0x00000000c1b00000|100%| O|  |TAMS 0x00000000c1a00000, 0x00000000c1a00000| Untracked 
|  27|0x00000000c1b00000, 0x00000000c1c00000, 0x00000000c1c00000|100%|HS|  |TAMS 0x00000000c1c00000, 0x00000000c1b00000| Complete 
|  28|0x00000000c1c00000, 0x00000000c1d00000, 0x00000000c1d00000|100%|HC|  |TAMS 0x00000000c1d00000, 0x00000000c1c00000| Complete 
|  29|0x00000000c1d00000, 0x00000000c1e00000, 0x00000000c1e00000|100%|HS|  |TAMS 0x00000000c1e00000, 0x00000000c1d00000| Complete 
|  30|0x00000000c1e00000, 0x00000000c1f00000, 0x00000000c1f00000|100%|HC|  |TAMS 0x00000000c1f00000, 0x00000000c1e00000| Complete 
|  31|0x00000000c1f00000, 0x00000000c2000000, 0x00000000c2000000|100%| O|  |TAMS 0x00000000c2000000, 0x00000000c1f00000| Untracked 
|  32|0x00000000c2000000, 0x00000000c2100000, 0x00000000c2100000|100%| O|  |TAMS 0x00000000c2100000, 0x00000000c2000000| Untracked 
|  33|0x00000000c2100000, 0x00000000c2200000, 0x00000000c2200000|100%| O|  |TAMS 0x00000000c2200000, 0x00000000c2100000| Untracked 
|  34|0x00000000c2200000, 0x00000000c2300000, 0x00000000c2300000|100%| O|  |TAMS 0x00000000c2300000, 0x00000000c2200000| Untracked 
|  35|0x00000000c2300000, 0x00000000c2400000, 0x00000000c2400000|100%| O|  |TAMS 0x00000000c2400000, 0x00000000c2300000| Untracked 
|  36|0x00000000c2400000, 0x00000000c2500000, 0x00000000c2500000|100%| O|  |TAMS 0x00000000c2500000, 0x00000000c2400000| Untracked 
|  37|0x00000000c2500000, 0x00000000c2600000, 0x00000000c2600000|100%| O|  |TAMS 0x00000000c2600000, 0x00000000c2500000| Untracked 
|  38|0x00000000c2600000, 0x00000000c2700000, 0x00000000c2700000|100%| O|  |TAMS 0x00000000c2700000, 0x00000000c2600000| Untracked 
|  39|0x00000000c2700000, 0x00000000c2800000, 0x00000000c2800000|100%| O|  |TAMS 0x00000000c2800000, 0x00000000c2700000| Untracked 
|  40|0x00000000c2800000, 0x00000000c2900000, 0x00000000c2900000|100%| O|  |TAMS 0x00000000c2900000, 0x00000000c2800000| Untracked 
|  41|0x00000000c2900000, 0x00000000c2a00000, 0x00000000c2a00000|100%| O|  |TAMS 0x00000000c2995c00, 0x00000000c2900000| Untracked 
|  42|0x00000000c2a00000, 0x00000000c2b00000, 0x00000000c2b00000|100%| O|  |TAMS 0x00000000c2a00000, 0x00000000c2a00000| Untracked 
|  43|0x00000000c2b00000, 0x00000000c2c00000, 0x00000000c2c00000|100%| O|  |TAMS 0x00000000c2b00000, 0x00000000c2b00000| Untracked 
|  44|0x00000000c2c00000, 0x00000000c2d00000, 0x00000000c2d00000|100%| O|  |TAMS 0x00000000c2c00000, 0x00000000c2c00000| Untracked 
|  45|0x00000000c2d00000, 0x00000000c2e00000, 0x00000000c2e00000|100%| O|  |TAMS 0x00000000c2d00000, 0x00000000c2d00000| Untracked 
|  46|0x00000000c2e00000, 0x00000000c2f00000, 0x00000000c2f00000|100%| O|  |TAMS 0x00000000c2e00000, 0x00000000c2e00000| Untracked 
|  47|0x00000000c2f00000, 0x00000000c3000000, 0x00000000c3000000|100%| O|  |TAMS 0x00000000c2f00000, 0x00000000c2f00000| Untracked 
|  48|0x00000000c3000000, 0x00000000c3100000, 0x00000000c3100000|100%| O|  |TAMS 0x00000000c3000000, 0x00000000c3000000| Untracked 
|  49|0x00000000c3100000, 0x00000000c3200000, 0x00000000c3200000|100%| O|  |TAMS 0x00000000c3100000, 0x00000000c3100000| Untracked 
|  50|0x00000000c3200000, 0x00000000c3300000, 0x00000000c3300000|100%| O|  |TAMS 0x00000000c3200000, 0x00000000c3200000| Untracked 
|  51|0x00000000c3300000, 0x00000000c3400000, 0x00000000c3400000|100%| O|  |TAMS 0x00000000c3300000, 0x00000000c3300000| Untracked 
|  52|0x00000000c3400000, 0x00000000c3500000, 0x00000000c3500000|100%| O|  |TAMS 0x00000000c3400000, 0x00000000c3400000| Untracked 
|  53|0x00000000c3500000, 0x00000000c3600000, 0x00000000c3600000|100%| O|  |TAMS 0x00000000c3500000, 0x00000000c3500000| Untracked 
|  54|0x00000000c3600000, 0x00000000c3700000, 0x00000000c3700000|100%| O|  |TAMS 0x00000000c3600000, 0x00000000c3600000| Untracked 
|  55|0x00000000c3700000, 0x00000000c3800000, 0x00000000c3800000|100%| O|  |TAMS 0x00000000c3700000, 0x00000000c3700000| Untracked 
|  56|0x00000000c3800000, 0x00000000c3900000, 0x00000000c3900000|100%| O|  |TAMS 0x00000000c3800000, 0x00000000c3800000| Untracked 
|  57|0x00000000c3900000, 0x00000000c3900000, 0x00000000c3a00000|  0%| F|  |TAMS 0x00000000c3900000, 0x00000000c3900000| Untracked 
|  58|0x00000000c3a00000, 0x00000000c3a00000, 0x00000000c3b00000|  0%| F|  |TAMS 0x00000000c3a00000, 0x00000000c3a00000| Untracked 
|  59|0x00000000c3b00000, 0x00000000c3b00000, 0x00000000c3c00000|  0%| F|  |TAMS 0x00000000c3b00000, 0x00000000c3b00000| Untracked 
|  60|0x00000000c3c00000, 0x00000000c3c00000, 0x00000000c3d00000|  0%| F|  |TAMS 0x00000000c3c00000, 0x00000000c3c00000| Untracked 
|  61|0x00000000c3d00000, 0x00000000c3d00000, 0x00000000c3e00000|  0%| F|  |TAMS 0x00000000c3d00000, 0x00000000c3d00000| Untracked 
|  62|0x00000000c3e00000, 0x00000000c3e00000, 0x00000000c3f00000|  0%| F|  |TAMS 0x00000000c3e00000, 0x00000000c3e00000| Untracked 
|  63|0x00000000c3f00000, 0x00000000c3f00000, 0x00000000c4000000|  0%| F|  |TAMS 0x00000000c3f00000, 0x00000000c3f00000| Untracked 
|  64|0x00000000c4000000, 0x00000000c4000000, 0x00000000c4100000|  0%| F|  |TAMS 0x00000000c4000000, 0x00000000c4000000| Untracked 
|  65|0x00000000c4100000, 0x00000000c4100000, 0x00000000c4200000|  0%| F|  |TAMS 0x00000000c4100000, 0x00000000c4100000| Untracked 
|  66|0x00000000c4200000, 0x00000000c4200000, 0x00000000c4300000|  0%| F|  |TAMS 0x00000000c4200000, 0x00000000c4200000| Untracked 
|  67|0x00000000c4300000, 0x00000000c4300000, 0x00000000c4400000|  0%| F|  |TAMS 0x00000000c4300000, 0x00000000c4300000| Untracked 
|  68|0x00000000c4400000, 0x00000000c4400000, 0x00000000c4500000|  0%| F|  |TAMS 0x00000000c4400000, 0x00000000c4400000| Untracked 
|  69|0x00000000c4500000, 0x00000000c4500000, 0x00000000c4600000|  0%| F|  |TAMS 0x00000000c4500000, 0x00000000c4500000| Untracked 
|  70|0x00000000c4600000, 0x00000000c4600000, 0x00000000c4700000|  0%| F|  |TAMS 0x00000000c4600000, 0x00000000c4600000| Untracked 
|  71|0x00000000c4700000, 0x00000000c4700000, 0x00000000c4800000|  0%| F|  |TAMS 0x00000000c4700000, 0x00000000c4700000| Untracked 
|  72|0x00000000c4800000, 0x00000000c4800000, 0x00000000c4900000|  0%| F|  |TAMS 0x00000000c4800000, 0x00000000c4800000| Untracked 
|  73|0x00000000c4900000, 0x00000000c4900000, 0x00000000c4a00000|  0%| F|  |TAMS 0x00000000c4900000, 0x00000000c4900000| Untracked 
|  74|0x00000000c4a00000, 0x00000000c4a00000, 0x00000000c4b00000|  0%| F|  |TAMS 0x00000000c4a00000, 0x00000000c4a00000| Untracked 
|  75|0x00000000c4b00000, 0x00000000c4b00000, 0x00000000c4c00000|  0%| F|  |TAMS 0x00000000c4b00000, 0x00000000c4b00000| Untracked 
|  76|0x00000000c4c00000, 0x00000000c4c00000, 0x00000000c4d00000|  0%| F|  |TAMS 0x00000000c4c00000, 0x00000000c4c00000| Untracked 
|  77|0x00000000c4d00000, 0x00000000c4d00000, 0x00000000c4e00000|  0%| F|  |TAMS 0x00000000c4d00000, 0x00000000c4d00000| Untracked 
|  78|0x00000000c4e00000, 0x00000000c4e00000, 0x00000000c4f00000|  0%| F|  |TAMS 0x00000000c4e00000, 0x00000000c4e00000| Untracked 
|  79|0x00000000c4f00000, 0x00000000c4f00000, 0x00000000c5000000|  0%| F|  |TAMS 0x00000000c4f00000, 0x00000000c4f00000| Untracked 
|  80|0x00000000c5000000, 0x00000000c5000000, 0x00000000c5100000|  0%| F|  |TAMS 0x00000000c5000000, 0x00000000c5000000| Untracked 
|  81|0x00000000c5100000, 0x00000000c5100000, 0x00000000c5200000|  0%| F|  |TAMS 0x00000000c5100000, 0x00000000c5100000| Untracked 
|  82|0x00000000c5200000, 0x00000000c5200000, 0x00000000c5300000|  0%| F|  |TAMS 0x00000000c5200000, 0x00000000c5200000| Untracked 
|  83|0x00000000c5300000, 0x00000000c5300000, 0x00000000c5400000|  0%| F|  |TAMS 0x00000000c5300000, 0x00000000c5300000| Untracked 
|  84|0x00000000c5400000, 0x00000000c5400000, 0x00000000c5500000|  0%| F|  |TAMS 0x00000000c5400000, 0x00000000c5400000| Untracked 
|  85|0x00000000c5500000, 0x00000000c5500000, 0x00000000c5600000|  0%| F|  |TAMS 0x00000000c5500000, 0x00000000c5500000| Untracked 
|  86|0x00000000c5600000, 0x00000000c5600000, 0x00000000c5700000|  0%| F|  |TAMS 0x00000000c5600000, 0x00000000c5600000| Untracked 
|  87|0x00000000c5700000, 0x00000000c5700000, 0x00000000c5800000|  0%| F|  |TAMS 0x00000000c5700000, 0x00000000c5700000| Untracked 
|  88|0x00000000c5800000, 0x00000000c5800000, 0x00000000c5900000|  0%| F|  |TAMS 0x00000000c5800000, 0x00000000c5800000| Untracked 
|  89|0x00000000c5900000, 0x00000000c5900000, 0x00000000c5a00000|  0%| F|  |TAMS 0x00000000c5900000, 0x00000000c5900000| Untracked 
|  90|0x00000000c5a00000, 0x00000000c5a00000, 0x00000000c5b00000|  0%| F|  |TAMS 0x00000000c5a00000, 0x00000000c5a00000| Untracked 
|  91|0x00000000c5b00000, 0x00000000c5b00000, 0x00000000c5c00000|  0%| F|  |TAMS 0x00000000c5b00000, 0x00000000c5b00000| Untracked 
|  92|0x00000000c5c00000, 0x00000000c5c00000, 0x00000000c5d00000|  0%| F|  |TAMS 0x00000000c5c00000, 0x00000000c5c00000| Untracked 
|  93|0x00000000c5d00000, 0x00000000c5d00000, 0x00000000c5e00000|  0%| F|  |TAMS 0x00000000c5d00000, 0x00000000c5d00000| Untracked 
|  94|0x00000000c5e00000, 0x00000000c5e00000, 0x00000000c5f00000|  0%| F|  |TAMS 0x00000000c5e00000, 0x00000000c5e00000| Untracked 
|  95|0x00000000c5f00000, 0x00000000c5f00000, 0x00000000c6000000|  0%| F|  |TAMS 0x00000000c5f00000, 0x00000000c5f00000| Untracked 
|  96|0x00000000c6000000, 0x00000000c6000000, 0x00000000c6100000|  0%| F|  |TAMS 0x00000000c6000000, 0x00000000c6000000| Untracked 
|  97|0x00000000c6100000, 0x00000000c6100000, 0x00000000c6200000|  0%| F|  |TAMS 0x00000000c6100000, 0x00000000c6100000| Untracked 
|  98|0x00000000c6200000, 0x00000000c6200000, 0x00000000c6300000|  0%| F|  |TAMS 0x00000000c6200000, 0x00000000c6200000| Untracked 
|  99|0x00000000c6300000, 0x00000000c6300000, 0x00000000c6400000|  0%| F|  |TAMS 0x00000000c6300000, 0x00000000c6300000| Untracked 
| 100|0x00000000c6400000, 0x00000000c6400000, 0x00000000c6500000|  0%| F|  |TAMS 0x00000000c6400000, 0x00000000c6400000| Untracked 
| 101|0x00000000c6500000, 0x00000000c6500000, 0x00000000c6600000|  0%| F|  |TAMS 0x00000000c6500000, 0x00000000c6500000| Untracked 
| 102|0x00000000c6600000, 0x00000000c6600000, 0x00000000c6700000|  0%| F|  |TAMS 0x00000000c6600000, 0x00000000c6600000| Untracked 
| 103|0x00000000c6700000, 0x00000000c6700000, 0x00000000c6800000|  0%| F|  |TAMS 0x00000000c6700000, 0x00000000c6700000| Untracked 
| 104|0x00000000c6800000, 0x00000000c6800000, 0x00000000c6900000|  0%| F|  |TAMS 0x00000000c6800000, 0x00000000c6800000| Untracked 
| 105|0x00000000c6900000, 0x00000000c6900000, 0x00000000c6a00000|  0%| F|  |TAMS 0x00000000c6900000, 0x00000000c6900000| Untracked 
| 106|0x00000000c6a00000, 0x00000000c6a00000, 0x00000000c6b00000|  0%| F|  |TAMS 0x00000000c6a00000, 0x00000000c6a00000| Untracked 
| 107|0x00000000c6b00000, 0x00000000c6b00000, 0x00000000c6c00000|  0%| F|  |TAMS 0x00000000c6b00000, 0x00000000c6b00000| Untracked 
| 108|0x00000000c6c00000, 0x00000000c6c00000, 0x00000000c6d00000|  0%| F|  |TAMS 0x00000000c6c00000, 0x00000000c6c00000| Untracked 
| 109|0x00000000c6d00000, 0x00000000c6d00000, 0x00000000c6e00000|  0%| F|  |TAMS 0x00000000c6d00000, 0x00000000c6d00000| Untracked 
| 110|0x00000000c6e00000, 0x00000000c6e00000, 0x00000000c6f00000|  0%| F|  |TAMS 0x00000000c6e00000, 0x00000000c6e00000| Untracked 
| 111|0x00000000c6f00000, 0x00000000c6f00000, 0x00000000c7000000|  0%| F|  |TAMS 0x00000000c6f00000, 0x00000000c6f00000| Untracked 
| 112|0x00000000c7000000, 0x00000000c7000000, 0x00000000c7100000|  0%| F|  |TAMS 0x00000000c7000000, 0x00000000c7000000| Untracked 
| 113|0x00000000c7100000, 0x00000000c7100000, 0x00000000c7200000|  0%| F|  |TAMS 0x00000000c7100000, 0x00000000c7100000| Untracked 
| 114|0x00000000c7200000, 0x00000000c7200000, 0x00000000c7300000|  0%| F|  |TAMS 0x00000000c7200000, 0x00000000c7200000| Untracked 
| 115|0x00000000c7300000, 0x00000000c7300000, 0x00000000c7400000|  0%| F|  |TAMS 0x00000000c7300000, 0x00000000c7300000| Untracked 
| 116|0x00000000c7400000, 0x00000000c7400000, 0x00000000c7500000|  0%| F|  |TAMS 0x00000000c7400000, 0x00000000c7400000| Untracked 
| 117|0x00000000c7500000, 0x00000000c7500000, 0x00000000c7600000|  0%| F|  |TAMS 0x00000000c7500000, 0x00000000c7500000| Untracked 
| 118|0x00000000c7600000, 0x00000000c7600000, 0x00000000c7700000|  0%| F|  |TAMS 0x00000000c7600000, 0x00000000c7600000| Untracked 
| 119|0x00000000c7700000, 0x00000000c7700000, 0x00000000c7800000|  0%| F|  |TAMS 0x00000000c7700000, 0x00000000c7700000| Untracked 
| 120|0x00000000c7800000, 0x00000000c7800000, 0x00000000c7900000|  0%| F|  |TAMS 0x00000000c7800000, 0x00000000c7800000| Untracked 
| 121|0x00000000c7900000, 0x00000000c7900000, 0x00000000c7a00000|  0%| F|  |TAMS 0x00000000c7900000, 0x00000000c7900000| Untracked 
| 122|0x00000000c7a00000, 0x00000000c7a00000, 0x00000000c7b00000|  0%| F|  |TAMS 0x00000000c7a00000, 0x00000000c7a00000| Untracked 
| 123|0x00000000c7b00000, 0x00000000c7b00000, 0x00000000c7c00000|  0%| F|  |TAMS 0x00000000c7b00000, 0x00000000c7b00000| Untracked 
| 124|0x00000000c7c00000, 0x00000000c7c00000, 0x00000000c7d00000|  0%| F|  |TAMS 0x00000000c7c00000, 0x00000000c7c00000| Untracked 
| 125|0x00000000c7d00000, 0x00000000c7d00000, 0x00000000c7e00000|  0%| F|  |TAMS 0x00000000c7d00000, 0x00000000c7d00000| Untracked 
| 126|0x00000000c7e00000, 0x00000000c7e00000, 0x00000000c7f00000|  0%| F|  |TAMS 0x00000000c7e00000, 0x00000000c7e00000| Untracked 
| 127|0x00000000c7f00000, 0x00000000c7f00000, 0x00000000c8000000|  0%| F|  |TAMS 0x00000000c7f00000, 0x00000000c7f00000| Untracked 
| 128|0x00000000c8000000, 0x00000000c8000000, 0x00000000c8100000|  0%| F|  |TAMS 0x00000000c8000000, 0x00000000c8000000| Untracked 
| 129|0x00000000c8100000, 0x00000000c8100000, 0x00000000c8200000|  0%| F|  |TAMS 0x00000000c8100000, 0x00000000c8100000| Untracked 
| 130|0x00000000c8200000, 0x00000000c8200000, 0x00000000c8300000|  0%| F|  |TAMS 0x00000000c8200000, 0x00000000c8200000| Untracked 
| 131|0x00000000c8300000, 0x00000000c8300000, 0x00000000c8400000|  0%| F|  |TAMS 0x00000000c8300000, 0x00000000c8300000| Untracked 
| 132|0x00000000c8400000, 0x00000000c8400000, 0x00000000c8500000|  0%| F|  |TAMS 0x00000000c8400000, 0x00000000c8400000| Untracked 
| 133|0x00000000c8500000, 0x00000000c8500000, 0x00000000c8600000|  0%| F|  |TAMS 0x00000000c8500000, 0x00000000c8500000| Untracked 
| 134|0x00000000c8600000, 0x00000000c8600000, 0x00000000c8700000|  0%| F|  |TAMS 0x00000000c8600000, 0x00000000c8600000| Untracked 
| 135|0x00000000c8700000, 0x00000000c8700000, 0x00000000c8800000|  0%| F|  |TAMS 0x00000000c8700000, 0x00000000c8700000| Untracked 
| 136|0x00000000c8800000, 0x00000000c8800000, 0x00000000c8900000|  0%| F|  |TAMS 0x00000000c8800000, 0x00000000c8800000| Untracked 
| 137|0x00000000c8900000, 0x00000000c8900000, 0x00000000c8a00000|  0%| F|  |TAMS 0x00000000c8900000, 0x00000000c8900000| Untracked 
| 138|0x00000000c8a00000, 0x00000000c8a00000, 0x00000000c8b00000|  0%| F|  |TAMS 0x00000000c8a00000, 0x00000000c8a00000| Untracked 
| 139|0x00000000c8b00000, 0x00000000c8b00000, 0x00000000c8c00000|  0%| F|  |TAMS 0x00000000c8b00000, 0x00000000c8b00000| Untracked 
| 140|0x00000000c8c00000, 0x00000000c8c00000, 0x00000000c8d00000|  0%| F|  |TAMS 0x00000000c8c00000, 0x00000000c8c00000| Untracked 
| 141|0x00000000c8d00000, 0x00000000c8d00000, 0x00000000c8e00000|  0%| F|  |TAMS 0x00000000c8d00000, 0x00000000c8d00000| Untracked 
| 142|0x00000000c8e00000, 0x00000000c8e00000, 0x00000000c8f00000|  0%| F|  |TAMS 0x00000000c8e00000, 0x00000000c8e00000| Untracked 
| 143|0x00000000c8f00000, 0x00000000c8f00000, 0x00000000c9000000|  0%| F|  |TAMS 0x00000000c8f00000, 0x00000000c8f00000| Untracked 
| 144|0x00000000c9000000, 0x00000000c9000000, 0x00000000c9100000|  0%| F|  |TAMS 0x00000000c9000000, 0x00000000c9000000| Untracked 
| 145|0x00000000c9100000, 0x00000000c9100000, 0x00000000c9200000|  0%| F|  |TAMS 0x00000000c9100000, 0x00000000c9100000| Untracked 
| 146|0x00000000c9200000, 0x00000000c9200000, 0x00000000c9300000|  0%| F|  |TAMS 0x00000000c9200000, 0x00000000c9200000| Untracked 
| 147|0x00000000c9300000, 0x00000000c9300000, 0x00000000c9400000|  0%| F|  |TAMS 0x00000000c9300000, 0x00000000c9300000| Untracked 
| 148|0x00000000c9400000, 0x00000000c9400000, 0x00000000c9500000|  0%| F|  |TAMS 0x00000000c9400000, 0x00000000c9400000| Untracked 
| 149|0x00000000c9500000, 0x00000000c9500000, 0x00000000c9600000|  0%| F|  |TAMS 0x00000000c9500000, 0x00000000c9500000| Untracked 
| 150|0x00000000c9600000, 0x00000000c9600000, 0x00000000c9700000|  0%| F|  |TAMS 0x00000000c9600000, 0x00000000c9600000| Untracked 
| 151|0x00000000c9700000, 0x00000000c9700000, 0x00000000c9800000|  0%| F|  |TAMS 0x00000000c9700000, 0x00000000c9700000| Untracked 
| 152|0x00000000c9800000, 0x00000000c9800000, 0x00000000c9900000|  0%| F|  |TAMS 0x00000000c9800000, 0x00000000c9800000| Untracked 
| 153|0x00000000c9900000, 0x00000000c9900000, 0x00000000c9a00000|  0%| F|  |TAMS 0x00000000c9900000, 0x00000000c9900000| Untracked 
| 154|0x00000000c9a00000, 0x00000000c9a00000, 0x00000000c9b00000|  0%| F|  |TAMS 0x00000000c9a00000, 0x00000000c9a00000| Untracked 
| 155|0x00000000c9b00000, 0x00000000c9b00000, 0x00000000c9c00000|  0%| F|  |TAMS 0x00000000c9b00000, 0x00000000c9b00000| Untracked 
| 156|0x00000000c9c00000, 0x00000000c9c00000, 0x00000000c9d00000|  0%| F|  |TAMS 0x00000000c9c00000, 0x00000000c9c00000| Untracked 
| 157|0x00000000c9d00000, 0x00000000c9d00000, 0x00000000c9e00000|  0%| F|  |TAMS 0x00000000c9d00000, 0x00000000c9d00000| Untracked 
| 158|0x00000000c9e00000, 0x00000000c9e00000, 0x00000000c9f00000|  0%| F|  |TAMS 0x00000000c9e00000, 0x00000000c9e00000| Untracked 
| 159|0x00000000c9f00000, 0x00000000c9f00000, 0x00000000ca000000|  0%| F|  |TAMS 0x00000000c9f00000, 0x00000000c9f00000| Untracked 
| 160|0x00000000ca000000, 0x00000000ca000000, 0x00000000ca100000|  0%| F|  |TAMS 0x00000000ca000000, 0x00000000ca000000| Untracked 
| 161|0x00000000ca100000, 0x00000000ca100000, 0x00000000ca200000|  0%| F|  |TAMS 0x00000000ca100000, 0x00000000ca100000| Untracked 
| 162|0x00000000ca200000, 0x00000000ca200000, 0x00000000ca300000|  0%| F|  |TAMS 0x00000000ca200000, 0x00000000ca200000| Untracked 
| 163|0x00000000ca300000, 0x00000000ca300000, 0x00000000ca400000|  0%| F|  |TAMS 0x00000000ca300000, 0x00000000ca300000| Untracked 
| 164|0x00000000ca400000, 0x00000000ca400000, 0x00000000ca500000|  0%| F|  |TAMS 0x00000000ca400000, 0x00000000ca400000| Untracked 
| 165|0x00000000ca500000, 0x00000000ca500000, 0x00000000ca600000|  0%| F|  |TAMS 0x00000000ca500000, 0x00000000ca500000| Untracked 
| 166|0x00000000ca600000, 0x00000000ca600000, 0x00000000ca700000|  0%| F|  |TAMS 0x00000000ca600000, 0x00000000ca600000| Untracked 
| 167|0x00000000ca700000, 0x00000000ca700000, 0x00000000ca800000|  0%| F|  |TAMS 0x00000000ca700000, 0x00000000ca700000| Untracked 
| 168|0x00000000ca800000, 0x00000000ca880810, 0x00000000ca900000| 50%| E|  |TAMS 0x00000000ca800000, 0x00000000ca800000| Complete 
| 169|0x00000000ca900000, 0x00000000caa00000, 0x00000000caa00000|100%| E|CS|TAMS 0x00000000ca900000, 0x00000000ca900000| Complete 
| 170|0x00000000caa00000, 0x00000000cab00000, 0x00000000cab00000|100%| E|CS|TAMS 0x00000000caa00000, 0x00000000caa00000| Complete 
| 171|0x00000000cab00000, 0x00000000cac00000, 0x00000000cac00000|100%| E|CS|TAMS 0x00000000cab00000, 0x00000000cab00000| Complete 
| 172|0x00000000cac00000, 0x00000000cad00000, 0x00000000cad00000|100%| E|CS|TAMS 0x00000000cac00000, 0x00000000cac00000| Complete 
| 173|0x00000000cad00000, 0x00000000cae00000, 0x00000000cae00000|100%| E|CS|TAMS 0x00000000cad00000, 0x00000000cad00000| Complete 
| 174|0x00000000cae00000, 0x00000000caf00000, 0x00000000caf00000|100%| E|CS|TAMS 0x00000000cae00000, 0x00000000cae00000| Complete 
| 175|0x00000000caf00000, 0x00000000cb000000, 0x00000000cb000000|100%| E|CS|TAMS 0x00000000caf00000, 0x00000000caf00000| Complete 
| 176|0x00000000cb000000, 0x00000000cb100000, 0x00000000cb100000|100%| E|CS|TAMS 0x00000000cb000000, 0x00000000cb000000| Complete 
| 177|0x00000000cb100000, 0x00000000cb200000, 0x00000000cb200000|100%| E|CS|TAMS 0x00000000cb100000, 0x00000000cb100000| Complete 
| 178|0x00000000cb200000, 0x00000000cb300000, 0x00000000cb300000|100%| E|CS|TAMS 0x00000000cb200000, 0x00000000cb200000| Complete 
| 179|0x00000000cb300000, 0x00000000cb400000, 0x00000000cb400000|100%| E|CS|TAMS 0x00000000cb300000, 0x00000000cb300000| Complete 
| 180|0x00000000cb400000, 0x00000000cb500000, 0x00000000cb500000|100%| E|CS|TAMS 0x00000000cb400000, 0x00000000cb400000| Complete 
| 181|0x00000000cb500000, 0x00000000cb600000, 0x00000000cb600000|100%| E|CS|TAMS 0x00000000cb500000, 0x00000000cb500000| Complete 
| 182|0x00000000cb600000, 0x00000000cb700000, 0x00000000cb700000|100%| E|CS|TAMS 0x00000000cb600000, 0x00000000cb600000| Complete 
| 183|0x00000000cb700000, 0x00000000cb800000, 0x00000000cb800000|100%| E|CS|TAMS 0x00000000cb700000, 0x00000000cb700000| Complete 
| 184|0x00000000cb800000, 0x00000000cb900000, 0x00000000cb900000|100%| E|CS|TAMS 0x00000000cb800000, 0x00000000cb800000| Complete 
| 185|0x00000000cb900000, 0x00000000cba00000, 0x00000000cba00000|100%| E|CS|TAMS 0x00000000cb900000, 0x00000000cb900000| Complete 
| 186|0x00000000cba00000, 0x00000000cbb00000, 0x00000000cbb00000|100%| E|CS|TAMS 0x00000000cba00000, 0x00000000cba00000| Complete 
| 187|0x00000000cbb00000, 0x00000000cbc00000, 0x00000000cbc00000|100%| E|CS|TAMS 0x00000000cbb00000, 0x00000000cbb00000| Complete 
| 188|0x00000000cbc00000, 0x00000000cbd00000, 0x00000000cbd00000|100%| E|CS|TAMS 0x00000000cbc00000, 0x00000000cbc00000| Complete 
| 189|0x00000000cbd00000, 0x00000000cbe00000, 0x00000000cbe00000|100%| E|CS|TAMS 0x00000000cbd00000, 0x00000000cbd00000| Complete 
| 190|0x00000000cbe00000, 0x00000000cbf00000, 0x00000000cbf00000|100%| E|CS|TAMS 0x00000000cbe00000, 0x00000000cbe00000| Complete 
| 191|0x00000000cbf00000, 0x00000000cc000000, 0x00000000cc000000|100%| E|CS|TAMS 0x00000000cbf00000, 0x00000000cbf00000| Complete 
| 192|0x00000000cc000000, 0x00000000cc100000, 0x00000000cc100000|100%| E|CS|TAMS 0x00000000cc000000, 0x00000000cc000000| Complete 
| 193|0x00000000cc100000, 0x00000000cc200000, 0x00000000cc200000|100%| E|CS|TAMS 0x00000000cc100000, 0x00000000cc100000| Complete 
| 194|0x00000000cc200000, 0x00000000cc300000, 0x00000000cc300000|100%| E|CS|TAMS 0x00000000cc200000, 0x00000000cc200000| Complete 
| 195|0x00000000cc300000, 0x00000000cc400000, 0x00000000cc400000|100%| E|CS|TAMS 0x00000000cc300000, 0x00000000cc300000| Complete 
| 196|0x00000000cc400000, 0x00000000cc500000, 0x00000000cc500000|100%| E|CS|TAMS 0x00000000cc400000, 0x00000000cc400000| Complete 
| 197|0x00000000cc500000, 0x00000000cc600000, 0x00000000cc600000|100%| E|CS|TAMS 0x00000000cc500000, 0x00000000cc500000| Complete 
| 198|0x00000000cc600000, 0x00000000cc700000, 0x00000000cc700000|100%| E|CS|TAMS 0x00000000cc600000, 0x00000000cc600000| Complete 
| 199|0x00000000cc700000, 0x00000000cc800000, 0x00000000cc800000|100%| E|CS|TAMS 0x00000000cc700000, 0x00000000cc700000| Complete 
| 200|0x00000000cc800000, 0x00000000cc900000, 0x00000000cc900000|100%| E|CS|TAMS 0x00000000cc800000, 0x00000000cc800000| Complete 
| 201|0x00000000cc900000, 0x00000000cca00000, 0x00000000cca00000|100%| E|CS|TAMS 0x00000000cc900000, 0x00000000cc900000| Complete 
| 202|0x00000000cca00000, 0x00000000ccb00000, 0x00000000ccb00000|100%| E|CS|TAMS 0x00000000cca00000, 0x00000000cca00000| Complete 
| 203|0x00000000ccb00000, 0x00000000ccc00000, 0x00000000ccc00000|100%| E|CS|TAMS 0x00000000ccb00000, 0x00000000ccb00000| Complete 
| 204|0x00000000ccc00000, 0x00000000ccd00000, 0x00000000ccd00000|100%| E|CS|TAMS 0x00000000ccc00000, 0x00000000ccc00000| Complete 
| 205|0x00000000ccd00000, 0x00000000cce00000, 0x00000000cce00000|100%| E|CS|TAMS 0x00000000ccd00000, 0x00000000ccd00000| Complete 
| 206|0x00000000cce00000, 0x00000000ccf00000, 0x00000000ccf00000|100%| E|CS|TAMS 0x00000000cce00000, 0x00000000cce00000| Complete 
| 207|0x00000000ccf00000, 0x00000000cd000000, 0x00000000cd000000|100%| E|CS|TAMS 0x00000000ccf00000, 0x00000000ccf00000| Complete 
| 208|0x00000000cd000000, 0x00000000cd100000, 0x00000000cd100000|100%| E|CS|TAMS 0x00000000cd000000, 0x00000000cd000000| Complete 
| 209|0x00000000cd100000, 0x00000000cd200000, 0x00000000cd200000|100%| E|CS|TAMS 0x00000000cd100000, 0x00000000cd100000| Complete 
| 210|0x00000000cd200000, 0x00000000cd300000, 0x00000000cd300000|100%| E|CS|TAMS 0x00000000cd200000, 0x00000000cd200000| Complete 
| 211|0x00000000cd300000, 0x00000000cd400000, 0x00000000cd400000|100%| E|CS|TAMS 0x00000000cd300000, 0x00000000cd300000| Complete 
| 212|0x00000000cd400000, 0x00000000cd500000, 0x00000000cd500000|100%| E|CS|TAMS 0x00000000cd400000, 0x00000000cd400000| Complete 
| 213|0x00000000cd500000, 0x00000000cd600000, 0x00000000cd600000|100%| E|CS|TAMS 0x00000000cd500000, 0x00000000cd500000| Complete 
| 214|0x00000000cd600000, 0x00000000cd700000, 0x00000000cd700000|100%| E|CS|TAMS 0x00000000cd600000, 0x00000000cd600000| Complete 
| 215|0x00000000cd700000, 0x00000000cd800000, 0x00000000cd800000|100%| E|CS|TAMS 0x00000000cd700000, 0x00000000cd700000| Complete 
| 216|0x00000000cd800000, 0x00000000cd900000, 0x00000000cd900000|100%| E|CS|TAMS 0x00000000cd800000, 0x00000000cd800000| Complete 
| 217|0x00000000cd900000, 0x00000000cda00000, 0x00000000cda00000|100%| E|CS|TAMS 0x00000000cd900000, 0x00000000cd900000| Complete 
| 218|0x00000000cda00000, 0x00000000cdb00000, 0x00000000cdb00000|100%| E|CS|TAMS 0x00000000cda00000, 0x00000000cda00000| Complete 
| 219|0x00000000cdb00000, 0x00000000cdc00000, 0x00000000cdc00000|100%| E|CS|TAMS 0x00000000cdb00000, 0x00000000cdb00000| Complete 
| 220|0x00000000cdc00000, 0x00000000cdd00000, 0x00000000cdd00000|100%| E|CS|TAMS 0x00000000cdc00000, 0x00000000cdc00000| Complete 
| 221|0x00000000cdd00000, 0x00000000cde00000, 0x00000000cde00000|100%| E|CS|TAMS 0x00000000cdd00000, 0x00000000cdd00000| Complete 
| 222|0x00000000cde00000, 0x00000000cdf00000, 0x00000000cdf00000|100%| E|CS|TAMS 0x00000000cde00000, 0x00000000cde00000| Complete 
| 223|0x00000000cdf00000, 0x00000000ce000000, 0x00000000ce000000|100%| E|CS|TAMS 0x00000000cdf00000, 0x00000000cdf00000| Complete 
| 224|0x00000000ce000000, 0x00000000ce100000, 0x00000000ce100000|100%| E|CS|TAMS 0x00000000ce000000, 0x00000000ce000000| Complete 
| 225|0x00000000ce100000, 0x00000000ce200000, 0x00000000ce200000|100%| E|CS|TAMS 0x00000000ce100000, 0x00000000ce100000| Complete 
| 226|0x00000000ce200000, 0x00000000ce300000, 0x00000000ce300000|100%| E|CS|TAMS 0x00000000ce200000, 0x00000000ce200000| Complete 
| 227|0x00000000ce300000, 0x00000000ce400000, 0x00000000ce400000|100%| E|CS|TAMS 0x00000000ce300000, 0x00000000ce300000| Complete 
| 228|0x00000000ce400000, 0x00000000ce500000, 0x00000000ce500000|100%| E|CS|TAMS 0x00000000ce400000, 0x00000000ce400000| Complete 
| 229|0x00000000ce500000, 0x00000000ce600000, 0x00000000ce600000|100%| E|CS|TAMS 0x00000000ce500000, 0x00000000ce500000| Complete 
| 230|0x00000000ce600000, 0x00000000ce700000, 0x00000000ce700000|100%| E|CS|TAMS 0x00000000ce600000, 0x00000000ce600000| Complete 
| 231|0x00000000ce700000, 0x00000000ce800000, 0x00000000ce800000|100%| E|CS|TAMS 0x00000000ce700000, 0x00000000ce700000| Complete 
| 232|0x00000000ce800000, 0x00000000ce900000, 0x00000000ce900000|100%| E|CS|TAMS 0x00000000ce800000, 0x00000000ce800000| Complete 
| 233|0x00000000ce900000, 0x00000000cea00000, 0x00000000cea00000|100%| E|CS|TAMS 0x00000000ce900000, 0x00000000ce900000| Complete 
| 234|0x00000000cea00000, 0x00000000ceb00000, 0x00000000ceb00000|100%| E|CS|TAMS 0x00000000cea00000, 0x00000000cea00000| Complete 
| 235|0x00000000ceb00000, 0x00000000cec00000, 0x00000000cec00000|100%| E|CS|TAMS 0x00000000ceb00000, 0x00000000ceb00000| Complete 
| 236|0x00000000cec00000, 0x00000000ced00000, 0x00000000ced00000|100%| E|CS|TAMS 0x00000000cec00000, 0x00000000cec00000| Complete 
| 237|0x00000000ced00000, 0x00000000cee00000, 0x00000000cee00000|100%| E|CS|TAMS 0x00000000ced00000, 0x00000000ced00000| Complete 
| 238|0x00000000cee00000, 0x00000000cef00000, 0x00000000cef00000|100%| E|CS|TAMS 0x00000000cee00000, 0x00000000cee00000| Complete 
| 239|0x00000000cef00000, 0x00000000cf000000, 0x00000000cf000000|100%| E|CS|TAMS 0x00000000cef00000, 0x00000000cef00000| Complete 
| 240|0x00000000cf000000, 0x00000000cf100000, 0x00000000cf100000|100%| E|CS|TAMS 0x00000000cf000000, 0x00000000cf000000| Complete 
| 241|0x00000000cf100000, 0x00000000cf200000, 0x00000000cf200000|100%| E|CS|TAMS 0x00000000cf100000, 0x00000000cf100000| Complete 
| 242|0x00000000cf200000, 0x00000000cf300000, 0x00000000cf300000|100%| E|CS|TAMS 0x00000000cf200000, 0x00000000cf200000| Complete 
| 243|0x00000000cf300000, 0x00000000cf400000, 0x00000000cf400000|100%| E|CS|TAMS 0x00000000cf300000, 0x00000000cf300000| Complete 
| 244|0x00000000cf400000, 0x00000000cf500000, 0x00000000cf500000|100%| E|CS|TAMS 0x00000000cf400000, 0x00000000cf400000| Complete 
| 245|0x00000000cf500000, 0x00000000cf600000, 0x00000000cf600000|100%| S|CS|TAMS 0x00000000cf500000, 0x00000000cf500000| Complete 
| 246|0x00000000cf600000, 0x00000000cf700000, 0x00000000cf700000|100%| S|CS|TAMS 0x00000000cf600000, 0x00000000cf600000| Complete 
| 247|0x00000000cf700000, 0x00000000cf800000, 0x00000000cf800000|100%| E|CS|TAMS 0x00000000cf700000, 0x00000000cf700000| Complete 
| 248|0x00000000cf800000, 0x00000000cf900000, 0x00000000cf900000|100%| E|CS|TAMS 0x00000000cf800000, 0x00000000cf800000| Complete 
| 249|0x00000000cf900000, 0x00000000cfa00000, 0x00000000cfa00000|100%| E|CS|TAMS 0x00000000cf900000, 0x00000000cf900000| Complete 
| 250|0x00000000cfa00000, 0x00000000cfb00000, 0x00000000cfb00000|100%| E|CS|TAMS 0x00000000cfa00000, 0x00000000cfa00000| Complete 
| 251|0x00000000cfb00000, 0x00000000cfc00000, 0x00000000cfc00000|100%| E|CS|TAMS 0x00000000cfb00000, 0x00000000cfb00000| Complete 
| 252|0x00000000cfc00000, 0x00000000cfd00000, 0x00000000cfd00000|100%| E|CS|TAMS 0x00000000cfc00000, 0x00000000cfc00000| Complete 
| 253|0x00000000cfd00000, 0x00000000cfe00000, 0x00000000cfe00000|100%| E|CS|TAMS 0x00000000cfd00000, 0x00000000cfd00000| Complete 
| 254|0x00000000cfe00000, 0x00000000cff00000, 0x00000000cff00000|100%| E|CS|TAMS 0x00000000cfe00000, 0x00000000cfe00000| Complete 
| 255|0x00000000cff00000, 0x00000000d0000000, 0x00000000d0000000|100%| E|CS|TAMS 0x00000000cff00000, 0x00000000cff00000| Complete 

Card table byte_map: [0x0000021057080000,0x0000021057280000] _byte_map_base: 0x0000021056a80000

Marking Bits (Prev, Next): (CMBitMap*) 0x000002104182f560, (CMBitMap*) 0x000002104182f5a0
 Prev Bits: [0x0000021057480000, 0x0000021058480000)
 Next Bits: [0x0000021058480000, 0x0000021059480000)

Polling page: 0x0000021040fb0000

Metaspace:

Usage:
  Non-class:     32.12 MB used.
      Class:      3.69 MB used.
       Both:     35.81 MB used.

Virtual space:
  Non-class space:       64.00 MB reserved,      32.25 MB ( 50%) committed,  1 nodes.
      Class space:        1.00 GB reserved,       3.81 MB ( <1%) committed,  1 nodes.
             Both:        1.06 GB reserved,      36.06 MB (  3%) committed. 

Chunk freelists:
   Non-Class:  15.14 MB
       Class:  12.23 MB
        Both:  27.38 MB

MaxMetaspaceSize: unlimited
CompressedClassSpaceSize: 1.00 GB
Initial GC threshold: 21.00 MB
Current GC threshold: 58.88 MB
CDS: off
MetaspaceReclaimPolicy: balanced
 - commit_granule_bytes: 65536.
 - commit_granule_words: 8192.
 - virtual_space_node_default_size: 8388608.
 - enlarge_chunks_in_place: 1.
 - new_chunks_are_fully_committed: 0.
 - uncommit_free_chunks: 1.
 - use_allocation_guard: 0.
 - handle_deallocations: 1.


Internal statistics:

num_allocs_failed_limit: 6.
num_arena_births: 188.
num_arena_deaths: 0.
num_vsnodes_births: 2.
num_vsnodes_deaths: 0.
num_space_committed: 574.
num_space_uncommitted: 0.
num_chunks_returned_to_freelist: 6.
num_chunks_taken_from_freelist: 991.
num_chunk_merges: 6.
num_chunk_splits: 714.
num_chunks_enlarged: 554.
num_inconsistent_stats: 0.

CodeHeap 'non-profiled nmethods': size=120000Kb used=2698Kb max_used=2698Kb free=117301Kb
 bounds [0x000002104f3f0000, 0x000002104f6a0000, 0x0000021056920000]
CodeHeap 'profiled nmethods': size=120000Kb used=8474Kb max_used=8474Kb free=111526Kb
 bounds [0x0000021047920000, 0x0000021048170000, 0x000002104ee50000]
CodeHeap 'non-nmethods': size=5760Kb used=1255Kb max_used=1374Kb free=4504Kb
 bounds [0x000002104ee50000, 0x000002104f0c0000, 0x000002104f3f0000]
 total_blobs=4677 nmethods=4109 adapters=480
 compilation: enabled
              stopped_count=0, restarted_count=0
 full_count=0

Compilation events (20 events):
Event: 177.372 Thread 0x000002105c190280 nmethod 4100 0x000002104f68f010 code [0x000002104f68f1e0, 0x000002104f68f828]
Event: 177.376 Thread 0x000002105c190280 4101       4       io.ballerina.projects.PackageDescriptor::from (12 bytes)
Event: 177.376 Thread 0x000002105c190280 nmethod 4101 0x000002104f68fd90 code [0x000002104f68ff20, 0x000002104f690028]
Event: 177.380 Thread 0x000002105c190280 4102       4       io.ballerina.projects.SemanticVersion::equals (41 bytes)
Event: 177.382 Thread 0x000002105c190280 nmethod 4102 0x000002104f690110 code [0x000002104f6902a0, 0x000002104f6904b8]
Event: 177.382 Thread 0x000002105c190280 4103       4       com.github.zafarkhaja.semver.NormalVersion::compareTo (40 bytes)
Event: 177.382 Thread 0x000002105c190280 nmethod 4103 0x000002104f690790 code [0x000002104f690900, 0x000002104f6909b8]
Event: 177.392 Thread 0x000002105c190280 4104       4       java.util.AbstractCollection::addAll (42 bytes)
Event: 177.393 Thread 0x000002105c190280 nmethod 4104 0x000002104f690a90 code [0x000002104f690c20, 0x000002104f690d78]
Event: 177.393 Thread 0x000002105c190280 4105       4       java.util.Formatter$Conversion::isValid (358 bytes)
Event: 177.394 Thread 0x000002105c190280 nmethod 4105 0x000002104f690f10 code [0x000002104f691080, 0x000002104f691178]
Event: 177.399 Thread 0x000002105c190280 4106   !   4       java.util.zip.ZipFile$CleanableResource::getInflater (47 bytes)
Event: 177.404 Thread 0x000002105c190280 nmethod 4106 0x000002104f691210 code [0x000002104f6913e0, 0x000002104f691c58]
Event: 177.404 Thread 0x000002105c190280 4107       4       com.google.gson.reflect.TypeToken::equals (30 bytes)
Event: 177.407 Thread 0x000002105c190280 nmethod 4107 0x000002104f692010 code [0x000002104f6921e0, 0x000002104f692468]
Event: 177.435 Thread 0x000002105c190280 4108  s    4       java.util.jar.JarFile::getInputStream (72 bytes)
Event: 177.579 Thread 0x000002105c1a8000 4110       3       com.github.zafarkhaja.semver.Version::getMinorVersion (8 bytes)
Event: 177.579 Thread 0x000002105c1a8000 nmethod 4110 0x0000021048166490 code [0x0000021048166620, 0x0000021048166758]
Event: 177.579 Thread 0x000002105c1a8000 4111       1       com.github.zafarkhaja.semver.NormalVersion::getMinor (5 bytes)
Event: 177.579 Thread 0x000002105c1a8000 nmethod 4111 0x000002104f692790 code [0x000002104f692920, 0x000002104f6929f8]

GC Heap History (12 events):
Event: 0.920 GC heap before
{Heap before GC invocations=0 (full 0):
 garbage-first heap   total 262144K, used 26624K [0x00000000c0000000, 0x0000000100000000)
  region size 1024K, 23 young (23552K), 0 survivors (0K)
 Metaspace       used 16205K, committed 16448K, reserved 1114112K
  class space    used 1558K, committed 1664K, reserved 1048576K
}
Event: 0.926 GC heap after
{Heap after GC invocations=1 (full 0):
 garbage-first heap   total 262144K, used 11934K [0x00000000c0000000, 0x0000000100000000)
  region size 1024K, 3 young (3072K), 3 survivors (3072K)
 Metaspace       used 16205K, committed 16448K, reserved 1114112K
  class space    used 1558K, committed 1664K, reserved 1048576K
}
Event: 1.396 GC heap before
{Heap before GC invocations=1 (full 0):
 garbage-first heap   total 262144K, used 31390K [0x00000000c0000000, 0x0000000100000000)
  region size 1024K, 23 young (23552K), 3 survivors (3072K)
 Metaspace       used 21336K, committed 21504K, reserved 1114112K
  class space    used 2137K, committed 2240K, reserved 1048576K
}
Event: 1.400 GC heap after
{Heap after GC invocations=2 (full 0):
 garbage-first heap   total 262144K, used 14606K [0x00000000c0000000, 0x0000000100000000)
  region size 1024K, 3 young (3072K), 3 survivors (3072K)
 Metaspace       used 21336K, committed 21504K, reserved 1114112K
  class space    used 2137K, committed 2240K, reserved 1048576K
}
Event: 2.271 GC heap before
{Heap before GC invocations=3 (full 0):
 garbage-first heap   total 262144K, used 58638K [0x00000000c0000000, 0x0000000100000000)
  region size 1024K, 47 young (48128K), 3 survivors (3072K)
 Metaspace       used 29066K, committed 29248K, reserved 1114112K
  class space    used 3029K, committed 3136K, reserved 1048576K
}
Event: 2.279 GC heap after
{Heap after GC invocations=4 (full 0):
 garbage-first heap   total 262144K, used 21868K [0x00000000c0000000, 0x0000000100000000)
  region size 1024K, 6 young (6144K), 6 survivors (6144K)
 Metaspace       used 29066K, committed 29248K, reserved 1114112K
  class space    used 3029K, committed 3136K, reserved 1048576K
}
Event: 3.988 GC heap before
{Heap before GC invocations=4 (full 0):
 garbage-first heap   total 262144K, used 172396K [0x00000000c0000000, 0x0000000100000000)
  region size 1024K, 153 young (156672K), 6 survivors (6144K)
 Metaspace       used 32903K, committed 33152K, reserved 1114112K
  class space    used 3524K, committed 3648K, reserved 1048576K
}
Event: 4.001 GC heap after
{Heap after GC invocations=5 (full 0):
 garbage-first heap   total 262144K, used 28489K [0x00000000c0000000, 0x0000000100000000)
  region size 1024K, 13 young (13312K), 13 survivors (13312K)
 Metaspace       used 32903K, committed 33152K, reserved 1114112K
  class space    used 3524K, committed 3648K, reserved 1048576K
}
Event: 25.400 GC heap before
{Heap before GC invocations=5 (full 0):
 garbage-first heap   total 262144K, used 187209K [0x00000000c0000000, 0x0000000100000000)
  region size 1024K, 153 young (156672K), 13 survivors (13312K)
 Metaspace       used 33583K, committed 33856K, reserved 1114112K
  class space    used 3573K, committed 3712K, reserved 1048576K
}
Event: 25.420 GC heap after
{Heap after GC invocations=6 (full 0):
 garbage-first heap   total 262144K, used 57943K [0x00000000c0000000, 0x0000000100000000)
  region size 1024K, 20 young (20480K), 20 survivors (20480K)
 Metaspace       used 33583K, committed 33856K, reserved 1114112K
  class space    used 3573K, committed 3712K, reserved 1048576K
}
Event: 25.594 GC heap before
{Heap before GC invocations=6 (full 0):
 garbage-first heap   total 262144K, used 65111K [0x00000000c0000000, 0x0000000100000000)
  region size 1024K, 29 young (29696K), 20 survivors (20480K)
 Metaspace       used 35756K, committed 35968K, reserved 1114112K
  class space    used 3675K, committed 3776K, reserved 1048576K
}
Event: 25.607 GC heap after
{Heap after GC invocations=7 (full 0):
 garbage-first heap   total 262144K, used 60416K [0x00000000c0000000, 0x0000000100000000)
  region size 1024K, 2 young (2048K), 2 survivors (2048K)
 Metaspace       used 35756K, committed 35968K, reserved 1114112K
  class space    used 3675K, committed 3776K, reserved 1048576K
}

Dll operation events (8 events):
Event: 0.013 Loaded shared library C:\PROGRA~1\BALLER~1\dependencies\jdk-17.0.7+7-jre\bin\java.dll
Event: 0.219 Loaded shared library C:\Program Files\Ballerina\dependencies\jdk-17.0.7+7-jre\bin\jimage.dll
Event: 0.230 Loaded shared library C:\Program Files\Ballerina\dependencies\jdk-17.0.7+7-jre\bin\net.dll
Event: 0.231 Loaded shared library C:\Program Files\Ballerina\dependencies\jdk-17.0.7+7-jre\bin\nio.dll
Event: 0.235 Loaded shared library C:\Program Files\Ballerina\dependencies\jdk-17.0.7+7-jre\bin\zip.dll
Event: 0.367 Loaded shared library C:\Program Files\Ballerina\dependencies\jdk-17.0.7+7-jre\bin\management.dll
Event: 0.376 Loaded shared library C:\Program Files\Ballerina\dependencies\jdk-17.0.7+7-jre\bin\management_ext.dll
Event: 0.583 Loaded shared library C:\PROGRA~1\BALLER~1\dependencies\jdk-17.0.7+7-jre\bin\verify.dll

Deoptimization events (20 events):
Event: 165.880 Thread 0x0000021062136310 Uncommon trap: trap_request=0xfffffff4 fr.pc=0x000002104f5a7b7c relative=0x0000000000000bbc
Event: 165.880 Thread 0x0000021062136310 Uncommon trap: reason=null_check action=make_not_entrant pc=0x000002104f5a7b7c method=sun.nio.fs.NativeBuffers.getNativeBufferFromCache(I)Lsun/nio/fs/NativeBuffer; @ 6 c2
Event: 165.880 Thread 0x0000021062136310 DEOPT PACKING pc=0x000002104f5a7b7c sp=0x00000077003feb10
Event: 165.880 Thread 0x0000021062136310 DEOPT UNPACKING pc=0x000002104eea69a3 sp=0x00000077003fe9c0 mode 2
Event: 165.881 Thread 0x0000021062136310 Uncommon trap: trap_request=0xffffffde fr.pc=0x000002104f56b758 relative=0x0000000000000198
Event: 165.881 Thread 0x0000021062136310 Uncommon trap: reason=class_check action=maybe_recompile pc=0x000002104f56b758 method=java.util.stream.FindOps$FindOp.evaluateSequential(Ljava/util/stream/PipelineHelper;Ljava/util/Spliterator;)Ljava/lang/Object; @ 5 c2
Event: 165.881 Thread 0x0000021062136310 DEOPT PACKING pc=0x000002104f56b758 sp=0x00000077003feeb0
Event: 165.881 Thread 0x0000021062136310 DEOPT UNPACKING pc=0x000002104eea69a3 sp=0x00000077003fee38 mode 2
Event: 166.230 Thread 0x0000021062136310 Uncommon trap: trap_request=0xfffffff4 fr.pc=0x000002104f563404 relative=0x0000000000000244
Event: 166.230 Thread 0x0000021062136310 Uncommon trap: reason=null_check action=make_not_entrant pc=0x000002104f563404 method=sun.nio.fs.NativeBuffers.getNativeBufferFromCache(I)Lsun/nio/fs/NativeBuffer; @ 6 c2
Event: 166.230 Thread 0x0000021062136310 DEOPT PACKING pc=0x000002104f563404 sp=0x00000077003fe9b0
Event: 166.230 Thread 0x0000021062136310 DEOPT UNPACKING pc=0x000002104eea69a3 sp=0x00000077003fe960 mode 2
Event: 166.235 Thread 0x0000021062136310 Uncommon trap: trap_request=0xffffffde fr.pc=0x000002104f56b758 relative=0x0000000000000198
Event: 166.235 Thread 0x0000021062136310 Uncommon trap: reason=class_check action=maybe_recompile pc=0x000002104f56b758 method=java.util.stream.FindOps$FindOp.evaluateSequential(Ljava/util/stream/PipelineHelper;Ljava/util/Spliterator;)Ljava/lang/Object; @ 5 c2
Event: 166.235 Thread 0x0000021062136310 DEOPT PACKING pc=0x000002104f56b758 sp=0x00000077003feeb0
Event: 166.235 Thread 0x0000021062136310 DEOPT UNPACKING pc=0x000002104eea69a3 sp=0x00000077003fee38 mode 2
Event: 167.018 Thread 0x0000021062136310 Uncommon trap: trap_request=0xffffffde fr.pc=0x000002104f56b758 relative=0x0000000000000198
Event: 167.018 Thread 0x0000021062136310 Uncommon trap: reason=class_check action=maybe_recompile pc=0x000002104f56b758 method=java.util.stream.FindOps$FindOp.evaluateSequential(Ljava/util/stream/PipelineHelper;Ljava/util/Spliterator;)Ljava/lang/Object; @ 5 c2
Event: 167.018 Thread 0x0000021062136310 DEOPT PACKING pc=0x000002104f56b758 sp=0x00000077003feee0
Event: 167.018 Thread 0x0000021062136310 DEOPT UNPACKING pc=0x000002104eea69a3 sp=0x00000077003fee68 mode 2

Classes unloaded (0 events):
No events

Classes redefined (0 events):
No events

Internal exceptions (20 events):
Event: 177.656 Thread 0x0000021061b57c50 Exception <a 'sun/nio/fs/WindowsException'{0x00000000cb5f4a88}> (0x00000000cb5f4a88) 
thrown [s\src\hotspot\share\prims\jni.cpp, line 516]
Event: 177.656 Thread 0x0000021061b57c50 Exception <a 'sun/nio/fs/WindowsException'{0x00000000cb5f5850}> (0x00000000cb5f5850) 
thrown [s\src\hotspot\share\prims\jni.cpp, line 516]
Event: 177.656 Thread 0x0000021061b57c50 Exception <a 'sun/nio/fs/WindowsException'{0x00000000cb403128}> (0x00000000cb403128) 
thrown [s\src\hotspot\share\prims\jni.cpp, line 516]
Event: 177.657 Thread 0x0000021061b57c50 Exception <a 'sun/nio/fs/WindowsException'{0x00000000cb412be8}> (0x00000000cb412be8) 
thrown [s\src\hotspot\share\prims\jni.cpp, line 516]
Event: 177.657 Thread 0x0000021061b57c50 Exception <a 'sun/nio/fs/WindowsException'{0x00000000cb413aa0}> (0x00000000cb413aa0) 
thrown [s\src\hotspot\share\prims\jni.cpp, line 516]
Event: 177.657 Thread 0x0000021061b57c50 Exception <a 'sun/nio/fs/WindowsException'{0x00000000cb420a80}> (0x00000000cb420a80) 
thrown [s\src\hotspot\share\prims\jni.cpp, line 516]
Event: 177.658 Thread 0x0000021061b57c50 Exception <a 'sun/nio/fs/WindowsException'{0x00000000cb42f380}> (0x00000000cb42f380) 
thrown [s\src\hotspot\share\prims\jni.cpp, line 516]
Event: 177.658 Thread 0x0000021061b57c50 Exception <a 'sun/nio/fs/WindowsException'{0x00000000cb430180}> (0x00000000cb430180) 
thrown [s\src\hotspot\share\prims\jni.cpp, line 516]
Event: 177.658 Thread 0x0000021061b57c50 Exception <a 'sun/nio/fs/WindowsException'{0x00000000cb43d0d0}> (0x00000000cb43d0d0) 
thrown [s\src\hotspot\share\prims\jni.cpp, line 516]
Event: 177.658 Thread 0x0000021061b57c50 Exception <a 'sun/nio/fs/WindowsException'{0x00000000cb4472e8}> (0x00000000cb4472e8) 
thrown [s\src\hotspot\share\prims\jni.cpp, line 516]
Event: 177.659 Thread 0x0000021061b57c50 Exception <a 'sun/nio/fs/WindowsException'{0x00000000cb4481a0}> (0x00000000cb4481a0) 
thrown [s\src\hotspot\share\prims\jni.cpp, line 516]
Event: 177.659 Thread 0x0000021061b57c50 Exception <a 'sun/nio/fs/WindowsException'{0x00000000cb455180}> (0x00000000cb455180) 
thrown [s\src\hotspot\share\prims\jni.cpp, line 516]
Event: 177.659 Thread 0x0000021061b57c50 Exception <a 'sun/nio/fs/WindowsException'{0x00000000cb45f370}> (0x00000000cb45f370) 
thrown [s\src\hotspot\share\prims\jni.cpp, line 516]
Event: 177.659 Thread 0x0000021061b57c50 Exception <a 'sun/nio/fs/WindowsException'{0x00000000cb460228}> (0x00000000cb460228) 
thrown [s\src\hotspot\share\prims\jni.cpp, line 516]
Event: 177.660 Thread 0x0000021061b57c50 Exception <a 'sun/nio/fs/WindowsException'{0x00000000cb46d208}> (0x00000000cb46d208) 
thrown [s\src\hotspot\share\prims\jni.cpp, line 516]
Event: 177.660 Thread 0x0000021061b57c50 Exception <a 'sun/nio/fs/WindowsException'{0x00000000cb4773e8}> (0x00000000cb4773e8) 
thrown [s\src\hotspot\share\prims\jni.cpp, line 516]
Event: 177.660 Thread 0x0000021061b57c50 Exception <a 'sun/nio/fs/WindowsException'{0x00000000cb478200}> (0x00000000cb478200) 
thrown [s\src\hotspot\share\prims\jni.cpp, line 516]
Event: 177.660 Thread 0x0000021061b57c50 Exception <a 'sun/nio/fs/WindowsException'{0x00000000cb485958}> (0x00000000cb485958) 
thrown [s\src\hotspot\share\prims\jni.cpp, line 516]
Event: 177.661 Thread 0x0000021061b57c50 Exception <a 'sun/nio/fs/WindowsException'{0x00000000cb491f10}> (0x00000000cb491f10) 
thrown [s\src\hotspot\share\prims\jni.cpp, line 516]
Event: 177.661 Thread 0x0000021061b57c50 Exception <a 'sun/nio/fs/WindowsException'{0x00000000cb492dc8}> (0x00000000cb492dc8) 
thrown [s\src\hotspot\share\prims\jni.cpp, line 516]

VM Operations (20 events):
Event: 25.399 Executing VM operation: G1CollectForAllocation
Event: 25.420 Executing VM operation: G1CollectForAllocation done
Event: 25.594 Executing VM operation: CollectForMetadataAllocation
Event: 25.607 Executing VM operation: CollectForMetadataAllocation done
Event: 25.626 Executing VM operation: HandshakeAllThreads
Event: 25.626 Executing VM operation: HandshakeAllThreads done
Event: 25.626 Executing VM operation: HandshakeAllThreads
Event: 25.626 Executing VM operation: HandshakeAllThreads done
Event: 25.634 Executing VM operation: G1Concurrent
Event: 25.636 Executing VM operation: G1Concurrent done
Event: 25.652 Executing VM operation: G1Concurrent
Event: 25.652 Executing VM operation: G1Concurrent done
Event: 25.661 Executing VM operation: HandshakeAllThreads
Event: 25.661 Executing VM operation: HandshakeAllThreads done
Event: 26.672 Executing VM operation: Cleanup
Event: 26.672 Executing VM operation: Cleanup done
Event: 166.861 Executing VM operation: Cleanup
Event: 166.862 Executing VM operation: Cleanup done
Event: 167.867 Executing VM operation: Cleanup
Event: 167.867 Executing VM operation: Cleanup done

Events (20 events):
Event: 25.642 loading class java/util/LinkedList$LLSpliterator done
Event: 25.664 loading class java/net/URLClassLoader$1
Event: 25.664 loading class java/net/URLClassLoader$1 done
Event: 25.665 loading class java/io/FilePermissionCollection
Event: 25.665 loading class java/io/FilePermissionCollection done
Event: 25.666 loading class java/io/FilePermissionCollection$1
Event: 25.666 loading class java/io/FilePermissionCollection$1 done
Event: 25.678 loading class sun/invoke/util/VerifyAccess$1
Event: 25.679 loading class sun/invoke/util/VerifyAccess$1 done
Event: 25.713 loading class java/util/stream/Streams$ConcatSpliterator$OfRef
Event: 25.713 loading class java/util/stream/Streams$ConcatSpliterator
Event: 25.713 loading class java/util/stream/Streams$ConcatSpliterator done
Event: 25.713 loading class java/util/stream/Streams$ConcatSpliterator$OfRef done
Event: 25.713 loading class java/util/stream/Streams$2
Event: 25.713 loading class java/util/stream/Streams$2 done
Event: 31.029 Thread 0x0000021063d35fe0 Thread exited: 0x0000021063d35fe0
Event: 35.750 Thread 0x000002106234f170 Thread exited: 0x000002106234f170
Event: 85.743 Thread 0x0000021062136310 Thread exited: 0x0000021062136310
Event: 145.743 Thread 0x00000210628eb030 Thread exited: 0x00000210628eb030
Event: 165.879 Thread 0x0000021062136310 Thread added: 0x0000021062136310


Dynamic libraries:
0x00007ff605ca0000 - 0x00007ff605cae000 	C:\PROGRA~1\BALLER~1\dependencies\jdk-17.0.7+7-jre\bin\java.exe
0x00007ffd58ed0000 - 0x00007ffd590e7000 	C:\WINDOWS\SYSTEM32\ntdll.dll
0x00007ffd57260000 - 0x00007ffd57324000 	C:\WINDOWS\System32\KERNEL32.DLL
0x00007ffd56390000 - 0x00007ffd56736000 	C:\WINDOWS\System32\KERNELBASE.dll
0x00007ffd56ae0000 - 0x00007ffd56bf1000 	C:\WINDOWS\System32\ucrtbase.dll
0x00007ffd31830000 - 0x00007ffd31849000 	C:\PROGRA~1\BALLER~1\dependencies\jdk-17.0.7+7-jre\bin\VCRUNTIME140.dll
0x00007ffd35190000 - 0x00007ffd351a7000 	C:\PROGRA~1\BALLER~1\dependencies\jdk-17.0.7+7-jre\bin\jli.dll
0x00007ffd57000000 - 0x00007ffd571ad000 	C:\WINDOWS\System32\USER32.dll
0x00007ffd56c00000 - 0x00007ffd56c26000 	C:\WINDOWS\System32\win32u.dll
0x00007ffd56d70000 - 0x00007ffd56d99000 	C:\WINDOWS\System32\GDI32.dll
0x00007ffd56920000 - 0x00007ffd56a38000 	C:\WINDOWS\System32\gdi32full.dll
0x00007ffd3d8f0000 - 0x00007ffd3db83000 	C:\WINDOWS\WinSxS\amd64_microsoft.windows.common-controls_6595b64144ccf1df_6.0.22621.2361_none_2712ced57382f843\COMCTL32.dll
0x00007ffd56a40000 - 0x00007ffd56ada000 	C:\WINDOWS\System32\msvcp_win.dll
0x00007ffd57430000 - 0x00007ffd574d7000 	C:\WINDOWS\System32\msvcrt.dll
0x00007ffd58930000 - 0x00007ffd58961000 	C:\WINDOWS\System32\IMM32.DLL
0x00007ffd43430000 - 0x00007ffd4343c000 	C:\PROGRA~1\BALLER~1\dependencies\jdk-17.0.7+7-jre\bin\vcruntime140_1.dll
0x00007ffd19060000 - 0x00007ffd190f1000 	C:\PROGRA~1\BALLER~1\dependencies\jdk-17.0.7+7-jre\bin\msvcp140.dll
0x00007ffd0de20000 - 0x00007ffd0ea68000 	C:\PROGRA~1\BALLER~1\dependencies\jdk-17.0.7+7-jre\bin\server\jvm.dll
0x00007ffd56c30000 - 0x00007ffd56ce0000 	C:\WINDOWS\System32\ADVAPI32.dll
0x00007ffd57680000 - 0x00007ffd57726000 	C:\WINDOWS\System32\sechost.dll
0x00007ffd56ee0000 - 0x00007ffd56ff7000 	C:\WINDOWS\System32\RPCRT4.dll
0x00007ffd3a060000 - 0x00007ffd3a069000 	C:\WINDOWS\SYSTEM32\WSOCK32.dll
0x00007ffd4fb90000 - 0x00007ffd4fb9a000 	C:\WINDOWS\SYSTEM32\VERSION.dll
0x00007ffd4f460000 - 0x00007ffd4f494000 	C:\WINDOWS\SYSTEM32\WINMM.dll
0x00007ffd56ce0000 - 0x00007ffd56d51000 	C:\WINDOWS\System32\WS2_32.dll
0x00007ffd55290000 - 0x00007ffd552a8000 	C:\WINDOWS\SYSTEM32\kernel.appcore.dll
0x00007ffd3ae40000 - 0x00007ffd3ae4a000 	C:\PROGRA~1\BALLER~1\dependencies\jdk-17.0.7+7-jre\bin\jimage.dll
0x00007ffd4da90000 - 0x00007ffd4dcbe000 	C:\WINDOWS\SYSTEM32\DBGHELP.DLL
0x00007ffd58300000 - 0x00007ffd5868a000 	C:\WINDOWS\System32\combase.dll
0x00007ffd58690000 - 0x00007ffd58767000 	C:\WINDOWS\System32\OLEAUT32.dll
0x00007ffd3b5a0000 - 0x00007ffd3b5d2000 	C:\WINDOWS\SYSTEM32\dbgcore.DLL
0x00007ffd56250000 - 0x00007ffd562ca000 	C:\WINDOWS\System32\bcryptPrimitives.dll
0x00007ffd1a6f0000 - 0x00007ffd1a715000 	C:\PROGRA~1\BALLER~1\dependencies\jdk-17.0.7+7-jre\bin\java.dll
0x00007ffd57aa0000 - 0x00007ffd582f8000 	C:\WINDOWS\System32\SHELL32.dll
0x00007ffd541b0000 - 0x00007ffd54aa2000 	C:\WINDOWS\SYSTEM32\windows.storage.dll
0x00007ffd54070000 - 0x00007ffd541ae000 	C:\WINDOWS\SYSTEM32\wintypes.dll
0x00007ffd57330000 - 0x00007ffd57423000 	C:\WINDOWS\System32\SHCORE.dll
0x00007ffd57780000 - 0x00007ffd577de000 	C:\WINDOWS\System32\shlwapi.dll
0x00007ffd56180000 - 0x00007ffd561a6000 	C:\WINDOWS\SYSTEM32\profapi.dll
0x00007ffd23980000 - 0x00007ffd23999000 	C:\Program Files\Ballerina\dependencies\jdk-17.0.7+7-jre\bin\net.dll
0x00007ffd4f6e0000 - 0x00007ffd4f817000 	C:\WINDOWS\SYSTEM32\WINHTTP.dll
0x00007ffd55780000 - 0x00007ffd557e9000 	C:\WINDOWS\system32\mswsock.dll
0x00007ffd20a00000 - 0x00007ffd20a15000 	C:\Program Files\Ballerina\dependencies\jdk-17.0.7+7-jre\bin\nio.dll
0x00007ffd1a6d0000 - 0x00007ffd1a6e8000 	C:\Program Files\Ballerina\dependencies\jdk-17.0.7+7-jre\bin\zip.dll
0x00007ffd54d80000 - 0x00007ffd54e79000 	C:\WINDOWS\SYSTEM32\DNSAPI.dll
0x00007ffd54d10000 - 0x00007ffd54d3d000 	C:\WINDOWS\SYSTEM32\IPHLPAPI.DLL
0x00007ffd56eb0000 - 0x00007ffd56eb9000 	C:\WINDOWS\System32\NSI.dll
0x00007ffd4d7d0000 - 0x00007ffd4d7da000 	C:\Windows\System32\rasadhlp.dll
0x00007ffd4d830000 - 0x00007ffd4d8b4000 	C:\WINDOWS\System32\fwpuclnt.dll
0x00007ffd36930000 - 0x00007ffd36939000 	C:\Program Files\Ballerina\dependencies\jdk-17.0.7+7-jre\bin\management.dll
0x00007ffd36620000 - 0x00007ffd3662b000 	C:\Program Files\Ballerina\dependencies\jdk-17.0.7+7-jre\bin\management_ext.dll
0x00007ffd56dc0000 - 0x00007ffd56dc8000 	C:\WINDOWS\System32\PSAPI.DLL
0x00007ffd55a50000 - 0x00007ffd55a6b000 	C:\WINDOWS\SYSTEM32\CRYPTSP.dll
0x00007ffd551f0000 - 0x00007ffd55225000 	C:\WINDOWS\system32\rsaenh.dll
0x00007ffd558f0000 - 0x00007ffd5591c000 	C:\WINDOWS\SYSTEM32\USERENV.dll
0x00007ffd55c10000 - 0x00007ffd55c38000 	C:\WINDOWS\SYSTEM32\bcrypt.dll
0x00007ffd55a70000 - 0x00007ffd55a7c000 	C:\WINDOWS\SYSTEM32\CRYPTBASE.dll
0x00007ffd4fba0000 - 0x00007ffd4fbb9000 	C:\WINDOWS\SYSTEM32\dhcpcsvc6.DLL
0x00007ffd4f600000 - 0x00007ffd4f61f000 	C:\WINDOWS\SYSTEM32\dhcpcsvc.DLL
0x00007ffd39640000 - 0x00007ffd39657000 	C:\WINDOWS\system32\napinsp.dll
0x00007ffd39620000 - 0x00007ffd3963b000 	C:\WINDOWS\system32\pnrpnsp.dll
0x00007ffd37530000 - 0x00007ffd37541000 	C:\WINDOWS\System32\winrnr.dll
0x00007ffd374c0000 - 0x00007ffd374e1000 	C:\WINDOWS\system32\nlansp_c.dll
0x00007ffd370d0000 - 0x00007ffd370e5000 	C:\WINDOWS\system32\wshbth.dll
0x00007ffd35b90000 - 0x00007ffd35ba0000 	C:\PROGRA~1\BALLER~1\dependencies\jdk-17.0.7+7-jre\bin\verify.dll

dbghelp: loaded successfully - version: 4.0.5 - missing functions: none
symbol engine: initialized successfully - sym options: 0x614 - pdb path: .;C:\PROGRA~1\BALLER~1\dependencies\jdk-17.0.7+7-jre\bin;C:\WINDOWS\SYSTEM32;C:\WINDOWS\WinSxS\amd64_microsoft.windows.common-controls_6595b64144ccf1df_6.0.22621.2361_none_2712ced57382f843;C:\PROGRA~1\BALLER~1\dependencies\jdk-17.0.7+7-jre\bin\server;C:\Program Files\Ballerina\dependencies\jdk-17.0.7+7-jre\bin

VM Arguments:
jvm_args: -Xbootclasspath/a: -Xms256m -Xmx1024m -XX:+HeapDumpOnOutOfMemoryError -Dcom.sun.management.jmxremote -Dballerina.home=C:\PROGRA~1\BALLER~1\DISTRI~1\BALLER~1.1\bin\.. -Dballerina.target=jvm -Djava.command=C:\PROGRA~1\BALLER~1\DISTRI~1\BALLER~1.1\bin\..\..\..\dependencies\jdk-17.0.7+7-jre\bin\java -Djava.opts= -Denable.nonblocking=false -Dfile.encoding=UTF8 -Dballerina.version=2201.8.1 
java_command: io.ballerina.cli.launcher.Main start-language-server
java_class_path (initial): .\bre\lib\bootstrap;;C:\PROGRA~1\BALLER~1\DISTRI~1\BALLER~1.1\bin\..\..\..\dependencies\jdk-17.0.7+7-jre\lib\tools.jar;C:\PROGRA~1\BALLER~1\DISTRI~1\BALLER~1.1\bin\..\bre\lib\annotations-2201.8.1.jar;C:\PROGRA~1\BALLER~1\DISTRI~1\BALLER~1.1\bin\..\bre\lib\architecture-model-generator-core-1.3.0.jar;C:\PROGRA~1\BALLER~1\DISTRI~1\BALLER~1.1\bin\..\bre\lib\architecture-model-generator-plugin-1.3.0.jar;C:\PROGRA~1\BALLER~1\DISTRI~1\BALLER~1.1\bin\..\bre\lib\array-2201.8.1.jar;C:\PROGRA~1\BALLER~1\DISTRI~1\BALLER~1.1\bin\..\bre\lib\asm-9.5.jar;C:\PROGRA~1\BALLER~1\DISTRI~1\BALLER~1.1\bin\..\bre\lib\asm-analysis-9.5.jar;C:\PROGRA~1\BALLER~1\DISTRI~1\BALLER~1.1\bin\..\bre\lib\asm-commons-9.5.jar;C:\PROGRA~1\BALLER~1\DISTRI~1\BALLER~1.1\bin\..\bre\lib\asm-tree-9.5.jar;C:\PROGRA~1\BALLER~1\DISTRI~1\BALLER~1.1\bin\..\bre\lib\asm-util-9.5.jar;C:\PROGRA~1\BALLER~1\DISTRI~1\BALLER~1.1\bin\..\bre\lib\asyncapi-cli-0.7.0.jar;C:\PROGRA~1\BALLER~1\DISTRI~1\BALLER~1.1\bin\..\bre\lib\atomikos-util-5.0.8.jar;C:\PROGRA~1\BALLER~1\DISTRI~1\BALLER~1.1\bin\..\bre\lib\axiom-api-1.4.0.jar;C:\PROGRA~1\BALLER~1\DISTRI~1\BALLER~1.1\bin\..\bre\lib\axiom-impl-1.4.0.jar;C:\PROGRA~1\BALLER~1\DISTRI~1\BALLER~1.1\bin\..\bre\lib\ballerina-bindgen-2201.8.1.jar;C:\PROGRA~1\BALLER~1\DISTRI~1\BALLER~1.1\bin\..\bre\lib\ballerina-cli-2201.8.1.jar;C:\PROGRA~1\BALLER~1\DISTRI~1\BALLER~1.1\bin\..\bre\lib\ballerina-io-internal-2201.8.1.jar;C:\PROGRA~1\BALLER~1\DISTRI~1\BALLER~1.1\bin\..\bre\lib\ballerina-lang-2201.8.1.jar;C:\PROGRA~1\BALLER~1\DISTRI~1\BALLER~1.1\bin\..\bre\lib\ballerina-linter-2201.8.1.jar;C:\PROGRA~1\BALLER~1\DISTRI~1\BALLER~1.1\bin\..\bre\lib\ballerina-metrics-extension-2201.8.1.jar;C:\PROGRA~1\BALLER~1\DISTRI~1\BALLER~1.1\bin\..\bre\lib\ballerina-parser-2201.8.1.jar;C:\PROGRA~1\BALLER~1\DISTRI~1\BALLER~1.1\bin\..\bre\lib\ballerina-profiler-1.0.jar;C:\PROGRA~1\BALLER~1\DISTRI~1\BALLER~1.1\bin\..\bre\lib\ballerina-rt-2201.8.1.jar;C:\PROGRA~1\BALLER~1\DISTRI~1\BALLER
Launcher Type: SUN_STANDARD

[Global flags]
     intx CICompilerCount                          = 4                                         {product} {ergonomic}
     uint ConcGCThreads                            = 3                                         {product} {ergonomic}
     uint G1ConcRefinementThreads                  = 10                                        {product} {ergonomic}
   size_t G1HeapRegionSize                         = 1048576                                   {product} {ergonomic}
    uintx GCDrainStackTargetSize                   = 64                                        {product} {ergonomic}
     bool HeapDumpOnOutOfMemoryError               = true                                   {manageable} {command line}
   size_t InitialHeapSize                          = 268435456                                 {product} {command line}
     bool ManagementServer                         = true                                      {product} {command line}
   size_t MarkStackSize                            = 4194304                                   {product} {ergonomic}
   size_t MaxHeapSize                              = 1073741824                                {product} {command line}
   size_t MaxNewSize                               = 643825664                                 {product} {ergonomic}
   size_t MinHeapDeltaBytes                        = 1048576                                   {product} {ergonomic}
   size_t MinHeapSize                              = 268435456                                 {product} {command line}
    uintx NonNMethodCodeHeapSize                   = 5839372                                {pd product} {ergonomic}
    uintx NonProfiledCodeHeapSize                  = 122909434                              {pd product} {ergonomic}
    uintx ProfiledCodeHeapSize                     = 122909434                              {pd product} {ergonomic}
    uintx ReservedCodeCacheSize                    = 251658240                              {pd product} {ergonomic}
     bool SegmentedCodeCache                       = true                                      {product} {ergonomic}
   size_t SoftMaxHeapSize                          = 1073741824                             {manageable} {ergonomic}
     bool UseCompressedClassPointers               = true                           {product lp64_product} {ergonomic}
     bool UseCompressedOops                        = true                           {product lp64_product} {ergonomic}
     bool UseG1GC                                  = true                                      {product} {ergonomic}
     bool UseLargePagesIndividualAllocation        = false                                  {pd product} {ergonomic}

Logging:
Log output configuration:
 #0: stdout all=warning uptime,level,tags
 #1: stderr all=off uptime,level,tags

Environment Variables:
JAVA_HOME=C:\PROGRA~1\BALLER~1\DISTRI~1\BALLER~1.1\bin\..\..\..\dependencies\jdk-17.0.7+7-jre
PATH=C:\WINDOWS\system32;C:\WINDOWS;C:\WINDOWS\System32\Wbem;C:\WINDOWS\System32\WindowsPowerShell\v1.0\;C:\WINDOWS\System32\OpenSSH\;C:\Program Files\dotnet\;C:\Program Files (x86)\NVIDIA Corporation\PhysX\Common;C:\Program Files\Ballerina\\bin;C:\Program Files\Git\cmd;C:\Users\kandj\AppData\Local\Microsoft\WindowsApps;C:\Users\kandj\AppData\Local\GitHubDesktop\bin;C:\Users\kandj\AppData\Local\Programs\Microsoft VS Code\bin;C:\Program Files\JetBrains\DataGrip 2023.2.2\bin;
USERNAME=User
OS=Windows_NT
PROCESSOR_IDENTIFIER=Intel64 Family 6 Model 158 Stepping 10, GenuineIntel
TMP=C:\Users\kandj\AppData\Local\Temp
TEMP=C:\Users\kandj\AppData\Local\Temp



---------------  S Y S T E M  ---------------

OS:
 Windows 11 , 64 bit Build 22621 (10.0.22621.2428)
OS uptime: 0 days 3:59 hours

CPU: total 12 (initial active 12) (6 cores per cpu, 2 threads per core) family 6 model 158 stepping 10 microcode 0xde, cx8, cmov, fxsr, ht, mmx, 3dnowpref, sse, sse2, sse3, ssse3, sse4.1, sse4.2, popcnt, lzcnt, tsc, tscinvbit, avx, avx2, aes, erms, clmul, bmi1, bmi2, adx, fma, vzeroupper, clflush, clflushopt

Memory: 4k page, system-wide physical 32605M (16825M free)
TotalPageFile size 37469M (AvailPageFile size 15595M)
current process WorkingSet (physical memory assigned to process): 350M, peak: 383M
current process commit charge ("private bytes"): 426M, peak: 460M

vm_info: OpenJDK 64-Bit Server VM (17.0.7+7) for windows-amd64 JRE (17.0.7+7), built on Apr 18 2023 22:10:42 by "temurin" with MS VC++ 16.7 (VS2019)

END.
